split_boundaries: [0, 2, 4, 6, 8, 10]
{'1': [0, 1], '2': [2, 3], '3': [4, 5], '4': [6, 7], '5': [8, 9]}
MLP2(
  (linear): Sequential(
    (0): Linear(in_features=784, out_features=1024, bias=True)
    (1): ReLU()
    (2): Linear(in_features=1024, out_features=512, bias=True)
    (3): ReLU()
    (4): Linear(in_features=512, out_features=256, bias=True)
    (5): ReLU()
  )
  (last): ModuleDict(
    (All): Linear(in_features=256, out_features=10, bias=True)
  )
)
#parameter of model: 1462538
Task order: ['1', '2', '3', '4', '5']
============================== Task: 1 ==============================
Incremental class: Old valid output dimension: ALL
Incremental class: New Valid output dimension: 2
#reg_term: 0
Epoch:0
LR: 0.001
* TRAIN - Accuracy 98.563 Loss 0.0290
* VALID - Accuracy 99.858 Loss 0.0026
Epoch:1
LR: 0.001
* TRAIN - Accuracy 99.866 Loss 0.0026
* VALID - Accuracy 99.858 Loss 0.0015
Epoch:2
LR: 0.001
* TRAIN - Accuracy 99.929 Loss 0.0015
* VALID - Accuracy 99.905 Loss 0.0046
Epoch:3
LR: 0.001
* TRAIN - Accuracy 99.858 Loss 0.0035
* VALID - Accuracy 99.953 Loss 0.0021
Computing SI
validation split name: 1
* VALID - Accuracy 99.953 Loss 0.0021
============================== Task: 2 ==============================
Incremental class: Old valid output dimension: 2
Incremental class: New Valid output dimension: 4
#reg_term: 1
Epoch:0
LR: 0.0001
* TRAIN - Accuracy 83.266 Loss 0.5595
* VALID - Accuracy 97.796 Loss 0.1589
Epoch:1
LR: 0.0001
* TRAIN - Accuracy 97.998 Loss 0.1396
* VALID - Accuracy 98.531 Loss 0.1012
Epoch:2
LR: 0.0001
* TRAIN - Accuracy 98.585 Loss 0.0985
* VALID - Accuracy 98.874 Loss 0.0774
Epoch:3
LR: 0.0001
* TRAIN - Accuracy 98.883 Loss 0.0797
* VALID - Accuracy 99.070 Loss 0.0702
Computing SI
validation split name: 1
* VALID - Accuracy 0.000 Loss 5.0273
validation split name: 2
* VALID - Accuracy 99.070 Loss 0.0302
============================== Task: 3 ==============================
Incremental class: Old valid output dimension: 4
Incremental class: New Valid output dimension: 6
#reg_term: 1
Epoch:0
LR: 0.0001
* TRAIN - Accuracy 87.126 Loss 0.6003
* VALID - Accuracy 99.360 Loss 0.1611
Epoch:1
LR: 0.0001
* TRAIN - Accuracy 99.396 Loss 0.1151
* VALID - Accuracy 99.680 Loss 0.0842
Epoch:2
LR: 0.0001
* TRAIN - Accuracy 99.547 Loss 0.0689
* VALID - Accuracy 99.893 Loss 0.0541
Epoch:3
LR: 0.0001
* TRAIN - Accuracy 99.663 Loss 0.0514
* VALID - Accuracy 99.893 Loss 0.0444
Computing SI
validation split name: 1
* VALID - Accuracy 0.000 Loss 9.0045
validation split name: 2
* VALID - Accuracy 0.196 Loss 5.7850
validation split name: 3
* VALID - Accuracy 99.893 Loss 0.0121
============================== Task: 4 ==============================
Incremental class: Old valid output dimension: 6
Incremental class: New Valid output dimension: 8
#reg_term: 1
Epoch:0
LR: 0.0001
* TRAIN - Accuracy 88.525 Loss 1.0487
* VALID - Accuracy 99.345 Loss 0.2155
Epoch:1
LR: 0.0001
* TRAIN - Accuracy 99.803 Loss 0.1241
* VALID - Accuracy 99.547 Loss 0.0824
Epoch:2
LR: 0.0001
* TRAIN - Accuracy 99.844 Loss 0.0567
* VALID - Accuracy 99.597 Loss 0.0480
Epoch:3
LR: 0.0001
* TRAIN - Accuracy 99.860 Loss 0.0358
* VALID - Accuracy 99.446 Loss 0.0392
Computing SI
validation split name: 1
* VALID - Accuracy 0.000 Loss 7.1807
validation split name: 2
* VALID - Accuracy 0.000 Loss 8.0038
validation split name: 3
* VALID - Accuracy 0.267 Loss 4.6187
validation split name: 4
* VALID - Accuracy 99.446 Loss 0.0150
============================== Task: 5 ==============================
Incremental class: Old valid output dimension: 8
Incremental class: New Valid output dimension: 10
#reg_term: 1
Epoch:0
LR: 0.0001
* TRAIN - Accuracy 88.720 Loss 0.9572
* VALID - Accuracy 97.529 Loss 0.2191
Epoch:1
LR: 0.0001
* TRAIN - Accuracy 98.288 Loss 0.1591
* VALID - Accuracy 98.033 Loss 0.1241
Epoch:2
LR: 0.0001
* TRAIN - Accuracy 98.542 Loss 0.1096
* VALID - Accuracy 98.084 Loss 0.1018
Epoch:3
LR: 0.0001
* TRAIN - Accuracy 98.551 Loss 0.0925
* VALID - Accuracy 98.235 Loss 0.0869
Computing SI
validation split name: 1
* VALID - Accuracy 0.000 Loss 10.2949
validation split name: 2
* VALID - Accuracy 0.000 Loss 9.3141
validation split name: 3
* VALID - Accuracy 0.000 Loss 6.8481
validation split name: 4
* VALID - Accuracy 2.417 Loss 3.3297
validation split name: 5
* VALID - Accuracy 98.235 Loss 0.0465
OrderedDict([('1', OrderedDict([('1', 99.95271867612293), ('2', 0.0), ('3', 0.0), ('4', 0.0), ('5', 0.0)])), ('2', OrderedDict([('2', 99.06953966699314), ('3', 0.1958863858961802), ('4', 0.0), ('5', 0.0)])), ('3', OrderedDict([('3', 99.89327641408751), ('4', 0.26680896478121663), ('5', 0.0)])), ('4', OrderedDict([('4', 99.44612286002014), ('5', 2.416918429003021)])), ('5', OrderedDict([('5', 98.23499747856782)]))])
Task 1 average acc: 99.95271867612293
Task 2 average acc: 49.53476983349657
Task 3 average acc: 33.36305426666123
Task 4 average acc: 24.92823295620034
Task 5 average acc: 20.13038318151417
===Summary of experiment repeats: 1 / 10 ===
The regularization coefficient: 600.0
The last avg acc of all repeats: [20.13038318  0.          0.          0.          0.          0.
  0.          0.          0.          0.        ]
mean: 2.013038318151417 std: 6.03911495445425
split_boundaries: [0, 2, 4, 6, 8, 10]
{'1': [0, 1], '2': [2, 3], '3': [4, 5], '4': [6, 7], '5': [8, 9]}
MLP2(
  (linear): Sequential(
    (0): Linear(in_features=784, out_features=1024, bias=True)
    (1): ReLU()
    (2): Linear(in_features=1024, out_features=512, bias=True)
    (3): ReLU()
    (4): Linear(in_features=512, out_features=256, bias=True)
    (5): ReLU()
  )
  (last): ModuleDict(
    (All): Linear(in_features=256, out_features=10, bias=True)
  )
)
#parameter of model: 1462538
Task order: ['1', '2', '3', '4', '5']
============================== Task: 1 ==============================
Incremental class: Old valid output dimension: ALL
Incremental class: New Valid output dimension: 2
#reg_term: 0
Epoch:0
LR: 0.001
* TRAIN - Accuracy 98.800 Loss 0.0288
* VALID - Accuracy 99.953 Loss 0.0012
Epoch:1
LR: 0.001
* TRAIN - Accuracy 99.905 Loss 0.0024
* VALID - Accuracy 99.953 Loss 0.0020
Epoch:2
LR: 0.001
* TRAIN - Accuracy 99.945 Loss 0.0015
* VALID - Accuracy 99.953 Loss 0.0023
Epoch:3
LR: 0.001
* TRAIN - Accuracy 99.953 Loss 0.0014
* VALID - Accuracy 100.000 Loss 0.0008
Computing SI
validation split name: 1
* VALID - Accuracy 100.000 Loss 0.0008
============================== Task: 2 ==============================
Incremental class: Old valid output dimension: 2
Incremental class: New Valid output dimension: 4
#reg_term: 1
Epoch:0
LR: 0.0001
* TRAIN - Accuracy 79.982 Loss 0.8236
* VALID - Accuracy 97.845 Loss 0.2139
Epoch:1
LR: 0.0001
* TRAIN - Accuracy 97.593 Loss 0.1866
* VALID - Accuracy 98.580 Loss 0.1328
Epoch:2
LR: 0.0001
* TRAIN - Accuracy 98.346 Loss 0.1259
* VALID - Accuracy 98.923 Loss 0.0966
Epoch:3
LR: 0.0001
* TRAIN - Accuracy 98.883 Loss 0.0942
* VALID - Accuracy 99.167 Loss 0.0768
Computing SI
validation split name: 1
* VALID - Accuracy 0.000 Loss 5.2366
validation split name: 2
* VALID - Accuracy 99.167 Loss 0.0281
============================== Task: 3 ==============================
Incremental class: Old valid output dimension: 4
Incremental class: New Valid output dimension: 6
#reg_term: 1
Epoch:0
LR: 0.0001
* TRAIN - Accuracy 84.125 Loss 0.8186
* VALID - Accuracy 99.413 Loss 0.1751
Epoch:1
LR: 0.0001
* TRAIN - Accuracy 99.370 Loss 0.1204
* VALID - Accuracy 99.840 Loss 0.0780
Epoch:2
LR: 0.0001
* TRAIN - Accuracy 99.467 Loss 0.0695
* VALID - Accuracy 99.840 Loss 0.0530
Epoch:3
LR: 0.0001
* TRAIN - Accuracy 99.627 Loss 0.0496
* VALID - Accuracy 99.893 Loss 0.0404
Computing SI
validation split name: 1
* VALID - Accuracy 0.000 Loss 8.3157
validation split name: 2
* VALID - Accuracy 0.000 Loss 5.8961
validation split name: 3
* VALID - Accuracy 99.893 Loss 0.0104
============================== Task: 4 ==============================
Incremental class: Old valid output dimension: 6
Incremental class: New Valid output dimension: 8
#reg_term: 1
Epoch:0
LR: 0.0001
* TRAIN - Accuracy 87.630 Loss 1.0228
* VALID - Accuracy 99.345 Loss 0.1762
Epoch:1
LR: 0.0001
* TRAIN - Accuracy 99.811 Loss 0.1025
* VALID - Accuracy 99.496 Loss 0.0721
Epoch:2
LR: 0.0001
* TRAIN - Accuracy 99.828 Loss 0.0521
* VALID - Accuracy 99.597 Loss 0.0476
Epoch:3
LR: 0.0001
* TRAIN - Accuracy 99.902 Loss 0.0361
* VALID - Accuracy 99.748 Loss 0.0358
Computing SI
validation split name: 1
* VALID - Accuracy 0.000 Loss 7.3588
validation split name: 2
* VALID - Accuracy 0.000 Loss 6.7121
validation split name: 3
* VALID - Accuracy 0.000 Loss 4.7905
validation split name: 4
* VALID - Accuracy 99.748 Loss 0.0104
============================== Task: 5 ==============================
Incremental class: Old valid output dimension: 8
Incremental class: New Valid output dimension: 10
#reg_term: 1
Epoch:0
LR: 0.0001
* TRAIN - Accuracy 85.424 Loss 1.2809
* VALID - Accuracy 97.983 Loss 0.2115
Epoch:1
LR: 0.0001
* TRAIN - Accuracy 98.390 Loss 0.1415
* VALID - Accuracy 98.185 Loss 0.1058
Epoch:2
LR: 0.0001
* TRAIN - Accuracy 98.475 Loss 0.0938
* VALID - Accuracy 98.386 Loss 0.0838
Epoch:3
LR: 0.0001
* TRAIN - Accuracy 98.703 Loss 0.0746
* VALID - Accuracy 98.386 Loss 0.0731
Computing SI
validation split name: 1
* VALID - Accuracy 0.000 Loss 7.6624
validation split name: 2
* VALID - Accuracy 0.000 Loss 8.6812
validation split name: 3
* VALID - Accuracy 0.000 Loss 7.8830
validation split name: 4
* VALID - Accuracy 4.381 Loss 3.6607
validation split name: 5
* VALID - Accuracy 98.386 Loss 0.0436
OrderedDict([('1', OrderedDict([('1', 100.0), ('2', 0.0), ('3', 0.0), ('4', 0.0), ('5', 0.0)])), ('2', OrderedDict([('2', 99.16748285994123), ('3', 0.0), ('4', 0.0), ('5', 0.0)])), ('3', OrderedDict([('3', 99.89327641408751), ('4', 0.0), ('5', 0.0)])), ('4', OrderedDict([('4', 99.74823766364553), ('5', 4.380664652567976)])), ('5', OrderedDict([('5', 98.3862834089763)]))])
Task 1 average acc: 100.0
Task 2 average acc: 49.583741429970615
Task 3 average acc: 33.29775880469584
Task 4 average acc: 24.93705941591138
Task 5 average acc: 20.553389612308855
===Summary of experiment repeats: 2 / 10 ===
The regularization coefficient: 600.0
The last avg acc of all repeats: [20.13038318 20.55338961  0.          0.          0.          0.
  0.          0.          0.          0.        ]
mean: 4.068377279382302 std: 8.137304312338408
split_boundaries: [0, 2, 4, 6, 8, 10]
{'1': [0, 1], '2': [2, 3], '3': [4, 5], '4': [6, 7], '5': [8, 9]}
MLP2(
  (linear): Sequential(
    (0): Linear(in_features=784, out_features=1024, bias=True)
    (1): ReLU()
    (2): Linear(in_features=1024, out_features=512, bias=True)
    (3): ReLU()
    (4): Linear(in_features=512, out_features=256, bias=True)
    (5): ReLU()
  )
  (last): ModuleDict(
    (All): Linear(in_features=256, out_features=10, bias=True)
  )
)
#parameter of model: 1462538
Task order: ['1', '2', '3', '4', '5']
============================== Task: 1 ==============================
Incremental class: Old valid output dimension: ALL
Incremental class: New Valid output dimension: 2
#reg_term: 0
Epoch:0
LR: 0.001
* TRAIN - Accuracy 98.689 Loss 0.0273
* VALID - Accuracy 99.905 Loss 0.0022
Epoch:1
LR: 0.001
* TRAIN - Accuracy 99.913 Loss 0.0016
* VALID - Accuracy 99.905 Loss 0.0025
Epoch:2
LR: 0.001
* TRAIN - Accuracy 99.913 Loss 0.0028
* VALID - Accuracy 99.953 Loss 0.0028
Epoch:3
LR: 0.001
* TRAIN - Accuracy 99.945 Loss 0.0013
* VALID - Accuracy 99.905 Loss 0.0034
Computing SI
validation split name: 1
* VALID - Accuracy 99.905 Loss 0.0034
============================== Task: 2 ==============================
Incremental class: Old valid output dimension: 2
Incremental class: New Valid output dimension: 4
#reg_term: 1
Epoch:0
LR: 0.0001
* TRAIN - Accuracy 84.606 Loss 0.4947
* VALID - Accuracy 97.502 Loss 0.1548
Epoch:1
LR: 0.0001
* TRAIN - Accuracy 97.982 Loss 0.1313
* VALID - Accuracy 98.678 Loss 0.0936
Epoch:2
LR: 0.0001
* TRAIN - Accuracy 98.585 Loss 0.0924
* VALID - Accuracy 99.021 Loss 0.0751
Epoch:3
LR: 0.0001
* TRAIN - Accuracy 98.999 Loss 0.0718
* VALID - Accuracy 99.314 Loss 0.0636
Computing SI
validation split name: 1
* VALID - Accuracy 0.000 Loss 8.2624
validation split name: 2
* VALID - Accuracy 99.314 Loss 0.0285
============================== Task: 3 ==============================
Incremental class: Old valid output dimension: 4
Incremental class: New Valid output dimension: 6
#reg_term: 1
Epoch:0
LR: 0.0001
* TRAIN - Accuracy 86.487 Loss 0.6940
* VALID - Accuracy 99.626 Loss 0.1762
Epoch:1
LR: 0.0001
* TRAIN - Accuracy 99.423 Loss 0.1205
* VALID - Accuracy 99.787 Loss 0.0790
Epoch:2
LR: 0.0001
* TRAIN - Accuracy 99.485 Loss 0.0690
* VALID - Accuracy 99.840 Loss 0.0524
Epoch:3
LR: 0.0001
* TRAIN - Accuracy 99.600 Loss 0.0499
* VALID - Accuracy 99.787 Loss 0.0401
Computing SI
validation split name: 1
* VALID - Accuracy 0.000 Loss 11.2150
validation split name: 2
* VALID - Accuracy 0.294 Loss 6.0802
validation split name: 3
* VALID - Accuracy 99.787 Loss 0.0101
============================== Task: 4 ==============================
Incremental class: Old valid output dimension: 6
Incremental class: New Valid output dimension: 8
#reg_term: 1
Epoch:0
LR: 0.0001
* TRAIN - Accuracy 90.216 Loss 0.9026
* VALID - Accuracy 99.345 Loss 0.1560
Epoch:1
LR: 0.0001
* TRAIN - Accuracy 99.860 Loss 0.0838
* VALID - Accuracy 99.446 Loss 0.0547
Epoch:2
LR: 0.0001
* TRAIN - Accuracy 99.877 Loss 0.0383
* VALID - Accuracy 99.748 Loss 0.0336
Epoch:3
LR: 0.0001
* TRAIN - Accuracy 99.918 Loss 0.0254
* VALID - Accuracy 99.648 Loss 0.0262
Computing SI
validation split name: 1
* VALID - Accuracy 0.000 Loss 12.4111
validation split name: 2
* VALID - Accuracy 0.000 Loss 8.7314
validation split name: 3
* VALID - Accuracy 0.213 Loss 4.5646
validation split name: 4
* VALID - Accuracy 99.648 Loss 0.0090
============================== Task: 5 ==============================
Incremental class: Old valid output dimension: 8
Incremental class: New Valid output dimension: 10
#reg_term: 1
Epoch:0
LR: 0.0001
* TRAIN - Accuracy 87.712 Loss 1.1005
* VALID - Accuracy 97.832 Loss 0.2363
Epoch:1
LR: 0.0001
* TRAIN - Accuracy 98.263 Loss 0.1713
* VALID - Accuracy 98.134 Loss 0.1377
Epoch:2
LR: 0.0001
* TRAIN - Accuracy 98.483 Loss 0.1168
* VALID - Accuracy 98.336 Loss 0.1047
Epoch:3
LR: 0.0001
* TRAIN - Accuracy 98.517 Loss 0.0952
* VALID - Accuracy 98.386 Loss 0.0922
Computing SI
validation split name: 1
* VALID - Accuracy 0.000 Loss 13.2073
validation split name: 2
* VALID - Accuracy 0.000 Loss 10.1636
validation split name: 3
* VALID - Accuracy 0.000 Loss 6.7689
validation split name: 4
* VALID - Accuracy 10.322 Loss 3.0244
validation split name: 5
* VALID - Accuracy 98.386 Loss 0.0469
OrderedDict([('1', OrderedDict([('1', 99.90543735224587), ('2', 0.0), ('3', 0.0), ('4', 0.0), ('5', 0.0)])), ('2', OrderedDict([('2', 99.31439764936337), ('3', 0.2938295788442703), ('4', 0.0), ('5', 0.0)])), ('3', OrderedDict([('3', 99.78655282817503), ('4', 0.21344717182497333), ('5', 0.0)])), ('4', OrderedDict([('4', 99.64753272910373), ('5', 10.322255790533736)])), ('5', OrderedDict([('5', 98.3862834089763)]))])
Task 1 average acc: 99.90543735224587
Task 2 average acc: 49.657198824681686
Task 3 average acc: 33.360127469006436
Task 4 average acc: 24.965244975232174
Task 5 average acc: 21.741707839902006
===Summary of experiment repeats: 3 / 10 ===
The regularization coefficient: 600.0
The last avg acc of all repeats: [20.13038318 20.55338961 21.74170784  0.          0.          0.
  0.          0.          0.          0.        ]
mean: 6.242548063372503 std: 9.542965724293746
split_boundaries: [0, 2, 4, 6, 8, 10]
{'1': [0, 1], '2': [2, 3], '3': [4, 5], '4': [6, 7], '5': [8, 9]}
MLP2(
  (linear): Sequential(
    (0): Linear(in_features=784, out_features=1024, bias=True)
    (1): ReLU()
    (2): Linear(in_features=1024, out_features=512, bias=True)
    (3): ReLU()
    (4): Linear(in_features=512, out_features=256, bias=True)
    (5): ReLU()
  )
  (last): ModuleDict(
    (All): Linear(in_features=256, out_features=10, bias=True)
  )
)
#parameter of model: 1462538
Task order: ['1', '2', '3', '4', '5']
============================== Task: 1 ==============================
Incremental class: Old valid output dimension: ALL
Incremental class: New Valid output dimension: 2
#reg_term: 0
Epoch:0
LR: 0.001
* TRAIN - Accuracy 98.547 Loss 0.0298
* VALID - Accuracy 99.905 Loss 0.0018
Epoch:1
LR: 0.001
* TRAIN - Accuracy 99.913 Loss 0.0021
* VALID - Accuracy 99.905 Loss 0.0018
Epoch:2
LR: 0.001
* TRAIN - Accuracy 99.929 Loss 0.0017
* VALID - Accuracy 99.953 Loss 0.0013
Epoch:3
LR: 0.001
* TRAIN - Accuracy 99.937 Loss 0.0025
* VALID - Accuracy 99.953 Loss 0.0022
Computing SI
validation split name: 1
* VALID - Accuracy 99.953 Loss 0.0022
============================== Task: 2 ==============================
Incremental class: Old valid output dimension: 2
Incremental class: New Valid output dimension: 4
#reg_term: 1
Epoch:0
LR: 0.0001
* TRAIN - Accuracy 80.834 Loss 0.5962
* VALID - Accuracy 97.796 Loss 0.1679
Epoch:1
LR: 0.0001
* TRAIN - Accuracy 97.733 Loss 0.1439
* VALID - Accuracy 98.531 Loss 0.1038
Epoch:2
LR: 0.0001
* TRAIN - Accuracy 98.536 Loss 0.0992
* VALID - Accuracy 99.119 Loss 0.0784
Epoch:3
LR: 0.0001
* TRAIN - Accuracy 98.834 Loss 0.0782
* VALID - Accuracy 99.021 Loss 0.0746
Computing SI
validation split name: 1
* VALID - Accuracy 0.000 Loss 6.1667
validation split name: 2
* VALID - Accuracy 99.021 Loss 0.0356
============================== Task: 3 ==============================
Incremental class: Old valid output dimension: 4
Incremental class: New Valid output dimension: 6
#reg_term: 1
Epoch:0
LR: 0.0001
* TRAIN - Accuracy 84.196 Loss 0.7681
* VALID - Accuracy 99.787 Loss 0.1807
Epoch:1
LR: 0.0001
* TRAIN - Accuracy 99.521 Loss 0.1224
* VALID - Accuracy 99.840 Loss 0.0798
Epoch:2
LR: 0.0001
* TRAIN - Accuracy 99.707 Loss 0.0669
* VALID - Accuracy 99.893 Loss 0.0519
Epoch:3
LR: 0.0001
* TRAIN - Accuracy 99.725 Loss 0.0481
* VALID - Accuracy 99.787 Loss 0.0438
Computing SI
validation split name: 1
* VALID - Accuracy 0.000 Loss 8.3585
validation split name: 2
* VALID - Accuracy 0.098 Loss 5.3318
validation split name: 3
* VALID - Accuracy 99.787 Loss 0.0133
============================== Task: 4 ==============================
Incremental class: Old valid output dimension: 6
Incremental class: New Valid output dimension: 8
#reg_term: 1
Epoch:0
LR: 0.0001
* TRAIN - Accuracy 90.388 Loss 0.8676
* VALID - Accuracy 99.446 Loss 0.1627
Epoch:1
LR: 0.0001
* TRAIN - Accuracy 99.795 Loss 0.0961
* VALID - Accuracy 99.496 Loss 0.0662
Epoch:2
LR: 0.0001
* TRAIN - Accuracy 99.828 Loss 0.0483
* VALID - Accuracy 99.648 Loss 0.0425
Epoch:3
LR: 0.0001
* TRAIN - Accuracy 99.885 Loss 0.0341
* VALID - Accuracy 99.748 Loss 0.0333
Computing SI
validation split name: 1
* VALID - Accuracy 0.000 Loss 8.6866
validation split name: 2
* VALID - Accuracy 0.000 Loss 7.2757
validation split name: 3
* VALID - Accuracy 1.494 Loss 4.3902
validation split name: 4
* VALID - Accuracy 99.748 Loss 0.0093
============================== Task: 5 ==============================
Incremental class: Old valid output dimension: 8
Incremental class: New Valid output dimension: 10
#reg_term: 1
Epoch:0
LR: 0.0001
* TRAIN - Accuracy 89.280 Loss 0.9497
* VALID - Accuracy 98.033 Loss 0.2030
Epoch:1
LR: 0.0001
* TRAIN - Accuracy 98.339 Loss 0.1535
* VALID - Accuracy 98.487 Loss 0.1214
Epoch:2
LR: 0.0001
* TRAIN - Accuracy 98.449 Loss 0.1083
* VALID - Accuracy 98.285 Loss 0.0970
Epoch:3
LR: 0.0001
* TRAIN - Accuracy 98.407 Loss 0.0944
* VALID - Accuracy 98.638 Loss 0.0848
Computing SI
validation split name: 1
* VALID - Accuracy 0.000 Loss 8.9117
validation split name: 2
* VALID - Accuracy 0.000 Loss 9.1573
validation split name: 3
* VALID - Accuracy 0.000 Loss 7.3649
validation split name: 4
* VALID - Accuracy 2.266 Loss 3.5718
validation split name: 5
* VALID - Accuracy 98.638 Loss 0.0430
OrderedDict([('1', OrderedDict([('1', 99.95271867612293), ('2', 0.0), ('3', 0.0), ('4', 0.0), ('5', 0.0)])), ('2', OrderedDict([('2', 99.0205680705191), ('3', 0.0979431929480901), ('4', 0.0), ('5', 0.0)])), ('3', OrderedDict([('3', 99.78655282817503), ('4', 1.4941302027748133), ('5', 0.0)])), ('4', OrderedDict([('4', 99.74823766364553), ('5', 2.2658610271903323)])), ('5', OrderedDict([('5', 98.63842662632375)]))])
Task 1 average acc: 99.95271867612293
Task 2 average acc: 49.51028403525955
Task 3 average acc: 33.294832007041045
Task 4 average acc: 25.310591966605084
Task 5 average acc: 20.180857530702816
===Summary of experiment repeats: 4 / 10 ===
The regularization coefficient: 600.0
The last avg acc of all repeats: [20.13038318 20.55338961 21.74170784 20.18085753  0.          0.
  0.          0.          0.          0.        ]
mean: 8.260633816442786 std: 10.125523747276256
split_boundaries: [0, 2, 4, 6, 8, 10]
{'1': [0, 1], '2': [2, 3], '3': [4, 5], '4': [6, 7], '5': [8, 9]}
MLP2(
  (linear): Sequential(
    (0): Linear(in_features=784, out_features=1024, bias=True)
    (1): ReLU()
    (2): Linear(in_features=1024, out_features=512, bias=True)
    (3): ReLU()
    (4): Linear(in_features=512, out_features=256, bias=True)
    (5): ReLU()
  )
  (last): ModuleDict(
    (All): Linear(in_features=256, out_features=10, bias=True)
  )
)
#parameter of model: 1462538
Task order: ['1', '2', '3', '4', '5']
============================== Task: 1 ==============================
Incremental class: Old valid output dimension: ALL
Incremental class: New Valid output dimension: 2
#reg_term: 0
Epoch:0
LR: 0.001
* TRAIN - Accuracy 98.302 Loss 0.0395
* VALID - Accuracy 99.858 Loss 0.0018
Epoch:1
LR: 0.001
* TRAIN - Accuracy 99.874 Loss 0.0024
* VALID - Accuracy 99.905 Loss 0.0018
Epoch:2
LR: 0.001
* TRAIN - Accuracy 99.858 Loss 0.0034
* VALID - Accuracy 99.905 Loss 0.0025
Epoch:3
LR: 0.001
* TRAIN - Accuracy 99.929 Loss 0.0019
* VALID - Accuracy 99.905 Loss 0.0040
Computing SI
validation split name: 1
* VALID - Accuracy 99.905 Loss 0.0040
============================== Task: 2 ==============================
Incremental class: Old valid output dimension: 2
Incremental class: New Valid output dimension: 4
#reg_term: 1
Epoch:0
LR: 0.0001
* TRAIN - Accuracy 85.168 Loss 0.4968
* VALID - Accuracy 96.768 Loss 0.1870
Epoch:1
LR: 0.0001
* TRAIN - Accuracy 97.593 Loss 0.1477
* VALID - Accuracy 98.580 Loss 0.1049
Epoch:2
LR: 0.0001
* TRAIN - Accuracy 98.370 Loss 0.1055
* VALID - Accuracy 98.825 Loss 0.0842
Epoch:3
LR: 0.0001
* TRAIN - Accuracy 98.801 Loss 0.0820
* VALID - Accuracy 99.363 Loss 0.0667
Computing SI
validation split name: 1
* VALID - Accuracy 0.000 Loss 6.9883
validation split name: 2
* VALID - Accuracy 99.363 Loss 0.0285
============================== Task: 3 ==============================
Incremental class: Old valid output dimension: 4
Incremental class: New Valid output dimension: 6
#reg_term: 1
Epoch:0
LR: 0.0001
* TRAIN - Accuracy 87.286 Loss 0.5685
* VALID - Accuracy 99.466 Loss 0.1565
Epoch:1
LR: 0.0001
* TRAIN - Accuracy 99.370 Loss 0.1074
* VALID - Accuracy 99.680 Loss 0.0681
Epoch:2
LR: 0.0001
* TRAIN - Accuracy 99.521 Loss 0.0593
* VALID - Accuracy 99.947 Loss 0.0439
Epoch:3
LR: 0.0001
* TRAIN - Accuracy 99.627 Loss 0.0420
* VALID - Accuracy 99.840 Loss 0.0345
Computing SI
validation split name: 1
* VALID - Accuracy 0.000 Loss 11.6221
validation split name: 2
* VALID - Accuracy 0.098 Loss 5.7128
validation split name: 3
* VALID - Accuracy 99.840 Loss 0.0113
============================== Task: 4 ==============================
Incremental class: Old valid output dimension: 6
Incremental class: New Valid output dimension: 8
#reg_term: 1
Epoch:0
LR: 0.0001
* TRAIN - Accuracy 91.193 Loss 0.6566
* VALID - Accuracy 99.194 Loss 0.1367
Epoch:1
LR: 0.0001
* TRAIN - Accuracy 99.778 Loss 0.0749
* VALID - Accuracy 99.547 Loss 0.0526
Epoch:2
LR: 0.0001
* TRAIN - Accuracy 99.885 Loss 0.0372
* VALID - Accuracy 99.547 Loss 0.0356
Epoch:3
LR: 0.0001
* TRAIN - Accuracy 99.877 Loss 0.0268
* VALID - Accuracy 99.547 Loss 0.0315
Computing SI
validation split name: 1
* VALID - Accuracy 0.000 Loss 14.8122
validation split name: 2
* VALID - Accuracy 0.000 Loss 8.1263
validation split name: 3
* VALID - Accuracy 8.218 Loss 3.5812
validation split name: 4
* VALID - Accuracy 99.547 Loss 0.0141
============================== Task: 5 ==============================
Incremental class: Old valid output dimension: 8
Incremental class: New Valid output dimension: 10
#reg_term: 1
Epoch:0
LR: 0.0001
* TRAIN - Accuracy 87.788 Loss 1.2572
* VALID - Accuracy 98.033 Loss 0.2540
Epoch:1
LR: 0.0001
* TRAIN - Accuracy 98.025 Loss 0.1669
* VALID - Accuracy 98.134 Loss 0.1186
Epoch:2
LR: 0.0001
* TRAIN - Accuracy 98.314 Loss 0.1033
* VALID - Accuracy 98.134 Loss 0.0879
Epoch:3
LR: 0.0001
* TRAIN - Accuracy 98.500 Loss 0.0806
* VALID - Accuracy 98.285 Loss 0.0784
Computing SI
validation split name: 1
* VALID - Accuracy 0.000 Loss 12.8114
validation split name: 2
* VALID - Accuracy 0.000 Loss 9.1010
validation split name: 3
* VALID - Accuracy 0.000 Loss 8.3306
validation split name: 4
* VALID - Accuracy 1.057 Loss 4.2175
validation split name: 5
* VALID - Accuracy 98.285 Loss 0.0476
OrderedDict([('1', OrderedDict([('1', 99.90543735224587), ('2', 0.0), ('3', 0.0), ('4', 0.0), ('5', 0.0)])), ('2', OrderedDict([('2', 99.36336924583742), ('3', 0.0979431929480901), ('4', 0.0), ('5', 0.0)])), ('3', OrderedDict([('3', 99.83991462113127), ('4', 8.217716115261473), ('5', 0.0)])), ('4', OrderedDict([('4', 99.54682779456193), ('5', 1.0574018126888218)])), ('5', OrderedDict([('5', 98.28542612203732)]))])
Task 1 average acc: 99.90543735224587
Task 2 average acc: 49.68168462291871
Task 3 average acc: 33.312619271359786
Task 4 average acc: 26.94113597745585
Task 5 average acc: 19.86856558694523
===Summary of experiment repeats: 5 / 10 ===
The regularization coefficient: 600.0
The last avg acc of all repeats: [20.13038318 20.55338961 21.74170784 20.18085753 19.86856559  0.
  0.          0.          0.          0.        ]
mean: 10.247490375137309 std: 10.258130095965647
split_boundaries: [0, 2, 4, 6, 8, 10]
{'1': [0, 1], '2': [2, 3], '3': [4, 5], '4': [6, 7], '5': [8, 9]}
MLP2(
  (linear): Sequential(
    (0): Linear(in_features=784, out_features=1024, bias=True)
    (1): ReLU()
    (2): Linear(in_features=1024, out_features=512, bias=True)
    (3): ReLU()
    (4): Linear(in_features=512, out_features=256, bias=True)
    (5): ReLU()
  )
  (last): ModuleDict(
    (All): Linear(in_features=256, out_features=10, bias=True)
  )
)
#parameter of model: 1462538
Task order: ['1', '2', '3', '4', '5']
============================== Task: 1 ==============================
Incremental class: Old valid output dimension: ALL
Incremental class: New Valid output dimension: 2
#reg_term: 0
Epoch:0
LR: 0.001
* TRAIN - Accuracy 98.634 Loss 0.0307
* VALID - Accuracy 99.905 Loss 0.0015
Epoch:1
LR: 0.001
* TRAIN - Accuracy 99.921 Loss 0.0029
* VALID - Accuracy 99.905 Loss 0.0019
Epoch:2
LR: 0.001
* TRAIN - Accuracy 99.929 Loss 0.0020
* VALID - Accuracy 99.858 Loss 0.0026
Epoch:3
LR: 0.001
* TRAIN - Accuracy 99.913 Loss 0.0019
* VALID - Accuracy 99.858 Loss 0.0037
Computing SI
validation split name: 1
* VALID - Accuracy 99.858 Loss 0.0037
============================== Task: 2 ==============================
Incremental class: Old valid output dimension: 2
Incremental class: New Valid output dimension: 4
#reg_term: 1
Epoch:0
LR: 0.0001
* TRAIN - Accuracy 82.596 Loss 0.5378
* VALID - Accuracy 97.796 Loss 0.1567
Epoch:1
LR: 0.0001
* TRAIN - Accuracy 97.891 Loss 0.1359
* VALID - Accuracy 98.531 Loss 0.0986
Epoch:2
LR: 0.0001
* TRAIN - Accuracy 98.561 Loss 0.0943
* VALID - Accuracy 98.825 Loss 0.0778
Epoch:3
LR: 0.0001
* TRAIN - Accuracy 98.875 Loss 0.0758
* VALID - Accuracy 99.363 Loss 0.0647
Computing SI
validation split name: 1
* VALID - Accuracy 0.000 Loss 6.9107
validation split name: 2
* VALID - Accuracy 99.363 Loss 0.0283
============================== Task: 3 ==============================
Incremental class: Old valid output dimension: 4
Incremental class: New Valid output dimension: 6
#reg_term: 1
Epoch:0
LR: 0.0001
* TRAIN - Accuracy 84.968 Loss 0.6874
* VALID - Accuracy 99.520 Loss 0.1803
Epoch:1
LR: 0.0001
* TRAIN - Accuracy 99.414 Loss 0.1230
* VALID - Accuracy 99.787 Loss 0.0786
Epoch:2
LR: 0.0001
* TRAIN - Accuracy 99.547 Loss 0.0686
* VALID - Accuracy 99.840 Loss 0.0524
Epoch:3
LR: 0.0001
* TRAIN - Accuracy 99.627 Loss 0.0493
* VALID - Accuracy 99.947 Loss 0.0416
Computing SI
validation split name: 1
* VALID - Accuracy 0.000 Loss 11.5164
validation split name: 2
* VALID - Accuracy 1.273 Loss 5.3205
validation split name: 3
* VALID - Accuracy 99.947 Loss 0.0117
============================== Task: 4 ==============================
Incremental class: Old valid output dimension: 6
Incremental class: New Valid output dimension: 8
#reg_term: 1
Epoch:0
LR: 0.0001
* TRAIN - Accuracy 91.472 Loss 0.7458
* VALID - Accuracy 99.547 Loss 0.1343
Epoch:1
LR: 0.0001
* TRAIN - Accuracy 99.811 Loss 0.0743
* VALID - Accuracy 99.648 Loss 0.0506
Epoch:2
LR: 0.0001
* TRAIN - Accuracy 99.852 Loss 0.0362
* VALID - Accuracy 99.597 Loss 0.0328
Epoch:3
LR: 0.0001
* TRAIN - Accuracy 99.885 Loss 0.0252
* VALID - Accuracy 99.597 Loss 0.0265
Computing SI
validation split name: 1
* VALID - Accuracy 0.000 Loss 10.3028
validation split name: 2
* VALID - Accuracy 0.000 Loss 9.2025
validation split name: 3
* VALID - Accuracy 1.014 Loss 4.8892
validation split name: 4
* VALID - Accuracy 99.597 Loss 0.0099
============================== Task: 5 ==============================
Incremental class: Old valid output dimension: 8
Incremental class: New Valid output dimension: 10
#reg_term: 1
Epoch:0
LR: 0.0001
* TRAIN - Accuracy 88.492 Loss 1.0314
* VALID - Accuracy 97.479 Loss 0.2171
Epoch:1
LR: 0.0001
* TRAIN - Accuracy 98.305 Loss 0.1508
* VALID - Accuracy 98.185 Loss 0.1221
Epoch:2
LR: 0.0001
* TRAIN - Accuracy 98.500 Loss 0.1000
* VALID - Accuracy 98.386 Loss 0.0945
Epoch:3
LR: 0.0001
* TRAIN - Accuracy 98.576 Loss 0.0852
* VALID - Accuracy 98.437 Loss 0.0807
Computing SI
validation split name: 1
* VALID - Accuracy 0.000 Loss 10.3156
validation split name: 2
* VALID - Accuracy 0.000 Loss 11.0693
validation split name: 3
* VALID - Accuracy 0.000 Loss 7.5779
validation split name: 4
* VALID - Accuracy 4.834 Loss 3.6100
validation split name: 5
* VALID - Accuracy 98.437 Loss 0.0423
OrderedDict([('1', OrderedDict([('1', 99.8581560283688), ('2', 0.0), ('3', 0.0), ('4', 0.0), ('5', 0.0)])), ('2', OrderedDict([('2', 99.36336924583742), ('3', 1.2732615083251715), ('4', 0.0), ('5', 0.0)])), ('3', OrderedDict([('3', 99.94663820704376), ('4', 1.0138740661686232), ('5', 0.0)])), ('4', OrderedDict([('4', 99.59718026183283), ('5', 4.833836858006042)])), ('5', OrderedDict([('5', 98.43671205244578)]))])
Task 1 average acc: 99.8581560283688
Task 2 average acc: 49.68168462291871
Task 3 average acc: 33.739966571789644
Task 4 average acc: 25.152763582000365
Task 5 average acc: 20.654109782090366
===Summary of experiment repeats: 6 / 10 ===
The regularization coefficient: 600.0
The last avg acc of all repeats: [20.13038318 20.55338961 21.74170784 20.18085753 19.86856559 20.65410978
  0.          0.          0.          0.        ]
mean: 12.312901353346344 std: 10.064391556677123
split_boundaries: [0, 2, 4, 6, 8, 10]
{'1': [0, 1], '2': [2, 3], '3': [4, 5], '4': [6, 7], '5': [8, 9]}
MLP2(
  (linear): Sequential(
    (0): Linear(in_features=784, out_features=1024, bias=True)
    (1): ReLU()
    (2): Linear(in_features=1024, out_features=512, bias=True)
    (3): ReLU()
    (4): Linear(in_features=512, out_features=256, bias=True)
    (5): ReLU()
  )
  (last): ModuleDict(
    (All): Linear(in_features=256, out_features=10, bias=True)
  )
)
#parameter of model: 1462538
Task order: ['1', '2', '3', '4', '5']
============================== Task: 1 ==============================
Incremental class: Old valid output dimension: ALL
Incremental class: New Valid output dimension: 2
#reg_term: 0
Epoch:0
LR: 0.001
* TRAIN - Accuracy 98.563 Loss 0.0255
* VALID - Accuracy 99.858 Loss 0.0018
Epoch:1
LR: 0.001
* TRAIN - Accuracy 99.866 Loss 0.0024
* VALID - Accuracy 99.858 Loss 0.0032
Epoch:2
LR: 0.001
* TRAIN - Accuracy 99.889 Loss 0.0029
* VALID - Accuracy 99.811 Loss 0.0028
Epoch:3
LR: 0.001
* TRAIN - Accuracy 99.961 Loss 0.0013
* VALID - Accuracy 99.953 Loss 0.0024
Computing SI
validation split name: 1
* VALID - Accuracy 99.953 Loss 0.0024
============================== Task: 2 ==============================
Incremental class: Old valid output dimension: 2
Incremental class: New Valid output dimension: 4
#reg_term: 1
Epoch:0
LR: 0.0001
* TRAIN - Accuracy 84.995 Loss 0.5403
* VALID - Accuracy 97.600 Loss 0.1658
Epoch:1
LR: 0.0001
* TRAIN - Accuracy 97.833 Loss 0.1429
* VALID - Accuracy 98.531 Loss 0.1065
Epoch:2
LR: 0.0001
* TRAIN - Accuracy 98.503 Loss 0.1038
* VALID - Accuracy 98.972 Loss 0.0845
Epoch:3
LR: 0.0001
* TRAIN - Accuracy 98.949 Loss 0.0813
* VALID - Accuracy 99.167 Loss 0.0721
Computing SI
validation split name: 1
* VALID - Accuracy 0.000 Loss 8.0179
validation split name: 2
* VALID - Accuracy 99.167 Loss 0.0302
============================== Task: 3 ==============================
Incremental class: Old valid output dimension: 4
Incremental class: New Valid output dimension: 6
#reg_term: 1
Epoch:0
LR: 0.0001
* TRAIN - Accuracy 84.960 Loss 0.7333
* VALID - Accuracy 99.200 Loss 0.1869
Epoch:1
LR: 0.0001
* TRAIN - Accuracy 99.405 Loss 0.1204
* VALID - Accuracy 99.733 Loss 0.0719
Epoch:2
LR: 0.0001
* TRAIN - Accuracy 99.556 Loss 0.0615
* VALID - Accuracy 99.840 Loss 0.0448
Epoch:3
LR: 0.0001
* TRAIN - Accuracy 99.671 Loss 0.0422
* VALID - Accuracy 99.840 Loss 0.0342
Computing SI
validation split name: 1
* VALID - Accuracy 0.000 Loss 14.9927
validation split name: 2
* VALID - Accuracy 0.000 Loss 7.5557
validation split name: 3
* VALID - Accuracy 99.840 Loss 0.0094
============================== Task: 4 ==============================
Incremental class: Old valid output dimension: 6
Incremental class: New Valid output dimension: 8
#reg_term: 1
Epoch:0
LR: 0.0001
* TRAIN - Accuracy 90.355 Loss 0.7497
* VALID - Accuracy 99.547 Loss 0.1364
Epoch:1
LR: 0.0001
* TRAIN - Accuracy 99.778 Loss 0.0799
* VALID - Accuracy 99.496 Loss 0.0589
Epoch:2
LR: 0.0001
* TRAIN - Accuracy 99.836 Loss 0.0427
* VALID - Accuracy 99.597 Loss 0.0407
Epoch:3
LR: 0.0001
* TRAIN - Accuracy 99.893 Loss 0.0314
* VALID - Accuracy 99.547 Loss 0.0327
Computing SI
validation split name: 1
* VALID - Accuracy 0.000 Loss 13.5716
validation split name: 2
* VALID - Accuracy 0.000 Loss 9.1255
validation split name: 3
* VALID - Accuracy 3.682 Loss 3.6329
validation split name: 4
* VALID - Accuracy 99.547 Loss 0.0115
============================== Task: 5 ==============================
Incremental class: Old valid output dimension: 8
Incremental class: New Valid output dimension: 10
#reg_term: 1
Epoch:0
LR: 0.0001
* TRAIN - Accuracy 88.915 Loss 1.0358
* VALID - Accuracy 98.033 Loss 0.2000
Epoch:1
LR: 0.0001
* TRAIN - Accuracy 98.288 Loss 0.1380
* VALID - Accuracy 97.932 Loss 0.1067
Epoch:2
LR: 0.0001
* TRAIN - Accuracy 98.568 Loss 0.0894
* VALID - Accuracy 98.185 Loss 0.0830
Epoch:3
LR: 0.0001
* TRAIN - Accuracy 98.610 Loss 0.0731
* VALID - Accuracy 98.437 Loss 0.0697
Computing SI
validation split name: 1
* VALID - Accuracy 0.000 Loss 13.0670
validation split name: 2
* VALID - Accuracy 0.000 Loss 12.7117
validation split name: 3
* VALID - Accuracy 0.000 Loss 8.4658
validation split name: 4
* VALID - Accuracy 0.050 Loss 4.7388
validation split name: 5
* VALID - Accuracy 98.437 Loss 0.0419
OrderedDict([('1', OrderedDict([('1', 99.95271867612293), ('2', 0.0), ('3', 0.0), ('4', 0.0), ('5', 0.0)])), ('2', OrderedDict([('2', 99.16748285994123), ('3', 0.0), ('4', 0.0), ('5', 0.0)])), ('3', OrderedDict([('3', 99.83991462113127), ('4', 3.6819637139807897), ('5', 0.0)])), ('4', OrderedDict([('4', 99.54682779456193), ('5', 0.050352467270896276)])), ('5', OrderedDict([('5', 98.43671205244578)]))])
Task 1 average acc: 99.95271867612293
Task 2 average acc: 49.583741429970615
Task 3 average acc: 33.27997154037709
Task 4 average acc: 25.807197877135682
Task 5 average acc: 19.697412903943338
===Summary of experiment repeats: 7 / 10 ===
The regularization coefficient: 600.0
The last avg acc of all repeats: [20.13038318 20.55338961 21.74170784 20.18085753 19.86856559 20.65410978
 19.6974129   0.          0.          0.        ]
mean: 14.282642643740678 std: 9.365065070003286
split_boundaries: [0, 2, 4, 6, 8, 10]
{'1': [0, 1], '2': [2, 3], '3': [4, 5], '4': [6, 7], '5': [8, 9]}
MLP2(
  (linear): Sequential(
    (0): Linear(in_features=784, out_features=1024, bias=True)
    (1): ReLU()
    (2): Linear(in_features=1024, out_features=512, bias=True)
    (3): ReLU()
    (4): Linear(in_features=512, out_features=256, bias=True)
    (5): ReLU()
  )
  (last): ModuleDict(
    (All): Linear(in_features=256, out_features=10, bias=True)
  )
)
#parameter of model: 1462538
Task order: ['1', '2', '3', '4', '5']
============================== Task: 1 ==============================
Incremental class: Old valid output dimension: ALL
Incremental class: New Valid output dimension: 2
#reg_term: 0
Epoch:0
LR: 0.001
* TRAIN - Accuracy 98.587 Loss 0.0266
* VALID - Accuracy 99.811 Loss 0.0025
Epoch:1
LR: 0.001
* TRAIN - Accuracy 99.850 Loss 0.0031
* VALID - Accuracy 99.905 Loss 0.0024
Epoch:2
LR: 0.001
* TRAIN - Accuracy 99.921 Loss 0.0016
* VALID - Accuracy 99.905 Loss 0.0018
Epoch:3
LR: 0.001
* TRAIN - Accuracy 99.945 Loss 0.0015
* VALID - Accuracy 99.953 Loss 0.0003
Computing SI
validation split name: 1
* VALID - Accuracy 99.953 Loss 0.0003
============================== Task: 2 ==============================
Incremental class: Old valid output dimension: 2
Incremental class: New Valid output dimension: 4
#reg_term: 1
Epoch:0
LR: 0.0001
* TRAIN - Accuracy 86.723 Loss 0.4534
* VALID - Accuracy 98.041 Loss 0.1395
Epoch:1
LR: 0.0001
* TRAIN - Accuracy 98.147 Loss 0.1212
* VALID - Accuracy 98.727 Loss 0.0931
Epoch:2
LR: 0.0001
* TRAIN - Accuracy 98.718 Loss 0.0867
* VALID - Accuracy 99.265 Loss 0.0699
Epoch:3
LR: 0.0001
* TRAIN - Accuracy 99.065 Loss 0.0700
* VALID - Accuracy 99.021 Loss 0.0632
Computing SI
validation split name: 1
* VALID - Accuracy 0.000 Loss 8.6700
validation split name: 2
* VALID - Accuracy 99.021 Loss 0.0286
============================== Task: 3 ==============================
Incremental class: Old valid output dimension: 4
Incremental class: New Valid output dimension: 6
#reg_term: 1
Epoch:0
LR: 0.0001
* TRAIN - Accuracy 85.261 Loss 0.8464
* VALID - Accuracy 99.413 Loss 0.2139
Epoch:1
LR: 0.0001
* TRAIN - Accuracy 99.343 Loss 0.1420
* VALID - Accuracy 99.626 Loss 0.0900
Epoch:2
LR: 0.0001
* TRAIN - Accuracy 99.574 Loss 0.0735
* VALID - Accuracy 99.573 Loss 0.0578
Epoch:3
LR: 0.0001
* TRAIN - Accuracy 99.671 Loss 0.0512
* VALID - Accuracy 99.787 Loss 0.0414
Computing SI
validation split name: 1
* VALID - Accuracy 0.000 Loss 9.9424
validation split name: 2
* VALID - Accuracy 0.930 Loss 5.1273
validation split name: 3
* VALID - Accuracy 99.787 Loss 0.0104
============================== Task: 4 ==============================
Incremental class: Old valid output dimension: 6
Incremental class: New Valid output dimension: 8
#reg_term: 1
Epoch:0
LR: 0.0001
* TRAIN - Accuracy 89.510 Loss 0.9639
* VALID - Accuracy 99.597 Loss 0.1481
Epoch:1
LR: 0.0001
* TRAIN - Accuracy 99.770 Loss 0.0805
* VALID - Accuracy 99.446 Loss 0.0530
Epoch:2
LR: 0.0001
* TRAIN - Accuracy 99.910 Loss 0.0364
* VALID - Accuracy 99.648 Loss 0.0332
Epoch:3
LR: 0.0001
* TRAIN - Accuracy 99.877 Loss 0.0249
* VALID - Accuracy 99.648 Loss 0.0260
Computing SI
validation split name: 1
* VALID - Accuracy 0.000 Loss 10.0683
validation split name: 2
* VALID - Accuracy 0.000 Loss 8.2852
validation split name: 3
* VALID - Accuracy 0.480 Loss 4.1990
validation split name: 4
* VALID - Accuracy 99.648 Loss 0.0096
============================== Task: 5 ==============================
Incremental class: Old valid output dimension: 8
Incremental class: New Valid output dimension: 10
#reg_term: 1
Epoch:0
LR: 0.0001
* TRAIN - Accuracy 88.856 Loss 0.9710
* VALID - Accuracy 97.731 Loss 0.2038
Epoch:1
LR: 0.0001
* TRAIN - Accuracy 98.025 Loss 0.1457
* VALID - Accuracy 97.882 Loss 0.1191
Epoch:2
LR: 0.0001
* TRAIN - Accuracy 98.466 Loss 0.1024
* VALID - Accuracy 98.033 Loss 0.0999
Epoch:3
LR: 0.0001
* TRAIN - Accuracy 98.525 Loss 0.0861
* VALID - Accuracy 98.386 Loss 0.0798
Computing SI
validation split name: 1
* VALID - Accuracy 0.000 Loss 12.3493
validation split name: 2
* VALID - Accuracy 0.000 Loss 8.0197
validation split name: 3
* VALID - Accuracy 0.000 Loss 7.0323
validation split name: 4
* VALID - Accuracy 5.740 Loss 3.7837
validation split name: 5
* VALID - Accuracy 98.386 Loss 0.0429
OrderedDict([('1', OrderedDict([('1', 99.95271867612293), ('2', 0.0), ('3', 0.0), ('4', 0.0), ('5', 0.0)])), ('2', OrderedDict([('2', 99.0205680705191), ('3', 0.930460333006856), ('4', 0.0), ('5', 0.0)])), ('3', OrderedDict([('3', 99.78655282817503), ('4', 0.48025613660619), ('5', 0.0)])), ('4', OrderedDict([('4', 99.64753272910373), ('5', 5.740181268882175)])), ('5', OrderedDict([('5', 98.3862834089763)]))])
Task 1 average acc: 99.95271867612293
Task 2 average acc: 49.51028403525955
Task 3 average acc: 33.57233772039397
Task 4 average acc: 25.03194721642748
Task 5 average acc: 20.825292935571696
===Summary of experiment repeats: 8 / 10 ===
The regularization coefficient: 600.0
The last avg acc of all repeats: [20.13038318 20.55338961 21.74170784 20.18085753 19.86856559 20.65410978
 19.6974129  20.82529294  0.          0.        ]
mean: 16.36517193729785 std: 8.200533805924564
split_boundaries: [0, 2, 4, 6, 8, 10]
{'1': [0, 1], '2': [2, 3], '3': [4, 5], '4': [6, 7], '5': [8, 9]}
MLP2(
  (linear): Sequential(
    (0): Linear(in_features=784, out_features=1024, bias=True)
    (1): ReLU()
    (2): Linear(in_features=1024, out_features=512, bias=True)
    (3): ReLU()
    (4): Linear(in_features=512, out_features=256, bias=True)
    (5): ReLU()
  )
  (last): ModuleDict(
    (All): Linear(in_features=256, out_features=10, bias=True)
  )
)
#parameter of model: 1462538
Task order: ['1', '2', '3', '4', '5']
============================== Task: 1 ==============================
Incremental class: Old valid output dimension: ALL
Incremental class: New Valid output dimension: 2
#reg_term: 0
Epoch:0
LR: 0.001
* TRAIN - Accuracy 98.681 Loss 0.0269
* VALID - Accuracy 99.858 Loss 0.0044
Epoch:1
LR: 0.001
* TRAIN - Accuracy 99.866 Loss 0.0032
* VALID - Accuracy 99.764 Loss 0.0067
Epoch:2
LR: 0.001
* TRAIN - Accuracy 99.937 Loss 0.0021
* VALID - Accuracy 99.622 Loss 0.0075
Epoch:3
LR: 0.001
* TRAIN - Accuracy 99.945 Loss 0.0014
* VALID - Accuracy 99.905 Loss 0.0051
Computing SI
validation split name: 1
* VALID - Accuracy 99.905 Loss 0.0051
============================== Task: 2 ==============================
Incremental class: Old valid output dimension: 2
Incremental class: New Valid output dimension: 4
#reg_term: 1
Epoch:0
LR: 0.0001
* TRAIN - Accuracy 83.944 Loss 0.6086
* VALID - Accuracy 97.698 Loss 0.1755
Epoch:1
LR: 0.0001
* TRAIN - Accuracy 97.659 Loss 0.1556
* VALID - Accuracy 98.531 Loss 0.1110
Epoch:2
LR: 0.0001
* TRAIN - Accuracy 98.486 Loss 0.1064
* VALID - Accuracy 98.874 Loss 0.0837
Epoch:3
LR: 0.0001
* TRAIN - Accuracy 98.875 Loss 0.0827
* VALID - Accuracy 98.972 Loss 0.0700
Computing SI
validation split name: 1
* VALID - Accuracy 0.000 Loss 8.7007
validation split name: 2
* VALID - Accuracy 98.972 Loss 0.0273
============================== Task: 3 ==============================
Incremental class: Old valid output dimension: 4
Incremental class: New Valid output dimension: 6
#reg_term: 1
Epoch:0
LR: 0.0001
* TRAIN - Accuracy 86.735 Loss 0.7030
* VALID - Accuracy 99.413 Loss 0.1860
Epoch:1
LR: 0.0001
* TRAIN - Accuracy 99.467 Loss 0.1257
* VALID - Accuracy 99.733 Loss 0.0835
Epoch:2
LR: 0.0001
* TRAIN - Accuracy 99.574 Loss 0.0707
* VALID - Accuracy 99.893 Loss 0.0545
Epoch:3
LR: 0.0001
* TRAIN - Accuracy 99.663 Loss 0.0508
* VALID - Accuracy 99.947 Loss 0.0421
Computing SI
validation split name: 1
* VALID - Accuracy 0.000 Loss 9.5903
validation split name: 2
* VALID - Accuracy 2.204 Loss 4.6551
validation split name: 3
* VALID - Accuracy 99.947 Loss 0.0099
============================== Task: 4 ==============================
Incremental class: Old valid output dimension: 6
Incremental class: New Valid output dimension: 8
#reg_term: 1
Epoch:0
LR: 0.0001
* TRAIN - Accuracy 90.758 Loss 0.6942
* VALID - Accuracy 99.547 Loss 0.1202
Epoch:1
LR: 0.0001
* TRAIN - Accuracy 99.803 Loss 0.0702
* VALID - Accuracy 99.597 Loss 0.0503
Epoch:2
LR: 0.0001
* TRAIN - Accuracy 99.860 Loss 0.0369
* VALID - Accuracy 99.698 Loss 0.0348
Epoch:3
LR: 0.0001
* TRAIN - Accuracy 99.902 Loss 0.0270
* VALID - Accuracy 99.648 Loss 0.0295
Computing SI
validation split name: 1
* VALID - Accuracy 0.000 Loss 12.1223
validation split name: 2
* VALID - Accuracy 0.000 Loss 7.0914
validation split name: 3
* VALID - Accuracy 2.295 Loss 3.7062
validation split name: 4
* VALID - Accuracy 99.648 Loss 0.0112
============================== Task: 5 ==============================
Incremental class: Old valid output dimension: 8
Incremental class: New Valid output dimension: 10
#reg_term: 1
Epoch:0
LR: 0.0001
* TRAIN - Accuracy 87.890 Loss 1.2250
* VALID - Accuracy 98.235 Loss 0.2301
Epoch:1
LR: 0.0001
* TRAIN - Accuracy 98.424 Loss 0.1594
* VALID - Accuracy 98.336 Loss 0.1237
Epoch:2
LR: 0.0001
* TRAIN - Accuracy 98.627 Loss 0.1045
* VALID - Accuracy 98.689 Loss 0.0921
Epoch:3
LR: 0.0001
* TRAIN - Accuracy 98.712 Loss 0.0855
* VALID - Accuracy 98.386 Loss 0.0807
Computing SI
validation split name: 1
* VALID - Accuracy 0.000 Loss 13.7143
validation split name: 2
* VALID - Accuracy 0.000 Loss 9.8402
validation split name: 3
* VALID - Accuracy 0.000 Loss 7.2005
validation split name: 4
* VALID - Accuracy 0.000 Loss 3.9550
validation split name: 5
* VALID - Accuracy 98.386 Loss 0.0421
OrderedDict([('1', OrderedDict([('1', 99.90543735224587), ('2', 0.0), ('3', 0.0), ('4', 0.0), ('5', 0.0)])), ('2', OrderedDict([('2', 98.97159647404506), ('3', 2.2037218413320274), ('4', 0.0), ('5', 0.0)])), ('3', OrderedDict([('3', 99.94663820704376), ('4', 2.2945570971184632), ('5', 0.0)])), ('4', OrderedDict([('4', 99.64753272910373), ('5', 0.0)])), ('5', OrderedDict([('5', 98.3862834089763)]))])
Task 1 average acc: 99.90543735224587
Task 2 average acc: 49.48579823702253
Task 3 average acc: 34.05012001612526
Task 4 average acc: 25.485522456555547
Task 5 average acc: 19.67725668179526
===Summary of experiment repeats: 9 / 10 ===
The regularization coefficient: 600.0
The last avg acc of all repeats: [20.13038318 20.55338961 21.74170784 20.18085753 19.86856559 20.65410978
 19.6974129  20.82529294 19.67725668  0.        ]
mean: 18.332897605477374 std: 6.139374209041196
split_boundaries: [0, 2, 4, 6, 8, 10]
{'1': [0, 1], '2': [2, 3], '3': [4, 5], '4': [6, 7], '5': [8, 9]}
MLP2(
  (linear): Sequential(
    (0): Linear(in_features=784, out_features=1024, bias=True)
    (1): ReLU()
    (2): Linear(in_features=1024, out_features=512, bias=True)
    (3): ReLU()
    (4): Linear(in_features=512, out_features=256, bias=True)
    (5): ReLU()
  )
  (last): ModuleDict(
    (All): Linear(in_features=256, out_features=10, bias=True)
  )
)
#parameter of model: 1462538
Task order: ['1', '2', '3', '4', '5']
============================== Task: 1 ==============================
Incremental class: Old valid output dimension: ALL
Incremental class: New Valid output dimension: 2
#reg_term: 0
Epoch:0
LR: 0.001
* TRAIN - Accuracy 98.563 Loss 0.0244
* VALID - Accuracy 99.905 Loss 0.0014
Epoch:1
LR: 0.001
* TRAIN - Accuracy 99.882 Loss 0.0032
* VALID - Accuracy 99.811 Loss 0.0022
Epoch:2
LR: 0.001
* TRAIN - Accuracy 99.929 Loss 0.0018
* VALID - Accuracy 99.858 Loss 0.0033
Epoch:3
LR: 0.001
* TRAIN - Accuracy 99.937 Loss 0.0016
* VALID - Accuracy 99.905 Loss 0.0026
Computing SI
validation split name: 1
* VALID - Accuracy 99.905 Loss 0.0026
============================== Task: 2 ==============================
Incremental class: Old valid output dimension: 2
Incremental class: New Valid output dimension: 4
#reg_term: 1
Epoch:0
LR: 0.0001
* TRAIN - Accuracy 84.722 Loss 0.5692
* VALID - Accuracy 97.698 Loss 0.1735
Epoch:1
LR: 0.0001
* TRAIN - Accuracy 97.915 Loss 0.1496
* VALID - Accuracy 98.678 Loss 0.1136
Epoch:2
LR: 0.0001
* TRAIN - Accuracy 98.734 Loss 0.1010
* VALID - Accuracy 98.972 Loss 0.0831
Epoch:3
LR: 0.0001
* TRAIN - Accuracy 98.875 Loss 0.0801
* VALID - Accuracy 99.314 Loss 0.0671
Computing SI
validation split name: 1
* VALID - Accuracy 0.000 Loss 6.5845
validation split name: 2
* VALID - Accuracy 99.314 Loss 0.0279
============================== Task: 3 ==============================
Incremental class: Old valid output dimension: 4
Incremental class: New Valid output dimension: 6
#reg_term: 1
Epoch:0
LR: 0.0001
* TRAIN - Accuracy 84.702 Loss 0.7283
* VALID - Accuracy 99.733 Loss 0.1682
Epoch:1
LR: 0.0001
* TRAIN - Accuracy 99.405 Loss 0.1161
* VALID - Accuracy 99.680 Loss 0.0760
Epoch:2
LR: 0.0001
* TRAIN - Accuracy 99.609 Loss 0.0660
* VALID - Accuracy 99.840 Loss 0.0509
Epoch:3
LR: 0.0001
* TRAIN - Accuracy 99.627 Loss 0.0480
* VALID - Accuracy 99.840 Loss 0.0395
Computing SI
validation split name: 1
* VALID - Accuracy 0.000 Loss 8.4628
validation split name: 2
* VALID - Accuracy 0.441 Loss 5.2502
validation split name: 3
* VALID - Accuracy 99.840 Loss 0.0099
============================== Task: 4 ==============================
Incremental class: Old valid output dimension: 6
Incremental class: New Valid output dimension: 8
#reg_term: 1
Epoch:0
LR: 0.0001
* TRAIN - Accuracy 90.355 Loss 0.8013
* VALID - Accuracy 99.396 Loss 0.1416
Epoch:1
LR: 0.0001
* TRAIN - Accuracy 99.811 Loss 0.0805
* VALID - Accuracy 99.597 Loss 0.0535
Epoch:2
LR: 0.0001
* TRAIN - Accuracy 99.860 Loss 0.0393
* VALID - Accuracy 99.748 Loss 0.0342
Epoch:3
LR: 0.0001
* TRAIN - Accuracy 99.869 Loss 0.0269
* VALID - Accuracy 99.547 Loss 0.0276
Computing SI
validation split name: 1
* VALID - Accuracy 0.000 Loss 9.0243
validation split name: 2
* VALID - Accuracy 0.000 Loss 7.3494
validation split name: 3
* VALID - Accuracy 0.320 Loss 4.0459
validation split name: 4
* VALID - Accuracy 99.547 Loss 0.0096
============================== Task: 5 ==============================
Incremental class: Old valid output dimension: 8
Incremental class: New Valid output dimension: 10
#reg_term: 1
Epoch:0
LR: 0.0001
* TRAIN - Accuracy 87.915 Loss 0.9486
* VALID - Accuracy 97.832 Loss 0.1986
Epoch:1
LR: 0.0001
* TRAIN - Accuracy 98.364 Loss 0.1418
* VALID - Accuracy 97.983 Loss 0.1146
Epoch:2
LR: 0.0001
* TRAIN - Accuracy 98.737 Loss 0.0953
* VALID - Accuracy 98.285 Loss 0.0929
Epoch:3
LR: 0.0001
* TRAIN - Accuracy 98.847 Loss 0.0789
* VALID - Accuracy 98.487 Loss 0.0769
Computing SI
validation split name: 1
* VALID - Accuracy 0.000 Loss 9.0388
validation split name: 2
* VALID - Accuracy 0.000 Loss 9.6399
validation split name: 3
* VALID - Accuracy 0.000 Loss 7.9297
validation split name: 4
* VALID - Accuracy 11.934 Loss 3.6683
validation split name: 5
* VALID - Accuracy 98.487 Loss 0.0402
OrderedDict([('1', OrderedDict([('1', 99.90543735224587), ('2', 0.0), ('3', 0.0), ('4', 0.0), ('5', 0.0)])), ('2', OrderedDict([('2', 99.31439764936337), ('3', 0.4407443682664055), ('4', 0.0), ('5', 0.0)])), ('3', OrderedDict([('3', 99.83991462113127), ('4', 0.32017075773745995), ('5', 0.0)])), ('4', OrderedDict([('4', 99.54682779456193), ('5', 11.933534743202417)])), ('5', OrderedDict([('5', 98.48714069591529)]))])
Task 1 average acc: 99.90543735224587
Task 2 average acc: 49.657198824681686
Task 3 average acc: 33.426886329799224
Task 4 average acc: 24.966749638074848
Task 5 average acc: 22.08413508782354
===Summary of experiment repeats: 10 / 10 ===
The regularization coefficient: 600.0
The last avg acc of all repeats: [20.13038318 20.55338961 21.74170784 20.18085753 19.86856559 20.65410978
 19.6974129  20.82529294 19.67725668 22.08413509]
mean: 20.541311114259727 std: 0.7826175671884068
reg_coef: 600.0 mean: 20.541311114259727 std: 0.7826175671884068
