split_boundaries: [0, 2, 4, 6, 8, 10]
{'1': [0, 1], '2': [2, 3], '3': [4, 5], '4': [6, 7], '5': [8, 9]}
MLP2(
  (linear): Sequential(
    (0): Linear(in_features=784, out_features=1024, bias=True)
    (1): ReLU()
    (2): Linear(in_features=1024, out_features=512, bias=True)
    (3): ReLU()
    (4): Linear(in_features=512, out_features=256, bias=True)
    (5): ReLU()
  )
  (last): ModuleDict(
    (All): Linear(in_features=256, out_features=10, bias=True)
  )
)
#parameter of model: 1462538
Task order: ['1', '2', '3', '4', '5']
============================== Task: 1 ==============================
Incremental class: Old valid output dimension: ALL
Incremental class: New Valid output dimension: 2
Epoch:0
LR: 0.01
* TRAIN - Accuracy 86.648 Loss 0.3620
* VALID - Accuracy 99.574 Loss 0.0762
Epoch:1
LR: 0.01
* TRAIN - Accuracy 99.629 Loss 0.0404
* VALID - Accuracy 99.764 Loss 0.0192
Epoch:2
LR: 0.01
* TRAIN - Accuracy 99.716 Loss 0.0174
* VALID - Accuracy 99.764 Loss 0.0111
Epoch:3
LR: 0.01
* TRAIN - Accuracy 99.732 Loss 0.0120
* VALID - Accuracy 99.811 Loss 0.0080
validation split name: 1
* VALID - Accuracy 99.811 Loss 0.0080
============================== Task: 2 ==============================
Incremental class: Old valid output dimension: 2
Incremental class: New Valid output dimension: 4
Epoch:0
LR: 0.001
* TRAIN - Accuracy 29.150 Loss 1.2975
* VALID - Accuracy 50.392 Loss 0.9661
Epoch:1
LR: 0.001
* TRAIN - Accuracy 68.748 Loss 0.8414
* VALID - Accuracy 82.419 Loss 0.7396
Epoch:2
LR: 0.001
* TRAIN - Accuracy 88.394 Loss 0.6926
* VALID - Accuracy 89.177 Loss 0.6384
Epoch:3
LR: 0.001
* TRAIN - Accuracy 91.290 Loss 0.6063
* VALID - Accuracy 92.850 Loss 0.5597
validation split name: 1
* VALID - Accuracy 0.000 Loss 1.8738
validation split name: 2
* VALID - Accuracy 92.850 Loss 0.5597
============================== Task: 3 ==============================
Incremental class: Old valid output dimension: 4
Incremental class: New Valid output dimension: 6
Epoch:0
LR: 0.001
* TRAIN - Accuracy 26.210 Loss 1.5956
* VALID - Accuracy 70.971 Loss 1.0679
Epoch:1
LR: 0.001
* TRAIN - Accuracy 77.741 Loss 0.8912
* VALID - Accuracy 89.648 Loss 0.7445
Epoch:2
LR: 0.001
* TRAIN - Accuracy 89.017 Loss 0.6844
* VALID - Accuracy 92.636 Loss 0.6067
Epoch:3
LR: 0.001
* TRAIN - Accuracy 91.539 Loss 0.5720
* VALID - Accuracy 93.597 Loss 0.5075
validation split name: 1
* VALID - Accuracy 0.000 Loss 4.1042
validation split name: 2
* VALID - Accuracy 0.000 Loss 4.5245
validation split name: 3
* VALID - Accuracy 93.597 Loss 0.5075
============================== Task: 4 ==============================
Incremental class: Old valid output dimension: 6
Incremental class: New Valid output dimension: 8
Epoch:0
LR: 0.001
* TRAIN - Accuracy 38.841 Loss 1.6778
* VALID - Accuracy 85.952 Loss 0.9073
Epoch:1
LR: 0.001
* TRAIN - Accuracy 92.826 Loss 0.7529
* VALID - Accuracy 96.324 Loss 0.6302
Epoch:2
LR: 0.001
* TRAIN - Accuracy 97.636 Loss 0.5677
* VALID - Accuracy 98.288 Loss 0.4885
Epoch:3
LR: 0.001
* TRAIN - Accuracy 98.424 Loss 0.4380
* VALID - Accuracy 98.590 Loss 0.3665
validation split name: 1
* VALID - Accuracy 0.000 Loss 5.8187
validation split name: 2
* VALID - Accuracy 0.000 Loss 6.8867
validation split name: 3
* VALID - Accuracy 0.000 Loss 4.5976
validation split name: 4
* VALID - Accuracy 98.590 Loss 0.3665
============================== Task: 5 ==============================
Incremental class: Old valid output dimension: 8
Incremental class: New Valid output dimension: 10
Epoch:0
LR: 0.001
* TRAIN - Accuracy 31.229 Loss 1.8540
* VALID - Accuracy 60.010 Loss 0.8341
Epoch:1
LR: 0.001
* TRAIN - Accuracy 74.381 Loss 0.7381
* VALID - Accuracy 87.544 Loss 0.6629
Epoch:2
LR: 0.001
* TRAIN - Accuracy 86.508 Loss 0.6275
* VALID - Accuracy 90.469 Loss 0.5827
Epoch:3
LR: 0.001
* TRAIN - Accuracy 90.525 Loss 0.5531
* VALID - Accuracy 91.982 Loss 0.5111
validation split name: 1
* VALID - Accuracy 0.000 Loss 6.5369
validation split name: 2
* VALID - Accuracy 0.000 Loss 7.3597
validation split name: 3
* VALID - Accuracy 0.000 Loss 5.5293
validation split name: 4
* VALID - Accuracy 0.000 Loss 4.3735
validation split name: 5
* VALID - Accuracy 91.982 Loss 0.5111
OrderedDict([('1', OrderedDict([('1', 99.81087470449172), ('2', 0.0), ('3', 0.0), ('4', 0.0), ('5', 0.0)])), ('2', OrderedDict([('2', 92.85014691478942), ('3', 0.0), ('4', 0.0), ('5', 0.0)])), ('3', OrderedDict([('3', 93.5965848452508), ('4', 0.0), ('5', 0.0)])), ('4', OrderedDict([('4', 98.5901309164149), ('5', 0.0)])), ('5', OrderedDict([('5', 91.98184568835099)]))])
Task 1 average acc: 99.81087470449172
Task 2 average acc: 46.42507345739471
Task 3 average acc: 31.1988616150836
Task 4 average acc: 24.647532729103727
Task 5 average acc: 18.3963691376702
===Summary of experiment repeats: 1 / 10 ===
The regularization coefficient: 0.0
The last avg acc of all repeats: [18.39636914  0.          0.          0.          0.          0.
  0.          0.          0.          0.        ]
mean: 1.8396369137670199 std: 5.518910741301059
split_boundaries: [0, 2, 4, 6, 8, 10]
{'1': [0, 1], '2': [2, 3], '3': [4, 5], '4': [6, 7], '5': [8, 9]}
MLP2(
  (linear): Sequential(
    (0): Linear(in_features=784, out_features=1024, bias=True)
    (1): ReLU()
    (2): Linear(in_features=1024, out_features=512, bias=True)
    (3): ReLU()
    (4): Linear(in_features=512, out_features=256, bias=True)
    (5): ReLU()
  )
  (last): ModuleDict(
    (All): Linear(in_features=256, out_features=10, bias=True)
  )
)
#parameter of model: 1462538
Task order: ['1', '2', '3', '4', '5']
============================== Task: 1 ==============================
Incremental class: Old valid output dimension: ALL
Incremental class: New Valid output dimension: 2
Epoch:0
LR: 0.01
* TRAIN - Accuracy 97.094 Loss 0.3562
* VALID - Accuracy 99.764 Loss 0.0739
Epoch:1
LR: 0.01
* TRAIN - Accuracy 99.660 Loss 0.0396
* VALID - Accuracy 99.811 Loss 0.0184
Epoch:2
LR: 0.01
* TRAIN - Accuracy 99.732 Loss 0.0170
* VALID - Accuracy 99.858 Loss 0.0105
Epoch:3
LR: 0.01
* TRAIN - Accuracy 99.755 Loss 0.0118
* VALID - Accuracy 99.858 Loss 0.0075
validation split name: 1
* VALID - Accuracy 99.858 Loss 0.0075
============================== Task: 2 ==============================
Incremental class: Old valid output dimension: 2
Incremental class: New Valid output dimension: 4
Epoch:0
LR: 0.001
* TRAIN - Accuracy 34.751 Loss 1.2408
* VALID - Accuracy 68.315 Loss 0.9157
Epoch:1
LR: 0.001
* TRAIN - Accuracy 75.556 Loss 0.8050
* VALID - Accuracy 84.917 Loss 0.7010
Epoch:2
LR: 0.001
* TRAIN - Accuracy 85.747 Loss 0.6592
* VALID - Accuracy 90.108 Loss 0.5960
Epoch:3
LR: 0.001
* TRAIN - Accuracy 89.048 Loss 0.5674
* VALID - Accuracy 91.822 Loss 0.5105
validation split name: 1
* VALID - Accuracy 0.000 Loss 1.9208
validation split name: 2
* VALID - Accuracy 91.822 Loss 0.5105
============================== Task: 3 ==============================
Incremental class: Old valid output dimension: 4
Incremental class: New Valid output dimension: 6
Epoch:0
LR: 0.001
* TRAIN - Accuracy 26.467 Loss 1.6497
* VALID - Accuracy 70.544 Loss 1.0758
Epoch:1
LR: 0.001
* TRAIN - Accuracy 76.392 Loss 0.8997
* VALID - Accuracy 83.138 Loss 0.7613
Epoch:2
LR: 0.001
* TRAIN - Accuracy 84.933 Loss 0.7085
* VALID - Accuracy 89.861 Loss 0.6402
Epoch:3
LR: 0.001
* TRAIN - Accuracy 88.351 Loss 0.6121
* VALID - Accuracy 91.302 Loss 0.5552
validation split name: 1
* VALID - Accuracy 0.000 Loss 4.2141
validation split name: 2
* VALID - Accuracy 0.000 Loss 4.6162
validation split name: 3
* VALID - Accuracy 91.302 Loss 0.5552
============================== Task: 4 ==============================
Incremental class: Old valid output dimension: 6
Incremental class: New Valid output dimension: 8
Epoch:0
LR: 0.001
* TRAIN - Accuracy 42.206 Loss 1.7917
* VALID - Accuracy 90.534 Loss 0.9249
Epoch:1
LR: 0.001
* TRAIN - Accuracy 97.045 Loss 0.7426
* VALID - Accuracy 98.691 Loss 0.6064
Epoch:2
LR: 0.001
* TRAIN - Accuracy 98.884 Loss 0.5294
* VALID - Accuracy 98.892 Loss 0.4451
Epoch:3
LR: 0.001
* TRAIN - Accuracy 99.097 Loss 0.3863
* VALID - Accuracy 98.943 Loss 0.3193
validation split name: 1
* VALID - Accuracy 0.000 Loss 5.5198
validation split name: 2
* VALID - Accuracy 0.000 Loss 6.2641
validation split name: 3
* VALID - Accuracy 0.000 Loss 4.5353
validation split name: 4
* VALID - Accuracy 98.943 Loss 0.3193
============================== Task: 5 ==============================
Incremental class: Old valid output dimension: 8
Incremental class: New Valid output dimension: 10
Epoch:0
LR: 0.001
* TRAIN - Accuracy 32.178 Loss 1.7073
* VALID - Accuracy 59.002 Loss 0.8099
Epoch:1
LR: 0.001
* TRAIN - Accuracy 76.025 Loss 0.7269
* VALID - Accuracy 75.038 Loss 0.6575
Epoch:2
LR: 0.001
* TRAIN - Accuracy 89.153 Loss 0.6229
* VALID - Accuracy 92.486 Loss 0.5767
Epoch:3
LR: 0.001
* TRAIN - Accuracy 92.992 Loss 0.5481
* VALID - Accuracy 93.696 Loss 0.5040
validation split name: 1
* VALID - Accuracy 0.000 Loss 6.5083
validation split name: 2
* VALID - Accuracy 0.000 Loss 7.5180
validation split name: 3
* VALID - Accuracy 0.000 Loss 5.8598
validation split name: 4
* VALID - Accuracy 0.000 Loss 4.4368
validation split name: 5
* VALID - Accuracy 93.696 Loss 0.5040
OrderedDict([('1', OrderedDict([('1', 99.8581560283688), ('2', 0.0), ('3', 0.0), ('4', 0.0), ('5', 0.0)])), ('2', OrderedDict([('2', 91.82174338883448), ('3', 0.0), ('4', 0.0), ('5', 0.0)])), ('3', OrderedDict([('3', 91.30202774813233), ('4', 0.0), ('5', 0.0)])), ('4', OrderedDict([('4', 98.94259818731118), ('5', 0.0)])), ('5', OrderedDict([('5', 93.69641956631366)]))])
Task 1 average acc: 99.8581560283688
Task 2 average acc: 45.91087169441724
Task 3 average acc: 30.434009249377443
Task 4 average acc: 24.735649546827794
Task 5 average acc: 18.73928391326273
===Summary of experiment repeats: 2 / 10 ===
The regularization coefficient: 0.0
The last avg acc of all repeats: [18.39636914 18.73928391  0.          0.          0.          0.
  0.          0.          0.          0.        ]
mean: 3.713565305093293 std: 7.427526413816146
split_boundaries: [0, 2, 4, 6, 8, 10]
{'1': [0, 1], '2': [2, 3], '3': [4, 5], '4': [6, 7], '5': [8, 9]}
MLP2(
  (linear): Sequential(
    (0): Linear(in_features=784, out_features=1024, bias=True)
    (1): ReLU()
    (2): Linear(in_features=1024, out_features=512, bias=True)
    (3): ReLU()
    (4): Linear(in_features=512, out_features=256, bias=True)
    (5): ReLU()
  )
  (last): ModuleDict(
    (All): Linear(in_features=256, out_features=10, bias=True)
  )
)
#parameter of model: 1462538
Task order: ['1', '2', '3', '4', '5']
============================== Task: 1 ==============================
Incremental class: Old valid output dimension: ALL
Incremental class: New Valid output dimension: 2
Epoch:0
LR: 0.01
* TRAIN - Accuracy 74.836 Loss 0.4013
* VALID - Accuracy 99.574 Loss 0.1011
Epoch:1
LR: 0.01
* TRAIN - Accuracy 99.424 Loss 0.0490
* VALID - Accuracy 99.764 Loss 0.0206
Epoch:2
LR: 0.01
* TRAIN - Accuracy 99.621 Loss 0.0187
* VALID - Accuracy 99.811 Loss 0.0109
Epoch:3
LR: 0.01
* TRAIN - Accuracy 99.668 Loss 0.0125
* VALID - Accuracy 99.811 Loss 0.0076
validation split name: 1
* VALID - Accuracy 99.811 Loss 0.0076
============================== Task: 2 ==============================
Incremental class: Old valid output dimension: 2
Incremental class: New Valid output dimension: 4
Epoch:0
LR: 0.001
* TRAIN - Accuracy 39.962 Loss 1.1921
* VALID - Accuracy 71.939 Loss 0.9010
Epoch:1
LR: 0.001
* TRAIN - Accuracy 78.121 Loss 0.8024
* VALID - Accuracy 87.120 Loss 0.7136
Epoch:2
LR: 0.001
* TRAIN - Accuracy 86.525 Loss 0.6763
* VALID - Accuracy 90.157 Loss 0.6239
Epoch:3
LR: 0.001
* TRAIN - Accuracy 89.643 Loss 0.5974
* VALID - Accuracy 91.920 Loss 0.5500
validation split name: 1
* VALID - Accuracy 0.000 Loss 2.0873
validation split name: 2
* VALID - Accuracy 91.920 Loss 0.5500
============================== Task: 3 ==============================
Incremental class: Old valid output dimension: 4
Incremental class: New Valid output dimension: 6
Epoch:0
LR: 0.001
* TRAIN - Accuracy 23.466 Loss 1.5953
* VALID - Accuracy 52.081 Loss 1.0596
Epoch:1
LR: 0.001
* TRAIN - Accuracy 70.967 Loss 0.8881
* VALID - Accuracy 87.994 Loss 0.7504
Epoch:2
LR: 0.001
* TRAIN - Accuracy 88.866 Loss 0.6926
* VALID - Accuracy 92.583 Loss 0.6207
Epoch:3
LR: 0.001
* TRAIN - Accuracy 91.885 Loss 0.5867
* VALID - Accuracy 93.597 Loss 0.5259
validation split name: 1
* VALID - Accuracy 0.000 Loss 4.0949
validation split name: 2
* VALID - Accuracy 0.000 Loss 4.5587
validation split name: 3
* VALID - Accuracy 93.597 Loss 0.5259
============================== Task: 4 ==============================
Incremental class: Old valid output dimension: 6
Incremental class: New Valid output dimension: 8
Epoch:0
LR: 0.001
* TRAIN - Accuracy 29.845 Loss 1.6985
* VALID - Accuracy 78.600 Loss 0.8945
Epoch:1
LR: 0.001
* TRAIN - Accuracy 92.358 Loss 0.7216
* VALID - Accuracy 97.432 Loss 0.5849
Epoch:2
LR: 0.001
* TRAIN - Accuracy 97.579 Loss 0.5131
* VALID - Accuracy 98.238 Loss 0.4258
Epoch:3
LR: 0.001
* TRAIN - Accuracy 98.342 Loss 0.3726
* VALID - Accuracy 98.540 Loss 0.3029
validation split name: 1
* VALID - Accuracy 0.000 Loss 5.9974
validation split name: 2
* VALID - Accuracy 0.000 Loss 6.7694
validation split name: 3
* VALID - Accuracy 0.000 Loss 4.5517
validation split name: 4
* VALID - Accuracy 98.540 Loss 0.3029
============================== Task: 5 ==============================
Incremental class: Old valid output dimension: 8
Incremental class: New Valid output dimension: 10
Epoch:0
LR: 0.001
* TRAIN - Accuracy 48.390 Loss 1.5986
* VALID - Accuracy 77.358 Loss 0.7422
Epoch:1
LR: 0.001
* TRAIN - Accuracy 84.915 Loss 0.6640
* VALID - Accuracy 90.015 Loss 0.5875
Epoch:2
LR: 0.001
* TRAIN - Accuracy 91.212 Loss 0.5504
* VALID - Accuracy 93.293 Loss 0.4940
Epoch:3
LR: 0.001
* TRAIN - Accuracy 93.178 Loss 0.4628
* VALID - Accuracy 93.596 Loss 0.4126
validation split name: 1
* VALID - Accuracy 0.000 Loss 6.9482
validation split name: 2
* VALID - Accuracy 0.000 Loss 7.7636
validation split name: 3
* VALID - Accuracy 0.000 Loss 5.9210
validation split name: 4
* VALID - Accuracy 0.000 Loss 4.4375
validation split name: 5
* VALID - Accuracy 93.596 Loss 0.4126
OrderedDict([('1', OrderedDict([('1', 99.81087470449172), ('2', 0.0), ('3', 0.0), ('4', 0.0), ('5', 0.0)])), ('2', OrderedDict([('2', 91.91968658178257), ('3', 0.0), ('4', 0.0), ('5', 0.0)])), ('3', OrderedDict([('3', 93.5965848452508), ('4', 0.0), ('5', 0.0)])), ('4', OrderedDict([('4', 98.53977844914401), ('5', 0.0)])), ('5', OrderedDict([('5', 93.59556227937469)]))])
Task 1 average acc: 99.81087470449172
Task 2 average acc: 45.959843290891286
Task 3 average acc: 31.1988616150836
Task 4 average acc: 24.634944612286002
Task 5 average acc: 18.71911245587494
===Summary of experiment repeats: 3 / 10 ===
The regularization coefficient: 0.0
The last avg acc of all repeats: [18.39636914 18.73928391 18.71911246  0.          0.          0.
  0.          0.          0.          0.        ]
mean: 5.585476550680786 std: 8.53239032853593
split_boundaries: [0, 2, 4, 6, 8, 10]
{'1': [0, 1], '2': [2, 3], '3': [4, 5], '4': [6, 7], '5': [8, 9]}
MLP2(
  (linear): Sequential(
    (0): Linear(in_features=784, out_features=1024, bias=True)
    (1): ReLU()
    (2): Linear(in_features=1024, out_features=512, bias=True)
    (3): ReLU()
    (4): Linear(in_features=512, out_features=256, bias=True)
    (5): ReLU()
  )
  (last): ModuleDict(
    (All): Linear(in_features=256, out_features=10, bias=True)
  )
)
#parameter of model: 1462538
Task order: ['1', '2', '3', '4', '5']
============================== Task: 1 ==============================
Incremental class: Old valid output dimension: ALL
Incremental class: New Valid output dimension: 2
Epoch:0
LR: 0.01
* TRAIN - Accuracy 82.977 Loss 0.3624
* VALID - Accuracy 99.669 Loss 0.0805
Epoch:1
LR: 0.01
* TRAIN - Accuracy 99.558 Loss 0.0423
* VALID - Accuracy 99.811 Loss 0.0188
Epoch:2
LR: 0.01
* TRAIN - Accuracy 99.684 Loss 0.0178
* VALID - Accuracy 99.811 Loss 0.0103
Epoch:3
LR: 0.01
* TRAIN - Accuracy 99.700 Loss 0.0122
* VALID - Accuracy 99.811 Loss 0.0072
validation split name: 1
* VALID - Accuracy 99.811 Loss 0.0072
============================== Task: 2 ==============================
Incremental class: Old valid output dimension: 2
Incremental class: New Valid output dimension: 4
Epoch:0
LR: 0.001
* TRAIN - Accuracy 26.760 Loss 1.3013
* VALID - Accuracy 62.096 Loss 0.9549
Epoch:1
LR: 0.001
* TRAIN - Accuracy 75.101 Loss 0.8258
* VALID - Accuracy 85.162 Loss 0.7064
Epoch:2
LR: 0.001
* TRAIN - Accuracy 85.044 Loss 0.6557
* VALID - Accuracy 89.128 Loss 0.5842
Epoch:3
LR: 0.001
* TRAIN - Accuracy 88.403 Loss 0.5512
* VALID - Accuracy 91.234 Loss 0.4893
validation split name: 1
* VALID - Accuracy 0.000 Loss 1.9267
validation split name: 2
* VALID - Accuracy 91.234 Loss 0.4893
============================== Task: 3 ==============================
Incremental class: Old valid output dimension: 4
Incremental class: New Valid output dimension: 6
Epoch:0
LR: 0.001
* TRAIN - Accuracy 36.021 Loss 1.5002
* VALID - Accuracy 78.709 Loss 0.9924
Epoch:1
LR: 0.001
* TRAIN - Accuracy 83.397 Loss 0.8404
* VALID - Accuracy 89.594 Loss 0.7123
Epoch:2
LR: 0.001
* TRAIN - Accuracy 88.405 Loss 0.6601
* VALID - Accuracy 92.049 Loss 0.5873
Epoch:3
LR: 0.001
* TRAIN - Accuracy 90.864 Loss 0.5546
* VALID - Accuracy 93.116 Loss 0.4890
validation split name: 1
* VALID - Accuracy 0.000 Loss 4.2359
validation split name: 2
* VALID - Accuracy 0.000 Loss 4.5520
validation split name: 3
* VALID - Accuracy 93.116 Loss 0.4890
============================== Task: 4 ==============================
Incremental class: Old valid output dimension: 6
Incremental class: New Valid output dimension: 8
Epoch:0
LR: 0.001
* TRAIN - Accuracy 35.738 Loss 1.6100
* VALID - Accuracy 82.125 Loss 0.8627
Epoch:1
LR: 0.001
* TRAIN - Accuracy 92.112 Loss 0.7339
* VALID - Accuracy 95.418 Loss 0.6348
Epoch:2
LR: 0.001
* TRAIN - Accuracy 98.276 Loss 0.5759
* VALID - Accuracy 97.583 Loss 0.5091
Epoch:3
LR: 0.001
* TRAIN - Accuracy 98.900 Loss 0.4576
* VALID - Accuracy 98.741 Loss 0.3947
validation split name: 1
* VALID - Accuracy 0.000 Loss 5.9587
validation split name: 2
* VALID - Accuracy 0.000 Loss 6.4847
validation split name: 3
* VALID - Accuracy 0.000 Loss 4.6394
validation split name: 4
* VALID - Accuracy 98.741 Loss 0.3947
============================== Task: 5 ==============================
Incremental class: Old valid output dimension: 8
Incremental class: New Valid output dimension: 10
Epoch:0
LR: 0.001
* TRAIN - Accuracy 35.110 Loss 1.8290
* VALID - Accuracy 64.498 Loss 0.8109
Epoch:1
LR: 0.001
* TRAIN - Accuracy 76.847 Loss 0.7095
* VALID - Accuracy 84.367 Loss 0.6276
Epoch:2
LR: 0.001
* TRAIN - Accuracy 86.720 Loss 0.5857
* VALID - Accuracy 91.578 Loss 0.5327
Epoch:3
LR: 0.001
* TRAIN - Accuracy 90.737 Loss 0.4980
* VALID - Accuracy 93.142 Loss 0.4479
validation split name: 1
* VALID - Accuracy 0.000 Loss 6.6104
validation split name: 2
* VALID - Accuracy 0.000 Loss 7.1418
validation split name: 3
* VALID - Accuracy 0.000 Loss 5.6246
validation split name: 4
* VALID - Accuracy 0.000 Loss 4.6283
validation split name: 5
* VALID - Accuracy 93.142 Loss 0.4479
OrderedDict([('1', OrderedDict([('1', 99.81087470449172), ('2', 0.0), ('3', 0.0), ('4', 0.0), ('5', 0.0)])), ('2', OrderedDict([('2', 91.23408423114593), ('3', 0.0), ('4', 0.0), ('5', 0.0)])), ('3', OrderedDict([('3', 93.11632870864462), ('4', 0.0), ('5', 0.0)])), ('4', OrderedDict([('4', 98.7411883182276), ('5', 0.0)])), ('5', OrderedDict([('5', 93.14170448814927)]))])
Task 1 average acc: 99.81087470449172
Task 2 average acc: 45.617042115572964
Task 3 average acc: 31.038776236214872
Task 4 average acc: 24.6852970795569
Task 5 average acc: 18.628340897629855
===Summary of experiment repeats: 4 / 10 ===
The regularization coefficient: 0.0
The last avg acc of all repeats: [18.39636914 18.73928391 18.71911246 18.6283409   0.          0.
  0.          0.          0.          0.        ]
mean: 7.448310640443772 std: 9.122686560437193
split_boundaries: [0, 2, 4, 6, 8, 10]
{'1': [0, 1], '2': [2, 3], '3': [4, 5], '4': [6, 7], '5': [8, 9]}
MLP2(
  (linear): Sequential(
    (0): Linear(in_features=784, out_features=1024, bias=True)
    (1): ReLU()
    (2): Linear(in_features=1024, out_features=512, bias=True)
    (3): ReLU()
    (4): Linear(in_features=512, out_features=256, bias=True)
    (5): ReLU()
  )
  (last): ModuleDict(
    (All): Linear(in_features=256, out_features=10, bias=True)
  )
)
#parameter of model: 1462538
Task order: ['1', '2', '3', '4', '5']
============================== Task: 1 ==============================
Incremental class: Old valid output dimension: ALL
Incremental class: New Valid output dimension: 2
Epoch:0
LR: 0.01
* TRAIN - Accuracy 74.426 Loss 0.3849
* VALID - Accuracy 99.433 Loss 0.0833
Epoch:1
LR: 0.01
* TRAIN - Accuracy 99.510 Loss 0.0426
* VALID - Accuracy 99.669 Loss 0.0197
Epoch:2
LR: 0.01
* TRAIN - Accuracy 99.653 Loss 0.0177
* VALID - Accuracy 99.764 Loss 0.0112
Epoch:3
LR: 0.01
* TRAIN - Accuracy 99.692 Loss 0.0122
* VALID - Accuracy 99.764 Loss 0.0080
validation split name: 1
* VALID - Accuracy 99.764 Loss 0.0080
============================== Task: 2 ==============================
Incremental class: Old valid output dimension: 2
Incremental class: New Valid output dimension: 4
Epoch:0
LR: 0.001
* TRAIN - Accuracy 33.923 Loss 1.2427
* VALID - Accuracy 60.627 Loss 0.9333
Epoch:1
LR: 0.001
* TRAIN - Accuracy 77.740 Loss 0.8190
* VALID - Accuracy 86.288 Loss 0.7269
Epoch:2
LR: 0.001
* TRAIN - Accuracy 90.785 Loss 0.6832
* VALID - Accuracy 91.381 Loss 0.6328
Epoch:3
LR: 0.001
* TRAIN - Accuracy 92.257 Loss 0.6018
* VALID - Accuracy 93.732 Loss 0.5577
validation split name: 1
* VALID - Accuracy 0.000 Loss 1.9984
validation split name: 2
* VALID - Accuracy 93.732 Loss 0.5577
============================== Task: 3 ==============================
Incremental class: Old valid output dimension: 4
Incremental class: New Valid output dimension: 6
Epoch:0
LR: 0.001
* TRAIN - Accuracy 26.538 Loss 1.5325
* VALID - Accuracy 51.227 Loss 1.0304
Epoch:1
LR: 0.001
* TRAIN - Accuracy 76.738 Loss 0.8664
* VALID - Accuracy 93.383 Loss 0.7289
Epoch:2
LR: 0.001
* TRAIN - Accuracy 93.013 Loss 0.6744
* VALID - Accuracy 94.557 Loss 0.6013
Epoch:3
LR: 0.001
* TRAIN - Accuracy 93.883 Loss 0.5695
* VALID - Accuracy 94.824 Loss 0.5083
validation split name: 1
* VALID - Accuracy 0.000 Loss 4.1867
validation split name: 2
* VALID - Accuracy 0.000 Loss 4.5913
validation split name: 3
* VALID - Accuracy 94.824 Loss 0.5083
============================== Task: 4 ==============================
Incremental class: Old valid output dimension: 6
Incremental class: New Valid output dimension: 8
Epoch:0
LR: 0.001
* TRAIN - Accuracy 41.221 Loss 1.6626
* VALID - Accuracy 90.987 Loss 0.8676
Epoch:1
LR: 0.001
* TRAIN - Accuracy 92.375 Loss 0.7291
* VALID - Accuracy 96.123 Loss 0.6023
Epoch:2
LR: 0.001
* TRAIN - Accuracy 96.479 Loss 0.5443
* VALID - Accuracy 97.583 Loss 0.4572
Epoch:3
LR: 0.001
* TRAIN - Accuracy 97.825 Loss 0.4106
* VALID - Accuracy 98.489 Loss 0.3344
validation split name: 1
* VALID - Accuracy 0.000 Loss 5.9722
validation split name: 2
* VALID - Accuracy 0.000 Loss 6.7055
validation split name: 3
* VALID - Accuracy 0.000 Loss 4.6066
validation split name: 4
* VALID - Accuracy 98.489 Loss 0.3344
============================== Task: 5 ==============================
Incremental class: Old valid output dimension: 8
Incremental class: New Valid output dimension: 10
Epoch:0
LR: 0.001
* TRAIN - Accuracy 32.983 Loss 1.7979
* VALID - Accuracy 60.817 Loss 0.7982
Epoch:1
LR: 0.001
* TRAIN - Accuracy 82.186 Loss 0.7024
* VALID - Accuracy 92.486 Loss 0.6204
Epoch:2
LR: 0.001
* TRAIN - Accuracy 93.186 Loss 0.5793
* VALID - Accuracy 94.100 Loss 0.5249
Epoch:3
LR: 0.001
* TRAIN - Accuracy 94.280 Loss 0.4895
* VALID - Accuracy 94.201 Loss 0.4402
validation split name: 1
* VALID - Accuracy 0.000 Loss 6.4367
validation split name: 2
* VALID - Accuracy 0.000 Loss 7.4223
validation split name: 3
* VALID - Accuracy 0.000 Loss 5.5981
validation split name: 4
* VALID - Accuracy 0.000 Loss 4.4890
validation split name: 5
* VALID - Accuracy 94.201 Loss 0.4402
OrderedDict([('1', OrderedDict([('1', 99.76359338061465), ('2', 0.0), ('3', 0.0), ('4', 0.0), ('5', 0.0)])), ('2', OrderedDict([('2', 93.73163565132224), ('3', 0.0), ('4', 0.0), ('5', 0.0)])), ('3', OrderedDict([('3', 94.8239060832444), ('4', 0.0), ('5', 0.0)])), ('4', OrderedDict([('4', 98.48942598187311), ('5', 0.0)])), ('5', OrderedDict([('5', 94.20070600100857)]))])
Task 1 average acc: 99.76359338061465
Task 2 average acc: 46.86581782566112
Task 3 average acc: 31.607968694414797
Task 4 average acc: 24.622356495468278
Task 5 average acc: 18.840141200201714
===Summary of experiment repeats: 5 / 10 ===
The regularization coefficient: 0.0
The last avg acc of all repeats: [18.39636914 18.73928391 18.71911246 18.6283409  18.8401412   0.
  0.          0.          0.          0.        ]
mean: 9.332324760463944 std: 9.332928162485487
split_boundaries: [0, 2, 4, 6, 8, 10]
{'1': [0, 1], '2': [2, 3], '3': [4, 5], '4': [6, 7], '5': [8, 9]}
MLP2(
  (linear): Sequential(
    (0): Linear(in_features=784, out_features=1024, bias=True)
    (1): ReLU()
    (2): Linear(in_features=1024, out_features=512, bias=True)
    (3): ReLU()
    (4): Linear(in_features=512, out_features=256, bias=True)
    (5): ReLU()
  )
  (last): ModuleDict(
    (All): Linear(in_features=256, out_features=10, bias=True)
  )
)
#parameter of model: 1462538
Task order: ['1', '2', '3', '4', '5']
============================== Task: 1 ==============================
Incremental class: Old valid output dimension: ALL
Incremental class: New Valid output dimension: 2
Epoch:0
LR: 0.01
* TRAIN - Accuracy 74.560 Loss 0.3870
* VALID - Accuracy 99.338 Loss 0.0880
Epoch:1
LR: 0.01
* TRAIN - Accuracy 99.321 Loss 0.0451
* VALID - Accuracy 99.574 Loss 0.0202
Epoch:2
LR: 0.01
* TRAIN - Accuracy 99.463 Loss 0.0188
* VALID - Accuracy 99.622 Loss 0.0112
Epoch:3
LR: 0.01
* TRAIN - Accuracy 99.526 Loss 0.0129
* VALID - Accuracy 99.622 Loss 0.0079
validation split name: 1
* VALID - Accuracy 99.622 Loss 0.0079
============================== Task: 2 ==============================
Incremental class: Old valid output dimension: 2
Incremental class: New Valid output dimension: 4
Epoch:0
LR: 0.001
* TRAIN - Accuracy 31.434 Loss 1.2284
* VALID - Accuracy 53.673 Loss 0.9443
Epoch:1
LR: 0.001
* TRAIN - Accuracy 75.589 Loss 0.8278
* VALID - Accuracy 89.422 Loss 0.7294
Epoch:2
LR: 0.001
* TRAIN - Accuracy 91.579 Loss 0.6805
* VALID - Accuracy 93.046 Loss 0.6240
Epoch:3
LR: 0.001
* TRAIN - Accuracy 93.283 Loss 0.5881
* VALID - Accuracy 94.809 Loss 0.5377
validation split name: 1
* VALID - Accuracy 0.000 Loss 1.9039
validation split name: 2
* VALID - Accuracy 94.809 Loss 0.5377
============================== Task: 3 ==============================
Incremental class: Old valid output dimension: 4
Incremental class: New Valid output dimension: 6
Epoch:0
LR: 0.001
* TRAIN - Accuracy 38.649 Loss 1.4409
* VALID - Accuracy 77.375 Loss 0.9947
Epoch:1
LR: 0.001
* TRAIN - Accuracy 85.084 Loss 0.8540
* VALID - Accuracy 91.569 Loss 0.7437
Epoch:2
LR: 0.001
* TRAIN - Accuracy 92.746 Loss 0.6958
* VALID - Accuracy 94.344 Loss 0.6386
Epoch:3
LR: 0.001
* TRAIN - Accuracy 93.625 Loss 0.6091
* VALID - Accuracy 95.091 Loss 0.5602
validation split name: 1
* VALID - Accuracy 0.000 Loss 4.4189
validation split name: 2
* VALID - Accuracy 0.000 Loss 4.6286
validation split name: 3
* VALID - Accuracy 95.091 Loss 0.5602
============================== Task: 4 ==============================
Incremental class: Old valid output dimension: 6
Incremental class: New Valid output dimension: 8
Epoch:0
LR: 0.001
* TRAIN - Accuracy 33.826 Loss 1.6349
* VALID - Accuracy 82.779 Loss 0.8439
Epoch:1
LR: 0.001
* TRAIN - Accuracy 93.195 Loss 0.6948
* VALID - Accuracy 97.583 Loss 0.5660
Epoch:2
LR: 0.001
* TRAIN - Accuracy 97.308 Loss 0.5004
* VALID - Accuracy 98.288 Loss 0.4141
Epoch:3
LR: 0.001
* TRAIN - Accuracy 98.391 Loss 0.3638
* VALID - Accuracy 98.741 Loss 0.2940
validation split name: 1
* VALID - Accuracy 0.000 Loss 6.3128
validation split name: 2
* VALID - Accuracy 0.000 Loss 6.6087
validation split name: 3
* VALID - Accuracy 0.000 Loss 4.6884
validation split name: 4
* VALID - Accuracy 98.741 Loss 0.2940
============================== Task: 5 ==============================
Incremental class: Old valid output dimension: 8
Incremental class: New Valid output dimension: 10
Epoch:0
LR: 0.001
* TRAIN - Accuracy 38.729 Loss 1.6150
* VALID - Accuracy 77.055 Loss 0.7615
Epoch:1
LR: 0.001
* TRAIN - Accuracy 83.712 Loss 0.6816
* VALID - Accuracy 92.284 Loss 0.6128
Epoch:2
LR: 0.001
* TRAIN - Accuracy 91.542 Loss 0.5742
* VALID - Accuracy 93.343 Loss 0.5260
Epoch:3
LR: 0.001
* TRAIN - Accuracy 93.364 Loss 0.4913
* VALID - Accuracy 93.999 Loss 0.4443
validation split name: 1
* VALID - Accuracy 0.000 Loss 7.3086
validation split name: 2
* VALID - Accuracy 0.000 Loss 7.7562
validation split name: 3
* VALID - Accuracy 0.000 Loss 5.8656
validation split name: 4
* VALID - Accuracy 0.000 Loss 4.4357
validation split name: 5
* VALID - Accuracy 93.999 Loss 0.4443
OrderedDict([('1', OrderedDict([('1', 99.62174940898345), ('2', 0.0), ('3', 0.0), ('4', 0.0), ('5', 0.0)])), ('2', OrderedDict([('2', 94.80901077375123), ('3', 0.0), ('4', 0.0), ('5', 0.0)])), ('3', OrderedDict([('3', 95.09071504802561), ('4', 0.0), ('5', 0.0)])), ('4', OrderedDict([('4', 98.7411883182276), ('5', 0.0)])), ('5', OrderedDict([('5', 93.9989914271306)]))])
Task 1 average acc: 99.62174940898345
Task 2 average acc: 47.40450538687561
Task 3 average acc: 31.69690501600854
Task 4 average acc: 24.6852970795569
Task 5 average acc: 18.79979828542612
===Summary of experiment repeats: 6 / 10 ===
The regularization coefficient: 0.0
The last avg acc of all repeats: [18.39636914 18.73928391 18.71911246 18.6283409  18.8401412  18.79979829
  0.          0.          0.          0.        ]
mean: 11.212304589006555 std: 9.155506587922742
split_boundaries: [0, 2, 4, 6, 8, 10]
{'1': [0, 1], '2': [2, 3], '3': [4, 5], '4': [6, 7], '5': [8, 9]}
MLP2(
  (linear): Sequential(
    (0): Linear(in_features=784, out_features=1024, bias=True)
    (1): ReLU()
    (2): Linear(in_features=1024, out_features=512, bias=True)
    (3): ReLU()
    (4): Linear(in_features=512, out_features=256, bias=True)
    (5): ReLU()
  )
  (last): ModuleDict(
    (All): Linear(in_features=256, out_features=10, bias=True)
  )
)
#parameter of model: 1462538
Task order: ['1', '2', '3', '4', '5']
============================== Task: 1 ==============================
Incremental class: Old valid output dimension: ALL
Incremental class: New Valid output dimension: 2
Epoch:0
LR: 0.01
* TRAIN - Accuracy 72.088 Loss 0.3923
* VALID - Accuracy 99.527 Loss 0.0959
Epoch:1
LR: 0.01
* TRAIN - Accuracy 99.432 Loss 0.0477
* VALID - Accuracy 99.622 Loss 0.0207
Epoch:2
LR: 0.01
* TRAIN - Accuracy 99.589 Loss 0.0187
* VALID - Accuracy 99.764 Loss 0.0111
Epoch:3
LR: 0.01
* TRAIN - Accuracy 99.637 Loss 0.0126
* VALID - Accuracy 99.811 Loss 0.0078
validation split name: 1
* VALID - Accuracy 99.811 Loss 0.0078
============================== Task: 2 ==============================
Incremental class: Old valid output dimension: 2
Incremental class: New Valid output dimension: 4
Epoch:0
LR: 0.001
* TRAIN - Accuracy 42.311 Loss 1.1899
* VALID - Accuracy 69.246 Loss 0.9071
Epoch:1
LR: 0.001
* TRAIN - Accuracy 79.899 Loss 0.7997
* VALID - Accuracy 86.778 Loss 0.7071
Epoch:2
LR: 0.001
* TRAIN - Accuracy 89.519 Loss 0.6609
* VALID - Accuracy 89.912 Loss 0.6053
Epoch:3
LR: 0.001
* TRAIN - Accuracy 92.158 Loss 0.5705
* VALID - Accuracy 90.548 Loss 0.5231
validation split name: 1
* VALID - Accuracy 0.000 Loss 1.9058
validation split name: 2
* VALID - Accuracy 90.548 Loss 0.5231
============================== Task: 3 ==============================
Incremental class: Old valid output dimension: 4
Incremental class: New Valid output dimension: 6
Epoch:0
LR: 0.001
* TRAIN - Accuracy 30.383 Loss 1.4857
* VALID - Accuracy 60.886 Loss 1.0216
Epoch:1
LR: 0.001
* TRAIN - Accuracy 80.103 Loss 0.8705
* VALID - Accuracy 92.369 Loss 0.7484
Epoch:2
LR: 0.001
* TRAIN - Accuracy 93.004 Loss 0.6956
* VALID - Accuracy 94.450 Loss 0.6310
Epoch:3
LR: 0.001
* TRAIN - Accuracy 93.900 Loss 0.5987
* VALID - Accuracy 96.051 Loss 0.5440
validation split name: 1
* VALID - Accuracy 0.000 Loss 4.2948
validation split name: 2
* VALID - Accuracy 0.000 Loss 4.5448
validation split name: 3
* VALID - Accuracy 96.051 Loss 0.5440
============================== Task: 4 ==============================
Incremental class: Old valid output dimension: 6
Incremental class: New Valid output dimension: 8
Epoch:0
LR: 0.001
* TRAIN - Accuracy 40.474 Loss 1.6857
* VALID - Accuracy 84.391 Loss 0.8707
Epoch:1
LR: 0.001
* TRAIN - Accuracy 87.639 Loss 0.7179
* VALID - Accuracy 92.649 Loss 0.5765
Epoch:2
LR: 0.001
* TRAIN - Accuracy 93.335 Loss 0.5158
* VALID - Accuracy 95.871 Loss 0.4204
Epoch:3
LR: 0.001
* TRAIN - Accuracy 95.904 Loss 0.3780
* VALID - Accuracy 97.231 Loss 0.2999
validation split name: 1
* VALID - Accuracy 0.000 Loss 6.1363
validation split name: 2
* VALID - Accuracy 0.000 Loss 6.6980
validation split name: 3
* VALID - Accuracy 0.000 Loss 4.5924
validation split name: 4
* VALID - Accuracy 97.231 Loss 0.2999
============================== Task: 5 ==============================
Incremental class: Old valid output dimension: 8
Incremental class: New Valid output dimension: 10
Epoch:0
LR: 0.001
* TRAIN - Accuracy 29.644 Loss 1.7840
* VALID - Accuracy 53.354 Loss 0.8216
Epoch:1
LR: 0.001
* TRAIN - Accuracy 76.203 Loss 0.7278
* VALID - Accuracy 77.963 Loss 0.6512
Epoch:2
LR: 0.001
* TRAIN - Accuracy 91.119 Loss 0.6130
* VALID - Accuracy 94.100 Loss 0.5642
Epoch:3
LR: 0.001
* TRAIN - Accuracy 94.466 Loss 0.5318
* VALID - Accuracy 95.058 Loss 0.4850
validation split name: 1
* VALID - Accuracy 0.000 Loss 6.7505
validation split name: 2
* VALID - Accuracy 0.000 Loss 7.6606
validation split name: 3
* VALID - Accuracy 0.000 Loss 5.6058
validation split name: 4
* VALID - Accuracy 0.000 Loss 4.4154
validation split name: 5
* VALID - Accuracy 95.058 Loss 0.4850
OrderedDict([('1', OrderedDict([('1', 99.81087470449172), ('2', 0.0), ('3', 0.0), ('4', 0.0), ('5', 0.0)])), ('2', OrderedDict([('2', 90.5484818805093), ('3', 0.0), ('4', 0.0), ('5', 0.0)])), ('3', OrderedDict([('3', 96.05122732123799), ('4', 0.0), ('5', 0.0)])), ('4', OrderedDict([('4', 97.23061430010071), ('5', 0.0)])), ('5', OrderedDict([('5', 95.05799293998992)]))])
Task 1 average acc: 99.81087470449172
Task 2 average acc: 45.27424094025465
Task 3 average acc: 32.017075773745994
Task 4 average acc: 24.307653575025178
Task 5 average acc: 19.011598587997984
===Summary of experiment repeats: 7 / 10 ===
The regularization coefficient: 0.0
The last avg acc of all repeats: [18.39636914 18.73928391 18.71911246 18.6283409  18.8401412  18.79979829
 19.01159859  0.          0.          0.        ]
mean: 13.113464447806354 std: 8.58604759720034
split_boundaries: [0, 2, 4, 6, 8, 10]
{'1': [0, 1], '2': [2, 3], '3': [4, 5], '4': [6, 7], '5': [8, 9]}
MLP2(
  (linear): Sequential(
    (0): Linear(in_features=784, out_features=1024, bias=True)
    (1): ReLU()
    (2): Linear(in_features=1024, out_features=512, bias=True)
    (3): ReLU()
    (4): Linear(in_features=512, out_features=256, bias=True)
    (5): ReLU()
  )
  (last): ModuleDict(
    (All): Linear(in_features=256, out_features=10, bias=True)
  )
)
#parameter of model: 1462538
Task order: ['1', '2', '3', '4', '5']
============================== Task: 1 ==============================
Incremental class: Old valid output dimension: ALL
Incremental class: New Valid output dimension: 2
Epoch:0
LR: 0.01
* TRAIN - Accuracy 75.191 Loss 0.3948
* VALID - Accuracy 99.527 Loss 0.0911
Epoch:1
LR: 0.01
* TRAIN - Accuracy 99.526 Loss 0.0453
* VALID - Accuracy 99.716 Loss 0.0203
Epoch:2
LR: 0.01
* TRAIN - Accuracy 99.629 Loss 0.0183
* VALID - Accuracy 99.716 Loss 0.0113
Epoch:3
LR: 0.01
* TRAIN - Accuracy 99.716 Loss 0.0124
* VALID - Accuracy 99.764 Loss 0.0080
validation split name: 1
* VALID - Accuracy 99.764 Loss 0.0080
============================== Task: 2 ==============================
Incremental class: Old valid output dimension: 2
Incremental class: New Valid output dimension: 4
Epoch:0
LR: 0.001
* TRAIN - Accuracy 37.853 Loss 1.2363
* VALID - Accuracy 68.952 Loss 0.9243
Epoch:1
LR: 0.001
* TRAIN - Accuracy 81.711 Loss 0.8141
* VALID - Accuracy 85.553 Loss 0.7241
Epoch:2
LR: 0.001
* TRAIN - Accuracy 90.934 Loss 0.6805
* VALID - Accuracy 90.989 Loss 0.6305
Epoch:3
LR: 0.001
* TRAIN - Accuracy 92.911 Loss 0.5989
* VALID - Accuracy 94.319 Loss 0.5543
validation split name: 1
* VALID - Accuracy 0.000 Loss 1.9404
validation split name: 2
* VALID - Accuracy 94.319 Loss 0.5543
============================== Task: 3 ==============================
Incremental class: Old valid output dimension: 4
Incremental class: New Valid output dimension: 6
Epoch:0
LR: 0.001
* TRAIN - Accuracy 29.717 Loss 1.5725
* VALID - Accuracy 66.969 Loss 1.0193
Epoch:1
LR: 0.001
* TRAIN - Accuracy 74.101 Loss 0.8601
* VALID - Accuracy 85.272 Loss 0.7279
Epoch:2
LR: 0.001
* TRAIN - Accuracy 85.244 Loss 0.6739
* VALID - Accuracy 90.555 Loss 0.5998
Epoch:3
LR: 0.001
* TRAIN - Accuracy 89.648 Loss 0.5664
* VALID - Accuracy 92.956 Loss 0.5018
validation split name: 1
* VALID - Accuracy 0.000 Loss 4.1495
validation split name: 2
* VALID - Accuracy 0.000 Loss 4.6362
validation split name: 3
* VALID - Accuracy 92.956 Loss 0.5018
============================== Task: 4 ==============================
Incremental class: Old valid output dimension: 6
Incremental class: New Valid output dimension: 8
Epoch:0
LR: 0.001
* TRAIN - Accuracy 50.447 Loss 1.5695
* VALID - Accuracy 95.871 Loss 0.8458
Epoch:1
LR: 0.001
* TRAIN - Accuracy 95.789 Loss 0.6997
* VALID - Accuracy 96.979 Loss 0.5778
Epoch:2
LR: 0.001
* TRAIN - Accuracy 96.782 Loss 0.5117
* VALID - Accuracy 97.835 Loss 0.4280
Epoch:3
LR: 0.001
* TRAIN - Accuracy 97.776 Loss 0.3779
* VALID - Accuracy 98.338 Loss 0.3083
validation split name: 1
* VALID - Accuracy 0.000 Loss 6.1956
validation split name: 2
* VALID - Accuracy 0.000 Loss 6.6324
validation split name: 3
* VALID - Accuracy 0.000 Loss 4.6176
validation split name: 4
* VALID - Accuracy 98.338 Loss 0.3083
============================== Task: 5 ==============================
Incremental class: Old valid output dimension: 8
Incremental class: New Valid output dimension: 10
Epoch:0
LR: 0.001
* TRAIN - Accuracy 36.568 Loss 1.7342
* VALID - Accuracy 77.610 Loss 0.7689
Epoch:1
LR: 0.001
* TRAIN - Accuracy 85.712 Loss 0.6807
* VALID - Accuracy 90.419 Loss 0.6054
Epoch:2
LR: 0.001
* TRAIN - Accuracy 91.263 Loss 0.5654
* VALID - Accuracy 92.436 Loss 0.5143
Epoch:3
LR: 0.001
* TRAIN - Accuracy 92.407 Loss 0.4801
* VALID - Accuracy 93.243 Loss 0.4336
validation split name: 1
* VALID - Accuracy 0.000 Loss 6.8746
validation split name: 2
* VALID - Accuracy 0.000 Loss 7.5256
validation split name: 3
* VALID - Accuracy 0.000 Loss 5.5241
validation split name: 4
* VALID - Accuracy 0.000 Loss 4.4109
validation split name: 5
* VALID - Accuracy 93.243 Loss 0.4336
OrderedDict([('1', OrderedDict([('1', 99.76359338061465), ('2', 0.0), ('3', 0.0), ('4', 0.0), ('5', 0.0)])), ('2', OrderedDict([('2', 94.31929480901077), ('3', 0.0), ('4', 0.0), ('5', 0.0)])), ('3', OrderedDict([('3', 92.95624332977589), ('4', 0.0), ('5', 0.0)])), ('4', OrderedDict([('4', 98.33836858006042), ('5', 0.0)])), ('5', OrderedDict([('5', 93.24256177508825)]))])
Task 1 average acc: 99.76359338061465
Task 2 average acc: 47.159647404505385
Task 3 average acc: 30.98541444325863
Task 4 average acc: 24.584592145015105
Task 5 average acc: 18.64851235501765
===Summary of experiment repeats: 8 / 10 ===
The regularization coefficient: 0.0
The last avg acc of all repeats: [18.39636914 18.73928391 18.71911246 18.6283409  18.8401412  18.79979829
 19.01159859 18.64851236  0.          0.        ]
mean: 14.97831568330812 std: 7.490655763146612
split_boundaries: [0, 2, 4, 6, 8, 10]
{'1': [0, 1], '2': [2, 3], '3': [4, 5], '4': [6, 7], '5': [8, 9]}
MLP2(
  (linear): Sequential(
    (0): Linear(in_features=784, out_features=1024, bias=True)
    (1): ReLU()
    (2): Linear(in_features=1024, out_features=512, bias=True)
    (3): ReLU()
    (4): Linear(in_features=512, out_features=256, bias=True)
    (5): ReLU()
  )
  (last): ModuleDict(
    (All): Linear(in_features=256, out_features=10, bias=True)
  )
)
#parameter of model: 1462538
Task order: ['1', '2', '3', '4', '5']
============================== Task: 1 ==============================
Incremental class: Old valid output dimension: ALL
Incremental class: New Valid output dimension: 2
Epoch:0
LR: 0.01
* TRAIN - Accuracy 93.146 Loss 0.3782
* VALID - Accuracy 99.622 Loss 0.0885
Epoch:1
LR: 0.01
* TRAIN - Accuracy 99.550 Loss 0.0449
* VALID - Accuracy 99.811 Loss 0.0200
Epoch:2
LR: 0.01
* TRAIN - Accuracy 99.676 Loss 0.0184
* VALID - Accuracy 99.858 Loss 0.0110
Epoch:3
LR: 0.01
* TRAIN - Accuracy 99.692 Loss 0.0126
* VALID - Accuracy 99.858 Loss 0.0078
validation split name: 1
* VALID - Accuracy 99.858 Loss 0.0078
============================== Task: 2 ==============================
Incremental class: Old valid output dimension: 2
Incremental class: New Valid output dimension: 4
Epoch:0
LR: 0.001
* TRAIN - Accuracy 46.067 Loss 1.1998
* VALID - Accuracy 76.494 Loss 0.9019
Epoch:1
LR: 0.001
* TRAIN - Accuracy 81.752 Loss 0.7997
* VALID - Accuracy 88.834 Loss 0.7150
Epoch:2
LR: 0.001
* TRAIN - Accuracy 90.462 Loss 0.6741
* VALID - Accuracy 91.773 Loss 0.6264
Epoch:3
LR: 0.001
* TRAIN - Accuracy 92.348 Loss 0.5967
* VALID - Accuracy 92.850 Loss 0.5550
validation split name: 1
* VALID - Accuracy 0.804 Loss 1.9211
validation split name: 2
* VALID - Accuracy 92.850 Loss 0.5550
============================== Task: 3 ==============================
Incremental class: Old valid output dimension: 4
Incremental class: New Valid output dimension: 6
Epoch:0
LR: 0.001
* TRAIN - Accuracy 23.875 Loss 1.6837
* VALID - Accuracy 65.795 Loss 1.1133
Epoch:1
LR: 0.001
* TRAIN - Accuracy 71.686 Loss 0.9279
* VALID - Accuracy 84.312 Loss 0.7878
Epoch:2
LR: 0.001
* TRAIN - Accuracy 89.790 Loss 0.7285
* VALID - Accuracy 91.676 Loss 0.6647
Epoch:3
LR: 0.001
* TRAIN - Accuracy 93.661 Loss 0.6325
* VALID - Accuracy 95.304 Loss 0.5838
validation split name: 1
* VALID - Accuracy 0.000 Loss 4.0648
validation split name: 2
* VALID - Accuracy 0.000 Loss 4.5404
validation split name: 3
* VALID - Accuracy 95.304 Loss 0.5838
============================== Task: 4 ==============================
Incremental class: Old valid output dimension: 6
Incremental class: New Valid output dimension: 8
Epoch:0
LR: 0.001
* TRAIN - Accuracy 33.957 Loss 1.7562
* VALID - Accuracy 80.765 Loss 0.9355
Epoch:1
LR: 0.001
* TRAIN - Accuracy 92.071 Loss 0.7670
* VALID - Accuracy 95.821 Loss 0.6356
Epoch:2
LR: 0.001
* TRAIN - Accuracy 96.594 Loss 0.5682
* VALID - Accuracy 97.633 Loss 0.4851
Epoch:3
LR: 0.001
* TRAIN - Accuracy 97.677 Loss 0.4319
* VALID - Accuracy 98.238 Loss 0.3584
validation split name: 1
* VALID - Accuracy 0.000 Loss 5.6569
validation split name: 2
* VALID - Accuracy 0.000 Loss 6.5477
validation split name: 3
* VALID - Accuracy 0.000 Loss 4.6032
validation split name: 4
* VALID - Accuracy 98.238 Loss 0.3584
============================== Task: 5 ==============================
Incremental class: Old valid output dimension: 8
Incremental class: New Valid output dimension: 10
Epoch:0
LR: 0.001
* TRAIN - Accuracy 40.076 Loss 1.6872
* VALID - Accuracy 84.165 Loss 0.7674
Epoch:1
LR: 0.001
* TRAIN - Accuracy 88.034 Loss 0.6713
* VALID - Accuracy 92.234 Loss 0.5919
Epoch:2
LR: 0.001
* TRAIN - Accuracy 92.602 Loss 0.5481
* VALID - Accuracy 93.596 Loss 0.4954
Epoch:3
LR: 0.001
* TRAIN - Accuracy 93.771 Loss 0.4584
* VALID - Accuracy 94.453 Loss 0.4123
validation split name: 1
* VALID - Accuracy 0.000 Loss 6.5618
validation split name: 2
* VALID - Accuracy 0.000 Loss 7.7744
validation split name: 3
* VALID - Accuracy 0.000 Loss 5.9314
validation split name: 4
* VALID - Accuracy 0.000 Loss 4.5060
validation split name: 5
* VALID - Accuracy 94.453 Loss 0.4123
OrderedDict([('1', OrderedDict([('1', 99.8581560283688), ('2', 0.8037825059101655), ('3', 0.0), ('4', 0.0), ('5', 0.0)])), ('2', OrderedDict([('2', 92.85014691478942), ('3', 0.0), ('4', 0.0), ('5', 0.0)])), ('3', OrderedDict([('3', 95.30416221985058), ('4', 0.0), ('5', 0.0)])), ('4', OrderedDict([('4', 98.23766364551864), ('5', 0.0)])), ('5', OrderedDict([('5', 94.45284921835602)]))])
Task 1 average acc: 99.8581560283688
Task 2 average acc: 46.82696471034979
Task 3 average acc: 31.768054073283526
Task 4 average acc: 24.55941591137966
Task 5 average acc: 18.890569843671205
===Summary of experiment repeats: 9 / 10 ===
The regularization coefficient: 0.0
The last avg acc of all repeats: [18.39636914 18.73928391 18.71911246 18.6283409  18.8401412  18.79979829
 19.01159859 18.64851236 18.89056984  0.        ]
mean: 16.86737266767524 std: 5.624674805037157
split_boundaries: [0, 2, 4, 6, 8, 10]
{'1': [0, 1], '2': [2, 3], '3': [4, 5], '4': [6, 7], '5': [8, 9]}
MLP2(
  (linear): Sequential(
    (0): Linear(in_features=784, out_features=1024, bias=True)
    (1): ReLU()
    (2): Linear(in_features=1024, out_features=512, bias=True)
    (3): ReLU()
    (4): Linear(in_features=512, out_features=256, bias=True)
    (5): ReLU()
  )
  (last): ModuleDict(
    (All): Linear(in_features=256, out_features=10, bias=True)
  )
)
#parameter of model: 1462538
Task order: ['1', '2', '3', '4', '5']
============================== Task: 1 ==============================
Incremental class: Old valid output dimension: ALL
Incremental class: New Valid output dimension: 2
Epoch:0
LR: 0.01
* TRAIN - Accuracy 88.946 Loss 0.3526
* VALID - Accuracy 99.764 Loss 0.0704
Epoch:1
LR: 0.01
* TRAIN - Accuracy 99.613 Loss 0.0382
* VALID - Accuracy 99.764 Loss 0.0178
Epoch:2
LR: 0.01
* TRAIN - Accuracy 99.660 Loss 0.0168
* VALID - Accuracy 99.811 Loss 0.0102
Epoch:3
LR: 0.01
* TRAIN - Accuracy 99.700 Loss 0.0118
* VALID - Accuracy 99.811 Loss 0.0074
validation split name: 1
* VALID - Accuracy 99.811 Loss 0.0074
============================== Task: 2 ==============================
Incremental class: Old valid output dimension: 2
Incremental class: New Valid output dimension: 4
Epoch:0
LR: 0.001
* TRAIN - Accuracy 31.194 Loss 1.3053
* VALID - Accuracy 68.217 Loss 0.9708
Epoch:1
LR: 0.001
* TRAIN - Accuracy 76.681 Loss 0.8391
* VALID - Accuracy 81.146 Loss 0.7365
Epoch:2
LR: 0.001
* TRAIN - Accuracy 88.477 Loss 0.6840
* VALID - Accuracy 89.618 Loss 0.6295
Epoch:3
LR: 0.001
* TRAIN - Accuracy 92.572 Loss 0.5934
* VALID - Accuracy 92.997 Loss 0.5475
validation split name: 1
* VALID - Accuracy 0.000 Loss 1.8552
validation split name: 2
* VALID - Accuracy 92.997 Loss 0.5475
============================== Task: 3 ==============================
Incremental class: Old valid output dimension: 4
Incremental class: New Valid output dimension: 6
Epoch:0
LR: 0.001
* TRAIN - Accuracy 29.291 Loss 1.5652
* VALID - Accuracy 77.801 Loss 1.0518
Epoch:1
LR: 0.001
* TRAIN - Accuracy 87.801 Loss 0.8870
* VALID - Accuracy 88.634 Loss 0.7602
Epoch:2
LR: 0.001
* TRAIN - Accuracy 92.409 Loss 0.7070
* VALID - Accuracy 94.984 Loss 0.6452
Epoch:3
LR: 0.001
* TRAIN - Accuracy 94.522 Loss 0.6146
* VALID - Accuracy 95.678 Loss 0.5644
validation split name: 1
* VALID - Accuracy 0.000 Loss 4.0105
validation split name: 2
* VALID - Accuracy 0.000 Loss 4.5248
validation split name: 3
* VALID - Accuracy 95.678 Loss 0.5644
============================== Task: 4 ==============================
Incremental class: Old valid output dimension: 6
Incremental class: New Valid output dimension: 8
Epoch:0
LR: 0.001
* TRAIN - Accuracy 34.679 Loss 1.6149
* VALID - Accuracy 84.038 Loss 0.8687
Epoch:1
LR: 0.001
* TRAIN - Accuracy 94.139 Loss 0.7076
* VALID - Accuracy 97.331 Loss 0.5846
Epoch:2
LR: 0.001
* TRAIN - Accuracy 98.555 Loss 0.5106
* VALID - Accuracy 98.087 Loss 0.4312
Epoch:3
LR: 0.001
* TRAIN - Accuracy 99.040 Loss 0.3728
* VALID - Accuracy 98.792 Loss 0.3098
validation split name: 1
* VALID - Accuracy 0.000 Loss 6.2423
validation split name: 2
* VALID - Accuracy 0.000 Loss 6.7304
validation split name: 3
* VALID - Accuracy 0.000 Loss 4.7316
validation split name: 4
* VALID - Accuracy 98.792 Loss 0.3098
============================== Task: 5 ==============================
Incremental class: Old valid output dimension: 8
Incremental class: New Valid output dimension: 10
Epoch:0
LR: 0.001
* TRAIN - Accuracy 31.771 Loss 1.7202
* VALID - Accuracy 51.891 Loss 0.8132
Epoch:1
LR: 0.001
* TRAIN - Accuracy 69.661 Loss 0.7262
* VALID - Accuracy 77.559 Loss 0.6567
Epoch:2
LR: 0.001
* TRAIN - Accuracy 84.449 Loss 0.6188
* VALID - Accuracy 90.166 Loss 0.5729
Epoch:3
LR: 0.001
* TRAIN - Accuracy 90.331 Loss 0.5405
* VALID - Accuracy 91.881 Loss 0.4961
validation split name: 1
* VALID - Accuracy 0.000 Loss 6.7485
validation split name: 2
* VALID - Accuracy 0.000 Loss 7.4126
validation split name: 3
* VALID - Accuracy 0.000 Loss 5.8268
validation split name: 4
* VALID - Accuracy 0.000 Loss 4.2951
validation split name: 5
* VALID - Accuracy 91.881 Loss 0.4961
OrderedDict([('1', OrderedDict([('1', 99.81087470449172), ('2', 0.0), ('3', 0.0), ('4', 0.0), ('5', 0.0)])), ('2', OrderedDict([('2', 92.99706170421156), ('3', 0.0), ('4', 0.0), ('5', 0.0)])), ('3', OrderedDict([('3', 95.67769477054429), ('4', 0.0), ('5', 0.0)])), ('4', OrderedDict([('4', 98.79154078549848), ('5', 0.0)])), ('5', OrderedDict([('5', 91.880988401412)]))])
Task 1 average acc: 99.81087470449172
Task 2 average acc: 46.49853085210578
Task 3 average acc: 31.892564923514765
Task 4 average acc: 24.69788519637462
Task 5 average acc: 18.3761976802824
===Summary of experiment repeats: 10 / 10 ===
The regularization coefficient: 0.0
The last avg acc of all repeats: [18.39636914 18.73928391 18.71911246 18.6283409  18.8401412  18.79979829
 19.01159859 18.64851236 18.89056984 18.37619768]
mean: 18.70499243570348 std: 0.1922224529412234
reg_coef: 0.0 mean: 18.70499243570348 std: 0.1922224529412234
