split_boundaries: [0, 2, 4, 6, 8, 10]
{'1': [0, 1], '2': [2, 3], '3': [4, 5], '4': [6, 7], '5': [8, 9]}
MLP2(
  (linear): Sequential(
    (0): Linear(in_features=784, out_features=1024, bias=True)
    (1): ReLU()
    (2): Linear(in_features=1024, out_features=512, bias=True)
    (3): ReLU()
    (4): Linear(in_features=512, out_features=256, bias=True)
    (5): ReLU()
  )
  (last): ModuleDict(
    (1): Linear(in_features=256, out_features=2, bias=True)
    (2): Linear(in_features=256, out_features=2, bias=True)
    (3): Linear(in_features=256, out_features=2, bias=True)
    (4): Linear(in_features=256, out_features=2, bias=True)
    (5): Linear(in_features=256, out_features=2, bias=True)
  )
)
#parameter of model: 1462538
Task order: ['1', '2', '3', '4', '5']
============================== Task: 1 ==============================
#reg_term: 0
Epoch:0
LR: 0.001
* TRAIN - Accuracy 99.092 Loss 0.0366
* VALID - Accuracy 99.905 Loss 0.0016
Epoch:1
LR: 0.001
* TRAIN - Accuracy 99.929 Loss 0.0030
* VALID - Accuracy 99.953 Loss 0.0019
Epoch:2
LR: 0.001
* TRAIN - Accuracy 99.929 Loss 0.0019
* VALID - Accuracy 99.953 Loss 0.0012
Epoch:3
LR: 0.001
* TRAIN - Accuracy 99.961 Loss 0.0014
* VALID - Accuracy 99.953 Loss 0.0014
Computing EWC
Sample 60000 for estimating the F matrix.
validation split name: 1
* VALID - Accuracy 99.953 Loss 0.0014
============================== Task: 2 ==============================
#reg_term: 1
Epoch:0
LR: 0.0001
* TRAIN - Accuracy 89.892 Loss 0.2169
* VALID - Accuracy 98.237 Loss 0.0501
Epoch:1
LR: 0.0001
* TRAIN - Accuracy 98.238 Loss 0.0518
* VALID - Accuracy 98.972 Loss 0.0320
Epoch:2
LR: 0.0001
* TRAIN - Accuracy 99.024 Loss 0.0322
* VALID - Accuracy 99.412 Loss 0.0213
Epoch:3
LR: 0.0001
* TRAIN - Accuracy 99.347 Loss 0.0206
* VALID - Accuracy 99.314 Loss 0.0200
Computing EWC
Sample 60000 for estimating the F matrix.
validation split name: 1
* VALID - Accuracy 99.905 Loss 0.0032
validation split name: 2
* VALID - Accuracy 99.314 Loss 0.0198
============================== Task: 3 ==============================
#reg_term: 1
Epoch:0
LR: 0.0001
* TRAIN - Accuracy 94.584 Loss 0.1279
* VALID - Accuracy 99.840 Loss 0.0150
Epoch:1
LR: 0.0001
* TRAIN - Accuracy 99.716 Loss 0.0168
* VALID - Accuracy 99.893 Loss 0.0109
Epoch:2
LR: 0.0001
* TRAIN - Accuracy 99.840 Loss 0.0114
* VALID - Accuracy 100.000 Loss 0.0088
Epoch:3
LR: 0.0001
* TRAIN - Accuracy 99.956 Loss 0.0084
* VALID - Accuracy 100.000 Loss 0.0073
Computing EWC
Sample 60000 for estimating the F matrix.
validation split name: 1
* VALID - Accuracy 99.858 Loss 0.0055
validation split name: 2
* VALID - Accuracy 94.515 Loss 0.1772
validation split name: 3
* VALID - Accuracy 100.000 Loss 0.0027
============================== Task: 4 ==============================
#reg_term: 1
Epoch:0
LR: 0.0001
* TRAIN - Accuracy 96.413 Loss 0.0849
* VALID - Accuracy 99.799 Loss 0.0123
Epoch:1
LR: 0.0001
* TRAIN - Accuracy 99.910 Loss 0.0090
* VALID - Accuracy 99.899 Loss 0.0089
Epoch:2
LR: 0.0001
* TRAIN - Accuracy 99.951 Loss 0.0066
* VALID - Accuracy 99.899 Loss 0.0080
Epoch:3
LR: 0.0001
* TRAIN - Accuracy 99.967 Loss 0.0053
* VALID - Accuracy 99.899 Loss 0.0067
Computing EWC
Sample 60000 for estimating the F matrix.
validation split name: 1
* VALID - Accuracy 99.858 Loss 0.0051
validation split name: 2
* VALID - Accuracy 92.605 Loss 0.2486
validation split name: 3
* VALID - Accuracy 98.506 Loss 0.0440
validation split name: 4
* VALID - Accuracy 99.899 Loss 0.0034
============================== Task: 5 ==============================
#reg_term: 1
Epoch:0
LR: 0.0001
* TRAIN - Accuracy 93.941 Loss 0.1390
* VALID - Accuracy 98.336 Loss 0.0605
Epoch:1
LR: 0.0001
* TRAIN - Accuracy 98.958 Loss 0.0400
* VALID - Accuracy 98.941 Loss 0.0407
Epoch:2
LR: 0.0001
* TRAIN - Accuracy 99.220 Loss 0.0312
* VALID - Accuracy 99.445 Loss 0.0304
Epoch:3
LR: 0.0001
* TRAIN - Accuracy 99.525 Loss 0.0239
* VALID - Accuracy 99.344 Loss 0.0260
Computing EWC
Sample 60000 for estimating the F matrix.
validation split name: 1
* VALID - Accuracy 99.811 Loss 0.0083
validation split name: 2
* VALID - Accuracy 96.180 Loss 0.1037
validation split name: 3
* VALID - Accuracy 95.197 Loss 0.1504
validation split name: 4
* VALID - Accuracy 98.640 Loss 0.0416
validation split name: 5
* VALID - Accuracy 99.344 Loss 0.0185
OrderedDict([('1', OrderedDict([('1', 99.95271867612293), ('2', 99.90543735224587), ('3', 99.8581560283688), ('4', 99.8581560283688), ('5', 99.81087470449172)])), ('2', OrderedDict([('2', 99.31439764936337), ('3', 94.51518119490696), ('4', 92.6052889324192), ('5', 96.18021547502448)])), ('3', OrderedDict([('3', 100.0), ('4', 98.50586979722519), ('5', 95.1974386339381)])), ('4', OrderedDict([('4', 99.8992950654582), ('5', 98.6404833836858)])), ('5', OrderedDict([('5', 99.34442763489662)]))])
Task 1 average acc: 99.95271867612293
Task 2 average acc: 99.60991750080461
Task 3 average acc: 98.12444574109192
Task 4 average acc: 97.71715245586785
Task 5 average acc: 97.83468796640736
===Summary of experiment repeats: 1 / 10 ===
The regularization coefficient: 400.0
The last avg acc of all repeats: [97.83468797  0.          0.          0.          0.          0.
  0.          0.          0.          0.        ]
mean: 9.783468796640737 std: 29.350406389922206
split_boundaries: [0, 2, 4, 6, 8, 10]
{'1': [0, 1], '2': [2, 3], '3': [4, 5], '4': [6, 7], '5': [8, 9]}
MLP2(
  (linear): Sequential(
    (0): Linear(in_features=784, out_features=1024, bias=True)
    (1): ReLU()
    (2): Linear(in_features=1024, out_features=512, bias=True)
    (3): ReLU()
    (4): Linear(in_features=512, out_features=256, bias=True)
    (5): ReLU()
  )
  (last): ModuleDict(
    (1): Linear(in_features=256, out_features=2, bias=True)
    (2): Linear(in_features=256, out_features=2, bias=True)
    (3): Linear(in_features=256, out_features=2, bias=True)
    (4): Linear(in_features=256, out_features=2, bias=True)
    (5): Linear(in_features=256, out_features=2, bias=True)
  )
)
#parameter of model: 1462538
Task order: ['1', '2', '3', '4', '5']
============================== Task: 1 ==============================
#reg_term: 0
Epoch:0
LR: 0.001
* TRAIN - Accuracy 99.345 Loss 0.0247
* VALID - Accuracy 99.905 Loss 0.0030
Epoch:1
LR: 0.001
* TRAIN - Accuracy 99.889 Loss 0.0032
* VALID - Accuracy 99.953 Loss 0.0035
Epoch:2
LR: 0.001
* TRAIN - Accuracy 99.929 Loss 0.0017
* VALID - Accuracy 99.905 Loss 0.0025
Epoch:3
LR: 0.001
* TRAIN - Accuracy 99.976 Loss 0.0011
* VALID - Accuracy 99.953 Loss 0.0032
Computing EWC
Sample 60000 for estimating the F matrix.
validation split name: 1
* VALID - Accuracy 99.953 Loss 0.0032
============================== Task: 2 ==============================
#reg_term: 1
Epoch:0
LR: 0.0001
* TRAIN - Accuracy 91.430 Loss 0.1923
* VALID - Accuracy 98.335 Loss 0.0425
Epoch:1
LR: 0.0001
* TRAIN - Accuracy 98.337 Loss 0.0485
* VALID - Accuracy 98.727 Loss 0.0291
Epoch:2
LR: 0.0001
* TRAIN - Accuracy 99.032 Loss 0.0303
* VALID - Accuracy 99.363 Loss 0.0228
Epoch:3
LR: 0.0001
* TRAIN - Accuracy 99.421 Loss 0.0181
* VALID - Accuracy 99.510 Loss 0.0164
Computing EWC
Sample 60000 for estimating the F matrix.
validation split name: 1
* VALID - Accuracy 99.905 Loss 0.0018
validation split name: 2
* VALID - Accuracy 99.510 Loss 0.0161
============================== Task: 3 ==============================
#reg_term: 1
Epoch:0
LR: 0.0001
* TRAIN - Accuracy 96.457 Loss 0.0891
* VALID - Accuracy 99.893 Loss 0.0129
Epoch:1
LR: 0.0001
* TRAIN - Accuracy 99.743 Loss 0.0153
* VALID - Accuracy 100.000 Loss 0.0099
Epoch:2
LR: 0.0001
* TRAIN - Accuracy 99.929 Loss 0.0096
* VALID - Accuracy 100.000 Loss 0.0080
Epoch:3
LR: 0.0001
* TRAIN - Accuracy 99.956 Loss 0.0073
* VALID - Accuracy 100.000 Loss 0.0067
Computing EWC
Sample 60000 for estimating the F matrix.
validation split name: 1
* VALID - Accuracy 99.953 Loss 0.0015
validation split name: 2
* VALID - Accuracy 95.103 Loss 0.1995
validation split name: 3
* VALID - Accuracy 100.000 Loss 0.0026
============================== Task: 4 ==============================
#reg_term: 1
Epoch:0
LR: 0.0001
* TRAIN - Accuracy 97.964 Loss 0.0569
* VALID - Accuracy 99.648 Loss 0.0146
Epoch:1
LR: 0.0001
* TRAIN - Accuracy 99.885 Loss 0.0081
* VALID - Accuracy 99.748 Loss 0.0098
Epoch:2
LR: 0.0001
* TRAIN - Accuracy 99.967 Loss 0.0056
* VALID - Accuracy 99.748 Loss 0.0079
Epoch:3
LR: 0.0001
* TRAIN - Accuracy 99.992 Loss 0.0045
* VALID - Accuracy 99.849 Loss 0.0068
Computing EWC
Sample 60000 for estimating the F matrix.
validation split name: 1
* VALID - Accuracy 99.953 Loss 0.0022
validation split name: 2
* VALID - Accuracy 74.731 Loss 1.2535
validation split name: 3
* VALID - Accuracy 94.664 Loss 0.1719
validation split name: 4
* VALID - Accuracy 99.849 Loss 0.0040
============================== Task: 5 ==============================
#reg_term: 1
Epoch:0
LR: 0.0001
* TRAIN - Accuracy 95.085 Loss 0.1380
* VALID - Accuracy 98.638 Loss 0.0464
Epoch:1
LR: 0.0001
* TRAIN - Accuracy 98.907 Loss 0.0397
* VALID - Accuracy 98.790 Loss 0.0424
Epoch:2
LR: 0.0001
* TRAIN - Accuracy 99.297 Loss 0.0301
* VALID - Accuracy 99.294 Loss 0.0293
Epoch:3
LR: 0.0001
* TRAIN - Accuracy 99.424 Loss 0.0239
* VALID - Accuracy 99.244 Loss 0.0276
Computing EWC
Sample 60000 for estimating the F matrix.
validation split name: 1
* VALID - Accuracy 99.764 Loss 0.0074
validation split name: 2
* VALID - Accuracy 50.979 Loss 5.2268
validation split name: 3
* VALID - Accuracy 69.797 Loss 1.3746
validation split name: 4
* VALID - Accuracy 97.080 Loss 0.0985
validation split name: 5
* VALID - Accuracy 99.244 Loss 0.0205
OrderedDict([('1', OrderedDict([('1', 99.95271867612293), ('2', 99.90543735224587), ('3', 99.95271867612293), ('4', 99.95271867612293), ('5', 99.76359338061465)])), ('2', OrderedDict([('2', 99.51028403525955), ('3', 95.10284035259549), ('4', 74.73065621939276), ('5', 50.9794319294809)])), ('3', OrderedDict([('3', 100.0), ('4', 94.66382070437567), ('5', 69.79722518676627)])), ('4', OrderedDict([('4', 99.8489425981873), ('5', 97.07955689828802)])), ('5', OrderedDict([('5', 99.24357034795764)]))])
Task 1 average acc: 99.95271867612293
Task 2 average acc: 99.7078606937527
Task 3 average acc: 98.35185300957282
Task 4 average acc: 92.29903454951966
Task 5 average acc: 83.3726755486215
===Summary of experiment repeats: 2 / 10 ===
The regularization coefficient: 400.0
The last avg acc of all repeats: [97.83468797 83.37267555  0.          0.          0.          0.
  0.          0.          0.          0.        ]
mean: 18.120736351502888 std: 36.38546184729998
split_boundaries: [0, 2, 4, 6, 8, 10]
{'1': [0, 1], '2': [2, 3], '3': [4, 5], '4': [6, 7], '5': [8, 9]}
MLP2(
  (linear): Sequential(
    (0): Linear(in_features=784, out_features=1024, bias=True)
    (1): ReLU()
    (2): Linear(in_features=1024, out_features=512, bias=True)
    (3): ReLU()
    (4): Linear(in_features=512, out_features=256, bias=True)
    (5): ReLU()
  )
  (last): ModuleDict(
    (1): Linear(in_features=256, out_features=2, bias=True)
    (2): Linear(in_features=256, out_features=2, bias=True)
    (3): Linear(in_features=256, out_features=2, bias=True)
    (4): Linear(in_features=256, out_features=2, bias=True)
    (5): Linear(in_features=256, out_features=2, bias=True)
  )
)
#parameter of model: 1462538
Task order: ['1', '2', '3', '4', '5']
============================== Task: 1 ==============================
#reg_term: 0
Epoch:0
LR: 0.001
* TRAIN - Accuracy 99.479 Loss 0.0273
* VALID - Accuracy 99.858 Loss 0.0075
Epoch:1
LR: 0.001
* TRAIN - Accuracy 99.905 Loss 0.0028
* VALID - Accuracy 99.905 Loss 0.0038
Epoch:2
LR: 0.001
* TRAIN - Accuracy 99.937 Loss 0.0019
* VALID - Accuracy 99.953 Loss 0.0029
Epoch:3
LR: 0.001
* TRAIN - Accuracy 99.953 Loss 0.0018
* VALID - Accuracy 99.905 Loss 0.0019
Computing EWC
Sample 60000 for estimating the F matrix.
validation split name: 1
* VALID - Accuracy 99.905 Loss 0.0019
============================== Task: 2 ==============================
#reg_term: 1
Epoch:0
LR: 0.0001
* TRAIN - Accuracy 91.844 Loss 0.1893
* VALID - Accuracy 98.188 Loss 0.0527
Epoch:1
LR: 0.0001
* TRAIN - Accuracy 98.379 Loss 0.0453
* VALID - Accuracy 99.070 Loss 0.0264
Epoch:2
LR: 0.0001
* TRAIN - Accuracy 99.057 Loss 0.0287
* VALID - Accuracy 99.167 Loss 0.0213
Epoch:3
LR: 0.0001
* TRAIN - Accuracy 99.487 Loss 0.0175
* VALID - Accuracy 99.412 Loss 0.0182
Computing EWC
Sample 60000 for estimating the F matrix.
validation split name: 1
* VALID - Accuracy 99.953 Loss 0.0013
validation split name: 2
* VALID - Accuracy 99.412 Loss 0.0174
============================== Task: 3 ==============================
#reg_term: 1
Epoch:0
LR: 0.0001
* TRAIN - Accuracy 94.966 Loss 0.1195
* VALID - Accuracy 99.840 Loss 0.0153
Epoch:1
LR: 0.0001
* TRAIN - Accuracy 99.743 Loss 0.0150
* VALID - Accuracy 99.947 Loss 0.0100
Epoch:2
LR: 0.0001
* TRAIN - Accuracy 99.893 Loss 0.0099
* VALID - Accuracy 100.000 Loss 0.0083
Epoch:3
LR: 0.0001
* TRAIN - Accuracy 99.991 Loss 0.0074
* VALID - Accuracy 99.947 Loss 0.0071
Computing EWC
Sample 60000 for estimating the F matrix.
validation split name: 1
* VALID - Accuracy 99.905 Loss 0.0014
validation split name: 2
* VALID - Accuracy 96.719 Loss 0.0987
validation split name: 3
* VALID - Accuracy 99.947 Loss 0.0026
============================== Task: 4 ==============================
#reg_term: 1
Epoch:0
LR: 0.0001
* TRAIN - Accuracy 96.331 Loss 0.0826
* VALID - Accuracy 99.597 Loss 0.0162
Epoch:1
LR: 0.0001
* TRAIN - Accuracy 99.885 Loss 0.0090
* VALID - Accuracy 99.799 Loss 0.0108
Epoch:2
LR: 0.0001
* TRAIN - Accuracy 99.943 Loss 0.0064
* VALID - Accuracy 99.748 Loss 0.0099
Epoch:3
LR: 0.0001
* TRAIN - Accuracy 99.975 Loss 0.0051
* VALID - Accuracy 99.899 Loss 0.0076
Computing EWC
Sample 60000 for estimating the F matrix.
validation split name: 1
* VALID - Accuracy 99.953 Loss 0.0019
validation split name: 2
* VALID - Accuracy 93.487 Loss 0.2400
validation split name: 3
* VALID - Accuracy 98.933 Loss 0.0221
validation split name: 4
* VALID - Accuracy 99.899 Loss 0.0042
============================== Task: 5 ==============================
#reg_term: 1
Epoch:0
LR: 0.0001
* TRAIN - Accuracy 94.636 Loss 0.1443
* VALID - Accuracy 98.235 Loss 0.0591
Epoch:1
LR: 0.0001
* TRAIN - Accuracy 99.017 Loss 0.0390
* VALID - Accuracy 98.991 Loss 0.0373
Epoch:2
LR: 0.0001
* TRAIN - Accuracy 99.373 Loss 0.0289
* VALID - Accuracy 99.042 Loss 0.0290
Epoch:3
LR: 0.0001
* TRAIN - Accuracy 99.551 Loss 0.0235
* VALID - Accuracy 99.143 Loss 0.0267
Computing EWC
Sample 60000 for estimating the F matrix.
validation split name: 1
* VALID - Accuracy 99.764 Loss 0.0088
validation split name: 2
* VALID - Accuracy 77.179 Loss 0.9079
validation split name: 3
* VALID - Accuracy 97.279 Loss 0.0731
validation split name: 4
* VALID - Accuracy 93.051 Loss 0.2270
validation split name: 5
* VALID - Accuracy 99.143 Loss 0.0198
OrderedDict([('1', OrderedDict([('1', 99.90543735224587), ('2', 99.95271867612293), ('3', 99.90543735224587), ('4', 99.95271867612293), ('5', 99.76359338061465)])), ('2', OrderedDict([('2', 99.41234084231147), ('3', 96.71890303623898), ('4', 93.486777668952), ('5', 77.179236043095)])), ('3', OrderedDict([('3', 99.94663820704376), ('4', 98.93276414087514), ('5', 97.2785485592316)])), ('4', OrderedDict([('4', 99.8992950654582), ('5', 93.05135951661632)])), ('5', OrderedDict([('5', 99.14271306101865)]))])
Task 1 average acc: 99.90543735224587
Task 2 average acc: 99.6825297592172
Task 3 average acc: 98.85699286517621
Task 4 average acc: 98.06788888785206
Task 5 average acc: 93.28309011211525
===Summary of experiment repeats: 3 / 10 ===
The regularization coefficient: 400.0
The last avg acc of all repeats: [97.83468797 83.37267555 93.28309011  0.          0.          0.
  0.          0.          0.          0.        ]
mean: 27.44904536271441 std: 42.059319044941134
split_boundaries: [0, 2, 4, 6, 8, 10]
{'1': [0, 1], '2': [2, 3], '3': [4, 5], '4': [6, 7], '5': [8, 9]}
MLP2(
  (linear): Sequential(
    (0): Linear(in_features=784, out_features=1024, bias=True)
    (1): ReLU()
    (2): Linear(in_features=1024, out_features=512, bias=True)
    (3): ReLU()
    (4): Linear(in_features=512, out_features=256, bias=True)
    (5): ReLU()
  )
  (last): ModuleDict(
    (1): Linear(in_features=256, out_features=2, bias=True)
    (2): Linear(in_features=256, out_features=2, bias=True)
    (3): Linear(in_features=256, out_features=2, bias=True)
    (4): Linear(in_features=256, out_features=2, bias=True)
    (5): Linear(in_features=256, out_features=2, bias=True)
  )
)
#parameter of model: 1462538
Task order: ['1', '2', '3', '4', '5']
============================== Task: 1 ==============================
#reg_term: 0
Epoch:0
LR: 0.001
* TRAIN - Accuracy 99.376 Loss 0.0284
* VALID - Accuracy 99.905 Loss 0.0020
Epoch:1
LR: 0.001
* TRAIN - Accuracy 99.882 Loss 0.0034
* VALID - Accuracy 99.858 Loss 0.0043
Epoch:2
LR: 0.001
* TRAIN - Accuracy 99.937 Loss 0.0017
* VALID - Accuracy 99.953 Loss 0.0010
Epoch:3
LR: 0.001
* TRAIN - Accuracy 99.984 Loss 0.0008
* VALID - Accuracy 99.953 Loss 0.0012
Computing EWC
Sample 60000 for estimating the F matrix.
validation split name: 1
* VALID - Accuracy 99.953 Loss 0.0012
============================== Task: 2 ==============================
#reg_term: 1
Epoch:0
LR: 0.0001
* TRAIN - Accuracy 91.563 Loss 0.1811
* VALID - Accuracy 98.090 Loss 0.0481
Epoch:1
LR: 0.0001
* TRAIN - Accuracy 98.354 Loss 0.0484
* VALID - Accuracy 99.021 Loss 0.0307
Epoch:2
LR: 0.0001
* TRAIN - Accuracy 99.024 Loss 0.0309
* VALID - Accuracy 99.265 Loss 0.0217
Epoch:3
LR: 0.0001
* TRAIN - Accuracy 99.446 Loss 0.0196
* VALID - Accuracy 99.412 Loss 0.0176
Computing EWC
Sample 60000 for estimating the F matrix.
validation split name: 1
* VALID - Accuracy 99.905 Loss 0.0027
validation split name: 2
* VALID - Accuracy 99.412 Loss 0.0173
============================== Task: 3 ==============================
#reg_term: 1
Epoch:0
LR: 0.0001
* TRAIN - Accuracy 94.930 Loss 0.1228
* VALID - Accuracy 99.893 Loss 0.0141
Epoch:1
LR: 0.0001
* TRAIN - Accuracy 99.707 Loss 0.0165
* VALID - Accuracy 99.840 Loss 0.0119
Epoch:2
LR: 0.0001
* TRAIN - Accuracy 99.867 Loss 0.0107
* VALID - Accuracy 99.893 Loss 0.0097
Epoch:3
LR: 0.0001
* TRAIN - Accuracy 99.929 Loss 0.0081
* VALID - Accuracy 99.893 Loss 0.0078
Computing EWC
Sample 60000 for estimating the F matrix.
validation split name: 1
* VALID - Accuracy 99.953 Loss 0.0021
validation split name: 2
* VALID - Accuracy 96.915 Loss 0.1135
validation split name: 3
* VALID - Accuracy 99.893 Loss 0.0031
============================== Task: 4 ==============================
#reg_term: 1
Epoch:0
LR: 0.0001
* TRAIN - Accuracy 97.472 Loss 0.0739
* VALID - Accuracy 99.446 Loss 0.0185
Epoch:1
LR: 0.0001
* TRAIN - Accuracy 99.877 Loss 0.0090
* VALID - Accuracy 99.597 Loss 0.0137
Epoch:2
LR: 0.0001
* TRAIN - Accuracy 99.943 Loss 0.0065
* VALID - Accuracy 99.849 Loss 0.0077
Epoch:3
LR: 0.0001
* TRAIN - Accuracy 99.967 Loss 0.0051
* VALID - Accuracy 99.899 Loss 0.0067
Computing EWC
Sample 60000 for estimating the F matrix.
validation split name: 1
* VALID - Accuracy 99.953 Loss 0.0024
validation split name: 2
* VALID - Accuracy 97.405 Loss 0.0900
validation split name: 3
* VALID - Accuracy 99.466 Loss 0.0127
validation split name: 4
* VALID - Accuracy 99.899 Loss 0.0036
============================== Task: 5 ==============================
#reg_term: 1
Epoch:0
LR: 0.0001
* TRAIN - Accuracy 96.153 Loss 0.0998
* VALID - Accuracy 98.487 Loss 0.0510
Epoch:1
LR: 0.0001
* TRAIN - Accuracy 98.898 Loss 0.0382
* VALID - Accuracy 98.739 Loss 0.0337
Epoch:2
LR: 0.0001
* TRAIN - Accuracy 99.220 Loss 0.0283
* VALID - Accuracy 99.042 Loss 0.0292
Epoch:3
LR: 0.0001
* TRAIN - Accuracy 99.525 Loss 0.0224
* VALID - Accuracy 99.496 Loss 0.0249
Computing EWC
Sample 60000 for estimating the F matrix.
validation split name: 1
* VALID - Accuracy 99.905 Loss 0.0024
validation split name: 2
* VALID - Accuracy 97.649 Loss 0.0650
validation split name: 3
* VALID - Accuracy 98.239 Loss 0.0419
validation split name: 4
* VALID - Accuracy 99.648 Loss 0.0102
validation split name: 5
* VALID - Accuracy 99.496 Loss 0.0189
OrderedDict([('1', OrderedDict([('1', 99.95271867612293), ('2', 99.90543735224587), ('3', 99.95271867612293), ('4', 99.95271867612293), ('5', 99.90543735224587)])), ('2', OrderedDict([('2', 99.41234084231147), ('3', 96.91478942213516), ('4', 97.40450538687561), ('5', 97.64936336924583)])), ('3', OrderedDict([('3', 99.89327641408751), ('4', 99.46638207043756), ('5', 98.23906083244397)])), ('4', OrderedDict([('4', 99.8992950654582), ('5', 99.64753272910373)])), ('5', OrderedDict([('5', 99.4957135653051)]))])
Task 1 average acc: 99.95271867612293
Task 2 average acc: 99.65888909727866
Task 3 average acc: 98.9202615041152
Task 4 average acc: 99.18072529972358
Task 5 average acc: 98.9874215696689
===Summary of experiment repeats: 4 / 10 ===
The regularization coefficient: 400.0
The last avg acc of all repeats: [97.83468797 83.37267555 93.28309011 98.98742157  0.          0.
  0.          0.          0.          0.        ]
mean: 37.3477875196813 std: 45.90675484211854
split_boundaries: [0, 2, 4, 6, 8, 10]
{'1': [0, 1], '2': [2, 3], '3': [4, 5], '4': [6, 7], '5': [8, 9]}
MLP2(
  (linear): Sequential(
    (0): Linear(in_features=784, out_features=1024, bias=True)
    (1): ReLU()
    (2): Linear(in_features=1024, out_features=512, bias=True)
    (3): ReLU()
    (4): Linear(in_features=512, out_features=256, bias=True)
    (5): ReLU()
  )
  (last): ModuleDict(
    (1): Linear(in_features=256, out_features=2, bias=True)
    (2): Linear(in_features=256, out_features=2, bias=True)
    (3): Linear(in_features=256, out_features=2, bias=True)
    (4): Linear(in_features=256, out_features=2, bias=True)
    (5): Linear(in_features=256, out_features=2, bias=True)
  )
)
#parameter of model: 1462538
Task order: ['1', '2', '3', '4', '5']
============================== Task: 1 ==============================
#reg_term: 0
Epoch:0
LR: 0.001
* TRAIN - Accuracy 99.408 Loss 0.0315
* VALID - Accuracy 99.905 Loss 0.0012
Epoch:1
LR: 0.001
* TRAIN - Accuracy 99.905 Loss 0.0028
* VALID - Accuracy 99.953 Loss 0.0018
Epoch:2
LR: 0.001
* TRAIN - Accuracy 99.937 Loss 0.0023
* VALID - Accuracy 99.905 Loss 0.0022
Epoch:3
LR: 0.001
* TRAIN - Accuracy 99.961 Loss 0.0012
* VALID - Accuracy 99.953 Loss 0.0023
Computing EWC
Sample 60000 for estimating the F matrix.
validation split name: 1
* VALID - Accuracy 99.953 Loss 0.0023
============================== Task: 2 ==============================
#reg_term: 1
Epoch:0
LR: 0.0001
* TRAIN - Accuracy 93.109 Loss 0.1625
* VALID - Accuracy 98.678 Loss 0.0398
Epoch:1
LR: 0.0001
* TRAIN - Accuracy 98.511 Loss 0.0426
* VALID - Accuracy 99.021 Loss 0.0289
Epoch:2
LR: 0.0001
* TRAIN - Accuracy 99.040 Loss 0.0286
* VALID - Accuracy 99.021 Loss 0.0257
Epoch:3
LR: 0.0001
* TRAIN - Accuracy 99.338 Loss 0.0198
* VALID - Accuracy 99.314 Loss 0.0193
Computing EWC
Sample 60000 for estimating the F matrix.
validation split name: 1
* VALID - Accuracy 99.905 Loss 0.0038
validation split name: 2
* VALID - Accuracy 99.314 Loss 0.0190
============================== Task: 3 ==============================
#reg_term: 1
Epoch:0
LR: 0.0001
* TRAIN - Accuracy 94.105 Loss 0.1297
* VALID - Accuracy 99.680 Loss 0.0180
Epoch:1
LR: 0.0001
* TRAIN - Accuracy 99.707 Loss 0.0182
* VALID - Accuracy 99.840 Loss 0.0129
Epoch:2
LR: 0.0001
* TRAIN - Accuracy 99.796 Loss 0.0127
* VALID - Accuracy 99.893 Loss 0.0099
Epoch:3
LR: 0.0001
* TRAIN - Accuracy 99.911 Loss 0.0093
* VALID - Accuracy 99.787 Loss 0.0095
Computing EWC
Sample 60000 for estimating the F matrix.
validation split name: 1
* VALID - Accuracy 99.953 Loss 0.0021
validation split name: 2
* VALID - Accuracy 96.425 Loss 0.1105
validation split name: 3
* VALID - Accuracy 99.787 Loss 0.0044
============================== Task: 4 ==============================
#reg_term: 1
Epoch:0
LR: 0.0001
* TRAIN - Accuracy 96.454 Loss 0.0755
* VALID - Accuracy 99.648 Loss 0.0141
Epoch:1
LR: 0.0001
* TRAIN - Accuracy 99.877 Loss 0.0094
* VALID - Accuracy 99.799 Loss 0.0104
Epoch:2
LR: 0.0001
* TRAIN - Accuracy 99.926 Loss 0.0071
* VALID - Accuracy 99.849 Loss 0.0087
Epoch:3
LR: 0.0001
* TRAIN - Accuracy 99.967 Loss 0.0056
* VALID - Accuracy 99.849 Loss 0.0073
Computing EWC
Sample 60000 for estimating the F matrix.
validation split name: 1
* VALID - Accuracy 99.953 Loss 0.0019
validation split name: 2
* VALID - Accuracy 95.984 Loss 0.1523
validation split name: 3
* VALID - Accuracy 99.466 Loss 0.0153
validation split name: 4
* VALID - Accuracy 99.849 Loss 0.0037
============================== Task: 5 ==============================
#reg_term: 1
Epoch:0
LR: 0.0001
* TRAIN - Accuracy 94.288 Loss 0.1666
* VALID - Accuracy 98.033 Loss 0.0624
Epoch:1
LR: 0.0001
* TRAIN - Accuracy 98.754 Loss 0.0493
* VALID - Accuracy 98.487 Loss 0.0512
Epoch:2
LR: 0.0001
* TRAIN - Accuracy 99.169 Loss 0.0365
* VALID - Accuracy 98.689 Loss 0.0415
Epoch:3
LR: 0.0001
* TRAIN - Accuracy 99.373 Loss 0.0303
* VALID - Accuracy 98.991 Loss 0.0388
Computing EWC
Sample 60000 for estimating the F matrix.
validation split name: 1
* VALID - Accuracy 97.447 Loss 0.0877
validation split name: 2
* VALID - Accuracy 65.475 Loss 2.1155
validation split name: 3
* VALID - Accuracy 95.411 Loss 0.1214
validation split name: 4
* VALID - Accuracy 99.496 Loss 0.0186
validation split name: 5
* VALID - Accuracy 98.991 Loss 0.0289
OrderedDict([('1', OrderedDict([('1', 99.95271867612293), ('2', 99.90543735224587), ('3', 99.95271867612293), ('4', 99.95271867612293), ('5', 97.44680851063829)])), ('2', OrderedDict([('2', 99.31439764936337), ('3', 96.42507345739472), ('4', 95.98432908912831), ('5', 65.47502448579824)])), ('3', OrderedDict([('3', 99.78655282817503), ('4', 99.46638207043756), ('5', 95.41088580576307)])), ('4', OrderedDict([('4', 99.8489425981873), ('5', 99.49647532729104)])), ('5', OrderedDict([('5', 98.99142713061019)]))])
Task 1 average acc: 99.95271867612293
Task 2 average acc: 99.60991750080461
Task 3 average acc: 98.72144832056422
Task 4 average acc: 98.81309310846903
Task 5 average acc: 91.36412425202016
===Summary of experiment repeats: 5 / 10 ===
The regularization coefficient: 400.0
The last avg acc of all repeats: [97.83468797 83.37267555 93.28309011 98.98742157 91.36412425  0.
  0.          0.          0.          0.        ]
mean: 46.484199944883315 std: 46.65026096676849
split_boundaries: [0, 2, 4, 6, 8, 10]
{'1': [0, 1], '2': [2, 3], '3': [4, 5], '4': [6, 7], '5': [8, 9]}
MLP2(
  (linear): Sequential(
    (0): Linear(in_features=784, out_features=1024, bias=True)
    (1): ReLU()
    (2): Linear(in_features=1024, out_features=512, bias=True)
    (3): ReLU()
    (4): Linear(in_features=512, out_features=256, bias=True)
    (5): ReLU()
  )
  (last): ModuleDict(
    (1): Linear(in_features=256, out_features=2, bias=True)
    (2): Linear(in_features=256, out_features=2, bias=True)
    (3): Linear(in_features=256, out_features=2, bias=True)
    (4): Linear(in_features=256, out_features=2, bias=True)
    (5): Linear(in_features=256, out_features=2, bias=True)
  )
)
#parameter of model: 1462538
Task order: ['1', '2', '3', '4', '5']
============================== Task: 1 ==============================
#reg_term: 0
Epoch:0
LR: 0.001
* TRAIN - Accuracy 99.281 Loss 0.0351
* VALID - Accuracy 99.858 Loss 0.0036
Epoch:1
LR: 0.001
* TRAIN - Accuracy 99.921 Loss 0.0022
* VALID - Accuracy 99.905 Loss 0.0018
Epoch:2
LR: 0.001
* TRAIN - Accuracy 99.937 Loss 0.0017
* VALID - Accuracy 99.905 Loss 0.0025
Epoch:3
LR: 0.001
* TRAIN - Accuracy 99.953 Loss 0.0012
* VALID - Accuracy 99.953 Loss 0.0016
Computing EWC
Sample 60000 for estimating the F matrix.
validation split name: 1
* VALID - Accuracy 99.953 Loss 0.0016
============================== Task: 2 ==============================
#reg_term: 1
Epoch:0
LR: 0.0001
* TRAIN - Accuracy 91.786 Loss 0.1805
* VALID - Accuracy 98.286 Loss 0.0478
Epoch:1
LR: 0.0001
* TRAIN - Accuracy 98.412 Loss 0.0476
* VALID - Accuracy 98.972 Loss 0.0313
Epoch:2
LR: 0.0001
* TRAIN - Accuracy 99.040 Loss 0.0299
* VALID - Accuracy 99.314 Loss 0.0253
Epoch:3
LR: 0.0001
* TRAIN - Accuracy 99.462 Loss 0.0183
* VALID - Accuracy 99.265 Loss 0.0230
Computing EWC
Sample 60000 for estimating the F matrix.
validation split name: 1
* VALID - Accuracy 99.905 Loss 0.0031
validation split name: 2
* VALID - Accuracy 99.265 Loss 0.0228
============================== Task: 3 ==============================
#reg_term: 1
Epoch:0
LR: 0.0001
* TRAIN - Accuracy 94.327 Loss 0.1172
* VALID - Accuracy 99.840 Loss 0.0139
Epoch:1
LR: 0.0001
* TRAIN - Accuracy 99.645 Loss 0.0164
* VALID - Accuracy 100.000 Loss 0.0093
Epoch:2
LR: 0.0001
* TRAIN - Accuracy 99.831 Loss 0.0112
* VALID - Accuracy 100.000 Loss 0.0080
Epoch:3
LR: 0.0001
* TRAIN - Accuracy 99.938 Loss 0.0083
* VALID - Accuracy 100.000 Loss 0.0076
Computing EWC
Sample 60000 for estimating the F matrix.
validation split name: 1
* VALID - Accuracy 99.905 Loss 0.0050
validation split name: 2
* VALID - Accuracy 97.845 Loss 0.0636
validation split name: 3
* VALID - Accuracy 100.000 Loss 0.0031
============================== Task: 4 ==============================
#reg_term: 1
Epoch:0
LR: 0.0001
* TRAIN - Accuracy 97.800 Loss 0.0604
* VALID - Accuracy 99.547 Loss 0.0177
Epoch:1
LR: 0.0001
* TRAIN - Accuracy 99.860 Loss 0.0092
* VALID - Accuracy 99.849 Loss 0.0101
Epoch:2
LR: 0.0001
* TRAIN - Accuracy 99.934 Loss 0.0066
* VALID - Accuracy 99.899 Loss 0.0084
Epoch:3
LR: 0.0001
* TRAIN - Accuracy 99.992 Loss 0.0053
* VALID - Accuracy 99.799 Loss 0.0082
Computing EWC
Sample 60000 for estimating the F matrix.
validation split name: 1
* VALID - Accuracy 99.905 Loss 0.0061
validation split name: 2
* VALID - Accuracy 96.866 Loss 0.0935
validation split name: 3
* VALID - Accuracy 99.039 Loss 0.0233
validation split name: 4
* VALID - Accuracy 99.799 Loss 0.0047
============================== Task: 5 ==============================
#reg_term: 1
Epoch:0
LR: 0.0001
* TRAIN - Accuracy 96.610 Loss 0.0929
* VALID - Accuracy 98.538 Loss 0.0440
Epoch:1
LR: 0.0001
* TRAIN - Accuracy 98.907 Loss 0.0366
* VALID - Accuracy 98.386 Loss 0.0440
Epoch:2
LR: 0.0001
* TRAIN - Accuracy 99.161 Loss 0.0310
* VALID - Accuracy 99.244 Loss 0.0278
Epoch:3
LR: 0.0001
* TRAIN - Accuracy 99.449 Loss 0.0233
* VALID - Accuracy 99.395 Loss 0.0238
Computing EWC
Sample 60000 for estimating the F matrix.
validation split name: 1
* VALID - Accuracy 98.392 Loss 0.0443
validation split name: 2
* VALID - Accuracy 98.433 Loss 0.0370
validation split name: 3
* VALID - Accuracy 99.253 Loss 0.0197
validation split name: 4
* VALID - Accuracy 99.295 Loss 0.0254
validation split name: 5
* VALID - Accuracy 99.395 Loss 0.0175
OrderedDict([('1', OrderedDict([('1', 99.95271867612293), ('2', 99.90543735224587), ('3', 99.90543735224587), ('4', 99.90543735224587), ('5', 98.39243498817967)])), ('2', OrderedDict([('2', 99.26542605288932), ('3', 97.84524975514202), ('4', 96.86581782566111), ('5', 98.43290891283056)])), ('3', OrderedDict([('3', 100.0), ('4', 99.03948772678763), ('5', 99.2529348986126)])), ('4', OrderedDict([('4', 99.79859013091641), ('5', 99.29506545820745)])), ('5', OrderedDict([('5', 99.3948562783661)]))])
Task 1 average acc: 99.95271867612293
Task 2 average acc: 99.5854317025676
Task 3 average acc: 99.25022903579595
Task 4 average acc: 98.90233325890276
Task 5 average acc: 98.95364010723927
===Summary of experiment repeats: 6 / 10 ===
The regularization coefficient: 400.0
The last avg acc of all repeats: [97.83468797 83.37267555 93.28309011 98.98742157 91.36412425 98.95364011
  0.          0.          0.          0.        ]
mean: 56.37956395560724 std: 46.23369712673204
split_boundaries: [0, 2, 4, 6, 8, 10]
{'1': [0, 1], '2': [2, 3], '3': [4, 5], '4': [6, 7], '5': [8, 9]}
MLP2(
  (linear): Sequential(
    (0): Linear(in_features=784, out_features=1024, bias=True)
    (1): ReLU()
    (2): Linear(in_features=1024, out_features=512, bias=True)
    (3): ReLU()
    (4): Linear(in_features=512, out_features=256, bias=True)
    (5): ReLU()
  )
  (last): ModuleDict(
    (1): Linear(in_features=256, out_features=2, bias=True)
    (2): Linear(in_features=256, out_features=2, bias=True)
    (3): Linear(in_features=256, out_features=2, bias=True)
    (4): Linear(in_features=256, out_features=2, bias=True)
    (5): Linear(in_features=256, out_features=2, bias=True)
  )
)
#parameter of model: 1462538
Task order: ['1', '2', '3', '4', '5']
============================== Task: 1 ==============================
#reg_term: 0
Epoch:0
LR: 0.001
* TRAIN - Accuracy 99.313 Loss 0.0320
* VALID - Accuracy 100.000 Loss 0.0009
Epoch:1
LR: 0.001
* TRAIN - Accuracy 99.905 Loss 0.0032
* VALID - Accuracy 99.953 Loss 0.0022
Epoch:2
LR: 0.001
* TRAIN - Accuracy 99.945 Loss 0.0023
* VALID - Accuracy 99.953 Loss 0.0011
Epoch:3
LR: 0.001
* TRAIN - Accuracy 99.929 Loss 0.0019
* VALID - Accuracy 99.858 Loss 0.0012
Computing EWC
Sample 60000 for estimating the F matrix.
validation split name: 1
* VALID - Accuracy 99.858 Loss 0.0012
============================== Task: 2 ==============================
#reg_term: 1
Epoch:0
LR: 0.0001
* TRAIN - Accuracy 92.514 Loss 0.1740
* VALID - Accuracy 98.237 Loss 0.0493
Epoch:1
LR: 0.0001
* TRAIN - Accuracy 98.461 Loss 0.0465
* VALID - Accuracy 99.021 Loss 0.0308
Epoch:2
LR: 0.0001
* TRAIN - Accuracy 99.057 Loss 0.0296
* VALID - Accuracy 99.363 Loss 0.0235
Epoch:3
LR: 0.0001
* TRAIN - Accuracy 99.347 Loss 0.0199
* VALID - Accuracy 99.216 Loss 0.0203
Computing EWC
Sample 60000 for estimating the F matrix.
validation split name: 1
* VALID - Accuracy 99.953 Loss 0.0017
validation split name: 2
* VALID - Accuracy 99.216 Loss 0.0199
============================== Task: 3 ==============================
#reg_term: 1
Epoch:0
LR: 0.0001
* TRAIN - Accuracy 93.883 Loss 0.1321
* VALID - Accuracy 99.626 Loss 0.0163
Epoch:1
LR: 0.0001
* TRAIN - Accuracy 99.663 Loss 0.0184
* VALID - Accuracy 100.000 Loss 0.0109
Epoch:2
LR: 0.0001
* TRAIN - Accuracy 99.814 Loss 0.0134
* VALID - Accuracy 99.947 Loss 0.0097
Epoch:3
LR: 0.0001
* TRAIN - Accuracy 99.867 Loss 0.0102
* VALID - Accuracy 99.947 Loss 0.0085
Computing EWC
Sample 60000 for estimating the F matrix.
validation split name: 1
* VALID - Accuracy 99.905 Loss 0.0024
validation split name: 2
* VALID - Accuracy 98.776 Loss 0.0284
validation split name: 3
* VALID - Accuracy 99.947 Loss 0.0037
============================== Task: 4 ==============================
#reg_term: 1
Epoch:0
LR: 0.0001
* TRAIN - Accuracy 98.301 Loss 0.0586
* VALID - Accuracy 99.547 Loss 0.0156
Epoch:1
LR: 0.0001
* TRAIN - Accuracy 99.860 Loss 0.0109
* VALID - Accuracy 99.648 Loss 0.0135
Epoch:2
LR: 0.0001
* TRAIN - Accuracy 99.918 Loss 0.0081
* VALID - Accuracy 99.698 Loss 0.0103
Epoch:3
LR: 0.0001
* TRAIN - Accuracy 99.984 Loss 0.0061
* VALID - Accuracy 99.748 Loss 0.0096
Computing EWC
Sample 60000 for estimating the F matrix.
validation split name: 1
* VALID - Accuracy 99.953 Loss 0.0027
validation split name: 2
* VALID - Accuracy 98.580 Loss 0.0341
validation split name: 3
* VALID - Accuracy 98.613 Loss 0.0380
validation split name: 4
* VALID - Accuracy 99.748 Loss 0.0055
============================== Task: 5 ==============================
#reg_term: 1
Epoch:0
LR: 0.0001
* TRAIN - Accuracy 95.898 Loss 0.1204
* VALID - Accuracy 98.487 Loss 0.0548
Epoch:1
LR: 0.0001
* TRAIN - Accuracy 99.025 Loss 0.0397
* VALID - Accuracy 98.790 Loss 0.0370
Epoch:2
LR: 0.0001
* TRAIN - Accuracy 99.254 Loss 0.0311
* VALID - Accuracy 99.344 Loss 0.0290
Epoch:3
LR: 0.0001
* TRAIN - Accuracy 99.398 Loss 0.0273
* VALID - Accuracy 99.344 Loss 0.0272
Computing EWC
Sample 60000 for estimating the F matrix.
validation split name: 1
* VALID - Accuracy 99.858 Loss 0.0065
validation split name: 2
* VALID - Accuracy 97.894 Loss 0.0522
validation split name: 3
* VALID - Accuracy 92.743 Loss 0.2308
validation split name: 4
* VALID - Accuracy 98.036 Loss 0.0555
validation split name: 5
* VALID - Accuracy 99.344 Loss 0.0184
OrderedDict([('1', OrderedDict([('1', 99.8581560283688), ('2', 99.95271867612293), ('3', 99.90543735224587), ('4', 99.95271867612293), ('5', 99.8581560283688)])), ('2', OrderedDict([('2', 99.21645445641528), ('3', 98.77571008814887), ('4', 98.5798237022527), ('5', 97.89422135161607)])), ('3', OrderedDict([('3', 99.94663820704376), ('4', 98.61259338313768), ('5', 92.7427961579509)])), ('4', OrderedDict([('4', 99.74823766364553), ('5', 98.03625377643505)])), ('5', OrderedDict([('5', 99.34442763489662)]))])
Task 1 average acc: 99.8581560283688
Task 2 average acc: 99.58458656626911
Task 3 average acc: 99.54259521581282
Task 4 average acc: 99.2233433562897
Task 5 average acc: 97.57517098985349
===Summary of experiment repeats: 7 / 10 ===
The regularization coefficient: 400.0
The last avg acc of all repeats: [97.83468797 83.37267555 93.28309011 98.98742157 91.36412425 98.95364011
 97.57517099  0.          0.          0.        ]
mean: 66.13708105459258 std: 43.52226890660644
split_boundaries: [0, 2, 4, 6, 8, 10]
{'1': [0, 1], '2': [2, 3], '3': [4, 5], '4': [6, 7], '5': [8, 9]}
MLP2(
  (linear): Sequential(
    (0): Linear(in_features=784, out_features=1024, bias=True)
    (1): ReLU()
    (2): Linear(in_features=1024, out_features=512, bias=True)
    (3): ReLU()
    (4): Linear(in_features=512, out_features=256, bias=True)
    (5): ReLU()
  )
  (last): ModuleDict(
    (1): Linear(in_features=256, out_features=2, bias=True)
    (2): Linear(in_features=256, out_features=2, bias=True)
    (3): Linear(in_features=256, out_features=2, bias=True)
    (4): Linear(in_features=256, out_features=2, bias=True)
    (5): Linear(in_features=256, out_features=2, bias=True)
  )
)
#parameter of model: 1462538
Task order: ['1', '2', '3', '4', '5']
============================== Task: 1 ==============================
#reg_term: 0
Epoch:0
LR: 0.001
* TRAIN - Accuracy 99.226 Loss 0.0277
* VALID - Accuracy 99.905 Loss 0.0025
Epoch:1
LR: 0.001
* TRAIN - Accuracy 99.913 Loss 0.0028
* VALID - Accuracy 99.905 Loss 0.0029
Epoch:2
LR: 0.001
* TRAIN - Accuracy 99.961 Loss 0.0013
* VALID - Accuracy 99.905 Loss 0.0054
Epoch:3
LR: 0.001
* TRAIN - Accuracy 99.945 Loss 0.0017
* VALID - Accuracy 99.811 Loss 0.0056
Computing EWC
Sample 60000 for estimating the F matrix.
validation split name: 1
* VALID - Accuracy 99.811 Loss 0.0056
============================== Task: 2 ==============================
#reg_term: 1
Epoch:0
LR: 0.0001
* TRAIN - Accuracy 92.249 Loss 0.1814
* VALID - Accuracy 98.286 Loss 0.0444
Epoch:1
LR: 0.0001
* TRAIN - Accuracy 98.337 Loss 0.0474
* VALID - Accuracy 98.776 Loss 0.0318
Epoch:2
LR: 0.0001
* TRAIN - Accuracy 99.082 Loss 0.0287
* VALID - Accuracy 99.216 Loss 0.0271
Epoch:3
LR: 0.0001
* TRAIN - Accuracy 99.330 Loss 0.0194
* VALID - Accuracy 99.314 Loss 0.0189
Computing EWC
Sample 60000 for estimating the F matrix.
validation split name: 1
* VALID - Accuracy 99.953 Loss 0.0044
validation split name: 2
* VALID - Accuracy 99.314 Loss 0.0185
============================== Task: 3 ==============================
#reg_term: 1
Epoch:0
LR: 0.0001
* TRAIN - Accuracy 95.410 Loss 0.1099
* VALID - Accuracy 99.787 Loss 0.0150
Epoch:1
LR: 0.0001
* TRAIN - Accuracy 99.778 Loss 0.0160
* VALID - Accuracy 99.947 Loss 0.0110
Epoch:2
LR: 0.0001
* TRAIN - Accuracy 99.867 Loss 0.0111
* VALID - Accuracy 99.893 Loss 0.0102
Epoch:3
LR: 0.0001
* TRAIN - Accuracy 99.938 Loss 0.0083
* VALID - Accuracy 99.947 Loss 0.0084
Computing EWC
Sample 60000 for estimating the F matrix.
validation split name: 1
* VALID - Accuracy 99.905 Loss 0.0053
validation split name: 2
* VALID - Accuracy 96.866 Loss 0.1059
validation split name: 3
* VALID - Accuracy 99.947 Loss 0.0035
============================== Task: 4 ==============================
#reg_term: 1
Epoch:0
LR: 0.0001
* TRAIN - Accuracy 98.038 Loss 0.0565
* VALID - Accuracy 99.597 Loss 0.0159
Epoch:1
LR: 0.0001
* TRAIN - Accuracy 99.885 Loss 0.0094
* VALID - Accuracy 99.799 Loss 0.0105
Epoch:2
LR: 0.0001
* TRAIN - Accuracy 99.951 Loss 0.0069
* VALID - Accuracy 99.799 Loss 0.0092
Epoch:3
LR: 0.0001
* TRAIN - Accuracy 99.975 Loss 0.0054
* VALID - Accuracy 99.899 Loss 0.0071
Computing EWC
Sample 60000 for estimating the F matrix.
validation split name: 1
* VALID - Accuracy 99.905 Loss 0.0070
validation split name: 2
* VALID - Accuracy 97.453 Loss 0.0711
validation split name: 3
* VALID - Accuracy 99.840 Loss 0.0057
validation split name: 4
* VALID - Accuracy 99.899 Loss 0.0038
============================== Task: 5 ==============================
#reg_term: 1
Epoch:0
LR: 0.0001
* TRAIN - Accuracy 96.407 Loss 0.1038
* VALID - Accuracy 98.638 Loss 0.0453
Epoch:1
LR: 0.0001
* TRAIN - Accuracy 98.966 Loss 0.0382
* VALID - Accuracy 98.941 Loss 0.0346
Epoch:2
LR: 0.0001
* TRAIN - Accuracy 99.195 Loss 0.0286
* VALID - Accuracy 99.042 Loss 0.0318
Epoch:3
LR: 0.0001
* TRAIN - Accuracy 99.517 Loss 0.0227
* VALID - Accuracy 99.597 Loss 0.0240
Computing EWC
Sample 60000 for estimating the F matrix.
validation split name: 1
* VALID - Accuracy 99.811 Loss 0.0075
validation split name: 2
* VALID - Accuracy 95.250 Loss 0.1365
validation split name: 3
* VALID - Accuracy 98.559 Loss 0.0401
validation split name: 4
* VALID - Accuracy 98.187 Loss 0.0503
validation split name: 5
* VALID - Accuracy 99.597 Loss 0.0179
OrderedDict([('1', OrderedDict([('1', 99.81087470449172), ('2', 99.95271867612293), ('3', 99.90543735224587), ('4', 99.90543735224587), ('5', 99.81087470449172)])), ('2', OrderedDict([('2', 99.31439764936337), ('3', 96.86581782566111), ('4', 97.45347698334966), ('5', 95.24975514201763)])), ('3', OrderedDict([('3', 99.94663820704376), ('4', 99.83991462113127), ('5', 98.55923159018143)])), ('4', OrderedDict([('4', 99.8992950654582), ('5', 98.18731117824774)])), ('5', OrderedDict([('5', 99.59657085224407)]))])
Task 1 average acc: 99.81087470449172
Task 2 average acc: 99.63355816274316
Task 3 average acc: 98.90596446165024
Task 4 average acc: 99.27453100554625
Task 5 average acc: 98.28074869343652
===Summary of experiment repeats: 8 / 10 ===
The regularization coefficient: 400.0
The last avg acc of all repeats: [97.83468797 83.37267555 93.28309011 98.98742157 91.36412425 98.95364011
 97.57517099 98.28074869  0.          0.        ]
mean: 75.96515592393624 std: 38.2558103172186
split_boundaries: [0, 2, 4, 6, 8, 10]
{'1': [0, 1], '2': [2, 3], '3': [4, 5], '4': [6, 7], '5': [8, 9]}
MLP2(
  (linear): Sequential(
    (0): Linear(in_features=784, out_features=1024, bias=True)
    (1): ReLU()
    (2): Linear(in_features=1024, out_features=512, bias=True)
    (3): ReLU()
    (4): Linear(in_features=512, out_features=256, bias=True)
    (5): ReLU()
  )
  (last): ModuleDict(
    (1): Linear(in_features=256, out_features=2, bias=True)
    (2): Linear(in_features=256, out_features=2, bias=True)
    (3): Linear(in_features=256, out_features=2, bias=True)
    (4): Linear(in_features=256, out_features=2, bias=True)
    (5): Linear(in_features=256, out_features=2, bias=True)
  )
)
#parameter of model: 1462538
Task order: ['1', '2', '3', '4', '5']
============================== Task: 1 ==============================
#reg_term: 0
Epoch:0
LR: 0.001
* TRAIN - Accuracy 99.313 Loss 0.0298
* VALID - Accuracy 99.905 Loss 0.0020
Epoch:1
LR: 0.001
* TRAIN - Accuracy 99.929 Loss 0.0023
* VALID - Accuracy 99.905 Loss 0.0025
Epoch:2
LR: 0.001
* TRAIN - Accuracy 99.953 Loss 0.0022
* VALID - Accuracy 99.953 Loss 0.0027
Epoch:3
LR: 0.001
* TRAIN - Accuracy 99.905 Loss 0.0031
* VALID - Accuracy 99.953 Loss 0.0032
Computing EWC
Sample 60000 for estimating the F matrix.
validation split name: 1
* VALID - Accuracy 99.953 Loss 0.0032
============================== Task: 2 ==============================
#reg_term: 1
Epoch:0
LR: 0.0001
* TRAIN - Accuracy 91.654 Loss 0.1897
* VALID - Accuracy 98.384 Loss 0.0465
Epoch:1
LR: 0.0001
* TRAIN - Accuracy 98.404 Loss 0.0485
* VALID - Accuracy 98.874 Loss 0.0301
Epoch:2
LR: 0.0001
* TRAIN - Accuracy 98.925 Loss 0.0312
* VALID - Accuracy 99.265 Loss 0.0214
Epoch:3
LR: 0.0001
* TRAIN - Accuracy 99.396 Loss 0.0192
* VALID - Accuracy 99.412 Loss 0.0171
Computing EWC
Sample 60000 for estimating the F matrix.
validation split name: 1
* VALID - Accuracy 99.905 Loss 0.0040
validation split name: 2
* VALID - Accuracy 99.412 Loss 0.0169
============================== Task: 3 ==============================
#reg_term: 1
Epoch:0
LR: 0.0001
* TRAIN - Accuracy 93.971 Loss 0.1325
* VALID - Accuracy 99.787 Loss 0.0180
Epoch:1
LR: 0.0001
* TRAIN - Accuracy 99.574 Loss 0.0216
* VALID - Accuracy 99.787 Loss 0.0140
Epoch:2
LR: 0.0001
* TRAIN - Accuracy 99.760 Loss 0.0142
* VALID - Accuracy 99.947 Loss 0.0108
Epoch:3
LR: 0.0001
* TRAIN - Accuracy 99.902 Loss 0.0103
* VALID - Accuracy 99.947 Loss 0.0089
Computing EWC
Sample 60000 for estimating the F matrix.
validation split name: 1
* VALID - Accuracy 98.440 Loss 0.0487
validation split name: 2
* VALID - Accuracy 95.152 Loss 0.1276
validation split name: 3
* VALID - Accuracy 99.947 Loss 0.0034
============================== Task: 4 ==============================
#reg_term: 1
Epoch:0
LR: 0.0001
* TRAIN - Accuracy 97.094 Loss 0.0798
* VALID - Accuracy 99.597 Loss 0.0158
Epoch:1
LR: 0.0001
* TRAIN - Accuracy 99.836 Loss 0.0117
* VALID - Accuracy 99.799 Loss 0.0125
Epoch:2
LR: 0.0001
* TRAIN - Accuracy 99.893 Loss 0.0081
* VALID - Accuracy 99.698 Loss 0.0107
Epoch:3
LR: 0.0001
* TRAIN - Accuracy 99.975 Loss 0.0061
* VALID - Accuracy 99.950 Loss 0.0079
Computing EWC
Sample 60000 for estimating the F matrix.
validation split name: 1
* VALID - Accuracy 97.778 Loss 0.0664
validation split name: 2
* VALID - Accuracy 92.165 Loss 0.2330
validation split name: 3
* VALID - Accuracy 99.146 Loss 0.0257
validation split name: 4
* VALID - Accuracy 99.950 Loss 0.0040
============================== Task: 5 ==============================
#reg_term: 1
Epoch:0
LR: 0.0001
* TRAIN - Accuracy 94.195 Loss 0.1783
* VALID - Accuracy 98.588 Loss 0.0517
Epoch:1
LR: 0.0001
* TRAIN - Accuracy 98.975 Loss 0.0448
* VALID - Accuracy 98.790 Loss 0.0410
Epoch:2
LR: 0.0001
* TRAIN - Accuracy 99.212 Loss 0.0337
* VALID - Accuracy 99.092 Loss 0.0326
Epoch:3
LR: 0.0001
* TRAIN - Accuracy 99.331 Loss 0.0313
* VALID - Accuracy 99.496 Loss 0.0261
Computing EWC
Sample 60000 for estimating the F matrix.
validation split name: 1
* VALID - Accuracy 73.806 Loss 0.6908
validation split name: 2
* VALID - Accuracy 78.012 Loss 0.6267
validation split name: 3
* VALID - Accuracy 92.529 Loss 0.2086
validation split name: 4
* VALID - Accuracy 97.331 Loss 0.0803
validation split name: 5
* VALID - Accuracy 99.496 Loss 0.0160
OrderedDict([('1', OrderedDict([('1', 99.95271867612293), ('2', 99.90543735224587), ('3', 98.43971631205673), ('4', 97.77777777777777), ('5', 73.80614657210401)])), ('2', OrderedDict([('2', 99.41234084231147), ('3', 95.15181194906954), ('4', 92.16454456415279), ('5', 78.01175318315377)])), ('3', OrderedDict([('3', 99.94663820704376), ('4', 99.1462113127001), ('5', 92.52934898612594)])), ('4', OrderedDict([('4', 99.9496475327291), ('5', 97.33131923464249)])), ('5', OrderedDict([('5', 99.4957135653051)]))])
Task 1 average acc: 99.95271867612293
Task 2 average acc: 99.65888909727866
Task 3 average acc: 97.84605548939
Task 4 average acc: 97.25954529683993
Task 5 average acc: 88.23485630826626
===Summary of experiment repeats: 9 / 10 ===
The regularization coefficient: 400.0
The last avg acc of all repeats: [97.83468797 83.37267555 93.28309011 98.98742157 91.36412425 98.95364011
 97.57517099 98.28074869 88.23485631  0.        ]
mean: 84.78864155476286 std: 28.69907990941405
split_boundaries: [0, 2, 4, 6, 8, 10]
{'1': [0, 1], '2': [2, 3], '3': [4, 5], '4': [6, 7], '5': [8, 9]}
MLP2(
  (linear): Sequential(
    (0): Linear(in_features=784, out_features=1024, bias=True)
    (1): ReLU()
    (2): Linear(in_features=1024, out_features=512, bias=True)
    (3): ReLU()
    (4): Linear(in_features=512, out_features=256, bias=True)
    (5): ReLU()
  )
  (last): ModuleDict(
    (1): Linear(in_features=256, out_features=2, bias=True)
    (2): Linear(in_features=256, out_features=2, bias=True)
    (3): Linear(in_features=256, out_features=2, bias=True)
    (4): Linear(in_features=256, out_features=2, bias=True)
    (5): Linear(in_features=256, out_features=2, bias=True)
  )
)
#parameter of model: 1462538
Task order: ['1', '2', '3', '4', '5']
============================== Task: 1 ==============================
#reg_term: 0
Epoch:0
LR: 0.001
* TRAIN - Accuracy 99.163 Loss 0.0280
* VALID - Accuracy 99.905 Loss 0.0023
Epoch:1
LR: 0.001
* TRAIN - Accuracy 99.929 Loss 0.0025
* VALID - Accuracy 99.953 Loss 0.0019
Epoch:2
LR: 0.001
* TRAIN - Accuracy 99.953 Loss 0.0021
* VALID - Accuracy 99.953 Loss 0.0021
Epoch:3
LR: 0.001
* TRAIN - Accuracy 99.953 Loss 0.0016
* VALID - Accuracy 99.764 Loss 0.0036
Computing EWC
Sample 60000 for estimating the F matrix.
validation split name: 1
* VALID - Accuracy 99.764 Loss 0.0036
============================== Task: 2 ==============================
#reg_term: 1
Epoch:0
LR: 0.0001
* TRAIN - Accuracy 90.711 Loss 0.2023
* VALID - Accuracy 98.237 Loss 0.0480
Epoch:1
LR: 0.0001
* TRAIN - Accuracy 98.412 Loss 0.0466
* VALID - Accuracy 98.923 Loss 0.0294
Epoch:2
LR: 0.0001
* TRAIN - Accuracy 98.983 Loss 0.0302
* VALID - Accuracy 99.265 Loss 0.0225
Epoch:3
LR: 0.0001
* TRAIN - Accuracy 99.446 Loss 0.0174
* VALID - Accuracy 99.412 Loss 0.0199
Computing EWC
Sample 60000 for estimating the F matrix.
validation split name: 1
* VALID - Accuracy 99.905 Loss 0.0050
validation split name: 2
* VALID - Accuracy 99.412 Loss 0.0193
============================== Task: 3 ==============================
#reg_term: 1
Epoch:0
LR: 0.0001
* TRAIN - Accuracy 94.655 Loss 0.1136
* VALID - Accuracy 99.893 Loss 0.0124
Epoch:1
LR: 0.0001
* TRAIN - Accuracy 99.707 Loss 0.0144
* VALID - Accuracy 99.893 Loss 0.0093
Epoch:2
LR: 0.0001
* TRAIN - Accuracy 99.893 Loss 0.0096
* VALID - Accuracy 99.893 Loss 0.0087
Epoch:3
LR: 0.0001
* TRAIN - Accuracy 99.964 Loss 0.0075
* VALID - Accuracy 100.000 Loss 0.0068
Computing EWC
Sample 60000 for estimating the F matrix.
validation split name: 1
* VALID - Accuracy 99.811 Loss 0.0072
validation split name: 2
* VALID - Accuracy 95.837 Loss 0.1396
validation split name: 3
* VALID - Accuracy 100.000 Loss 0.0026
============================== Task: 4 ==============================
#reg_term: 1
Epoch:0
LR: 0.0001
* TRAIN - Accuracy 96.602 Loss 0.0817
* VALID - Accuracy 99.597 Loss 0.0149
Epoch:1
LR: 0.0001
* TRAIN - Accuracy 99.844 Loss 0.0107
* VALID - Accuracy 99.799 Loss 0.0107
Epoch:2
LR: 0.0001
* TRAIN - Accuracy 99.959 Loss 0.0074
* VALID - Accuracy 99.849 Loss 0.0084
Epoch:3
LR: 0.0001
* TRAIN - Accuracy 99.975 Loss 0.0057
* VALID - Accuracy 99.899 Loss 0.0066
Computing EWC
Sample 60000 for estimating the F matrix.
validation split name: 1
* VALID - Accuracy 99.527 Loss 0.0156
validation split name: 2
* VALID - Accuracy 77.473 Loss 0.8964
validation split name: 3
* VALID - Accuracy 92.903 Loss 0.2778
validation split name: 4
* VALID - Accuracy 99.899 Loss 0.0030
============================== Task: 5 ==============================
#reg_term: 1
Epoch:0
LR: 0.0001
* TRAIN - Accuracy 94.195 Loss 0.1366
* VALID - Accuracy 98.084 Loss 0.0507
Epoch:1
LR: 0.0001
* TRAIN - Accuracy 98.983 Loss 0.0376
* VALID - Accuracy 98.538 Loss 0.0407
Epoch:2
LR: 0.0001
* TRAIN - Accuracy 99.203 Loss 0.0302
* VALID - Accuracy 99.042 Loss 0.0313
Epoch:3
LR: 0.0001
* TRAIN - Accuracy 99.542 Loss 0.0229
* VALID - Accuracy 98.840 Loss 0.0313
Computing EWC
Sample 60000 for estimating the F matrix.
validation split name: 1
* VALID - Accuracy 99.858 Loss 0.0084
validation split name: 2
* VALID - Accuracy 76.983 Loss 0.7243
validation split name: 3
* VALID - Accuracy 95.037 Loss 0.1624
validation split name: 4
* VALID - Accuracy 99.194 Loss 0.0253
validation split name: 5
* VALID - Accuracy 98.840 Loss 0.0250
OrderedDict([('1', OrderedDict([('1', 99.76359338061465), ('2', 99.90543735224587), ('3', 99.81087470449172), ('4', 99.52718676122932), ('5', 99.8581560283688)])), ('2', OrderedDict([('2', 99.41234084231147), ('3', 95.83741429970617), ('4', 77.47306562193927), ('5', 76.98334965719883)])), ('3', OrderedDict([('3', 100.0), ('4', 92.90288153681963), ('5', 95.03735325506938)])), ('4', OrderedDict([('4', 99.8992950654582), ('5', 99.19436052366567)])), ('5', OrderedDict([('5', 98.84014120020171)]))])
Task 1 average acc: 99.76359338061465
Task 2 average acc: 99.65888909727866
Task 3 average acc: 98.54942966806595
Task 4 average acc: 92.4506072463616
Task 5 average acc: 93.98267213290087
===Summary of experiment repeats: 10 / 10 ===
The regularization coefficient: 400.0
The last avg acc of all repeats: [97.83468797 83.37267555 93.28309011 98.98742157 91.36412425 98.95364011
 97.57517099 98.28074869 88.23485631 93.98267213]
mean: 94.18690876805296 std: 4.985118573464158
reg_coef: 400.0 mean: 94.18690876805296 std: 4.985118573464158
