split_boundaries: [0, 2, 4, 6, 8, 10]
{'1': [0, 1], '2': [2, 3], '3': [4, 5], '4': [6, 7], '5': [8, 9]}
MLP2(
  (linear): Sequential(
    (0): Linear(in_features=784, out_features=1024, bias=True)
    (1): ReLU()
    (2): Linear(in_features=1024, out_features=512, bias=True)
    (3): ReLU()
    (4): Linear(in_features=512, out_features=256, bias=True)
    (5): ReLU()
  )
  (last): ModuleDict(
    (1): Linear(in_features=256, out_features=2, bias=True)
    (2): Linear(in_features=256, out_features=2, bias=True)
    (3): Linear(in_features=256, out_features=2, bias=True)
    (4): Linear(in_features=256, out_features=2, bias=True)
    (5): Linear(in_features=256, out_features=2, bias=True)
  )
)
#parameter of model: 1462538
Task order: ['1', '2', '3', '4', '5']
============================== Task: 1 ==============================
#reg_term: 0
Epoch:0
LR: 0.001
* TRAIN - Accuracy 99.124 Loss 0.0421
* VALID - Accuracy 99.953 Loss 0.0017
Epoch:1
LR: 0.001
* TRAIN - Accuracy 99.905 Loss 0.0023
* VALID - Accuracy 99.953 Loss 0.0011
Epoch:2
LR: 0.001
* TRAIN - Accuracy 99.921 Loss 0.0023
* VALID - Accuracy 99.953 Loss 0.0022
Epoch:3
LR: 0.001
* TRAIN - Accuracy 99.953 Loss 0.0010
* VALID - Accuracy 99.905 Loss 0.0050
Computing MAS
validation split name: 1
* VALID - Accuracy 99.905 Loss 0.0050
============================== Task: 2 ==============================
#reg_term: 1
Epoch:0
LR: 0.0001
* TRAIN - Accuracy 89.941 Loss 0.3186
* VALID - Accuracy 97.062 Loss 0.1167
Epoch:1
LR: 0.0001
* TRAIN - Accuracy 97.667 Loss 0.0947
* VALID - Accuracy 98.433 Loss 0.0665
Epoch:2
LR: 0.0001
* TRAIN - Accuracy 98.346 Loss 0.0661
* VALID - Accuracy 98.580 Loss 0.0539
Epoch:3
LR: 0.0001
* TRAIN - Accuracy 98.734 Loss 0.0520
* VALID - Accuracy 99.021 Loss 0.0429
Computing MAS
validation split name: 1
* VALID - Accuracy 99.905 Loss 0.0049
validation split name: 2
* VALID - Accuracy 99.021 Loss 0.0304
============================== Task: 3 ==============================
#reg_term: 1
Epoch:0
LR: 0.0001
* TRAIN - Accuracy 93.980 Loss 0.2165
* VALID - Accuracy 99.626 Loss 0.0744
Epoch:1
LR: 0.0001
* TRAIN - Accuracy 99.370 Loss 0.0615
* VALID - Accuracy 99.733 Loss 0.0404
Epoch:2
LR: 0.0001
* TRAIN - Accuracy 99.556 Loss 0.0387
* VALID - Accuracy 99.893 Loss 0.0277
Epoch:3
LR: 0.0001
* TRAIN - Accuracy 99.707 Loss 0.0279
* VALID - Accuracy 99.893 Loss 0.0211
Computing MAS
validation split name: 1
* VALID - Accuracy 99.905 Loss 0.0042
validation split name: 2
* VALID - Accuracy 97.943 Loss 0.0561
validation split name: 3
* VALID - Accuracy 99.893 Loss 0.0079
============================== Task: 4 ==============================
#reg_term: 1
Epoch:0
LR: 0.0001
* TRAIN - Accuracy 96.159 Loss 0.1779
* VALID - Accuracy 99.446 Loss 0.0526
Epoch:1
LR: 0.0001
* TRAIN - Accuracy 99.819 Loss 0.0293
* VALID - Accuracy 99.698 Loss 0.0216
Epoch:2
LR: 0.0001
* TRAIN - Accuracy 99.885 Loss 0.0142
* VALID - Accuracy 99.748 Loss 0.0150
Epoch:3
LR: 0.0001
* TRAIN - Accuracy 99.910 Loss 0.0088
* VALID - Accuracy 99.748 Loss 0.0120
Computing MAS
validation split name: 1
* VALID - Accuracy 99.905 Loss 0.0041
validation split name: 2
* VALID - Accuracy 96.180 Loss 0.0948
validation split name: 3
* VALID - Accuracy 99.253 Loss 0.0282
validation split name: 4
* VALID - Accuracy 99.748 Loss 0.0079
============================== Task: 5 ==============================
#reg_term: 1
Epoch:0
LR: 0.0001
* TRAIN - Accuracy 95.102 Loss 0.2278
* VALID - Accuracy 97.680 Loss 0.1299
Epoch:1
LR: 0.0001
* TRAIN - Accuracy 97.881 Loss 0.1052
* VALID - Accuracy 97.781 Loss 0.0855
Epoch:2
LR: 0.0001
* TRAIN - Accuracy 98.339 Loss 0.0766
* VALID - Accuracy 98.336 Loss 0.0635
Epoch:3
LR: 0.0001
* TRAIN - Accuracy 98.686 Loss 0.0618
* VALID - Accuracy 98.538 Loss 0.0549
Computing MAS
validation split name: 1
* VALID - Accuracy 99.905 Loss 0.0044
validation split name: 2
* VALID - Accuracy 98.433 Loss 0.0424
validation split name: 3
* VALID - Accuracy 99.787 Loss 0.0158
validation split name: 4
* VALID - Accuracy 99.648 Loss 0.0090
validation split name: 5
* VALID - Accuracy 98.538 Loss 0.0392
OrderedDict([('1', OrderedDict([('1', 99.90543735224587), ('2', 99.90543735224587), ('3', 99.90543735224587), ('4', 99.90543735224587), ('5', 99.90543735224587)])), ('2', OrderedDict([('2', 99.0205680705191), ('3', 97.94319294809011), ('4', 96.18021547502448), ('5', 98.43290891283056)])), ('3', OrderedDict([('3', 99.89327641408751), ('4', 99.2529348986126), ('5', 99.78655282817503)])), ('4', OrderedDict([('4', 99.74823766364553), ('5', 99.64753272910373)])), ('5', OrderedDict([('5', 98.53756933938477)]))])
Task 1 average acc: 99.90543735224587
Task 2 average acc: 99.46300271138249
Task 3 average acc: 99.24730223814116
Task 4 average acc: 98.7717063473821
Task 5 average acc: 99.262000232348
===Summary of experiment repeats: 1 / 10 ===
The regularization coefficient: 1.0
The last avg acc of all repeats: [99.26200023  0.          0.          0.          0.          0.
  0.          0.          0.          0.        ]
mean: 9.9262000232348 std: 29.7786000697044
split_boundaries: [0, 2, 4, 6, 8, 10]
{'1': [0, 1], '2': [2, 3], '3': [4, 5], '4': [6, 7], '5': [8, 9]}
MLP2(
  (linear): Sequential(
    (0): Linear(in_features=784, out_features=1024, bias=True)
    (1): ReLU()
    (2): Linear(in_features=1024, out_features=512, bias=True)
    (3): ReLU()
    (4): Linear(in_features=512, out_features=256, bias=True)
    (5): ReLU()
  )
  (last): ModuleDict(
    (1): Linear(in_features=256, out_features=2, bias=True)
    (2): Linear(in_features=256, out_features=2, bias=True)
    (3): Linear(in_features=256, out_features=2, bias=True)
    (4): Linear(in_features=256, out_features=2, bias=True)
    (5): Linear(in_features=256, out_features=2, bias=True)
  )
)
#parameter of model: 1462538
Task order: ['1', '2', '3', '4', '5']
============================== Task: 1 ==============================
#reg_term: 0
Epoch:0
LR: 0.001
* TRAIN - Accuracy 99.147 Loss 0.0343
* VALID - Accuracy 99.858 Loss 0.0023
Epoch:1
LR: 0.001
* TRAIN - Accuracy 99.921 Loss 0.0024
* VALID - Accuracy 99.905 Loss 0.0017
Epoch:2
LR: 0.001
* TRAIN - Accuracy 99.953 Loss 0.0014
* VALID - Accuracy 99.905 Loss 0.0032
Epoch:3
LR: 0.001
* TRAIN - Accuracy 99.961 Loss 0.0011
* VALID - Accuracy 99.905 Loss 0.0024
Computing MAS
validation split name: 1
* VALID - Accuracy 99.905 Loss 0.0024
============================== Task: 2 ==============================
#reg_term: 1
Epoch:0
LR: 0.0001
* TRAIN - Accuracy 90.264 Loss 0.2933
* VALID - Accuracy 97.649 Loss 0.1047
Epoch:1
LR: 0.0001
* TRAIN - Accuracy 97.924 Loss 0.0948
* VALID - Accuracy 98.384 Loss 0.0705
Epoch:2
LR: 0.0001
* TRAIN - Accuracy 98.445 Loss 0.0669
* VALID - Accuracy 99.021 Loss 0.0468
Epoch:3
LR: 0.0001
* TRAIN - Accuracy 98.892 Loss 0.0507
* VALID - Accuracy 99.119 Loss 0.0377
Computing MAS
validation split name: 1
* VALID - Accuracy 99.905 Loss 0.0032
validation split name: 2
* VALID - Accuracy 99.119 Loss 0.0243
============================== Task: 3 ==============================
#reg_term: 1
Epoch:0
LR: 0.0001
* TRAIN - Accuracy 93.394 Loss 0.2322
* VALID - Accuracy 99.626 Loss 0.0804
Epoch:1
LR: 0.0001
* TRAIN - Accuracy 99.334 Loss 0.0606
* VALID - Accuracy 99.733 Loss 0.0379
Epoch:2
LR: 0.0001
* TRAIN - Accuracy 99.636 Loss 0.0341
* VALID - Accuracy 99.787 Loss 0.0248
Epoch:3
LR: 0.0001
* TRAIN - Accuracy 99.769 Loss 0.0238
* VALID - Accuracy 99.947 Loss 0.0197
Computing MAS
validation split name: 1
* VALID - Accuracy 99.905 Loss 0.0032
validation split name: 2
* VALID - Accuracy 97.747 Loss 0.0599
validation split name: 3
* VALID - Accuracy 99.947 Loss 0.0080
============================== Task: 4 ==============================
#reg_term: 1
Epoch:0
LR: 0.0001
* TRAIN - Accuracy 96.618 Loss 0.1780
* VALID - Accuracy 99.547 Loss 0.0461
Epoch:1
LR: 0.0001
* TRAIN - Accuracy 99.803 Loss 0.0272
* VALID - Accuracy 99.496 Loss 0.0262
Epoch:2
LR: 0.0001
* TRAIN - Accuracy 99.885 Loss 0.0166
* VALID - Accuracy 99.648 Loss 0.0172
Epoch:3
LR: 0.0001
* TRAIN - Accuracy 99.902 Loss 0.0120
* VALID - Accuracy 99.799 Loss 0.0150
Computing MAS
validation split name: 1
* VALID - Accuracy 99.905 Loss 0.0045
validation split name: 2
* VALID - Accuracy 90.842 Loss 0.2345
validation split name: 3
* VALID - Accuracy 97.545 Loss 0.0741
validation split name: 4
* VALID - Accuracy 99.799 Loss 0.0084
============================== Task: 5 ==============================
#reg_term: 1
Epoch:0
LR: 0.0001
* TRAIN - Accuracy 94.975 Loss 0.2173
* VALID - Accuracy 96.823 Loss 0.1401
Epoch:1
LR: 0.0001
* TRAIN - Accuracy 97.763 Loss 0.1106
* VALID - Accuracy 97.781 Loss 0.0984
Epoch:2
LR: 0.0001
* TRAIN - Accuracy 98.178 Loss 0.0826
* VALID - Accuracy 98.084 Loss 0.0768
Epoch:3
LR: 0.0001
* TRAIN - Accuracy 98.458 Loss 0.0683
* VALID - Accuracy 98.134 Loss 0.0686
Computing MAS
validation split name: 1
* VALID - Accuracy 99.905 Loss 0.0046
validation split name: 2
* VALID - Accuracy 84.133 Loss 0.4598
validation split name: 3
* VALID - Accuracy 96.318 Loss 0.0990
validation split name: 4
* VALID - Accuracy 99.648 Loss 0.0112
validation split name: 5
* VALID - Accuracy 98.134 Loss 0.0505
OrderedDict([('1', OrderedDict([('1', 99.90543735224587), ('2', 99.90543735224587), ('3', 99.90543735224587), ('4', 99.90543735224587), ('5', 99.90543735224587)])), ('2', OrderedDict([('2', 99.11851126346718), ('3', 97.74730656219393), ('4', 90.84231145935358), ('5', 84.13320274240941)])), ('3', OrderedDict([('3', 99.94663820704376), ('4', 97.5453575240128), ('5', 96.31803628601921)])), ('4', OrderedDict([('4', 99.79859013091641), ('5', 99.64753272910373)])), ('5', OrderedDict([('5', 98.13414019162884)]))])
Task 1 average acc: 99.90543735224587
Task 2 average acc: 99.51197430785652
Task 3 average acc: 99.19979404049451
Task 4 average acc: 97.02292411663217
Task 5 average acc: 95.6276698602814
===Summary of experiment repeats: 2 / 10 ===
The regularization coefficient: 1.0
The last avg acc of all repeats: [99.26200023 95.62766986  0.          0.          0.          0.
  0.          0.          0.          0.        ]
mean: 19.48896700926294 std: 38.986404786992395
split_boundaries: [0, 2, 4, 6, 8, 10]
{'1': [0, 1], '2': [2, 3], '3': [4, 5], '4': [6, 7], '5': [8, 9]}
MLP2(
  (linear): Sequential(
    (0): Linear(in_features=784, out_features=1024, bias=True)
    (1): ReLU()
    (2): Linear(in_features=1024, out_features=512, bias=True)
    (3): ReLU()
    (4): Linear(in_features=512, out_features=256, bias=True)
    (5): ReLU()
  )
  (last): ModuleDict(
    (1): Linear(in_features=256, out_features=2, bias=True)
    (2): Linear(in_features=256, out_features=2, bias=True)
    (3): Linear(in_features=256, out_features=2, bias=True)
    (4): Linear(in_features=256, out_features=2, bias=True)
    (5): Linear(in_features=256, out_features=2, bias=True)
  )
)
#parameter of model: 1462538
Task order: ['1', '2', '3', '4', '5']
============================== Task: 1 ==============================
#reg_term: 0
Epoch:0
LR: 0.001
* TRAIN - Accuracy 99.360 Loss 0.0334
* VALID - Accuracy 99.858 Loss 0.0019
Epoch:1
LR: 0.001
* TRAIN - Accuracy 99.897 Loss 0.0027
* VALID - Accuracy 99.953 Loss 0.0014
Epoch:2
LR: 0.001
* TRAIN - Accuracy 99.953 Loss 0.0016
* VALID - Accuracy 99.905 Loss 0.0029
Epoch:3
LR: 0.001
* TRAIN - Accuracy 99.929 Loss 0.0022
* VALID - Accuracy 99.953 Loss 0.0011
Computing MAS
validation split name: 1
* VALID - Accuracy 99.953 Loss 0.0011
============================== Task: 2 ==============================
#reg_term: 1
Epoch:0
LR: 0.0001
* TRAIN - Accuracy 90.727 Loss 0.3027
* VALID - Accuracy 97.894 Loss 0.1037
Epoch:1
LR: 0.0001
* TRAIN - Accuracy 98.164 Loss 0.0903
* VALID - Accuracy 98.678 Loss 0.0617
Epoch:2
LR: 0.0001
* TRAIN - Accuracy 98.784 Loss 0.0591
* VALID - Accuracy 99.216 Loss 0.0448
Epoch:3
LR: 0.0001
* TRAIN - Accuracy 99.065 Loss 0.0446
* VALID - Accuracy 99.314 Loss 0.0359
Computing MAS
validation split name: 1
* VALID - Accuracy 99.953 Loss 0.0008
validation split name: 2
* VALID - Accuracy 99.314 Loss 0.0228
============================== Task: 3 ==============================
#reg_term: 1
Epoch:0
LR: 0.0001
* TRAIN - Accuracy 95.534 Loss 0.1884
* VALID - Accuracy 99.733 Loss 0.0655
Epoch:1
LR: 0.0001
* TRAIN - Accuracy 99.512 Loss 0.0511
* VALID - Accuracy 99.573 Loss 0.0362
Epoch:2
LR: 0.0001
* TRAIN - Accuracy 99.680 Loss 0.0307
* VALID - Accuracy 99.787 Loss 0.0236
Epoch:3
LR: 0.0001
* TRAIN - Accuracy 99.778 Loss 0.0213
* VALID - Accuracy 100.000 Loss 0.0161
Computing MAS
validation split name: 1
* VALID - Accuracy 99.953 Loss 0.0009
validation split name: 2
* VALID - Accuracy 98.139 Loss 0.0483
validation split name: 3
* VALID - Accuracy 100.000 Loss 0.0062
============================== Task: 4 ==============================
#reg_term: 1
Epoch:0
LR: 0.0001
* TRAIN - Accuracy 96.257 Loss 0.1820
* VALID - Accuracy 99.396 Loss 0.0456
Epoch:1
LR: 0.0001
* TRAIN - Accuracy 99.828 Loss 0.0264
* VALID - Accuracy 99.597 Loss 0.0230
Epoch:2
LR: 0.0001
* TRAIN - Accuracy 99.869 Loss 0.0145
* VALID - Accuracy 99.698 Loss 0.0158
Epoch:3
LR: 0.0001
* TRAIN - Accuracy 99.918 Loss 0.0102
* VALID - Accuracy 99.698 Loss 0.0151
Computing MAS
validation split name: 1
* VALID - Accuracy 99.905 Loss 0.0012
validation split name: 2
* VALID - Accuracy 96.180 Loss 0.1097
validation split name: 3
* VALID - Accuracy 97.385 Loss 0.0694
validation split name: 4
* VALID - Accuracy 99.698 Loss 0.0098
============================== Task: 5 ==============================
#reg_term: 1
Epoch:0
LR: 0.0001
* TRAIN - Accuracy 95.542 Loss 0.1799
* VALID - Accuracy 97.680 Loss 0.1109
Epoch:1
LR: 0.0001
* TRAIN - Accuracy 97.992 Loss 0.0891
* VALID - Accuracy 98.235 Loss 0.0770
Epoch:2
LR: 0.0001
* TRAIN - Accuracy 98.339 Loss 0.0648
* VALID - Accuracy 98.134 Loss 0.0737
Epoch:3
LR: 0.0001
* TRAIN - Accuracy 98.763 Loss 0.0520
* VALID - Accuracy 97.378 Loss 0.0836
Computing MAS
validation split name: 1
* VALID - Accuracy 99.905 Loss 0.0014
validation split name: 2
* VALID - Accuracy 90.891 Loss 0.2359
validation split name: 3
* VALID - Accuracy 98.186 Loss 0.0496
validation split name: 4
* VALID - Accuracy 99.144 Loss 0.0242
validation split name: 5
* VALID - Accuracy 97.378 Loss 0.0707
OrderedDict([('1', OrderedDict([('1', 99.95271867612293), ('2', 99.95271867612293), ('3', 99.95271867612293), ('4', 99.90543735224587), ('5', 99.90543735224587)])), ('2', OrderedDict([('2', 99.31439764936337), ('3', 98.13907933398629), ('4', 96.18021547502448), ('5', 90.89128305582761)])), ('3', OrderedDict([('3', 100.0), ('4', 97.38527214514407), ('5', 98.18569903948773)])), ('4', OrderedDict([('4', 99.69788519637463), ('5', 99.14400805639477)])), ('5', OrderedDict([('5', 97.37771053958649)]))])
Task 1 average acc: 99.95271867612293
Task 2 average acc: 99.63355816274316
Task 3 average acc: 99.36393267003639
Task 4 average acc: 98.29220254219726
Task 5 average acc: 97.1008276087085
===Summary of experiment repeats: 3 / 10 ===
The regularization coefficient: 1.0
The last avg acc of all repeats: [99.26200023 95.62766986 97.10082761  0.          0.          0.
  0.          0.          0.          0.        ]
mean: 29.199049770133787 std: 44.60977648514085
split_boundaries: [0, 2, 4, 6, 8, 10]
{'1': [0, 1], '2': [2, 3], '3': [4, 5], '4': [6, 7], '5': [8, 9]}
MLP2(
  (linear): Sequential(
    (0): Linear(in_features=784, out_features=1024, bias=True)
    (1): ReLU()
    (2): Linear(in_features=1024, out_features=512, bias=True)
    (3): ReLU()
    (4): Linear(in_features=512, out_features=256, bias=True)
    (5): ReLU()
  )
  (last): ModuleDict(
    (1): Linear(in_features=256, out_features=2, bias=True)
    (2): Linear(in_features=256, out_features=2, bias=True)
    (3): Linear(in_features=256, out_features=2, bias=True)
    (4): Linear(in_features=256, out_features=2, bias=True)
    (5): Linear(in_features=256, out_features=2, bias=True)
  )
)
#parameter of model: 1462538
Task order: ['1', '2', '3', '4', '5']
============================== Task: 1 ==============================
#reg_term: 0
Epoch:0
LR: 0.001
* TRAIN - Accuracy 99.226 Loss 0.0260
* VALID - Accuracy 99.953 Loss 0.0014
Epoch:1
LR: 0.001
* TRAIN - Accuracy 99.929 Loss 0.0018
* VALID - Accuracy 99.953 Loss 0.0017
Epoch:2
LR: 0.001
* TRAIN - Accuracy 99.961 Loss 0.0011
* VALID - Accuracy 99.905 Loss 0.0035
Epoch:3
LR: 0.001
* TRAIN - Accuracy 99.905 Loss 0.0022
* VALID - Accuracy 99.905 Loss 0.0034
Computing MAS
validation split name: 1
* VALID - Accuracy 99.905 Loss 0.0034
============================== Task: 2 ==============================
#reg_term: 1
Epoch:0
LR: 0.0001
* TRAIN - Accuracy 91.529 Loss 0.2713
* VALID - Accuracy 97.894 Loss 0.1021
Epoch:1
LR: 0.0001
* TRAIN - Accuracy 98.313 Loss 0.0871
* VALID - Accuracy 98.825 Loss 0.0600
Epoch:2
LR: 0.0001
* TRAIN - Accuracy 98.792 Loss 0.0612
* VALID - Accuracy 99.216 Loss 0.0430
Epoch:3
LR: 0.0001
* TRAIN - Accuracy 99.140 Loss 0.0443
* VALID - Accuracy 99.265 Loss 0.0391
Computing MAS
validation split name: 1
* VALID - Accuracy 99.905 Loss 0.0032
validation split name: 2
* VALID - Accuracy 99.265 Loss 0.0237
============================== Task: 3 ==============================
#reg_term: 1
Epoch:0
LR: 0.0001
* TRAIN - Accuracy 95.632 Loss 0.1777
* VALID - Accuracy 99.733 Loss 0.0626
Epoch:1
LR: 0.0001
* TRAIN - Accuracy 99.485 Loss 0.0496
* VALID - Accuracy 99.787 Loss 0.0324
Epoch:2
LR: 0.0001
* TRAIN - Accuracy 99.654 Loss 0.0290
* VALID - Accuracy 99.840 Loss 0.0230
Epoch:3
LR: 0.0001
* TRAIN - Accuracy 99.751 Loss 0.0201
* VALID - Accuracy 99.947 Loss 0.0164
Computing MAS
validation split name: 1
* VALID - Accuracy 99.905 Loss 0.0033
validation split name: 2
* VALID - Accuracy 98.433 Loss 0.0396
validation split name: 3
* VALID - Accuracy 99.947 Loss 0.0074
============================== Task: 4 ==============================
#reg_term: 1
Epoch:0
LR: 0.0001
* TRAIN - Accuracy 96.979 Loss 0.1486
* VALID - Accuracy 99.547 Loss 0.0449
Epoch:1
LR: 0.0001
* TRAIN - Accuracy 99.844 Loss 0.0253
* VALID - Accuracy 99.597 Loss 0.0209
Epoch:2
LR: 0.0001
* TRAIN - Accuracy 99.885 Loss 0.0137
* VALID - Accuracy 99.698 Loss 0.0162
Epoch:3
LR: 0.0001
* TRAIN - Accuracy 99.918 Loss 0.0101
* VALID - Accuracy 99.748 Loss 0.0134
Computing MAS
validation split name: 1
* VALID - Accuracy 99.905 Loss 0.0032
validation split name: 2
* VALID - Accuracy 97.062 Loss 0.0823
validation split name: 3
* VALID - Accuracy 99.947 Loss 0.0073
validation split name: 4
* VALID - Accuracy 99.748 Loss 0.0078
============================== Task: 5 ==============================
#reg_term: 1
Epoch:0
LR: 0.0001
* TRAIN - Accuracy 94.186 Loss 0.2356
* VALID - Accuracy 97.832 Loss 0.1204
Epoch:1
LR: 0.0001
* TRAIN - Accuracy 97.992 Loss 0.0994
* VALID - Accuracy 97.932 Loss 0.0817
Epoch:2
LR: 0.0001
* TRAIN - Accuracy 98.407 Loss 0.0709
* VALID - Accuracy 98.285 Loss 0.0630
Epoch:3
LR: 0.0001
* TRAIN - Accuracy 98.686 Loss 0.0583
* VALID - Accuracy 98.185 Loss 0.0601
Computing MAS
validation split name: 1
* VALID - Accuracy 99.953 Loss 0.0031
validation split name: 2
* VALID - Accuracy 97.796 Loss 0.0553
validation split name: 3
* VALID - Accuracy 99.146 Loss 0.0174
validation split name: 4
* VALID - Accuracy 99.748 Loss 0.0083
validation split name: 5
* VALID - Accuracy 98.185 Loss 0.0435
OrderedDict([('1', OrderedDict([('1', 99.90543735224587), ('2', 99.90543735224587), ('3', 99.90543735224587), ('4', 99.90543735224587), ('5', 99.95271867612293)])), ('2', OrderedDict([('2', 99.26542605288932), ('3', 98.43290891283056), ('4', 97.0617042115573), ('5', 97.79627815866797)])), ('3', OrderedDict([('3', 99.94663820704376), ('4', 99.94663820704376), ('5', 99.1462113127001)])), ('4', OrderedDict([('4', 99.74823766364553), ('5', 99.74823766364553)])), ('5', OrderedDict([('5', 98.18456883509833)]))])
Task 1 average acc: 99.90543735224587
Task 2 average acc: 99.5854317025676
Task 3 average acc: 99.4283281573734
Task 4 average acc: 99.16550435862311
Task 5 average acc: 98.96560292924696
===Summary of experiment repeats: 4 / 10 ===
The regularization coefficient: 1.0
The last avg acc of all repeats: [99.26200023 95.62766986 97.10082761 98.96560293  0.          0.
  0.          0.          0.          0.        ]
mean: 39.09561006305849 std: 47.89122044430684
split_boundaries: [0, 2, 4, 6, 8, 10]
{'1': [0, 1], '2': [2, 3], '3': [4, 5], '4': [6, 7], '5': [8, 9]}
MLP2(
  (linear): Sequential(
    (0): Linear(in_features=784, out_features=1024, bias=True)
    (1): ReLU()
    (2): Linear(in_features=1024, out_features=512, bias=True)
    (3): ReLU()
    (4): Linear(in_features=512, out_features=256, bias=True)
    (5): ReLU()
  )
  (last): ModuleDict(
    (1): Linear(in_features=256, out_features=2, bias=True)
    (2): Linear(in_features=256, out_features=2, bias=True)
    (3): Linear(in_features=256, out_features=2, bias=True)
    (4): Linear(in_features=256, out_features=2, bias=True)
    (5): Linear(in_features=256, out_features=2, bias=True)
  )
)
#parameter of model: 1462538
Task order: ['1', '2', '3', '4', '5']
============================== Task: 1 ==============================
#reg_term: 0
Epoch:0
LR: 0.001
* TRAIN - Accuracy 99.281 Loss 0.0277
* VALID - Accuracy 99.905 Loss 0.0028
Epoch:1
LR: 0.001
* TRAIN - Accuracy 99.913 Loss 0.0020
* VALID - Accuracy 99.905 Loss 0.0041
Epoch:2
LR: 0.001
* TRAIN - Accuracy 99.961 Loss 0.0012
* VALID - Accuracy 99.905 Loss 0.0073
Epoch:3
LR: 0.001
* TRAIN - Accuracy 99.921 Loss 0.0033
* VALID - Accuracy 99.858 Loss 0.0026
Computing MAS
validation split name: 1
* VALID - Accuracy 99.858 Loss 0.0026
============================== Task: 2 ==============================
#reg_term: 1
Epoch:0
LR: 0.0001
* TRAIN - Accuracy 90.479 Loss 0.2938
* VALID - Accuracy 98.090 Loss 0.0928
Epoch:1
LR: 0.0001
* TRAIN - Accuracy 97.907 Loss 0.0874
* VALID - Accuracy 98.580 Loss 0.0620
Epoch:2
LR: 0.0001
* TRAIN - Accuracy 98.544 Loss 0.0605
* VALID - Accuracy 98.923 Loss 0.0449
Epoch:3
LR: 0.0001
* TRAIN - Accuracy 99.032 Loss 0.0447
* VALID - Accuracy 98.972 Loss 0.0398
Computing MAS
validation split name: 1
* VALID - Accuracy 99.905 Loss 0.0029
validation split name: 2
* VALID - Accuracy 98.972 Loss 0.0273
============================== Task: 3 ==============================
#reg_term: 1
Epoch:0
LR: 0.0001
* TRAIN - Accuracy 94.398 Loss 0.2158
* VALID - Accuracy 99.413 Loss 0.0757
Epoch:1
LR: 0.0001
* TRAIN - Accuracy 99.405 Loss 0.0577
* VALID - Accuracy 99.466 Loss 0.0396
Epoch:2
LR: 0.0001
* TRAIN - Accuracy 99.600 Loss 0.0343
* VALID - Accuracy 99.840 Loss 0.0249
Epoch:3
LR: 0.0001
* TRAIN - Accuracy 99.734 Loss 0.0240
* VALID - Accuracy 99.893 Loss 0.0196
Computing MAS
validation split name: 1
* VALID - Accuracy 99.858 Loss 0.0029
validation split name: 2
* VALID - Accuracy 95.642 Loss 0.1280
validation split name: 3
* VALID - Accuracy 99.893 Loss 0.0081
============================== Task: 4 ==============================
#reg_term: 1
Epoch:0
LR: 0.0001
* TRAIN - Accuracy 96.126 Loss 0.2071
* VALID - Accuracy 99.396 Loss 0.0472
Epoch:1
LR: 0.0001
* TRAIN - Accuracy 99.852 Loss 0.0263
* VALID - Accuracy 99.648 Loss 0.0213
Epoch:2
LR: 0.0001
* TRAIN - Accuracy 99.860 Loss 0.0141
* VALID - Accuracy 99.748 Loss 0.0151
Epoch:3
LR: 0.0001
* TRAIN - Accuracy 99.910 Loss 0.0099
* VALID - Accuracy 99.748 Loss 0.0121
Computing MAS
validation split name: 1
* VALID - Accuracy 99.858 Loss 0.0028
validation split name: 2
* VALID - Accuracy 94.221 Loss 0.1574
validation split name: 3
* VALID - Accuracy 99.787 Loss 0.0111
validation split name: 4
* VALID - Accuracy 99.748 Loss 0.0076
============================== Task: 5 ==============================
#reg_term: 1
Epoch:0
LR: 0.0001
* TRAIN - Accuracy 95.280 Loss 0.2100
* VALID - Accuracy 97.579 Loss 0.1201
Epoch:1
LR: 0.0001
* TRAIN - Accuracy 98.220 Loss 0.0969
* VALID - Accuracy 97.529 Loss 0.0907
Epoch:2
LR: 0.0001
* TRAIN - Accuracy 98.424 Loss 0.0734
* VALID - Accuracy 98.285 Loss 0.0676
Epoch:3
LR: 0.0001
* TRAIN - Accuracy 98.703 Loss 0.0617
* VALID - Accuracy 98.084 Loss 0.0668
Computing MAS
validation split name: 1
* VALID - Accuracy 99.858 Loss 0.0036
validation split name: 2
* VALID - Accuracy 93.291 Loss 0.1878
validation split name: 3
* VALID - Accuracy 99.360 Loss 0.0187
validation split name: 4
* VALID - Accuracy 99.345 Loss 0.0176
validation split name: 5
* VALID - Accuracy 98.084 Loss 0.0497
OrderedDict([('1', OrderedDict([('1', 99.8581560283688), ('2', 99.90543735224587), ('3', 99.8581560283688), ('4', 99.8581560283688), ('5', 99.8581560283688)])), ('2', OrderedDict([('2', 98.97159647404506), ('3', 95.64152791381), ('4', 94.22135161606268), ('5', 93.29089128305583)])), ('3', OrderedDict([('3', 99.89327641408751), ('4', 99.78655282817503), ('5', 99.35965848452508)])), ('4', OrderedDict([('4', 99.74823766364553), ('5', 99.34541792547834)])), ('5', OrderedDict([('5', 98.08371154815936)]))])
Task 1 average acc: 99.8581560283688
Task 2 average acc: 99.43851691314546
Task 3 average acc: 98.46432011875544
Task 4 average acc: 98.40357453406301
Task 5 average acc: 97.98756705391747
===Summary of experiment repeats: 5 / 10 ===
The regularization coefficient: 1.0
The last avg acc of all repeats: [99.26200023 95.62766986 97.10082761 98.96560293 97.98756705  0.
  0.          0.          0.          0.        ]
mean: 48.89436676845023 std: 48.903302034471864
split_boundaries: [0, 2, 4, 6, 8, 10]
{'1': [0, 1], '2': [2, 3], '3': [4, 5], '4': [6, 7], '5': [8, 9]}
MLP2(
  (linear): Sequential(
    (0): Linear(in_features=784, out_features=1024, bias=True)
    (1): ReLU()
    (2): Linear(in_features=1024, out_features=512, bias=True)
    (3): ReLU()
    (4): Linear(in_features=512, out_features=256, bias=True)
    (5): ReLU()
  )
  (last): ModuleDict(
    (1): Linear(in_features=256, out_features=2, bias=True)
    (2): Linear(in_features=256, out_features=2, bias=True)
    (3): Linear(in_features=256, out_features=2, bias=True)
    (4): Linear(in_features=256, out_features=2, bias=True)
    (5): Linear(in_features=256, out_features=2, bias=True)
  )
)
#parameter of model: 1462538
Task order: ['1', '2', '3', '4', '5']
============================== Task: 1 ==============================
#reg_term: 0
Epoch:0
LR: 0.001
* TRAIN - Accuracy 99.053 Loss 0.0317
* VALID - Accuracy 99.858 Loss 0.0031
Epoch:1
LR: 0.001
* TRAIN - Accuracy 99.929 Loss 0.0021
* VALID - Accuracy 99.811 Loss 0.0042
Epoch:2
LR: 0.001
* TRAIN - Accuracy 99.913 Loss 0.0019
* VALID - Accuracy 99.953 Loss 0.0019
Epoch:3
LR: 0.001
* TRAIN - Accuracy 99.953 Loss 0.0014
* VALID - Accuracy 99.953 Loss 0.0016
Computing MAS
validation split name: 1
* VALID - Accuracy 99.953 Loss 0.0016
============================== Task: 2 ==============================
#reg_term: 1
Epoch:0
LR: 0.0001
* TRAIN - Accuracy 90.380 Loss 0.2916
* VALID - Accuracy 97.747 Loss 0.0981
Epoch:1
LR: 0.0001
* TRAIN - Accuracy 97.924 Loss 0.0874
* VALID - Accuracy 98.629 Loss 0.0587
Epoch:2
LR: 0.0001
* TRAIN - Accuracy 98.718 Loss 0.0573
* VALID - Accuracy 98.923 Loss 0.0442
Epoch:3
LR: 0.0001
* TRAIN - Accuracy 99.082 Loss 0.0427
* VALID - Accuracy 99.070 Loss 0.0397
Computing MAS
validation split name: 1
* VALID - Accuracy 99.953 Loss 0.0018
validation split name: 2
* VALID - Accuracy 99.070 Loss 0.0268
============================== Task: 3 ==============================
#reg_term: 1
Epoch:0
LR: 0.0001
* TRAIN - Accuracy 92.711 Loss 0.2509
* VALID - Accuracy 99.093 Loss 0.0761
Epoch:1
LR: 0.0001
* TRAIN - Accuracy 99.325 Loss 0.0583
* VALID - Accuracy 99.413 Loss 0.0403
Epoch:2
LR: 0.0001
* TRAIN - Accuracy 99.600 Loss 0.0355
* VALID - Accuracy 99.840 Loss 0.0268
Epoch:3
LR: 0.0001
* TRAIN - Accuracy 99.680 Loss 0.0262
* VALID - Accuracy 99.787 Loss 0.0210
Computing MAS
validation split name: 1
* VALID - Accuracy 99.953 Loss 0.0017
validation split name: 2
* VALID - Accuracy 98.776 Loss 0.0314
validation split name: 3
* VALID - Accuracy 99.787 Loss 0.0090
============================== Task: 4 ==============================
#reg_term: 1
Epoch:0
LR: 0.0001
* TRAIN - Accuracy 96.602 Loss 0.1551
* VALID - Accuracy 99.597 Loss 0.0504
Epoch:1
LR: 0.0001
* TRAIN - Accuracy 99.844 Loss 0.0327
* VALID - Accuracy 99.648 Loss 0.0254
Epoch:2
LR: 0.0001
* TRAIN - Accuracy 99.860 Loss 0.0180
* VALID - Accuracy 99.648 Loss 0.0186
Epoch:3
LR: 0.0001
* TRAIN - Accuracy 99.877 Loss 0.0126
* VALID - Accuracy 99.748 Loss 0.0156
Computing MAS
validation split name: 1
* VALID - Accuracy 99.953 Loss 0.0019
validation split name: 2
* VALID - Accuracy 95.739 Loss 0.1276
validation split name: 3
* VALID - Accuracy 99.733 Loss 0.0118
validation split name: 4
* VALID - Accuracy 99.748 Loss 0.0096
============================== Task: 5 ==============================
#reg_term: 1
Epoch:0
LR: 0.0001
* TRAIN - Accuracy 90.992 Loss 0.3933
* VALID - Accuracy 97.378 Loss 0.1539
Epoch:1
LR: 0.0001
* TRAIN - Accuracy 98.042 Loss 0.1139
* VALID - Accuracy 98.134 Loss 0.0871
Epoch:2
LR: 0.0001
* TRAIN - Accuracy 98.364 Loss 0.0785
* VALID - Accuracy 98.235 Loss 0.0671
Epoch:3
LR: 0.0001
* TRAIN - Accuracy 98.703 Loss 0.0611
* VALID - Accuracy 98.689 Loss 0.0532
Computing MAS
validation split name: 1
* VALID - Accuracy 99.953 Loss 0.0020
validation split name: 2
* VALID - Accuracy 94.172 Loss 0.1767
validation split name: 3
* VALID - Accuracy 99.626 Loss 0.0142
validation split name: 4
* VALID - Accuracy 99.446 Loss 0.0156
validation split name: 5
* VALID - Accuracy 98.689 Loss 0.0368
OrderedDict([('1', OrderedDict([('1', 99.95271867612293), ('2', 99.95271867612293), ('3', 99.95271867612293), ('4', 99.95271867612293), ('5', 99.95271867612293)])), ('2', OrderedDict([('2', 99.06953966699314), ('3', 98.77571008814887), ('4', 95.73947110675807), ('5', 94.17238001958864)])), ('3', OrderedDict([('3', 99.78655282817503), ('4', 99.73319103521878), ('5', 99.62646744930629)])), ('4', OrderedDict([('4', 99.74823766364553), ('5', 99.44612286002014)])), ('5', OrderedDict([('5', 98.68885526979324)]))])
Task 1 average acc: 99.95271867612293
Task 2 average acc: 99.51112917155803
Task 3 average acc: 99.50499386414894
Task 4 average acc: 98.79340462043632
Task 5 average acc: 98.37730885496624
===Summary of experiment repeats: 6 / 10 ===
The regularization coefficient: 1.0
The last avg acc of all repeats: [99.26200023 95.62766986 97.10082761 98.96560293 97.98756705 98.37730885
  0.          0.          0.          0.        ]
mean: 58.73209765394686 std: 47.96396821035872
split_boundaries: [0, 2, 4, 6, 8, 10]
{'1': [0, 1], '2': [2, 3], '3': [4, 5], '4': [6, 7], '5': [8, 9]}
MLP2(
  (linear): Sequential(
    (0): Linear(in_features=784, out_features=1024, bias=True)
    (1): ReLU()
    (2): Linear(in_features=1024, out_features=512, bias=True)
    (3): ReLU()
    (4): Linear(in_features=512, out_features=256, bias=True)
    (5): ReLU()
  )
  (last): ModuleDict(
    (1): Linear(in_features=256, out_features=2, bias=True)
    (2): Linear(in_features=256, out_features=2, bias=True)
    (3): Linear(in_features=256, out_features=2, bias=True)
    (4): Linear(in_features=256, out_features=2, bias=True)
    (5): Linear(in_features=256, out_features=2, bias=True)
  )
)
#parameter of model: 1462538
Task order: ['1', '2', '3', '4', '5']
============================== Task: 1 ==============================
#reg_term: 0
Epoch:0
LR: 0.001
* TRAIN - Accuracy 99.203 Loss 0.0289
* VALID - Accuracy 100.000 Loss 0.0009
Epoch:1
LR: 0.001
* TRAIN - Accuracy 99.905 Loss 0.0026
* VALID - Accuracy 99.953 Loss 0.0015
Epoch:2
LR: 0.001
* TRAIN - Accuracy 99.937 Loss 0.0015
* VALID - Accuracy 99.858 Loss 0.0041
Epoch:3
LR: 0.001
* TRAIN - Accuracy 99.984 Loss 0.0011
* VALID - Accuracy 99.858 Loss 0.0036
Computing MAS
validation split name: 1
* VALID - Accuracy 99.858 Loss 0.0036
============================== Task: 2 ==============================
#reg_term: 1
Epoch:0
LR: 0.0001
* TRAIN - Accuracy 89.784 Loss 0.3088
* VALID - Accuracy 97.747 Loss 0.1027
Epoch:1
LR: 0.0001
* TRAIN - Accuracy 97.924 Loss 0.0908
* VALID - Accuracy 98.139 Loss 0.0746
Epoch:2
LR: 0.0001
* TRAIN - Accuracy 98.602 Loss 0.0640
* VALID - Accuracy 99.167 Loss 0.0468
Epoch:3
LR: 0.0001
* TRAIN - Accuracy 98.983 Loss 0.0486
* VALID - Accuracy 99.510 Loss 0.0381
Computing MAS
validation split name: 1
* VALID - Accuracy 99.858 Loss 0.0031
validation split name: 2
* VALID - Accuracy 99.510 Loss 0.0232
============================== Task: 3 ==============================
#reg_term: 1
Epoch:0
LR: 0.0001
* TRAIN - Accuracy 94.184 Loss 0.2133
* VALID - Accuracy 99.680 Loss 0.0688
Epoch:1
LR: 0.0001
* TRAIN - Accuracy 99.538 Loss 0.0513
* VALID - Accuracy 99.733 Loss 0.0322
Epoch:2
LR: 0.0001
* TRAIN - Accuracy 99.743 Loss 0.0286
* VALID - Accuracy 99.947 Loss 0.0206
Epoch:3
LR: 0.0001
* TRAIN - Accuracy 99.805 Loss 0.0207
* VALID - Accuracy 99.893 Loss 0.0161
Computing MAS
validation split name: 1
* VALID - Accuracy 99.858 Loss 0.0028
validation split name: 2
* VALID - Accuracy 94.662 Loss 0.1439
validation split name: 3
* VALID - Accuracy 99.893 Loss 0.0067
============================== Task: 4 ==============================
#reg_term: 1
Epoch:0
LR: 0.0001
* TRAIN - Accuracy 97.053 Loss 0.1489
* VALID - Accuracy 99.446 Loss 0.0522
Epoch:1
LR: 0.0001
* TRAIN - Accuracy 99.795 Loss 0.0306
* VALID - Accuracy 99.748 Loss 0.0249
Epoch:2
LR: 0.0001
* TRAIN - Accuracy 99.852 Loss 0.0143
* VALID - Accuracy 99.648 Loss 0.0151
Epoch:3
LR: 0.0001
* TRAIN - Accuracy 99.910 Loss 0.0089
* VALID - Accuracy 99.748 Loss 0.0122
Computing MAS
validation split name: 1
* VALID - Accuracy 99.905 Loss 0.0025
validation split name: 2
* VALID - Accuracy 94.907 Loss 0.1875
validation split name: 3
* VALID - Accuracy 99.893 Loss 0.0083
validation split name: 4
* VALID - Accuracy 99.748 Loss 0.0084
============================== Task: 5 ==============================
#reg_term: 1
Epoch:0
LR: 0.0001
* TRAIN - Accuracy 95.305 Loss 0.1969
* VALID - Accuracy 97.983 Loss 0.1068
Epoch:1
LR: 0.0001
* TRAIN - Accuracy 98.195 Loss 0.0903
* VALID - Accuracy 98.033 Loss 0.0809
Epoch:2
LR: 0.0001
* TRAIN - Accuracy 98.407 Loss 0.0703
* VALID - Accuracy 98.285 Loss 0.0696
Epoch:3
LR: 0.0001
* TRAIN - Accuracy 98.619 Loss 0.0591
* VALID - Accuracy 98.588 Loss 0.0552
Computing MAS
validation split name: 1
* VALID - Accuracy 99.953 Loss 0.0022
validation split name: 2
* VALID - Accuracy 95.984 Loss 0.1357
validation split name: 3
* VALID - Accuracy 99.787 Loss 0.0064
validation split name: 4
* VALID - Accuracy 99.446 Loss 0.0167
validation split name: 5
* VALID - Accuracy 98.588 Loss 0.0379
OrderedDict([('1', OrderedDict([('1', 99.8581560283688), ('2', 99.8581560283688), ('3', 99.8581560283688), ('4', 99.90543735224587), ('5', 99.95271867612293)])), ('2', OrderedDict([('2', 99.51028403525955), ('3', 94.66209598432908), ('4', 94.90695396669932), ('5', 95.98432908912831)])), ('3', OrderedDict([('3', 99.89327641408751), ('4', 99.89327641408751), ('5', 99.78655282817503)])), ('4', OrderedDict([('4', 99.74823766364553), ('5', 99.44612286002014)])), ('5', OrderedDict([('5', 98.58799798285426)]))])
Task 1 average acc: 99.8581560283688
Task 2 average acc: 99.68422003181416
Task 3 average acc: 98.13784280892845
Task 4 average acc: 98.61347634916955
Task 5 average acc: 98.75154428726015
===Summary of experiment repeats: 7 / 10 ===
The regularization coefficient: 1.0
The last avg acc of all repeats: [99.26200023 95.62766986 97.10082761 98.96560293 97.98756705 98.37730885
 98.75154429  0.          0.          0.        ]
mean: 68.60725208267287 std: 44.924751005358964
split_boundaries: [0, 2, 4, 6, 8, 10]
{'1': [0, 1], '2': [2, 3], '3': [4, 5], '4': [6, 7], '5': [8, 9]}
MLP2(
  (linear): Sequential(
    (0): Linear(in_features=784, out_features=1024, bias=True)
    (1): ReLU()
    (2): Linear(in_features=1024, out_features=512, bias=True)
    (3): ReLU()
    (4): Linear(in_features=512, out_features=256, bias=True)
    (5): ReLU()
  )
  (last): ModuleDict(
    (1): Linear(in_features=256, out_features=2, bias=True)
    (2): Linear(in_features=256, out_features=2, bias=True)
    (3): Linear(in_features=256, out_features=2, bias=True)
    (4): Linear(in_features=256, out_features=2, bias=True)
    (5): Linear(in_features=256, out_features=2, bias=True)
  )
)
#parameter of model: 1462538
Task order: ['1', '2', '3', '4', '5']
============================== Task: 1 ==============================
#reg_term: 0
Epoch:0
LR: 0.001
* TRAIN - Accuracy 99.234 Loss 0.0269
* VALID - Accuracy 99.953 Loss 0.0012
Epoch:1
LR: 0.001
* TRAIN - Accuracy 99.921 Loss 0.0032
* VALID - Accuracy 99.953 Loss 0.0013
Epoch:2
LR: 0.001
* TRAIN - Accuracy 99.929 Loss 0.0017
* VALID - Accuracy 99.905 Loss 0.0019
Epoch:3
LR: 0.001
* TRAIN - Accuracy 99.897 Loss 0.0031
* VALID - Accuracy 100.000 Loss 0.0019
Computing MAS
validation split name: 1
* VALID - Accuracy 100.000 Loss 0.0019
============================== Task: 2 ==============================
#reg_term: 1
Epoch:0
LR: 0.0001
* TRAIN - Accuracy 90.752 Loss 0.2605
* VALID - Accuracy 98.139 Loss 0.0817
Epoch:1
LR: 0.0001
* TRAIN - Accuracy 98.296 Loss 0.0765
* VALID - Accuracy 98.727 Loss 0.0518
Epoch:2
LR: 0.0001
* TRAIN - Accuracy 98.834 Loss 0.0533
* VALID - Accuracy 99.070 Loss 0.0399
Epoch:3
LR: 0.0001
* TRAIN - Accuracy 99.272 Loss 0.0394
* VALID - Accuracy 99.216 Loss 0.0386
Computing MAS
validation split name: 1
* VALID - Accuracy 99.953 Loss 0.0017
validation split name: 2
* VALID - Accuracy 99.216 Loss 0.0255
============================== Task: 3 ==============================
#reg_term: 1
Epoch:0
LR: 0.0001
* TRAIN - Accuracy 94.717 Loss 0.2029
* VALID - Accuracy 99.787 Loss 0.0636
Epoch:1
LR: 0.0001
* TRAIN - Accuracy 99.583 Loss 0.0498
* VALID - Accuracy 99.840 Loss 0.0322
Epoch:2
LR: 0.0001
* TRAIN - Accuracy 99.725 Loss 0.0298
* VALID - Accuracy 99.947 Loss 0.0212
Epoch:3
LR: 0.0001
* TRAIN - Accuracy 99.822 Loss 0.0208
* VALID - Accuracy 99.947 Loss 0.0155
Computing MAS
validation split name: 1
* VALID - Accuracy 99.953 Loss 0.0015
validation split name: 2
* VALID - Accuracy 98.041 Loss 0.0446
validation split name: 3
* VALID - Accuracy 99.947 Loss 0.0053
============================== Task: 4 ==============================
#reg_term: 1
Epoch:0
LR: 0.0001
* TRAIN - Accuracy 97.661 Loss 0.1280
* VALID - Accuracy 99.295 Loss 0.0490
Epoch:1
LR: 0.0001
* TRAIN - Accuracy 99.828 Loss 0.0243
* VALID - Accuracy 99.496 Loss 0.0229
Epoch:2
LR: 0.0001
* TRAIN - Accuracy 99.877 Loss 0.0134
* VALID - Accuracy 99.597 Loss 0.0153
Epoch:3
LR: 0.0001
* TRAIN - Accuracy 99.934 Loss 0.0086
* VALID - Accuracy 99.597 Loss 0.0127
Computing MAS
validation split name: 1
* VALID - Accuracy 99.953 Loss 0.0014
validation split name: 2
* VALID - Accuracy 97.502 Loss 0.0649
validation split name: 3
* VALID - Accuracy 99.733 Loss 0.0117
validation split name: 4
* VALID - Accuracy 99.597 Loss 0.0083
============================== Task: 5 ==============================
#reg_term: 1
Epoch:0
LR: 0.0001
* TRAIN - Accuracy 95.093 Loss 0.1923
* VALID - Accuracy 97.932 Loss 0.1017
Epoch:1
LR: 0.0001
* TRAIN - Accuracy 98.229 Loss 0.0850
* VALID - Accuracy 97.832 Loss 0.0824
Epoch:2
LR: 0.0001
* TRAIN - Accuracy 98.525 Loss 0.0641
* VALID - Accuracy 97.781 Loss 0.0803
Epoch:3
LR: 0.0001
* TRAIN - Accuracy 98.712 Loss 0.0535
* VALID - Accuracy 98.689 Loss 0.0500
Computing MAS
validation split name: 1
* VALID - Accuracy 99.953 Loss 0.0015
validation split name: 2
* VALID - Accuracy 98.629 Loss 0.0408
validation split name: 3
* VALID - Accuracy 99.680 Loss 0.0102
validation split name: 4
* VALID - Accuracy 99.496 Loss 0.0159
validation split name: 5
* VALID - Accuracy 98.689 Loss 0.0349
OrderedDict([('1', OrderedDict([('1', 100.0), ('2', 99.95271867612293), ('3', 99.95271867612293), ('4', 99.95271867612293), ('5', 99.95271867612293)])), ('2', OrderedDict([('2', 99.21645445641528), ('3', 98.0411361410382), ('4', 97.5024485798237), ('5', 98.62879529872674)])), ('3', OrderedDict([('3', 99.94663820704376), ('4', 99.73319103521878), ('5', 99.67982924226254)])), ('4', OrderedDict([('4', 99.59718026183283), ('5', 99.49647532729104)])), ('5', OrderedDict([('5', 98.68885526979324)]))])
Task 1 average acc: 100.0
Task 2 average acc: 99.58458656626911
Task 3 average acc: 99.31349767473496
Task 4 average acc: 99.19638463824955
Task 5 average acc: 99.28933476283929
===Summary of experiment repeats: 8 / 10 ===
The regularization coefficient: 1.0
The last avg acc of all repeats: [99.26200023 95.62766986 97.10082761 98.96560293 97.98756705 98.37730885
 98.75154429 99.28933476  0.          0.        ]
mean: 78.5361855589568 std: 39.282223063909505
split_boundaries: [0, 2, 4, 6, 8, 10]
{'1': [0, 1], '2': [2, 3], '3': [4, 5], '4': [6, 7], '5': [8, 9]}
MLP2(
  (linear): Sequential(
    (0): Linear(in_features=784, out_features=1024, bias=True)
    (1): ReLU()
    (2): Linear(in_features=1024, out_features=512, bias=True)
    (3): ReLU()
    (4): Linear(in_features=512, out_features=256, bias=True)
    (5): ReLU()
  )
  (last): ModuleDict(
    (1): Linear(in_features=256, out_features=2, bias=True)
    (2): Linear(in_features=256, out_features=2, bias=True)
    (3): Linear(in_features=256, out_features=2, bias=True)
    (4): Linear(in_features=256, out_features=2, bias=True)
    (5): Linear(in_features=256, out_features=2, bias=True)
  )
)
#parameter of model: 1462538
Task order: ['1', '2', '3', '4', '5']
============================== Task: 1 ==============================
#reg_term: 0
Epoch:0
LR: 0.001
* TRAIN - Accuracy 99.305 Loss 0.0250
* VALID - Accuracy 99.953 Loss 0.0027
Epoch:1
LR: 0.001
* TRAIN - Accuracy 99.921 Loss 0.0029
* VALID - Accuracy 99.953 Loss 0.0026
Epoch:2
LR: 0.001
* TRAIN - Accuracy 99.937 Loss 0.0019
* VALID - Accuracy 99.764 Loss 0.0091
Epoch:3
LR: 0.001
* TRAIN - Accuracy 99.897 Loss 0.0033
* VALID - Accuracy 99.858 Loss 0.0053
Computing MAS
validation split name: 1
* VALID - Accuracy 99.858 Loss 0.0053
============================== Task: 2 ==============================
#reg_term: 1
Epoch:0
LR: 0.0001
* TRAIN - Accuracy 90.181 Loss 0.2976
* VALID - Accuracy 98.090 Loss 0.0934
Epoch:1
LR: 0.0001
* TRAIN - Accuracy 98.064 Loss 0.0849
* VALID - Accuracy 98.531 Loss 0.0614
Epoch:2
LR: 0.0001
* TRAIN - Accuracy 98.858 Loss 0.0586
* VALID - Accuracy 98.629 Loss 0.0534
Epoch:3
LR: 0.0001
* TRAIN - Accuracy 99.040 Loss 0.0448
* VALID - Accuracy 99.363 Loss 0.0355
Computing MAS
validation split name: 1
* VALID - Accuracy 99.905 Loss 0.0052
validation split name: 2
* VALID - Accuracy 99.363 Loss 0.0211
============================== Task: 3 ==============================
#reg_term: 1
Epoch:0
LR: 0.0001
* TRAIN - Accuracy 95.392 Loss 0.1822
* VALID - Accuracy 99.626 Loss 0.0641
Epoch:1
LR: 0.0001
* TRAIN - Accuracy 99.618 Loss 0.0496
* VALID - Accuracy 99.893 Loss 0.0324
Epoch:2
LR: 0.0001
* TRAIN - Accuracy 99.716 Loss 0.0288
* VALID - Accuracy 99.840 Loss 0.0238
Epoch:3
LR: 0.0001
* TRAIN - Accuracy 99.814 Loss 0.0208
* VALID - Accuracy 99.840 Loss 0.0194
Computing MAS
validation split name: 1
* VALID - Accuracy 99.858 Loss 0.0061
validation split name: 2
* VALID - Accuracy 94.858 Loss 0.1541
validation split name: 3
* VALID - Accuracy 99.840 Loss 0.0089
============================== Task: 4 ==============================
#reg_term: 1
Epoch:0
LR: 0.0001
* TRAIN - Accuracy 96.692 Loss 0.1739
* VALID - Accuracy 99.648 Loss 0.0402
Epoch:1
LR: 0.0001
* TRAIN - Accuracy 99.869 Loss 0.0225
* VALID - Accuracy 99.648 Loss 0.0188
Epoch:2
LR: 0.0001
* TRAIN - Accuracy 99.893 Loss 0.0120
* VALID - Accuracy 99.698 Loss 0.0138
Epoch:3
LR: 0.0001
* TRAIN - Accuracy 99.918 Loss 0.0087
* VALID - Accuracy 99.698 Loss 0.0113
Computing MAS
validation split name: 1
* VALID - Accuracy 99.811 Loss 0.0062
validation split name: 2
* VALID - Accuracy 93.095 Loss 0.1879
validation split name: 3
* VALID - Accuracy 99.466 Loss 0.0157
validation split name: 4
* VALID - Accuracy 99.698 Loss 0.0070
============================== Task: 5 ==============================
#reg_term: 1
Epoch:0
LR: 0.0001
* TRAIN - Accuracy 94.203 Loss 0.2339
* VALID - Accuracy 97.378 Loss 0.1194
Epoch:1
LR: 0.0001
* TRAIN - Accuracy 98.178 Loss 0.0889
* VALID - Accuracy 97.882 Loss 0.0794
Epoch:2
LR: 0.0001
* TRAIN - Accuracy 98.373 Loss 0.0698
* VALID - Accuracy 98.336 Loss 0.0649
Epoch:3
LR: 0.0001
* TRAIN - Accuracy 98.686 Loss 0.0578
* VALID - Accuracy 98.386 Loss 0.0575
Computing MAS
validation split name: 1
* VALID - Accuracy 99.811 Loss 0.0062
validation split name: 2
* VALID - Accuracy 86.386 Loss 0.4039
validation split name: 3
* VALID - Accuracy 99.146 Loss 0.0219
validation split name: 4
* VALID - Accuracy 99.496 Loss 0.0106
validation split name: 5
* VALID - Accuracy 98.386 Loss 0.0416
OrderedDict([('1', OrderedDict([('1', 99.8581560283688), ('2', 99.90543735224587), ('3', 99.8581560283688), ('4', 99.81087470449172), ('5', 99.81087470449172)])), ('2', OrderedDict([('2', 99.36336924583742), ('3', 94.85798237022527), ('4', 93.09500489715965), ('5', 86.38589618021547)])), ('3', OrderedDict([('3', 99.83991462113127), ('4', 99.46638207043756), ('5', 99.1462113127001)])), ('4', OrderedDict([('4', 99.69788519637463), ('5', 99.49647532729104)])), ('5', OrderedDict([('5', 98.3862834089763)]))])
Task 1 average acc: 99.8581560283688
Task 2 average acc: 99.63440329904165
Task 3 average acc: 98.18535100657512
Task 4 average acc: 98.01753671711589
Task 5 average acc: 96.64514818673493
===Summary of experiment repeats: 9 / 10 ===
The regularization coefficient: 1.0
The last avg acc of all repeats: [99.26200023 95.62766986 97.10082761 98.96560293 97.98756705 98.37730885
 98.75154429 99.28933476 96.64514819  0.        ]
mean: 88.20070037763028 std: 29.42261733246588
split_boundaries: [0, 2, 4, 6, 8, 10]
{'1': [0, 1], '2': [2, 3], '3': [4, 5], '4': [6, 7], '5': [8, 9]}
MLP2(
  (linear): Sequential(
    (0): Linear(in_features=784, out_features=1024, bias=True)
    (1): ReLU()
    (2): Linear(in_features=1024, out_features=512, bias=True)
    (3): ReLU()
    (4): Linear(in_features=512, out_features=256, bias=True)
    (5): ReLU()
  )
  (last): ModuleDict(
    (1): Linear(in_features=256, out_features=2, bias=True)
    (2): Linear(in_features=256, out_features=2, bias=True)
    (3): Linear(in_features=256, out_features=2, bias=True)
    (4): Linear(in_features=256, out_features=2, bias=True)
    (5): Linear(in_features=256, out_features=2, bias=True)
  )
)
#parameter of model: 1462538
Task order: ['1', '2', '3', '4', '5']
============================== Task: 1 ==============================
#reg_term: 0
Epoch:0
LR: 0.001
* TRAIN - Accuracy 99.218 Loss 0.0317
* VALID - Accuracy 99.905 Loss 0.0020
Epoch:1
LR: 0.001
* TRAIN - Accuracy 99.921 Loss 0.0021
* VALID - Accuracy 99.953 Loss 0.0022
Epoch:2
LR: 0.001
* TRAIN - Accuracy 99.945 Loss 0.0013
* VALID - Accuracy 99.953 Loss 0.0029
Epoch:3
LR: 0.001
* TRAIN - Accuracy 99.929 Loss 0.0013
* VALID - Accuracy 99.953 Loss 0.0034
Computing MAS
validation split name: 1
* VALID - Accuracy 99.953 Loss 0.0034
============================== Task: 2 ==============================
#reg_term: 1
Epoch:0
LR: 0.0001
* TRAIN - Accuracy 89.536 Loss 0.3301
* VALID - Accuracy 97.453 Loss 0.1111
Epoch:1
LR: 0.0001
* TRAIN - Accuracy 97.659 Loss 0.0992
* VALID - Accuracy 98.580 Loss 0.0654
Epoch:2
LR: 0.0001
* TRAIN - Accuracy 98.503 Loss 0.0673
* VALID - Accuracy 99.021 Loss 0.0484
Epoch:3
LR: 0.0001
* TRAIN - Accuracy 98.941 Loss 0.0506
* VALID - Accuracy 99.314 Loss 0.0391
Computing MAS
validation split name: 1
* VALID - Accuracy 99.905 Loss 0.0042
validation split name: 2
* VALID - Accuracy 99.314 Loss 0.0239
============================== Task: 3 ==============================
#reg_term: 1
Epoch:0
LR: 0.0001
* TRAIN - Accuracy 94.211 Loss 0.2055
* VALID - Accuracy 99.520 Loss 0.0657
Epoch:1
LR: 0.0001
* TRAIN - Accuracy 99.458 Loss 0.0523
* VALID - Accuracy 99.787 Loss 0.0319
Epoch:2
LR: 0.0001
* TRAIN - Accuracy 99.627 Loss 0.0308
* VALID - Accuracy 99.893 Loss 0.0216
Epoch:3
LR: 0.0001
* TRAIN - Accuracy 99.725 Loss 0.0223
* VALID - Accuracy 99.680 Loss 0.0183
Computing MAS
validation split name: 1
* VALID - Accuracy 99.905 Loss 0.0045
validation split name: 2
* VALID - Accuracy 97.747 Loss 0.0529
validation split name: 3
* VALID - Accuracy 99.680 Loss 0.0086
============================== Task: 4 ==============================
#reg_term: 1
Epoch:0
LR: 0.0001
* TRAIN - Accuracy 95.773 Loss 0.1853
* VALID - Accuracy 99.496 Loss 0.0446
Epoch:1
LR: 0.0001
* TRAIN - Accuracy 99.844 Loss 0.0234
* VALID - Accuracy 99.698 Loss 0.0208
Epoch:2
LR: 0.0001
* TRAIN - Accuracy 99.877 Loss 0.0136
* VALID - Accuracy 99.698 Loss 0.0147
Epoch:3
LR: 0.0001
* TRAIN - Accuracy 99.934 Loss 0.0095
* VALID - Accuracy 99.748 Loss 0.0124
Computing MAS
validation split name: 1
* VALID - Accuracy 99.905 Loss 0.0045
validation split name: 2
* VALID - Accuracy 96.572 Loss 0.0888
validation split name: 3
* VALID - Accuracy 98.666 Loss 0.0306
validation split name: 4
* VALID - Accuracy 99.748 Loss 0.0074
============================== Task: 5 ==============================
#reg_term: 1
Epoch:0
LR: 0.0001
* TRAIN - Accuracy 93.314 Loss 0.2532
* VALID - Accuracy 97.226 Loss 0.1328
Epoch:1
LR: 0.0001
* TRAIN - Accuracy 97.856 Loss 0.1060
* VALID - Accuracy 97.882 Loss 0.0897
Epoch:2
LR: 0.0001
* TRAIN - Accuracy 98.322 Loss 0.0781
* VALID - Accuracy 98.134 Loss 0.0710
Epoch:3
LR: 0.0001
* TRAIN - Accuracy 98.492 Loss 0.0646
* VALID - Accuracy 98.185 Loss 0.0636
Computing MAS
validation split name: 1
* VALID - Accuracy 99.905 Loss 0.0050
validation split name: 2
* VALID - Accuracy 93.095 Loss 0.1901
validation split name: 3
* VALID - Accuracy 97.866 Loss 0.0491
validation split name: 4
* VALID - Accuracy 99.597 Loss 0.0122
validation split name: 5
* VALID - Accuracy 98.185 Loss 0.0462
OrderedDict([('1', OrderedDict([('1', 99.95271867612293), ('2', 99.90543735224587), ('3', 99.90543735224587), ('4', 99.90543735224587), ('5', 99.90543735224587)])), ('2', OrderedDict([('2', 99.31439764936337), ('3', 97.74730656219393), ('4', 96.57198824681684), ('5', 93.09500489715965)])), ('3', OrderedDict([('3', 99.67982924226254), ('4', 98.66595517609392), ('5', 97.86552828175027)])), ('4', OrderedDict([('4', 99.74823766364553), ('5', 99.59718026183283)])), ('5', OrderedDict([('5', 98.18456883509833)]))])
Task 1 average acc: 99.95271867612293
Task 2 average acc: 99.60991750080461
Task 3 average acc: 99.11085771890077
Task 4 average acc: 98.72290460970054
Task 5 average acc: 97.72954392561738
===Summary of experiment repeats: 10 / 10 ===
The regularization coefficient: 1.0
The last avg acc of all repeats: [99.26200023 95.62766986 97.10082761 98.96560293 97.98756705 98.37730885
 98.75154429 99.28933476 96.64514819 97.72954393]
mean: 97.97365477019203 std: 1.1503496683095993
reg_coef: 1.0 mean: 97.97365477019203 std: 1.1503496683095993
