split_boundaries: [0, 2, 4, 6, 8, 10]
{'1': [0, 1], '2': [2, 3], '3': [4, 5], '4': [6, 7], '5': [8, 9]}
MLP2(
  (linear): Sequential(
    (0): Linear(in_features=784, out_features=1024, bias=True)
    (1): ReLU()
    (2): Linear(in_features=1024, out_features=512, bias=True)
    (3): ReLU()
    (4): Linear(in_features=512, out_features=256, bias=True)
    (5): ReLU()
  )
  (last): ModuleDict(
    (1): Linear(in_features=256, out_features=2, bias=True)
    (2): Linear(in_features=256, out_features=2, bias=True)
    (3): Linear(in_features=256, out_features=2, bias=True)
    (4): Linear(in_features=256, out_features=2, bias=True)
    (5): Linear(in_features=256, out_features=2, bias=True)
  )
)
#parameter of model: 1462538
Task order: ['1', '2', '3', '4', '5']
============================== Task: 1 ==============================
#reg_term: 0
Epoch:0
LR: 0.001
* TRAIN - Accuracy 99.305 Loss 0.0286
* VALID - Accuracy 99.953 Loss 0.0011
Epoch:1
LR: 0.001
* TRAIN - Accuracy 99.913 Loss 0.0023
* VALID - Accuracy 99.811 Loss 0.0034
Epoch:2
LR: 0.001
* TRAIN - Accuracy 99.921 Loss 0.0018
* VALID - Accuracy 99.905 Loss 0.0045
Epoch:3
LR: 0.001
* TRAIN - Accuracy 99.953 Loss 0.0022
* VALID - Accuracy 99.905 Loss 0.0048
Computing SI
validation split name: 1
* VALID - Accuracy 99.905 Loss 0.0048
============================== Task: 2 ==============================
#reg_term: 1
Epoch:0
LR: 0.0001
* TRAIN - Accuracy 91.678 Loss 0.2148
* VALID - Accuracy 98.139 Loss 0.0862
Epoch:1
LR: 0.0001
* TRAIN - Accuracy 98.180 Loss 0.0845
* VALID - Accuracy 98.237 Loss 0.0794
Epoch:2
LR: 0.0001
* TRAIN - Accuracy 98.718 Loss 0.0656
* VALID - Accuracy 99.070 Loss 0.0601
Epoch:3
LR: 0.0001
* TRAIN - Accuracy 99.222 Loss 0.0527
* VALID - Accuracy 99.216 Loss 0.0454
Computing SI
validation split name: 1
* VALID - Accuracy 99.905 Loss 0.0074
validation split name: 2
* VALID - Accuracy 99.216 Loss 0.0212
============================== Task: 3 ==============================
#reg_term: 1
Epoch:0
LR: 0.0001
* TRAIN - Accuracy 96.111 Loss 0.1312
* VALID - Accuracy 99.626 Loss 0.0511
Epoch:1
LR: 0.0001
* TRAIN - Accuracy 99.538 Loss 0.0477
* VALID - Accuracy 99.787 Loss 0.0361
Epoch:2
LR: 0.0001
* TRAIN - Accuracy 99.751 Loss 0.0358
* VALID - Accuracy 99.893 Loss 0.0301
Epoch:3
LR: 0.0001
* TRAIN - Accuracy 99.849 Loss 0.0283
* VALID - Accuracy 99.893 Loss 0.0251
Computing SI
validation split name: 1
* VALID - Accuracy 99.905 Loss 0.0071
validation split name: 2
* VALID - Accuracy 96.817 Loss 0.0989
validation split name: 3
* VALID - Accuracy 99.893 Loss 0.0078
============================== Task: 4 ==============================
#reg_term: 1
Epoch:0
LR: 0.0001
* TRAIN - Accuracy 98.014 Loss 0.0891
* VALID - Accuracy 99.547 Loss 0.0387
Epoch:1
LR: 0.0001
* TRAIN - Accuracy 99.844 Loss 0.0276
* VALID - Accuracy 99.799 Loss 0.0250
Epoch:2
LR: 0.0001
* TRAIN - Accuracy 99.885 Loss 0.0191
* VALID - Accuracy 99.799 Loss 0.0195
Epoch:3
LR: 0.0001
* TRAIN - Accuracy 99.943 Loss 0.0149
* VALID - Accuracy 99.547 Loss 0.0189
Computing SI
validation split name: 1
* VALID - Accuracy 99.905 Loss 0.0080
validation split name: 2
* VALID - Accuracy 96.866 Loss 0.0746
validation split name: 3
* VALID - Accuracy 99.146 Loss 0.0207
validation split name: 4
* VALID - Accuracy 99.547 Loss 0.0097
============================== Task: 5 ==============================
#reg_term: 1
Epoch:0
LR: 0.0001
* TRAIN - Accuracy 95.797 Loss 0.1415
* VALID - Accuracy 97.680 Loss 0.0936
Epoch:1
LR: 0.0001
* TRAIN - Accuracy 98.653 Loss 0.0714
* VALID - Accuracy 98.487 Loss 0.0689
Epoch:2
LR: 0.0001
* TRAIN - Accuracy 98.864 Loss 0.0608
* VALID - Accuracy 98.588 Loss 0.0592
Epoch:3
LR: 0.0001
* TRAIN - Accuracy 98.966 Loss 0.0548
* VALID - Accuracy 98.840 Loss 0.0541
Computing SI
validation split name: 1
* VALID - Accuracy 99.858 Loss 0.0085
validation split name: 2
* VALID - Accuracy 95.984 Loss 0.1034
validation split name: 3
* VALID - Accuracy 98.399 Loss 0.0411
validation split name: 4
* VALID - Accuracy 99.295 Loss 0.0185
validation split name: 5
* VALID - Accuracy 98.840 Loss 0.0321
OrderedDict([('1', OrderedDict([('1', 99.90543735224587), ('2', 99.90543735224587), ('3', 99.90543735224587), ('4', 99.90543735224587), ('5', 99.8581560283688)])), ('2', OrderedDict([('2', 99.21645445641528), ('3', 96.81684622918708), ('4', 96.86581782566111), ('5', 95.98432908912831)])), ('3', OrderedDict([('3', 99.89327641408751), ('4', 99.1462113127001), ('5', 98.3991462113127)])), ('4', OrderedDict([('4', 99.54682779456193), ('5', 99.29506545820745)])), ('5', OrderedDict([('5', 98.84014120020171)]))])
Task 1 average acc: 99.90543735224587
Task 2 average acc: 99.56094590433057
Task 3 average acc: 98.87185333184016
Task 4 average acc: 98.86607357129226
Task 5 average acc: 98.4753675974438
===Summary of experiment repeats: 1 / 10 ===
The regularization coefficient: 300.0
The last avg acc of all repeats: [98.4753676  0.         0.         0.         0.         0.
  0.         0.         0.         0.       ]
mean: 9.847536759744381 std: 29.542610279233145
split_boundaries: [0, 2, 4, 6, 8, 10]
{'1': [0, 1], '2': [2, 3], '3': [4, 5], '4': [6, 7], '5': [8, 9]}
MLP2(
  (linear): Sequential(
    (0): Linear(in_features=784, out_features=1024, bias=True)
    (1): ReLU()
    (2): Linear(in_features=1024, out_features=512, bias=True)
    (3): ReLU()
    (4): Linear(in_features=512, out_features=256, bias=True)
    (5): ReLU()
  )
  (last): ModuleDict(
    (1): Linear(in_features=256, out_features=2, bias=True)
    (2): Linear(in_features=256, out_features=2, bias=True)
    (3): Linear(in_features=256, out_features=2, bias=True)
    (4): Linear(in_features=256, out_features=2, bias=True)
    (5): Linear(in_features=256, out_features=2, bias=True)
  )
)
#parameter of model: 1462538
Task order: ['1', '2', '3', '4', '5']
============================== Task: 1 ==============================
#reg_term: 0
Epoch:0
LR: 0.001
* TRAIN - Accuracy 99.203 Loss 0.0257
* VALID - Accuracy 99.905 Loss 0.0012
Epoch:1
LR: 0.001
* TRAIN - Accuracy 99.874 Loss 0.0036
* VALID - Accuracy 99.858 Loss 0.0024
Epoch:2
LR: 0.001
* TRAIN - Accuracy 99.929 Loss 0.0034
* VALID - Accuracy 99.669 Loss 0.0060
Epoch:3
LR: 0.001
* TRAIN - Accuracy 99.945 Loss 0.0022
* VALID - Accuracy 99.905 Loss 0.0028
Computing SI
validation split name: 1
* VALID - Accuracy 99.905 Loss 0.0028
============================== Task: 2 ==============================
#reg_term: 1
Epoch:0
LR: 0.0001
* TRAIN - Accuracy 90.851 Loss 0.2258
* VALID - Accuracy 98.286 Loss 0.0851
Epoch:1
LR: 0.0001
* TRAIN - Accuracy 98.139 Loss 0.0887
* VALID - Accuracy 98.923 Loss 0.0641
Epoch:2
LR: 0.0001
* TRAIN - Accuracy 98.718 Loss 0.0701
* VALID - Accuracy 99.119 Loss 0.0578
Epoch:3
LR: 0.0001
* TRAIN - Accuracy 99.082 Loss 0.0563
* VALID - Accuracy 98.874 Loss 0.0568
Computing SI
validation split name: 1
* VALID - Accuracy 99.953 Loss 0.0026
validation split name: 2
* VALID - Accuracy 98.874 Loss 0.0308
============================== Task: 3 ==============================
#reg_term: 1
Epoch:0
LR: 0.0001
* TRAIN - Accuracy 93.288 Loss 0.1880
* VALID - Accuracy 99.787 Loss 0.0564
Epoch:1
LR: 0.0001
* TRAIN - Accuracy 99.609 Loss 0.0493
* VALID - Accuracy 99.893 Loss 0.0365
Epoch:2
LR: 0.0001
* TRAIN - Accuracy 99.805 Loss 0.0344
* VALID - Accuracy 99.893 Loss 0.0286
Epoch:3
LR: 0.0001
* TRAIN - Accuracy 99.822 Loss 0.0275
* VALID - Accuracy 99.947 Loss 0.0234
Computing SI
validation split name: 1
* VALID - Accuracy 99.953 Loss 0.0029
validation split name: 2
* VALID - Accuracy 93.487 Loss 0.1920
validation split name: 3
* VALID - Accuracy 99.947 Loss 0.0067
============================== Task: 4 ==============================
#reg_term: 1
Epoch:0
LR: 0.0001
* TRAIN - Accuracy 97.595 Loss 0.1069
* VALID - Accuracy 99.496 Loss 0.0426
Epoch:1
LR: 0.0001
* TRAIN - Accuracy 99.811 Loss 0.0292
* VALID - Accuracy 99.849 Loss 0.0243
Epoch:2
LR: 0.0001
* TRAIN - Accuracy 99.893 Loss 0.0191
* VALID - Accuracy 99.799 Loss 0.0204
Epoch:3
LR: 0.0001
* TRAIN - Accuracy 99.926 Loss 0.0144
* VALID - Accuracy 99.799 Loss 0.0161
Computing SI
validation split name: 1
* VALID - Accuracy 99.953 Loss 0.0028
validation split name: 2
* VALID - Accuracy 95.152 Loss 0.1468
validation split name: 3
* VALID - Accuracy 98.666 Loss 0.0339
validation split name: 4
* VALID - Accuracy 99.799 Loss 0.0073
============================== Task: 5 ==============================
#reg_term: 1
Epoch:0
LR: 0.0001
* TRAIN - Accuracy 95.390 Loss 0.1509
* VALID - Accuracy 98.033 Loss 0.0875
Epoch:1
LR: 0.0001
* TRAIN - Accuracy 98.458 Loss 0.0762
* VALID - Accuracy 98.538 Loss 0.0724
Epoch:2
LR: 0.0001
* TRAIN - Accuracy 98.712 Loss 0.0658
* VALID - Accuracy 98.588 Loss 0.0678
Epoch:3
LR: 0.0001
* TRAIN - Accuracy 98.864 Loss 0.0613
* VALID - Accuracy 98.689 Loss 0.0620
Computing SI
validation split name: 1
* VALID - Accuracy 99.953 Loss 0.0028
validation split name: 2
* VALID - Accuracy 80.509 Loss 0.6954
validation split name: 3
* VALID - Accuracy 97.332 Loss 0.0689
validation split name: 4
* VALID - Accuracy 98.238 Loss 0.0510
validation split name: 5
* VALID - Accuracy 98.689 Loss 0.0382
OrderedDict([('1', OrderedDict([('1', 99.90543735224587), ('2', 99.95271867612293), ('3', 99.95271867612293), ('4', 99.95271867612293), ('5', 99.95271867612293)])), ('2', OrderedDict([('2', 98.87365328109696), ('3', 93.486777668952), ('4', 95.15181194906954), ('5', 80.50930460333007)])), ('3', OrderedDict([('3', 99.94663820704376), ('4', 98.66595517609392), ('5', 97.33191035218783)])), ('4', OrderedDict([('4', 99.79859013091641), ('5', 98.23766364551864)])), ('5', OrderedDict([('5', 98.68885526979324)]))])
Task 1 average acc: 99.90543735224587
Task 2 average acc: 99.41318597860995
Task 3 average acc: 97.79537818403956
Task 4 average acc: 98.3922689830507
Task 5 average acc: 94.94409050939053
===Summary of experiment repeats: 2 / 10 ===
The regularization coefficient: 300.0
The last avg acc of all repeats: [98.4753676  94.94409051  0.          0.          0.          0.
  0.          0.          0.          0.        ]
mean: 19.341945810683434 std: 38.69194963900486
split_boundaries: [0, 2, 4, 6, 8, 10]
{'1': [0, 1], '2': [2, 3], '3': [4, 5], '4': [6, 7], '5': [8, 9]}
MLP2(
  (linear): Sequential(
    (0): Linear(in_features=784, out_features=1024, bias=True)
    (1): ReLU()
    (2): Linear(in_features=1024, out_features=512, bias=True)
    (3): ReLU()
    (4): Linear(in_features=512, out_features=256, bias=True)
    (5): ReLU()
  )
  (last): ModuleDict(
    (1): Linear(in_features=256, out_features=2, bias=True)
    (2): Linear(in_features=256, out_features=2, bias=True)
    (3): Linear(in_features=256, out_features=2, bias=True)
    (4): Linear(in_features=256, out_features=2, bias=True)
    (5): Linear(in_features=256, out_features=2, bias=True)
  )
)
#parameter of model: 1462538
Task order: ['1', '2', '3', '4', '5']
============================== Task: 1 ==============================
#reg_term: 0
Epoch:0
LR: 0.001
* TRAIN - Accuracy 99.116 Loss 0.0257
* VALID - Accuracy 99.811 Loss 0.0048
Epoch:1
LR: 0.001
* TRAIN - Accuracy 99.913 Loss 0.0025
* VALID - Accuracy 99.905 Loss 0.0047
Epoch:2
LR: 0.001
* TRAIN - Accuracy 99.921 Loss 0.0019
* VALID - Accuracy 99.905 Loss 0.0028
Epoch:3
LR: 0.001
* TRAIN - Accuracy 99.945 Loss 0.0016
* VALID - Accuracy 99.953 Loss 0.0016
Computing SI
validation split name: 1
* VALID - Accuracy 99.953 Loss 0.0016
============================== Task: 2 ==============================
#reg_term: 1
Epoch:0
LR: 0.0001
* TRAIN - Accuracy 90.901 Loss 0.2468
* VALID - Accuracy 98.139 Loss 0.0853
Epoch:1
LR: 0.0001
* TRAIN - Accuracy 98.279 Loss 0.0842
* VALID - Accuracy 98.923 Loss 0.0578
Epoch:2
LR: 0.0001
* TRAIN - Accuracy 98.966 Loss 0.0622
* VALID - Accuracy 98.678 Loss 0.0664
Epoch:3
LR: 0.0001
* TRAIN - Accuracy 99.289 Loss 0.0507
* VALID - Accuracy 99.216 Loss 0.0502
Computing SI
validation split name: 1
* VALID - Accuracy 99.953 Loss 0.0009
validation split name: 2
* VALID - Accuracy 99.216 Loss 0.0256
============================== Task: 3 ==============================
#reg_term: 1
Epoch:0
LR: 0.0001
* TRAIN - Accuracy 94.691 Loss 0.1473
* VALID - Accuracy 99.733 Loss 0.0481
Epoch:1
LR: 0.0001
* TRAIN - Accuracy 99.689 Loss 0.0425
* VALID - Accuracy 99.787 Loss 0.0327
Epoch:2
LR: 0.0001
* TRAIN - Accuracy 99.849 Loss 0.0310
* VALID - Accuracy 99.787 Loss 0.0261
Epoch:3
LR: 0.0001
* TRAIN - Accuracy 99.858 Loss 0.0248
* VALID - Accuracy 99.840 Loss 0.0220
Computing SI
validation split name: 1
* VALID - Accuracy 99.953 Loss 0.0009
validation split name: 2
* VALID - Accuracy 95.984 Loss 0.1133
validation split name: 3
* VALID - Accuracy 99.840 Loss 0.0073
============================== Task: 4 ==============================
#reg_term: 1
Epoch:0
LR: 0.0001
* TRAIN - Accuracy 95.765 Loss 0.1452
* VALID - Accuracy 99.496 Loss 0.0487
Epoch:1
LR: 0.0001
* TRAIN - Accuracy 99.819 Loss 0.0329
* VALID - Accuracy 99.648 Loss 0.0275
Epoch:2
LR: 0.0001
* TRAIN - Accuracy 99.885 Loss 0.0207
* VALID - Accuracy 99.698 Loss 0.0216
Epoch:3
LR: 0.0001
* TRAIN - Accuracy 99.943 Loss 0.0156
* VALID - Accuracy 99.748 Loss 0.0168
Computing SI
validation split name: 1
* VALID - Accuracy 99.953 Loss 0.0012
validation split name: 2
* VALID - Accuracy 96.327 Loss 0.1017
validation split name: 3
* VALID - Accuracy 99.787 Loss 0.0088
validation split name: 4
* VALID - Accuracy 99.748 Loss 0.0071
============================== Task: 5 ==============================
#reg_term: 1
Epoch:0
LR: 0.0001
* TRAIN - Accuracy 97.220 Loss 0.1074
* VALID - Accuracy 98.185 Loss 0.0710
Epoch:1
LR: 0.0001
* TRAIN - Accuracy 98.636 Loss 0.0655
* VALID - Accuracy 97.932 Loss 0.0729
Epoch:2
LR: 0.0001
* TRAIN - Accuracy 98.839 Loss 0.0579
* VALID - Accuracy 98.588 Loss 0.0580
Epoch:3
LR: 0.0001
* TRAIN - Accuracy 99.017 Loss 0.0520
* VALID - Accuracy 98.588 Loss 0.0562
Computing SI
validation split name: 1
* VALID - Accuracy 99.953 Loss 0.0008
validation split name: 2
* VALID - Accuracy 85.357 Loss 0.4608
validation split name: 3
* VALID - Accuracy 98.879 Loss 0.0330
validation split name: 4
* VALID - Accuracy 99.043 Loss 0.0231
validation split name: 5
* VALID - Accuracy 98.588 Loss 0.0350
OrderedDict([('1', OrderedDict([('1', 99.95271867612293), ('2', 99.95271867612293), ('3', 99.95271867612293), ('4', 99.95271867612293), ('5', 99.95271867612293)])), ('2', OrderedDict([('2', 99.21645445641528), ('3', 95.98432908912831), ('4', 96.32713026444662), ('5', 85.35749265426053)])), ('3', OrderedDict([('3', 99.83991462113127), ('4', 99.78655282817503), ('5', 98.87940234791888)])), ('4', OrderedDict([('4', 99.74823766364553), ('5', 99.04330312185297)])), ('5', OrderedDict([('5', 98.58799798285426)]))])
Task 1 average acc: 99.95271867612293
Task 2 average acc: 99.58458656626911
Task 3 average acc: 98.59232079546082
Task 4 average acc: 98.95365985809752
Task 5 average acc: 96.36418295660192
===Summary of experiment repeats: 3 / 10 ===
The regularization coefficient: 300.0
The last avg acc of all repeats: [98.4753676  94.94409051 96.36418296  0.          0.          0.
  0.          0.          0.          0.        ]
mean: 28.978364106343623 std: 44.2723144190613
split_boundaries: [0, 2, 4, 6, 8, 10]
{'1': [0, 1], '2': [2, 3], '3': [4, 5], '4': [6, 7], '5': [8, 9]}
MLP2(
  (linear): Sequential(
    (0): Linear(in_features=784, out_features=1024, bias=True)
    (1): ReLU()
    (2): Linear(in_features=1024, out_features=512, bias=True)
    (3): ReLU()
    (4): Linear(in_features=512, out_features=256, bias=True)
    (5): ReLU()
  )
  (last): ModuleDict(
    (1): Linear(in_features=256, out_features=2, bias=True)
    (2): Linear(in_features=256, out_features=2, bias=True)
    (3): Linear(in_features=256, out_features=2, bias=True)
    (4): Linear(in_features=256, out_features=2, bias=True)
    (5): Linear(in_features=256, out_features=2, bias=True)
  )
)
#parameter of model: 1462538
Task order: ['1', '2', '3', '4', '5']
============================== Task: 1 ==============================
#reg_term: 0
Epoch:0
LR: 0.001
* TRAIN - Accuracy 99.116 Loss 0.0318
* VALID - Accuracy 99.905 Loss 0.0030
Epoch:1
LR: 0.001
* TRAIN - Accuracy 99.945 Loss 0.0022
* VALID - Accuracy 99.905 Loss 0.0023
Epoch:2
LR: 0.001
* TRAIN - Accuracy 99.921 Loss 0.0023
* VALID - Accuracy 99.858 Loss 0.0032
Epoch:3
LR: 0.001
* TRAIN - Accuracy 99.961 Loss 0.0021
* VALID - Accuracy 99.905 Loss 0.0044
Computing SI
validation split name: 1
* VALID - Accuracy 99.905 Loss 0.0044
============================== Task: 2 ==============================
#reg_term: 1
Epoch:0
LR: 0.0001
* TRAIN - Accuracy 91.033 Loss 0.2367
* VALID - Accuracy 98.041 Loss 0.0969
Epoch:1
LR: 0.0001
* TRAIN - Accuracy 98.222 Loss 0.0881
* VALID - Accuracy 98.923 Loss 0.0649
Epoch:2
LR: 0.0001
* TRAIN - Accuracy 98.734 Loss 0.0701
* VALID - Accuracy 99.167 Loss 0.0555
Epoch:3
LR: 0.0001
* TRAIN - Accuracy 99.065 Loss 0.0566
* VALID - Accuracy 99.265 Loss 0.0492
Computing SI
validation split name: 1
* VALID - Accuracy 99.905 Loss 0.0043
validation split name: 2
* VALID - Accuracy 99.265 Loss 0.0240
============================== Task: 3 ==============================
#reg_term: 1
Epoch:0
LR: 0.0001
* TRAIN - Accuracy 94.424 Loss 0.1639
* VALID - Accuracy 99.787 Loss 0.0565
Epoch:1
LR: 0.0001
* TRAIN - Accuracy 99.636 Loss 0.0507
* VALID - Accuracy 99.947 Loss 0.0403
Epoch:2
LR: 0.0001
* TRAIN - Accuracy 99.751 Loss 0.0389
* VALID - Accuracy 99.893 Loss 0.0326
Epoch:3
LR: 0.0001
* TRAIN - Accuracy 99.778 Loss 0.0323
* VALID - Accuracy 99.787 Loss 0.0297
Computing SI
validation split name: 1
* VALID - Accuracy 99.905 Loss 0.0045
validation split name: 2
* VALID - Accuracy 97.209 Loss 0.0733
validation split name: 3
* VALID - Accuracy 99.787 Loss 0.0102
============================== Task: 4 ==============================
#reg_term: 1
Epoch:0
LR: 0.0001
* TRAIN - Accuracy 97.193 Loss 0.1094
* VALID - Accuracy 99.698 Loss 0.0430
Epoch:1
LR: 0.0001
* TRAIN - Accuracy 99.836 Loss 0.0288
* VALID - Accuracy 99.849 Loss 0.0259
Epoch:2
LR: 0.0001
* TRAIN - Accuracy 99.910 Loss 0.0177
* VALID - Accuracy 99.748 Loss 0.0182
Epoch:3
LR: 0.0001
* TRAIN - Accuracy 99.934 Loss 0.0125
* VALID - Accuracy 99.899 Loss 0.0128
Computing SI
validation split name: 1
* VALID - Accuracy 99.905 Loss 0.0049
validation split name: 2
* VALID - Accuracy 95.495 Loss 0.1216
validation split name: 3
* VALID - Accuracy 99.146 Loss 0.0259
validation split name: 4
* VALID - Accuracy 99.899 Loss 0.0054
============================== Task: 5 ==============================
#reg_term: 1
Epoch:0
LR: 0.0001
* TRAIN - Accuracy 95.915 Loss 0.1423
* VALID - Accuracy 98.134 Loss 0.0927
Epoch:1
LR: 0.0001
* TRAIN - Accuracy 98.627 Loss 0.0744
* VALID - Accuracy 98.185 Loss 0.0781
Epoch:2
LR: 0.0001
* TRAIN - Accuracy 98.720 Loss 0.0659
* VALID - Accuracy 98.336 Loss 0.0795
Epoch:3
LR: 0.0001
* TRAIN - Accuracy 98.737 Loss 0.0625
* VALID - Accuracy 98.689 Loss 0.0620
Computing SI
validation split name: 1
* VALID - Accuracy 99.905 Loss 0.0051
validation split name: 2
* VALID - Accuracy 83.448 Loss 0.4387
validation split name: 3
* VALID - Accuracy 98.026 Loss 0.0481
validation split name: 4
* VALID - Accuracy 98.993 Loss 0.0226
validation split name: 5
* VALID - Accuracy 98.689 Loss 0.0377
OrderedDict([('1', OrderedDict([('1', 99.90543735224587), ('2', 99.90543735224587), ('3', 99.90543735224587), ('4', 99.90543735224587), ('5', 99.90543735224587)])), ('2', OrderedDict([('2', 99.26542605288932), ('3', 97.20861900097943), ('4', 95.49461312438785), ('5', 83.44760039177277)])), ('3', OrderedDict([('3', 99.78655282817503), ('4', 99.1462113127001), ('5', 98.025613660619)])), ('4', OrderedDict([('4', 99.8992950654582), ('5', 98.99295065458207)])), ('5', OrderedDict([('5', 98.68885526979324)]))])
Task 1 average acc: 99.90543735224587
Task 2 average acc: 99.5854317025676
Task 3 average acc: 98.96686972713344
Task 4 average acc: 98.611389213698
Task 5 average acc: 95.8120914658026
===Summary of experiment repeats: 4 / 10 ===
The regularization coefficient: 300.0
The last avg acc of all repeats: [98.4753676  94.94409051 96.36418296 95.81209147  0.          0.
  0.          0.          0.          0.        ]
mean: 38.55957325292388 std: 47.23281071413786
split_boundaries: [0, 2, 4, 6, 8, 10]
{'1': [0, 1], '2': [2, 3], '3': [4, 5], '4': [6, 7], '5': [8, 9]}
MLP2(
  (linear): Sequential(
    (0): Linear(in_features=784, out_features=1024, bias=True)
    (1): ReLU()
    (2): Linear(in_features=1024, out_features=512, bias=True)
    (3): ReLU()
    (4): Linear(in_features=512, out_features=256, bias=True)
    (5): ReLU()
  )
  (last): ModuleDict(
    (1): Linear(in_features=256, out_features=2, bias=True)
    (2): Linear(in_features=256, out_features=2, bias=True)
    (3): Linear(in_features=256, out_features=2, bias=True)
    (4): Linear(in_features=256, out_features=2, bias=True)
    (5): Linear(in_features=256, out_features=2, bias=True)
  )
)
#parameter of model: 1462538
Task order: ['1', '2', '3', '4', '5']
============================== Task: 1 ==============================
#reg_term: 0
Epoch:0
LR: 0.001
* TRAIN - Accuracy 99.234 Loss 0.0349
* VALID - Accuracy 99.953 Loss 0.0014
Epoch:1
LR: 0.001
* TRAIN - Accuracy 99.953 Loss 0.0019
* VALID - Accuracy 99.905 Loss 0.0049
Epoch:2
LR: 0.001
* TRAIN - Accuracy 99.937 Loss 0.0019
* VALID - Accuracy 99.905 Loss 0.0018
Epoch:3
LR: 0.001
* TRAIN - Accuracy 99.968 Loss 0.0011
* VALID - Accuracy 99.905 Loss 0.0036
Computing SI
validation split name: 1
* VALID - Accuracy 99.905 Loss 0.0036
============================== Task: 2 ==============================
#reg_term: 1
Epoch:0
LR: 0.0001
* TRAIN - Accuracy 92.208 Loss 0.2061
* VALID - Accuracy 98.041 Loss 0.0879
Epoch:1
LR: 0.0001
* TRAIN - Accuracy 98.304 Loss 0.0891
* VALID - Accuracy 98.923 Loss 0.0649
Epoch:2
LR: 0.0001
* TRAIN - Accuracy 98.825 Loss 0.0678
* VALID - Accuracy 99.314 Loss 0.0575
Epoch:3
LR: 0.0001
* TRAIN - Accuracy 99.165 Loss 0.0565
* VALID - Accuracy 99.265 Loss 0.0483
Computing SI
validation split name: 1
* VALID - Accuracy 99.905 Loss 0.0035
validation split name: 2
* VALID - Accuracy 99.265 Loss 0.0226
============================== Task: 3 ==============================
#reg_term: 1
Epoch:0
LR: 0.0001
* TRAIN - Accuracy 94.362 Loss 0.1770
* VALID - Accuracy 99.787 Loss 0.0623
Epoch:1
LR: 0.0001
* TRAIN - Accuracy 99.547 Loss 0.0579
* VALID - Accuracy 99.840 Loss 0.0429
Epoch:2
LR: 0.0001
* TRAIN - Accuracy 99.600 Loss 0.0429
* VALID - Accuracy 99.840 Loss 0.0349
Epoch:3
LR: 0.0001
* TRAIN - Accuracy 99.734 Loss 0.0349
* VALID - Accuracy 99.947 Loss 0.0296
Computing SI
validation split name: 1
* VALID - Accuracy 99.905 Loss 0.0043
validation split name: 2
* VALID - Accuracy 99.021 Loss 0.0271
validation split name: 3
* VALID - Accuracy 99.947 Loss 0.0094
============================== Task: 4 ==============================
#reg_term: 1
Epoch:0
LR: 0.0001
* TRAIN - Accuracy 94.796 Loss 0.1811
* VALID - Accuracy 99.396 Loss 0.0562
Epoch:1
LR: 0.0001
* TRAIN - Accuracy 99.778 Loss 0.0356
* VALID - Accuracy 99.698 Loss 0.0298
Epoch:2
LR: 0.0001
* TRAIN - Accuracy 99.869 Loss 0.0208
* VALID - Accuracy 99.648 Loss 0.0221
Epoch:3
LR: 0.0001
* TRAIN - Accuracy 99.926 Loss 0.0154
* VALID - Accuracy 99.698 Loss 0.0177
Computing SI
validation split name: 1
* VALID - Accuracy 99.905 Loss 0.0044
validation split name: 2
* VALID - Accuracy 98.335 Loss 0.0441
validation split name: 3
* VALID - Accuracy 99.733 Loss 0.0118
validation split name: 4
* VALID - Accuracy 99.698 Loss 0.0089
============================== Task: 5 ==============================
#reg_term: 1
Epoch:0
LR: 0.0001
* TRAIN - Accuracy 95.890 Loss 0.1427
* VALID - Accuracy 98.437 Loss 0.0852
Epoch:1
LR: 0.0001
* TRAIN - Accuracy 98.458 Loss 0.0786
* VALID - Accuracy 98.386 Loss 0.0774
Epoch:2
LR: 0.0001
* TRAIN - Accuracy 98.610 Loss 0.0706
* VALID - Accuracy 98.437 Loss 0.0656
Epoch:3
LR: 0.0001
* TRAIN - Accuracy 98.636 Loss 0.0653
* VALID - Accuracy 98.638 Loss 0.0625
Computing SI
validation split name: 1
* VALID - Accuracy 99.905 Loss 0.0054
validation split name: 2
* VALID - Accuracy 97.600 Loss 0.0625
validation split name: 3
* VALID - Accuracy 99.840 Loss 0.0096
validation split name: 4
* VALID - Accuracy 99.194 Loss 0.0177
validation split name: 5
* VALID - Accuracy 98.638 Loss 0.0381
OrderedDict([('1', OrderedDict([('1', 99.90543735224587), ('2', 99.90543735224587), ('3', 99.90543735224587), ('4', 99.90543735224587), ('5', 99.90543735224587)])), ('2', OrderedDict([('2', 99.26542605288932), ('3', 99.0205680705191), ('4', 98.33496571988246), ('5', 97.60039177277179)])), ('3', OrderedDict([('3', 99.94663820704376), ('4', 99.73319103521878), ('5', 99.83991462113127)])), ('4', OrderedDict([('4', 99.69788519637463), ('5', 99.19436052366567)])), ('5', OrderedDict([('5', 98.63842662632375)]))])
Task 1 average acc: 99.90543735224587
Task 2 average acc: 99.5854317025676
Task 3 average acc: 99.62421454326959
Task 4 average acc: 99.41786982593044
Task 5 average acc: 99.03570617922767
===Summary of experiment repeats: 5 / 10 ===
The regularization coefficient: 300.0
The last avg acc of all repeats: [98.4753676  94.94409051 96.36418296 95.81209147 99.03570618  0.
  0.          0.          0.          0.        ]
mean: 48.46314387084665 std: 48.47586918664409
split_boundaries: [0, 2, 4, 6, 8, 10]
{'1': [0, 1], '2': [2, 3], '3': [4, 5], '4': [6, 7], '5': [8, 9]}
MLP2(
  (linear): Sequential(
    (0): Linear(in_features=784, out_features=1024, bias=True)
    (1): ReLU()
    (2): Linear(in_features=1024, out_features=512, bias=True)
    (3): ReLU()
    (4): Linear(in_features=512, out_features=256, bias=True)
    (5): ReLU()
  )
  (last): ModuleDict(
    (1): Linear(in_features=256, out_features=2, bias=True)
    (2): Linear(in_features=256, out_features=2, bias=True)
    (3): Linear(in_features=256, out_features=2, bias=True)
    (4): Linear(in_features=256, out_features=2, bias=True)
    (5): Linear(in_features=256, out_features=2, bias=True)
  )
)
#parameter of model: 1462538
Task order: ['1', '2', '3', '4', '5']
============================== Task: 1 ==============================
#reg_term: 0
Epoch:0
LR: 0.001
* TRAIN - Accuracy 99.258 Loss 0.0416
* VALID - Accuracy 99.953 Loss 0.0011
Epoch:1
LR: 0.001
* TRAIN - Accuracy 99.929 Loss 0.0025
* VALID - Accuracy 99.905 Loss 0.0013
Epoch:2
LR: 0.001
* TRAIN - Accuracy 99.945 Loss 0.0021
* VALID - Accuracy 99.858 Loss 0.0025
Epoch:3
LR: 0.001
* TRAIN - Accuracy 99.913 Loss 0.0030
* VALID - Accuracy 99.953 Loss 0.0011
Computing SI
validation split name: 1
* VALID - Accuracy 99.953 Loss 0.0011
============================== Task: 2 ==============================
#reg_term: 1
Epoch:0
LR: 0.0001
* TRAIN - Accuracy 89.230 Loss 0.2690
* VALID - Accuracy 97.698 Loss 0.1010
Epoch:1
LR: 0.0001
* TRAIN - Accuracy 98.097 Loss 0.0994
* VALID - Accuracy 98.629 Loss 0.0718
Epoch:2
LR: 0.0001
* TRAIN - Accuracy 98.660 Loss 0.0746
* VALID - Accuracy 98.825 Loss 0.0664
Epoch:3
LR: 0.0001
* TRAIN - Accuracy 98.983 Loss 0.0606
* VALID - Accuracy 99.021 Loss 0.0612
Computing SI
validation split name: 1
* VALID - Accuracy 99.905 Loss 0.0011
validation split name: 2
* VALID - Accuracy 99.021 Loss 0.0356
============================== Task: 3 ==============================
#reg_term: 1
Epoch:0
LR: 0.0001
* TRAIN - Accuracy 91.583 Loss 0.2198
* VALID - Accuracy 99.626 Loss 0.0691
Epoch:1
LR: 0.0001
* TRAIN - Accuracy 99.432 Loss 0.0589
* VALID - Accuracy 99.787 Loss 0.0426
Epoch:2
LR: 0.0001
* TRAIN - Accuracy 99.707 Loss 0.0408
* VALID - Accuracy 99.893 Loss 0.0331
Epoch:3
LR: 0.0001
* TRAIN - Accuracy 99.734 Loss 0.0328
* VALID - Accuracy 99.893 Loss 0.0277
Computing SI
validation split name: 1
* VALID - Accuracy 99.905 Loss 0.0011
validation split name: 2
* VALID - Accuracy 98.188 Loss 0.0468
validation split name: 3
* VALID - Accuracy 99.893 Loss 0.0087
============================== Task: 4 ==============================
#reg_term: 1
Epoch:0
LR: 0.0001
* TRAIN - Accuracy 97.603 Loss 0.1045
* VALID - Accuracy 99.496 Loss 0.0442
Epoch:1
LR: 0.0001
* TRAIN - Accuracy 99.844 Loss 0.0317
* VALID - Accuracy 99.396 Loss 0.0320
Epoch:2
LR: 0.0001
* TRAIN - Accuracy 99.877 Loss 0.0222
* VALID - Accuracy 99.496 Loss 0.0264
Epoch:3
LR: 0.0001
* TRAIN - Accuracy 99.902 Loss 0.0176
* VALID - Accuracy 99.698 Loss 0.0190
Computing SI
validation split name: 1
* VALID - Accuracy 99.905 Loss 0.0013
validation split name: 2
* VALID - Accuracy 94.711 Loss 0.1614
validation split name: 3
* VALID - Accuracy 99.573 Loss 0.0169
validation split name: 4
* VALID - Accuracy 99.698 Loss 0.0089
============================== Task: 5 ==============================
#reg_term: 1
Epoch:0
LR: 0.0001
* TRAIN - Accuracy 93.500 Loss 0.2086
* VALID - Accuracy 98.134 Loss 0.0855
Epoch:1
LR: 0.0001
* TRAIN - Accuracy 98.322 Loss 0.0785
* VALID - Accuracy 98.336 Loss 0.0730
Epoch:2
LR: 0.0001
* TRAIN - Accuracy 98.636 Loss 0.0635
* VALID - Accuracy 98.941 Loss 0.0557
Epoch:3
LR: 0.0001
* TRAIN - Accuracy 98.924 Loss 0.0537
* VALID - Accuracy 98.790 Loss 0.0523
Computing SI
validation split name: 1
* VALID - Accuracy 99.905 Loss 0.0029
validation split name: 2
* VALID - Accuracy 94.564 Loss 0.1595
validation split name: 3
* VALID - Accuracy 99.840 Loss 0.0079
validation split name: 4
* VALID - Accuracy 98.892 Loss 0.0393
validation split name: 5
* VALID - Accuracy 98.790 Loss 0.0345
OrderedDict([('1', OrderedDict([('1', 99.95271867612293), ('2', 99.90543735224587), ('3', 99.90543735224587), ('4', 99.90543735224587), ('5', 99.90543735224587)])), ('2', OrderedDict([('2', 99.0205680705191), ('3', 98.18805093046034), ('4', 94.71106758080313), ('5', 94.564152791381)])), ('3', OrderedDict([('3', 99.89327641408751), ('4', 99.57310565635005), ('5', 99.83991462113127)])), ('4', OrderedDict([('4', 99.69788519637463), ('5', 98.89224572004028)])), ('5', OrderedDict([('5', 98.78971255673223)]))])
Task 1 average acc: 99.95271867612293
Task 2 average acc: 99.46300271138249
Task 3 average acc: 99.32892156559791
Task 4 average acc: 98.47187394644341
Task 5 average acc: 98.39829260830612
===Summary of experiment repeats: 6 / 10 ===
The regularization coefficient: 300.0
The last avg acc of all repeats: [98.4753676  94.94409051 96.36418296 95.81209147 99.03570618 98.39829261
  0.          0.          0.          0.        ]
mean: 58.30297313167726 std: 47.61902907532779
split_boundaries: [0, 2, 4, 6, 8, 10]
{'1': [0, 1], '2': [2, 3], '3': [4, 5], '4': [6, 7], '5': [8, 9]}
MLP2(
  (linear): Sequential(
    (0): Linear(in_features=784, out_features=1024, bias=True)
    (1): ReLU()
    (2): Linear(in_features=1024, out_features=512, bias=True)
    (3): ReLU()
    (4): Linear(in_features=512, out_features=256, bias=True)
    (5): ReLU()
  )
  (last): ModuleDict(
    (1): Linear(in_features=256, out_features=2, bias=True)
    (2): Linear(in_features=256, out_features=2, bias=True)
    (3): Linear(in_features=256, out_features=2, bias=True)
    (4): Linear(in_features=256, out_features=2, bias=True)
    (5): Linear(in_features=256, out_features=2, bias=True)
  )
)
#parameter of model: 1462538
Task order: ['1', '2', '3', '4', '5']
============================== Task: 1 ==============================
#reg_term: 0
Epoch:0
LR: 0.001
* TRAIN - Accuracy 99.218 Loss 0.0263
* VALID - Accuracy 99.953 Loss 0.0010
Epoch:1
LR: 0.001
* TRAIN - Accuracy 99.929 Loss 0.0024
* VALID - Accuracy 99.905 Loss 0.0009
Epoch:2
LR: 0.001
* TRAIN - Accuracy 99.968 Loss 0.0010
* VALID - Accuracy 99.953 Loss 0.0018
Epoch:3
LR: 0.001
* TRAIN - Accuracy 99.913 Loss 0.0028
* VALID - Accuracy 99.764 Loss 0.0065
Computing SI
validation split name: 1
* VALID - Accuracy 99.764 Loss 0.0065
============================== Task: 2 ==============================
#reg_term: 1
Epoch:0
LR: 0.0001
* TRAIN - Accuracy 87.509 Loss 0.3035
* VALID - Accuracy 98.188 Loss 0.0875
Epoch:1
LR: 0.0001
* TRAIN - Accuracy 98.188 Loss 0.0890
* VALID - Accuracy 98.874 Loss 0.0615
Epoch:2
LR: 0.0001
* TRAIN - Accuracy 98.809 Loss 0.0646
* VALID - Accuracy 99.021 Loss 0.0552
Epoch:3
LR: 0.0001
* TRAIN - Accuracy 99.156 Loss 0.0518
* VALID - Accuracy 99.265 Loss 0.0457
Computing SI
validation split name: 1
* VALID - Accuracy 99.858 Loss 0.0055
validation split name: 2
* VALID - Accuracy 99.265 Loss 0.0221
============================== Task: 3 ==============================
#reg_term: 1
Epoch:0
LR: 0.0001
* TRAIN - Accuracy 96.191 Loss 0.1297
* VALID - Accuracy 99.626 Loss 0.0510
Epoch:1
LR: 0.0001
* TRAIN - Accuracy 99.671 Loss 0.0439
* VALID - Accuracy 99.787 Loss 0.0351
Epoch:2
LR: 0.0001
* TRAIN - Accuracy 99.743 Loss 0.0343
* VALID - Accuracy 99.680 Loss 0.0295
Epoch:3
LR: 0.0001
* TRAIN - Accuracy 99.822 Loss 0.0289
* VALID - Accuracy 99.840 Loss 0.0249
Computing SI
validation split name: 1
* VALID - Accuracy 99.858 Loss 0.0046
validation split name: 2
* VALID - Accuracy 92.703 Loss 0.2293
validation split name: 3
* VALID - Accuracy 99.840 Loss 0.0074
============================== Task: 4 ==============================
#reg_term: 1
Epoch:0
LR: 0.0001
* TRAIN - Accuracy 97.332 Loss 0.1085
* VALID - Accuracy 99.648 Loss 0.0422
Epoch:1
LR: 0.0001
* TRAIN - Accuracy 99.852 Loss 0.0284
* VALID - Accuracy 99.849 Loss 0.0229
Epoch:2
LR: 0.0001
* TRAIN - Accuracy 99.885 Loss 0.0181
* VALID - Accuracy 99.648 Loss 0.0189
Epoch:3
LR: 0.0001
* TRAIN - Accuracy 99.926 Loss 0.0135
* VALID - Accuracy 99.799 Loss 0.0152
Computing SI
validation split name: 1
* VALID - Accuracy 99.858 Loss 0.0044
validation split name: 2
* VALID - Accuracy 90.548 Loss 0.3030
validation split name: 3
* VALID - Accuracy 99.733 Loss 0.0142
validation split name: 4
* VALID - Accuracy 99.799 Loss 0.0077
============================== Task: 5 ==============================
#reg_term: 1
Epoch:0
LR: 0.0001
* TRAIN - Accuracy 93.898 Loss 0.1914
* VALID - Accuracy 98.033 Loss 0.0988
Epoch:1
LR: 0.0001
* TRAIN - Accuracy 98.551 Loss 0.0788
* VALID - Accuracy 98.235 Loss 0.0738
Epoch:2
LR: 0.0001
* TRAIN - Accuracy 98.695 Loss 0.0661
* VALID - Accuracy 98.487 Loss 0.0656
Epoch:3
LR: 0.0001
* TRAIN - Accuracy 99.008 Loss 0.0561
* VALID - Accuracy 98.487 Loss 0.0601
Computing SI
validation split name: 1
* VALID - Accuracy 99.858 Loss 0.0049
validation split name: 2
* VALID - Accuracy 94.123 Loss 0.1800
validation split name: 3
* VALID - Accuracy 99.360 Loss 0.0167
validation split name: 4
* VALID - Accuracy 99.446 Loss 0.0141
validation split name: 5
* VALID - Accuracy 98.487 Loss 0.0378
OrderedDict([('1', OrderedDict([('1', 99.76359338061465), ('2', 99.8581560283688), ('3', 99.8581560283688), ('4', 99.8581560283688), ('5', 99.8581560283688)])), ('2', OrderedDict([('2', 99.26542605288932), ('3', 92.7032321253673), ('4', 90.5484818805093), ('5', 94.1234084231146)])), ('3', OrderedDict([('3', 99.83991462113127), ('4', 99.73319103521878), ('5', 99.35965848452508)])), ('4', OrderedDict([('4', 99.79859013091641), ('5', 99.44612286002014)])), ('5', OrderedDict([('5', 98.48714069591529)]))])
Task 1 average acc: 99.76359338061465
Task 2 average acc: 99.56179104062906
Task 3 average acc: 97.46710092495579
Task 4 average acc: 97.48460476875333
Task 5 average acc: 98.25489729838878
===Summary of experiment repeats: 7 / 10 ===
The regularization coefficient: 300.0
The last avg acc of all repeats: [98.4753676  94.94409051 96.36418296 95.81209147 99.03570618 98.39829261
 98.2548973   0.          0.          0.        ]
mean: 68.12846286151614 std: 44.61752613613515
split_boundaries: [0, 2, 4, 6, 8, 10]
{'1': [0, 1], '2': [2, 3], '3': [4, 5], '4': [6, 7], '5': [8, 9]}
MLP2(
  (linear): Sequential(
    (0): Linear(in_features=784, out_features=1024, bias=True)
    (1): ReLU()
    (2): Linear(in_features=1024, out_features=512, bias=True)
    (3): ReLU()
    (4): Linear(in_features=512, out_features=256, bias=True)
    (5): ReLU()
  )
  (last): ModuleDict(
    (1): Linear(in_features=256, out_features=2, bias=True)
    (2): Linear(in_features=256, out_features=2, bias=True)
    (3): Linear(in_features=256, out_features=2, bias=True)
    (4): Linear(in_features=256, out_features=2, bias=True)
    (5): Linear(in_features=256, out_features=2, bias=True)
  )
)
#parameter of model: 1462538
Task order: ['1', '2', '3', '4', '5']
============================== Task: 1 ==============================
#reg_term: 0
Epoch:0
LR: 0.001
* TRAIN - Accuracy 99.242 Loss 0.0266
* VALID - Accuracy 99.905 Loss 0.0025
Epoch:1
LR: 0.001
* TRAIN - Accuracy 99.953 Loss 0.0020
* VALID - Accuracy 99.858 Loss 0.0074
Epoch:2
LR: 0.001
* TRAIN - Accuracy 99.913 Loss 0.0022
* VALID - Accuracy 99.905 Loss 0.0016
Epoch:3
LR: 0.001
* TRAIN - Accuracy 99.921 Loss 0.0028
* VALID - Accuracy 99.905 Loss 0.0024
Computing SI
validation split name: 1
* VALID - Accuracy 99.905 Loss 0.0024
============================== Task: 2 ==============================
#reg_term: 1
Epoch:0
LR: 0.0001
* TRAIN - Accuracy 92.547 Loss 0.2058
* VALID - Accuracy 98.531 Loss 0.0802
Epoch:1
LR: 0.0001
* TRAIN - Accuracy 98.494 Loss 0.0794
* VALID - Accuracy 99.216 Loss 0.0570
Epoch:2
LR: 0.0001
* TRAIN - Accuracy 98.941 Loss 0.0603
* VALID - Accuracy 99.167 Loss 0.0510
Epoch:3
LR: 0.0001
* TRAIN - Accuracy 99.305 Loss 0.0489
* VALID - Accuracy 99.412 Loss 0.0460
Computing SI
validation split name: 1
* VALID - Accuracy 99.953 Loss 0.0017
validation split name: 2
* VALID - Accuracy 99.412 Loss 0.0221
============================== Task: 3 ==============================
#reg_term: 1
Epoch:0
LR: 0.0001
* TRAIN - Accuracy 92.826 Loss 0.1966
* VALID - Accuracy 99.893 Loss 0.0600
Epoch:1
LR: 0.0001
* TRAIN - Accuracy 99.521 Loss 0.0547
* VALID - Accuracy 99.893 Loss 0.0403
Epoch:2
LR: 0.0001
* TRAIN - Accuracy 99.609 Loss 0.0388
* VALID - Accuracy 99.893 Loss 0.0325
Epoch:3
LR: 0.0001
* TRAIN - Accuracy 99.751 Loss 0.0301
* VALID - Accuracy 99.840 Loss 0.0257
Computing SI
validation split name: 1
* VALID - Accuracy 99.953 Loss 0.0014
validation split name: 2
* VALID - Accuracy 99.608 Loss 0.0180
validation split name: 3
* VALID - Accuracy 99.840 Loss 0.0079
============================== Task: 4 ==============================
#reg_term: 1
Epoch:0
LR: 0.0001
* TRAIN - Accuracy 96.651 Loss 0.1142
* VALID - Accuracy 99.748 Loss 0.0421
Epoch:1
LR: 0.0001
* TRAIN - Accuracy 99.836 Loss 0.0306
* VALID - Accuracy 99.698 Loss 0.0272
Epoch:2
LR: 0.0001
* TRAIN - Accuracy 99.885 Loss 0.0202
* VALID - Accuracy 99.748 Loss 0.0209
Epoch:3
LR: 0.0001
* TRAIN - Accuracy 99.910 Loss 0.0150
* VALID - Accuracy 99.799 Loss 0.0159
Computing SI
validation split name: 1
* VALID - Accuracy 99.953 Loss 0.0014
validation split name: 2
* VALID - Accuracy 99.510 Loss 0.0207
validation split name: 3
* VALID - Accuracy 99.200 Loss 0.0238
validation split name: 4
* VALID - Accuracy 99.799 Loss 0.0066
============================== Task: 5 ==============================
#reg_term: 1
Epoch:0
LR: 0.0001
* TRAIN - Accuracy 95.508 Loss 0.1472
* VALID - Accuracy 98.588 Loss 0.0788
Epoch:1
LR: 0.0001
* TRAIN - Accuracy 98.585 Loss 0.0709
* VALID - Accuracy 98.538 Loss 0.0652
Epoch:2
LR: 0.0001
* TRAIN - Accuracy 98.915 Loss 0.0605
* VALID - Accuracy 99.042 Loss 0.0537
Epoch:3
LR: 0.0001
* TRAIN - Accuracy 99.110 Loss 0.0536
* VALID - Accuracy 98.991 Loss 0.0511
Computing SI
validation split name: 1
* VALID - Accuracy 99.953 Loss 0.0017
validation split name: 2
* VALID - Accuracy 98.041 Loss 0.0520
validation split name: 3
* VALID - Accuracy 98.346 Loss 0.0415
validation split name: 4
* VALID - Accuracy 99.698 Loss 0.0121
validation split name: 5
* VALID - Accuracy 98.991 Loss 0.0308
OrderedDict([('1', OrderedDict([('1', 99.90543735224587), ('2', 99.95271867612293), ('3', 99.95271867612293), ('4', 99.95271867612293), ('5', 99.95271867612293)])), ('2', OrderedDict([('2', 99.41234084231147), ('3', 99.60822722820764), ('4', 99.51028403525955), ('5', 98.0411361410382)])), ('3', OrderedDict([('3', 99.83991462113127), ('4', 99.19957310565636), ('5', 98.34578441835646)])), ('4', OrderedDict([('4', 99.79859013091641), ('5', 99.69788519637463)])), ('5', OrderedDict([('5', 98.99142713061019)]))])
Task 1 average acc: 99.90543735224587
Task 2 average acc: 99.6825297592172
Task 3 average acc: 99.80028684182061
Task 4 average acc: 99.61529148698881
Task 5 average acc: 99.00579031250047
===Summary of experiment repeats: 8 / 10 ===
The regularization coefficient: 300.0
The last avg acc of all repeats: [98.4753676  94.94409051 96.36418296 95.81209147 99.03570618 98.39829261
 98.2548973  99.00579031  0.          0.        ]
mean: 78.02904189276619 std: 39.03708958437997
split_boundaries: [0, 2, 4, 6, 8, 10]
{'1': [0, 1], '2': [2, 3], '3': [4, 5], '4': [6, 7], '5': [8, 9]}
MLP2(
  (linear): Sequential(
    (0): Linear(in_features=784, out_features=1024, bias=True)
    (1): ReLU()
    (2): Linear(in_features=1024, out_features=512, bias=True)
    (3): ReLU()
    (4): Linear(in_features=512, out_features=256, bias=True)
    (5): ReLU()
  )
  (last): ModuleDict(
    (1): Linear(in_features=256, out_features=2, bias=True)
    (2): Linear(in_features=256, out_features=2, bias=True)
    (3): Linear(in_features=256, out_features=2, bias=True)
    (4): Linear(in_features=256, out_features=2, bias=True)
    (5): Linear(in_features=256, out_features=2, bias=True)
  )
)
#parameter of model: 1462538
Task order: ['1', '2', '3', '4', '5']
============================== Task: 1 ==============================
#reg_term: 0
Epoch:0
LR: 0.001
* TRAIN - Accuracy 99.163 Loss 0.0287
* VALID - Accuracy 99.953 Loss 0.0018
Epoch:1
LR: 0.001
* TRAIN - Accuracy 99.945 Loss 0.0018
* VALID - Accuracy 99.811 Loss 0.0033
Epoch:2
LR: 0.001
* TRAIN - Accuracy 99.945 Loss 0.0025
* VALID - Accuracy 99.953 Loss 0.0033
Epoch:3
LR: 0.001
* TRAIN - Accuracy 99.945 Loss 0.0014
* VALID - Accuracy 99.953 Loss 0.0008
Computing SI
validation split name: 1
* VALID - Accuracy 99.953 Loss 0.0008
============================== Task: 2 ==============================
#reg_term: 1
Epoch:0
LR: 0.0001
* TRAIN - Accuracy 90.537 Loss 0.2425
* VALID - Accuracy 97.943 Loss 0.0927
Epoch:1
LR: 0.0001
* TRAIN - Accuracy 98.056 Loss 0.0916
* VALID - Accuracy 98.678 Loss 0.0707
Epoch:2
LR: 0.0001
* TRAIN - Accuracy 98.784 Loss 0.0690
* VALID - Accuracy 99.070 Loss 0.0553
Epoch:3
LR: 0.0001
* TRAIN - Accuracy 99.123 Loss 0.0553
* VALID - Accuracy 99.412 Loss 0.0492
Computing SI
validation split name: 1
* VALID - Accuracy 99.953 Loss 0.0004
validation split name: 2
* VALID - Accuracy 99.412 Loss 0.0234
============================== Task: 3 ==============================
#reg_term: 1
Epoch:0
LR: 0.0001
* TRAIN - Accuracy 90.846 Loss 0.2522
* VALID - Accuracy 99.680 Loss 0.0705
Epoch:1
LR: 0.0001
* TRAIN - Accuracy 99.574 Loss 0.0572
* VALID - Accuracy 99.893 Loss 0.0425
Epoch:2
LR: 0.0001
* TRAIN - Accuracy 99.698 Loss 0.0400
* VALID - Accuracy 99.947 Loss 0.0320
Epoch:3
LR: 0.0001
* TRAIN - Accuracy 99.769 Loss 0.0315
* VALID - Accuracy 99.947 Loss 0.0277
Computing SI
validation split name: 1
* VALID - Accuracy 100.000 Loss 0.0002
validation split name: 2
* VALID - Accuracy 97.894 Loss 0.0636
validation split name: 3
* VALID - Accuracy 99.947 Loss 0.0087
============================== Task: 4 ==============================
#reg_term: 1
Epoch:0
LR: 0.0001
* TRAIN - Accuracy 97.267 Loss 0.1085
* VALID - Accuracy 99.496 Loss 0.0453
Epoch:1
LR: 0.0001
* TRAIN - Accuracy 99.836 Loss 0.0287
* VALID - Accuracy 99.648 Loss 0.0248
Epoch:2
LR: 0.0001
* TRAIN - Accuracy 99.902 Loss 0.0182
* VALID - Accuracy 99.698 Loss 0.0192
Epoch:3
LR: 0.0001
* TRAIN - Accuracy 99.902 Loss 0.0137
* VALID - Accuracy 99.698 Loss 0.0161
Computing SI
validation split name: 1
* VALID - Accuracy 100.000 Loss 0.0003
validation split name: 2
* VALID - Accuracy 96.915 Loss 0.0786
validation split name: 3
* VALID - Accuracy 99.680 Loss 0.0146
validation split name: 4
* VALID - Accuracy 99.698 Loss 0.0086
============================== Task: 5 ==============================
#reg_term: 1
Epoch:0
LR: 0.0001
* TRAIN - Accuracy 95.356 Loss 0.1498
* VALID - Accuracy 98.235 Loss 0.0808
Epoch:1
LR: 0.0001
* TRAIN - Accuracy 98.483 Loss 0.0760
* VALID - Accuracy 98.285 Loss 0.0779
Epoch:2
LR: 0.0001
* TRAIN - Accuracy 98.780 Loss 0.0650
* VALID - Accuracy 98.588 Loss 0.0620
Epoch:3
LR: 0.0001
* TRAIN - Accuracy 98.839 Loss 0.0607
* VALID - Accuracy 98.739 Loss 0.0560
Computing SI
validation split name: 1
* VALID - Accuracy 99.953 Loss 0.0007
validation split name: 2
* VALID - Accuracy 97.209 Loss 0.0721
validation split name: 3
* VALID - Accuracy 98.506 Loss 0.0455
validation split name: 4
* VALID - Accuracy 99.194 Loss 0.0190
validation split name: 5
* VALID - Accuracy 98.739 Loss 0.0324
OrderedDict([('1', OrderedDict([('1', 99.95271867612293), ('2', 99.95271867612293), ('3', 100.0), ('4', 100.0), ('5', 99.95271867612293)])), ('2', OrderedDict([('2', 99.41234084231147), ('3', 97.89422135161607), ('4', 96.91478942213516), ('5', 97.20861900097943)])), ('3', OrderedDict([('3', 99.94663820704376), ('4', 99.67982924226254), ('5', 98.50586979722519)])), ('4', OrderedDict([('4', 99.69788519637463), ('5', 99.19436052366567)])), ('5', OrderedDict([('5', 98.73928391326274)]))])
Task 1 average acc: 99.95271867612293
Task 2 average acc: 99.6825297592172
Task 3 average acc: 99.28028651955327
Task 4 average acc: 99.07312596519307
Task 5 average acc: 98.7201703822512
===Summary of experiment repeats: 9 / 10 ===
The regularization coefficient: 300.0
The last avg acc of all repeats: [98.4753676  94.94409051 96.36418296 95.81209147 99.03570618 98.39829261
 98.2548973  99.00579031 98.72017038  0.        ]
mean: 87.90105893099131 std: 29.332520941140256
split_boundaries: [0, 2, 4, 6, 8, 10]
{'1': [0, 1], '2': [2, 3], '3': [4, 5], '4': [6, 7], '5': [8, 9]}
MLP2(
  (linear): Sequential(
    (0): Linear(in_features=784, out_features=1024, bias=True)
    (1): ReLU()
    (2): Linear(in_features=1024, out_features=512, bias=True)
    (3): ReLU()
    (4): Linear(in_features=512, out_features=256, bias=True)
    (5): ReLU()
  )
  (last): ModuleDict(
    (1): Linear(in_features=256, out_features=2, bias=True)
    (2): Linear(in_features=256, out_features=2, bias=True)
    (3): Linear(in_features=256, out_features=2, bias=True)
    (4): Linear(in_features=256, out_features=2, bias=True)
    (5): Linear(in_features=256, out_features=2, bias=True)
  )
)
#parameter of model: 1462538
Task order: ['1', '2', '3', '4', '5']
============================== Task: 1 ==============================
#reg_term: 0
Epoch:0
LR: 0.001
* TRAIN - Accuracy 99.124 Loss 0.0258
* VALID - Accuracy 99.858 Loss 0.0068
Epoch:1
LR: 0.001
* TRAIN - Accuracy 99.921 Loss 0.0045
* VALID - Accuracy 99.905 Loss 0.0020
Epoch:2
LR: 0.001
* TRAIN - Accuracy 99.953 Loss 0.0018
* VALID - Accuracy 99.764 Loss 0.0044
Epoch:3
LR: 0.001
* TRAIN - Accuracy 99.937 Loss 0.0016
* VALID - Accuracy 99.953 Loss 0.0024
Computing SI
validation split name: 1
* VALID - Accuracy 99.953 Loss 0.0024
============================== Task: 2 ==============================
#reg_term: 1
Epoch:0
LR: 0.0001
* TRAIN - Accuracy 90.851 Loss 0.2455
* VALID - Accuracy 98.090 Loss 0.0905
Epoch:1
LR: 0.0001
* TRAIN - Accuracy 98.337 Loss 0.0883
* VALID - Accuracy 98.923 Loss 0.0647
Epoch:2
LR: 0.0001
* TRAIN - Accuracy 98.949 Loss 0.0651
* VALID - Accuracy 99.070 Loss 0.0548
Epoch:3
LR: 0.0001
* TRAIN - Accuracy 99.156 Loss 0.0566
* VALID - Accuracy 99.314 Loss 0.0484
Computing SI
validation split name: 1
* VALID - Accuracy 99.953 Loss 0.0020
validation split name: 2
* VALID - Accuracy 99.314 Loss 0.0227
============================== Task: 3 ==============================
#reg_term: 1
Epoch:0
LR: 0.0001
* TRAIN - Accuracy 94.744 Loss 0.1508
* VALID - Accuracy 99.680 Loss 0.0525
Epoch:1
LR: 0.0001
* TRAIN - Accuracy 99.618 Loss 0.0485
* VALID - Accuracy 99.787 Loss 0.0394
Epoch:2
LR: 0.0001
* TRAIN - Accuracy 99.787 Loss 0.0355
* VALID - Accuracy 99.733 Loss 0.0314
Epoch:3
LR: 0.0001
* TRAIN - Accuracy 99.805 Loss 0.0286
* VALID - Accuracy 99.787 Loss 0.0246
Computing SI
validation split name: 1
* VALID - Accuracy 99.953 Loss 0.0017
validation split name: 2
* VALID - Accuracy 98.482 Loss 0.0416
validation split name: 3
* VALID - Accuracy 99.787 Loss 0.0072
============================== Task: 4 ==============================
#reg_term: 1
Epoch:0
LR: 0.0001
* TRAIN - Accuracy 96.068 Loss 0.1284
* VALID - Accuracy 99.597 Loss 0.0432
Epoch:1
LR: 0.0001
* TRAIN - Accuracy 99.877 Loss 0.0290
* VALID - Accuracy 99.748 Loss 0.0241
Epoch:2
LR: 0.0001
* TRAIN - Accuracy 99.918 Loss 0.0175
* VALID - Accuracy 99.849 Loss 0.0174
Epoch:3
LR: 0.0001
* TRAIN - Accuracy 99.934 Loss 0.0131
* VALID - Accuracy 99.849 Loss 0.0143
Computing SI
validation split name: 1
* VALID - Accuracy 99.953 Loss 0.0016
validation split name: 2
* VALID - Accuracy 98.384 Loss 0.0391
validation split name: 3
* VALID - Accuracy 99.787 Loss 0.0072
validation split name: 4
* VALID - Accuracy 99.849 Loss 0.0065
============================== Task: 5 ==============================
#reg_term: 1
Epoch:0
LR: 0.0001
* TRAIN - Accuracy 93.229 Loss 0.2261
* VALID - Accuracy 98.336 Loss 0.0996
Epoch:1
LR: 0.0001
* TRAIN - Accuracy 98.602 Loss 0.0862
* VALID - Accuracy 98.235 Loss 0.0832
Epoch:2
LR: 0.0001
* TRAIN - Accuracy 98.805 Loss 0.0713
* VALID - Accuracy 98.739 Loss 0.0663
Epoch:3
LR: 0.0001
* TRAIN - Accuracy 99.025 Loss 0.0616
* VALID - Accuracy 98.840 Loss 0.0595
Computing SI
validation split name: 1
* VALID - Accuracy 99.953 Loss 0.0018
validation split name: 2
* VALID - Accuracy 97.502 Loss 0.0624
validation split name: 3
* VALID - Accuracy 99.520 Loss 0.0195
validation split name: 4
* VALID - Accuracy 99.245 Loss 0.0214
validation split name: 5
* VALID - Accuracy 98.840 Loss 0.0335
OrderedDict([('1', OrderedDict([('1', 99.95271867612293), ('2', 99.95271867612293), ('3', 99.95271867612293), ('4', 99.95271867612293), ('5', 99.95271867612293)])), ('2', OrderedDict([('2', 99.31439764936337), ('3', 98.4818805093046), ('4', 98.38393731635651), ('5', 97.5024485798237)])), ('3', OrderedDict([('3', 99.78655282817503), ('4', 99.78655282817503), ('5', 99.51974386339381)])), ('4', OrderedDict([('4', 99.8489425981873), ('5', 99.24471299093656)])), ('5', OrderedDict([('5', 98.84014120020171)]))])
Task 1 average acc: 99.95271867612293
Task 2 average acc: 99.63355816274316
Task 3 average acc: 99.40705067120086
Task 4 average acc: 99.49303785471045
Task 5 average acc: 99.01195306209574
===Summary of experiment repeats: 10 / 10 ===
The regularization coefficient: 300.0
The last avg acc of all repeats: [98.4753676  94.94409051 96.36418296 95.81209147 99.03570618 98.39829261
 98.2548973  99.00579031 98.72017038 99.01195306]
mean: 97.80225423720088 std: 1.4313270035270091
reg_coef: 300.0 mean: 97.80225423720088 std: 1.4313270035270091
