Files already downloaded and verified
Files already downloaded and verified
split_boundaries: [0, 2, 4, 6, 8, 10]
{'1': [0, 1], '2': [2, 3], '3': [4, 5], '4': [6, 7], '5': [8, 9]}
CNN(
  (c1): Sequential(
    (0): Conv2d(3, 32, kernel_size=(3, 3), stride=(1, 1), padding=(1, 1))
    (1): BatchNorm2d(32, eps=1e-05, momentum=0.1, affine=True, track_running_stats=True)
    (2): ReLU()
    (3): Conv2d(32, 32, kernel_size=(3, 3), stride=(1, 1), padding=(1, 1))
    (4): BatchNorm2d(32, eps=1e-05, momentum=0.1, affine=True, track_running_stats=True)
    (5): ReLU()
    (6): Conv2d(32, 64, kernel_size=(3, 3), stride=(1, 1), padding=(1, 1))
    (7): BatchNorm2d(64, eps=1e-05, momentum=0.1, affine=True, track_running_stats=True)
    (8): ReLU()
    (9): MaxPool2d(kernel_size=2, stride=2, padding=0, dilation=1, ceil_mode=False)
  )
  (c2): Sequential(
    (0): Conv2d(64, 64, kernel_size=(3, 3), stride=(1, 1), padding=(1, 1))
    (1): BatchNorm2d(64, eps=1e-05, momentum=0.1, affine=True, track_running_stats=True)
    (2): ReLU()
    (3): Conv2d(64, 128, kernel_size=(3, 3), stride=(1, 1), padding=(1, 1))
    (4): BatchNorm2d(128, eps=1e-05, momentum=0.1, affine=True, track_running_stats=True)
    (5): ReLU()
    (6): MaxPool2d(kernel_size=2, stride=2, padding=0, dilation=1, ceil_mode=False)
  )
  (c3): Sequential(
    (0): Conv2d(128, 128, kernel_size=(3, 3), stride=(1, 1), padding=(1, 1))
    (1): BatchNorm2d(128, eps=1e-05, momentum=0.1, affine=True, track_running_stats=True)
    (2): ReLU()
    (3): Conv2d(128, 128, kernel_size=(3, 3), stride=(1, 1), padding=(1, 1))
    (4): BatchNorm2d(128, eps=1e-05, momentum=0.1, affine=True, track_running_stats=True)
    (5): ReLU()
    (6): MaxPool2d(kernel_size=2, stride=2, padding=0, dilation=1, ceil_mode=False)
  )
  (fc1): Sequential(
    (0): Linear(in_features=2048, out_features=256, bias=True)
    (1): ReLU()
  )
  (last): ModuleDict(
    (All): Linear(in_features=256, out_features=2, bias=True)
  )
)
#parameter of model: 960802
Task order: ['1', '2', '3', '4', '5']
============================== Task: 1 ==============================
Epoch:0
LR: 0.001
* TRAIN - Accuracy 79.460 Loss 0.4516
* VALID - Accuracy 88.150 Loss 0.2896
Epoch:1
LR: 0.001
* TRAIN - Accuracy 89.960 Loss 0.2495
* VALID - Accuracy 85.900 Loss 0.3763
Epoch:2
LR: 0.001
* TRAIN - Accuracy 92.600 Loss 0.1839
* VALID - Accuracy 87.600 Loss 0.2897
Epoch:3
LR: 0.001
* TRAIN - Accuracy 93.910 Loss 0.1563
* VALID - Accuracy 88.850 Loss 0.3356
Epoch:4
LR: 0.001
* TRAIN - Accuracy 95.680 Loss 0.1122
* VALID - Accuracy 96.350 Loss 0.0944
Epoch:5
LR: 0.001
* TRAIN - Accuracy 96.060 Loss 0.0978
* VALID - Accuracy 97.300 Loss 0.0770
Epoch:6
LR: 0.001
* TRAIN - Accuracy 96.870 Loss 0.0805
* VALID - Accuracy 97.400 Loss 0.0656
Epoch:7
LR: 0.001
* TRAIN - Accuracy 97.350 Loss 0.0702
* VALID - Accuracy 98.000 Loss 0.0611
Epoch:8
LR: 0.001
* TRAIN - Accuracy 97.360 Loss 0.0707
* VALID - Accuracy 95.750 Loss 0.1039
Epoch:9
LR: 0.001
* TRAIN - Accuracy 97.640 Loss 0.0645
* VALID - Accuracy 96.900 Loss 0.0883
Epoch:10
LR: 0.001
* TRAIN - Accuracy 97.450 Loss 0.0656
* VALID - Accuracy 97.650 Loss 0.0651
Epoch:11
LR: 0.001
* TRAIN - Accuracy 97.830 Loss 0.0594
* VALID - Accuracy 97.350 Loss 0.0737
validation split name: 1
* VALID - Accuracy 97.350 Loss 0.0737
============================== Task: 2 ==============================
Epoch:0
LR: 0.0001
* TRAIN - Accuracy 73.570 Loss 0.6393
* VALID - Accuracy 78.350 Loss 0.4764
Epoch:1
LR: 0.0001
* TRAIN - Accuracy 79.220 Loss 0.4470
* VALID - Accuracy 80.100 Loss 0.4301
Epoch:2
LR: 0.0001
* TRAIN - Accuracy 81.310 Loss 0.4121
* VALID - Accuracy 81.100 Loss 0.4220
Epoch:3
LR: 0.0001
* TRAIN - Accuracy 82.570 Loss 0.3905
* VALID - Accuracy 81.900 Loss 0.4046
Epoch:4
LR: 0.0001
* TRAIN - Accuracy 84.340 Loss 0.3562
* VALID - Accuracy 83.900 Loss 0.3747
Epoch:5
LR: 0.0001
* TRAIN - Accuracy 85.280 Loss 0.3421
* VALID - Accuracy 83.200 Loss 0.3870
Epoch:6
LR: 0.0001
* TRAIN - Accuracy 85.660 Loss 0.3260
* VALID - Accuracy 84.150 Loss 0.3562
Epoch:7
LR: 0.0001
* TRAIN - Accuracy 86.670 Loss 0.3118
* VALID - Accuracy 84.500 Loss 0.3490
Epoch:8
LR: 0.0001
* TRAIN - Accuracy 87.380 Loss 0.2981
* VALID - Accuracy 85.200 Loss 0.3295
Epoch:9
LR: 0.0001
* TRAIN - Accuracy 88.260 Loss 0.2828
* VALID - Accuracy 85.900 Loss 0.3212
Epoch:10
LR: 0.0001
* TRAIN - Accuracy 88.830 Loss 0.2694
* VALID - Accuracy 83.800 Loss 0.3834
Epoch:11
LR: 0.0001
* TRAIN - Accuracy 89.310 Loss 0.2603
* VALID - Accuracy 87.500 Loss 0.2999
validation split name: 1
* VALID - Accuracy 83.800 Loss 0.3860
validation split name: 2
* VALID - Accuracy 87.500 Loss 0.2999
============================== Task: 3 ==============================
Epoch:0
LR: 0.0001
* TRAIN - Accuracy 83.090 Loss 0.3837
* VALID - Accuracy 86.150 Loss 0.3209
Epoch:1
LR: 0.0001
* TRAIN - Accuracy 87.890 Loss 0.2867
* VALID - Accuracy 89.500 Loss 0.2568
Epoch:2
LR: 0.0001
* TRAIN - Accuracy 89.680 Loss 0.2553
* VALID - Accuracy 91.200 Loss 0.2382
Epoch:3
LR: 0.0001
* TRAIN - Accuracy 90.770 Loss 0.2304
* VALID - Accuracy 90.500 Loss 0.2272
Epoch:4
LR: 0.0001
* TRAIN - Accuracy 90.890 Loss 0.2233
* VALID - Accuracy 90.250 Loss 0.2510
Epoch:5
LR: 0.0001
* TRAIN - Accuracy 91.610 Loss 0.2052
* VALID - Accuracy 91.600 Loss 0.2144
Epoch:6
LR: 0.0001
* TRAIN - Accuracy 92.300 Loss 0.1961
* VALID - Accuracy 92.850 Loss 0.1969
Epoch:7
LR: 0.0001
* TRAIN - Accuracy 92.840 Loss 0.1822
* VALID - Accuracy 92.450 Loss 0.1994
Epoch:8
LR: 0.0001
* TRAIN - Accuracy 93.150 Loss 0.1793
* VALID - Accuracy 92.850 Loss 0.1897
Epoch:9
LR: 0.0001
* TRAIN - Accuracy 93.240 Loss 0.1715
* VALID - Accuracy 92.600 Loss 0.2150
Epoch:10
LR: 0.0001
* TRAIN - Accuracy 93.540 Loss 0.1673
* VALID - Accuracy 93.250 Loss 0.1848
Epoch:11
LR: 0.0001
* TRAIN - Accuracy 94.120 Loss 0.1570
* VALID - Accuracy 93.200 Loss 0.1906
validation split name: 1
* VALID - Accuracy 72.650 Loss 0.6593
validation split name: 2
* VALID - Accuracy 71.250 Loss 0.7973
validation split name: 3
* VALID - Accuracy 93.200 Loss 0.1906
============================== Task: 4 ==============================
Epoch:0
LR: 0.0001
* TRAIN - Accuracy 88.060 Loss 0.3090
* VALID - Accuracy 94.700 Loss 0.1401
Epoch:1
LR: 0.0001
* TRAIN - Accuracy 94.670 Loss 0.1380
* VALID - Accuracy 95.700 Loss 0.1027
Epoch:2
LR: 0.0001
* TRAIN - Accuracy 95.930 Loss 0.1093
* VALID - Accuracy 95.350 Loss 0.1190
Epoch:3
LR: 0.0001
* TRAIN - Accuracy 96.330 Loss 0.0967
* VALID - Accuracy 95.950 Loss 0.0940
Epoch:4
LR: 0.0001
* TRAIN - Accuracy 96.640 Loss 0.0881
* VALID - Accuracy 95.300 Loss 0.1129
Epoch:5
LR: 0.0001
* TRAIN - Accuracy 96.710 Loss 0.0832
* VALID - Accuracy 96.850 Loss 0.0868
Epoch:6
LR: 0.0001
* TRAIN - Accuracy 97.410 Loss 0.0686
* VALID - Accuracy 97.000 Loss 0.0811
Epoch:7
LR: 0.0001
* TRAIN - Accuracy 97.500 Loss 0.0651
* VALID - Accuracy 96.950 Loss 0.0877
Epoch:8
LR: 0.0001
* TRAIN - Accuracy 97.710 Loss 0.0631
* VALID - Accuracy 96.950 Loss 0.0787
Epoch:9
LR: 0.0001
* TRAIN - Accuracy 97.850 Loss 0.0548
* VALID - Accuracy 97.150 Loss 0.0880
Epoch:10
LR: 0.0001
* TRAIN - Accuracy 98.040 Loss 0.0562
* VALID - Accuracy 97.250 Loss 0.0747
Epoch:11
LR: 0.0001
* TRAIN - Accuracy 97.980 Loss 0.0522
* VALID - Accuracy 97.650 Loss 0.0702
validation split name: 1
* VALID - Accuracy 44.900 Loss 1.9112
validation split name: 2
* VALID - Accuracy 56.350 Loss 1.7397
validation split name: 3
* VALID - Accuracy 64.850 Loss 1.3355
validation split name: 4
* VALID - Accuracy 97.650 Loss 0.0702
============================== Task: 5 ==============================
Epoch:0
LR: 0.0001
* TRAIN - Accuracy 89.600 Loss 0.2799
* VALID - Accuracy 93.250 Loss 0.1684
Epoch:1
LR: 0.0001
* TRAIN - Accuracy 94.540 Loss 0.1474
* VALID - Accuracy 94.400 Loss 0.1383
Epoch:2
LR: 0.0001
* TRAIN - Accuracy 95.010 Loss 0.1302
* VALID - Accuracy 95.150 Loss 0.1224
Epoch:3
LR: 0.0001
* TRAIN - Accuracy 95.800 Loss 0.1090
* VALID - Accuracy 94.850 Loss 0.1321
Epoch:4
LR: 0.0001
* TRAIN - Accuracy 96.380 Loss 0.0958
* VALID - Accuracy 95.800 Loss 0.1083
Epoch:5
LR: 0.0001
* TRAIN - Accuracy 96.510 Loss 0.0927
* VALID - Accuracy 95.650 Loss 0.1002
Epoch:6
LR: 0.0001
* TRAIN - Accuracy 96.920 Loss 0.0818
* VALID - Accuracy 95.850 Loss 0.0961
Epoch:7
LR: 0.0001
* TRAIN - Accuracy 97.010 Loss 0.0787
* VALID - Accuracy 95.450 Loss 0.1235
Epoch:8
LR: 0.0001
* TRAIN - Accuracy 97.300 Loss 0.0724
* VALID - Accuracy 96.200 Loss 0.0935
Epoch:9
LR: 0.0001
* TRAIN - Accuracy 97.530 Loss 0.0648
* VALID - Accuracy 95.700 Loss 0.1282
Epoch:10
LR: 0.0001
* TRAIN - Accuracy 97.490 Loss 0.0654
* VALID - Accuracy 96.600 Loss 0.0870
Epoch:11
LR: 0.0001
* TRAIN - Accuracy 97.720 Loss 0.0565
* VALID - Accuracy 96.800 Loss 0.0869
validation split name: 1
* VALID - Accuracy 82.850 Loss 0.5526
validation split name: 2
* VALID - Accuracy 60.000 Loss 1.2069
validation split name: 3
* VALID - Accuracy 62.000 Loss 1.0993
validation split name: 4
* VALID - Accuracy 70.000 Loss 0.9182
validation split name: 5
* VALID - Accuracy 96.800 Loss 0.0869
OrderedDict([('1', OrderedDict([('1', 97.35), ('2', 83.8), ('3', 72.65), ('4', 44.9), ('5', 82.85)])), ('2', OrderedDict([('2', 87.5), ('3', 71.25), ('4', 56.35), ('5', 60.0)])), ('3', OrderedDict([('3', 93.2), ('4', 64.85), ('5', 62.0)])), ('4', OrderedDict([('4', 97.65), ('5', 70.0)])), ('5', OrderedDict([('5', 96.8)]))])
Task 1 average acc: 97.35
Task 2 average acc: 85.65
Task 3 average acc: 79.03333333333335
Task 4 average acc: 65.9375
Task 5 average acc: 74.33000000000001
===Summary of experiment repeats: 1 / 10 ===
The regularization coefficient: 0.0
The last avg acc of all repeats: [74.33  0.    0.    0.    0.    0.    0.    0.    0.    0.  ]
mean: 7.433000000000002 std: 22.299
Files already downloaded and verified
Files already downloaded and verified
split_boundaries: [0, 2, 4, 6, 8, 10]
{'1': [0, 1], '2': [2, 3], '3': [4, 5], '4': [6, 7], '5': [8, 9]}
CNN(
  (c1): Sequential(
    (0): Conv2d(3, 32, kernel_size=(3, 3), stride=(1, 1), padding=(1, 1))
    (1): BatchNorm2d(32, eps=1e-05, momentum=0.1, affine=True, track_running_stats=True)
    (2): ReLU()
    (3): Conv2d(32, 32, kernel_size=(3, 3), stride=(1, 1), padding=(1, 1))
    (4): BatchNorm2d(32, eps=1e-05, momentum=0.1, affine=True, track_running_stats=True)
    (5): ReLU()
    (6): Conv2d(32, 64, kernel_size=(3, 3), stride=(1, 1), padding=(1, 1))
    (7): BatchNorm2d(64, eps=1e-05, momentum=0.1, affine=True, track_running_stats=True)
    (8): ReLU()
    (9): MaxPool2d(kernel_size=2, stride=2, padding=0, dilation=1, ceil_mode=False)
  )
  (c2): Sequential(
    (0): Conv2d(64, 64, kernel_size=(3, 3), stride=(1, 1), padding=(1, 1))
    (1): BatchNorm2d(64, eps=1e-05, momentum=0.1, affine=True, track_running_stats=True)
    (2): ReLU()
    (3): Conv2d(64, 128, kernel_size=(3, 3), stride=(1, 1), padding=(1, 1))
    (4): BatchNorm2d(128, eps=1e-05, momentum=0.1, affine=True, track_running_stats=True)
    (5): ReLU()
    (6): MaxPool2d(kernel_size=2, stride=2, padding=0, dilation=1, ceil_mode=False)
  )
  (c3): Sequential(
    (0): Conv2d(128, 128, kernel_size=(3, 3), stride=(1, 1), padding=(1, 1))
    (1): BatchNorm2d(128, eps=1e-05, momentum=0.1, affine=True, track_running_stats=True)
    (2): ReLU()
    (3): Conv2d(128, 128, kernel_size=(3, 3), stride=(1, 1), padding=(1, 1))
    (4): BatchNorm2d(128, eps=1e-05, momentum=0.1, affine=True, track_running_stats=True)
    (5): ReLU()
    (6): MaxPool2d(kernel_size=2, stride=2, padding=0, dilation=1, ceil_mode=False)
  )
  (fc1): Sequential(
    (0): Linear(in_features=2048, out_features=256, bias=True)
    (1): ReLU()
  )
  (last): ModuleDict(
    (All): Linear(in_features=256, out_features=2, bias=True)
  )
)
#parameter of model: 960802
Task order: ['1', '2', '3', '4', '5']
============================== Task: 1 ==============================
Epoch:0
LR: 0.001
* TRAIN - Accuracy 82.430 Loss 0.4058
* VALID - Accuracy 88.650 Loss 0.2539
Epoch:1
LR: 0.001
* TRAIN - Accuracy 90.500 Loss 0.2382
* VALID - Accuracy 93.800 Loss 0.1665
Epoch:2
LR: 0.001
* TRAIN - Accuracy 92.630 Loss 0.1922
* VALID - Accuracy 93.150 Loss 0.1763
Epoch:3
LR: 0.001
* TRAIN - Accuracy 94.110 Loss 0.1509
* VALID - Accuracy 92.250 Loss 0.1956
Epoch:4
LR: 0.001
* TRAIN - Accuracy 95.260 Loss 0.1184
* VALID - Accuracy 95.250 Loss 0.1153
Epoch:5
LR: 0.001
* TRAIN - Accuracy 96.170 Loss 0.0985
* VALID - Accuracy 96.650 Loss 0.0891
Epoch:6
LR: 0.001
* TRAIN - Accuracy 96.670 Loss 0.0870
* VALID - Accuracy 97.450 Loss 0.0723
Epoch:7
LR: 0.001
* TRAIN - Accuracy 97.580 Loss 0.0641
* VALID - Accuracy 96.300 Loss 0.1015
Epoch:8
LR: 0.001
* TRAIN - Accuracy 97.550 Loss 0.0632
* VALID - Accuracy 96.700 Loss 0.0869
Epoch:9
LR: 0.001
* TRAIN - Accuracy 97.890 Loss 0.0583
* VALID - Accuracy 97.950 Loss 0.0548
Epoch:10
LR: 0.001
* TRAIN - Accuracy 98.220 Loss 0.0496
* VALID - Accuracy 98.650 Loss 0.0348
Epoch:11
LR: 0.001
* TRAIN - Accuracy 98.410 Loss 0.0473
* VALID - Accuracy 95.950 Loss 0.1117
validation split name: 1
* VALID - Accuracy 95.950 Loss 0.1117
============================== Task: 2 ==============================
Epoch:0
LR: 0.0001
* TRAIN - Accuracy 72.700 Loss 0.6003
* VALID - Accuracy 77.450 Loss 0.4774
Epoch:1
LR: 0.0001
* TRAIN - Accuracy 80.220 Loss 0.4337
* VALID - Accuracy 80.300 Loss 0.4313
Epoch:2
LR: 0.0001
* TRAIN - Accuracy 81.890 Loss 0.3963
* VALID - Accuracy 81.550 Loss 0.4079
Epoch:3
LR: 0.0001
* TRAIN - Accuracy 83.300 Loss 0.3711
* VALID - Accuracy 81.850 Loss 0.3939
Epoch:4
LR: 0.0001
* TRAIN - Accuracy 84.540 Loss 0.3523
* VALID - Accuracy 83.250 Loss 0.3723
Epoch:5
LR: 0.0001
* TRAIN - Accuracy 85.610 Loss 0.3330
* VALID - Accuracy 84.200 Loss 0.3484
Epoch:6
LR: 0.0001
* TRAIN - Accuracy 86.500 Loss 0.3164
* VALID - Accuracy 84.750 Loss 0.3511
Epoch:7
LR: 0.0001
* TRAIN - Accuracy 87.350 Loss 0.2999
* VALID - Accuracy 86.100 Loss 0.3349
Epoch:8
LR: 0.0001
* TRAIN - Accuracy 87.390 Loss 0.2970
* VALID - Accuracy 85.450 Loss 0.3325
Epoch:9
LR: 0.0001
* TRAIN - Accuracy 88.410 Loss 0.2757
* VALID - Accuracy 85.450 Loss 0.3394
Epoch:10
LR: 0.0001
* TRAIN - Accuracy 88.800 Loss 0.2671
* VALID - Accuracy 86.700 Loss 0.3191
Epoch:11
LR: 0.0001
* TRAIN - Accuracy 89.430 Loss 0.2605
* VALID - Accuracy 86.800 Loss 0.3171
validation split name: 1
* VALID - Accuracy 85.300 Loss 0.3541
validation split name: 2
* VALID - Accuracy 86.800 Loss 0.3171
============================== Task: 3 ==============================
Epoch:0
LR: 0.0001
* TRAIN - Accuracy 84.380 Loss 0.3692
* VALID - Accuracy 88.650 Loss 0.2858
Epoch:1
LR: 0.0001
* TRAIN - Accuracy 88.940 Loss 0.2751
* VALID - Accuracy 90.900 Loss 0.2499
Epoch:2
LR: 0.0001
* TRAIN - Accuracy 90.200 Loss 0.2424
* VALID - Accuracy 91.700 Loss 0.2229
Epoch:3
LR: 0.0001
* TRAIN - Accuracy 91.430 Loss 0.2151
* VALID - Accuracy 91.800 Loss 0.2351
Epoch:4
LR: 0.0001
* TRAIN - Accuracy 92.370 Loss 0.1945
* VALID - Accuracy 92.100 Loss 0.2171
Epoch:5
LR: 0.0001
* TRAIN - Accuracy 92.690 Loss 0.1845
* VALID - Accuracy 92.800 Loss 0.2024
Epoch:6
LR: 0.0001
* TRAIN - Accuracy 92.990 Loss 0.1749
* VALID - Accuracy 91.700 Loss 0.2111
Epoch:7
LR: 0.0001
* TRAIN - Accuracy 93.590 Loss 0.1664
* VALID - Accuracy 93.250 Loss 0.1908
Epoch:8
LR: 0.0001
* TRAIN - Accuracy 93.570 Loss 0.1595
* VALID - Accuracy 93.400 Loss 0.1861
Epoch:9
LR: 0.0001
* TRAIN - Accuracy 93.800 Loss 0.1569
* VALID - Accuracy 93.000 Loss 0.1809
Epoch:10
LR: 0.0001
* TRAIN - Accuracy 94.380 Loss 0.1469
* VALID - Accuracy 92.900 Loss 0.1877
Epoch:11
LR: 0.0001
* TRAIN - Accuracy 94.720 Loss 0.1368
* VALID - Accuracy 93.050 Loss 0.1793
validation split name: 1
* VALID - Accuracy 74.400 Loss 0.6610
validation split name: 2
* VALID - Accuracy 68.500 Loss 0.9635
validation split name: 3
* VALID - Accuracy 93.050 Loss 0.1793
============================== Task: 4 ==============================
Epoch:0
LR: 0.0001
* TRAIN - Accuracy 89.120 Loss 0.2820
* VALID - Accuracy 93.700 Loss 0.1487
Epoch:1
LR: 0.0001
* TRAIN - Accuracy 94.740 Loss 0.1366
* VALID - Accuracy 95.500 Loss 0.1057
Epoch:2
LR: 0.0001
* TRAIN - Accuracy 95.660 Loss 0.1093
* VALID - Accuracy 96.200 Loss 0.0914
Epoch:3
LR: 0.0001
* TRAIN - Accuracy 96.540 Loss 0.0950
* VALID - Accuracy 96.700 Loss 0.0826
Epoch:4
LR: 0.0001
* TRAIN - Accuracy 96.840 Loss 0.0840
* VALID - Accuracy 96.700 Loss 0.0781
Epoch:5
LR: 0.0001
* TRAIN - Accuracy 97.200 Loss 0.0745
* VALID - Accuracy 97.350 Loss 0.0704
Epoch:6
LR: 0.0001
* TRAIN - Accuracy 97.260 Loss 0.0746
* VALID - Accuracy 97.250 Loss 0.0809
Epoch:7
LR: 0.0001
* TRAIN - Accuracy 97.760 Loss 0.0624
* VALID - Accuracy 96.300 Loss 0.0880
Epoch:8
LR: 0.0001
* TRAIN - Accuracy 97.420 Loss 0.0630
* VALID - Accuracy 97.300 Loss 0.0669
Epoch:9
LR: 0.0001
* TRAIN - Accuracy 97.890 Loss 0.0563
* VALID - Accuracy 97.300 Loss 0.0699
Epoch:10
LR: 0.0001
* TRAIN - Accuracy 98.040 Loss 0.0480
* VALID - Accuracy 97.450 Loss 0.0721
Epoch:11
LR: 0.0001
* TRAIN - Accuracy 98.240 Loss 0.0451
* VALID - Accuracy 97.700 Loss 0.0640
validation split name: 1
* VALID - Accuracy 44.650 Loss 2.1407
validation split name: 2
* VALID - Accuracy 51.650 Loss 1.9910
validation split name: 3
* VALID - Accuracy 63.550 Loss 1.4392
validation split name: 4
* VALID - Accuracy 97.700 Loss 0.0640
============================== Task: 5 ==============================
Epoch:0
LR: 0.0001
* TRAIN - Accuracy 89.920 Loss 0.2727
* VALID - Accuracy 94.350 Loss 0.1531
Epoch:1
LR: 0.0001
* TRAIN - Accuracy 94.580 Loss 0.1431
* VALID - Accuracy 95.150 Loss 0.1286
Epoch:2
LR: 0.0001
* TRAIN - Accuracy 95.490 Loss 0.1208
* VALID - Accuracy 95.350 Loss 0.1245
Epoch:3
LR: 0.0001
* TRAIN - Accuracy 95.960 Loss 0.1054
* VALID - Accuracy 95.750 Loss 0.1134
Epoch:4
LR: 0.0001
* TRAIN - Accuracy 96.260 Loss 0.0970
* VALID - Accuracy 95.650 Loss 0.1099
Epoch:5
LR: 0.0001
* TRAIN - Accuracy 96.740 Loss 0.0863
* VALID - Accuracy 95.350 Loss 0.1176
Epoch:6
LR: 0.0001
* TRAIN - Accuracy 97.060 Loss 0.0797
* VALID - Accuracy 96.350 Loss 0.0963
Epoch:7
LR: 0.0001
* TRAIN - Accuracy 97.340 Loss 0.0730
* VALID - Accuracy 96.100 Loss 0.0920
Epoch:8
LR: 0.0001
* TRAIN - Accuracy 97.400 Loss 0.0685
* VALID - Accuracy 96.000 Loss 0.1037
Epoch:9
LR: 0.0001
* TRAIN - Accuracy 97.620 Loss 0.0656
* VALID - Accuracy 96.800 Loss 0.0846
Epoch:10
LR: 0.0001
* TRAIN - Accuracy 97.820 Loss 0.0605
* VALID - Accuracy 96.900 Loss 0.0932
Epoch:11
LR: 0.0001
* TRAIN - Accuracy 98.080 Loss 0.0541
* VALID - Accuracy 96.800 Loss 0.0838
validation split name: 1
* VALID - Accuracy 81.900 Loss 0.5412
validation split name: 2
* VALID - Accuracy 57.800 Loss 1.3442
validation split name: 3
* VALID - Accuracy 59.750 Loss 1.1377
validation split name: 4
* VALID - Accuracy 77.300 Loss 0.5970
validation split name: 5
* VALID - Accuracy 96.800 Loss 0.0838
OrderedDict([('1', OrderedDict([('1', 95.95), ('2', 85.3), ('3', 74.4), ('4', 44.65), ('5', 81.9)])), ('2', OrderedDict([('2', 86.8), ('3', 68.5), ('4', 51.65), ('5', 57.8)])), ('3', OrderedDict([('3', 93.05), ('4', 63.55), ('5', 59.75)])), ('4', OrderedDict([('4', 97.7), ('5', 77.3)])), ('5', OrderedDict([('5', 96.8)]))])
Task 1 average acc: 95.95
Task 2 average acc: 86.05
Task 3 average acc: 78.64999999999999
Task 4 average acc: 64.3875
Task 5 average acc: 74.71000000000001
===Summary of experiment repeats: 2 / 10 ===
The regularization coefficient: 0.0
The last avg acc of all repeats: [74.33 74.71  0.    0.    0.    0.    0.    0.    0.    0.  ]
mean: 14.904000000000002 std: 29.808121108181243
Files already downloaded and verified
Files already downloaded and verified
split_boundaries: [0, 2, 4, 6, 8, 10]
{'1': [0, 1], '2': [2, 3], '3': [4, 5], '4': [6, 7], '5': [8, 9]}
CNN(
  (c1): Sequential(
    (0): Conv2d(3, 32, kernel_size=(3, 3), stride=(1, 1), padding=(1, 1))
    (1): BatchNorm2d(32, eps=1e-05, momentum=0.1, affine=True, track_running_stats=True)
    (2): ReLU()
    (3): Conv2d(32, 32, kernel_size=(3, 3), stride=(1, 1), padding=(1, 1))
    (4): BatchNorm2d(32, eps=1e-05, momentum=0.1, affine=True, track_running_stats=True)
    (5): ReLU()
    (6): Conv2d(32, 64, kernel_size=(3, 3), stride=(1, 1), padding=(1, 1))
    (7): BatchNorm2d(64, eps=1e-05, momentum=0.1, affine=True, track_running_stats=True)
    (8): ReLU()
    (9): MaxPool2d(kernel_size=2, stride=2, padding=0, dilation=1, ceil_mode=False)
  )
  (c2): Sequential(
    (0): Conv2d(64, 64, kernel_size=(3, 3), stride=(1, 1), padding=(1, 1))
    (1): BatchNorm2d(64, eps=1e-05, momentum=0.1, affine=True, track_running_stats=True)
    (2): ReLU()
    (3): Conv2d(64, 128, kernel_size=(3, 3), stride=(1, 1), padding=(1, 1))
    (4): BatchNorm2d(128, eps=1e-05, momentum=0.1, affine=True, track_running_stats=True)
    (5): ReLU()
    (6): MaxPool2d(kernel_size=2, stride=2, padding=0, dilation=1, ceil_mode=False)
  )
  (c3): Sequential(
    (0): Conv2d(128, 128, kernel_size=(3, 3), stride=(1, 1), padding=(1, 1))
    (1): BatchNorm2d(128, eps=1e-05, momentum=0.1, affine=True, track_running_stats=True)
    (2): ReLU()
    (3): Conv2d(128, 128, kernel_size=(3, 3), stride=(1, 1), padding=(1, 1))
    (4): BatchNorm2d(128, eps=1e-05, momentum=0.1, affine=True, track_running_stats=True)
    (5): ReLU()
    (6): MaxPool2d(kernel_size=2, stride=2, padding=0, dilation=1, ceil_mode=False)
  )
  (fc1): Sequential(
    (0): Linear(in_features=2048, out_features=256, bias=True)
    (1): ReLU()
  )
  (last): ModuleDict(
    (All): Linear(in_features=256, out_features=2, bias=True)
  )
)
#parameter of model: 960802
Task order: ['1', '2', '3', '4', '5']
============================== Task: 1 ==============================
Epoch:0
LR: 0.001
* TRAIN - Accuracy 80.480 Loss 0.4466
* VALID - Accuracy 89.900 Loss 0.2571
Epoch:1
LR: 0.001
* TRAIN - Accuracy 89.730 Loss 0.2503
* VALID - Accuracy 84.650 Loss 0.3898
Epoch:2
LR: 0.001
* TRAIN - Accuracy 91.690 Loss 0.2045
* VALID - Accuracy 93.500 Loss 0.1648
Epoch:3
LR: 0.001
* TRAIN - Accuracy 94.210 Loss 0.1494
* VALID - Accuracy 91.700 Loss 0.2326
Epoch:4
LR: 0.001
* TRAIN - Accuracy 95.350 Loss 0.1169
* VALID - Accuracy 97.000 Loss 0.0762
Epoch:5
LR: 0.001
* TRAIN - Accuracy 96.260 Loss 0.0961
* VALID - Accuracy 94.800 Loss 0.1393
Epoch:6
LR: 0.001
* TRAIN - Accuracy 96.950 Loss 0.0829
* VALID - Accuracy 97.100 Loss 0.0841
Epoch:7
LR: 0.001
* TRAIN - Accuracy 97.570 Loss 0.0678
* VALID - Accuracy 97.600 Loss 0.0705
Epoch:8
LR: 0.001
* TRAIN - Accuracy 97.960 Loss 0.0565
* VALID - Accuracy 97.900 Loss 0.0641
Epoch:9
LR: 0.001
* TRAIN - Accuracy 97.930 Loss 0.0532
* VALID - Accuracy 97.350 Loss 0.0732
Epoch:10
LR: 0.001
* TRAIN - Accuracy 98.080 Loss 0.0503
* VALID - Accuracy 98.200 Loss 0.0560
Epoch:11
LR: 0.001
* TRAIN - Accuracy 98.070 Loss 0.0497
* VALID - Accuracy 97.650 Loss 0.0693
validation split name: 1
* VALID - Accuracy 97.650 Loss 0.0693
============================== Task: 2 ==============================
Epoch:0
LR: 0.0001
* TRAIN - Accuracy 73.210 Loss 0.6063
* VALID - Accuracy 78.850 Loss 0.4551
Epoch:1
LR: 0.0001
* TRAIN - Accuracy 80.020 Loss 0.4291
* VALID - Accuracy 80.600 Loss 0.4191
Epoch:2
LR: 0.0001
* TRAIN - Accuracy 82.500 Loss 0.3960
* VALID - Accuracy 82.550 Loss 0.4007
Epoch:3
LR: 0.0001
* TRAIN - Accuracy 83.690 Loss 0.3683
* VALID - Accuracy 83.400 Loss 0.3749
Epoch:4
LR: 0.0001
* TRAIN - Accuracy 85.070 Loss 0.3470
* VALID - Accuracy 84.300 Loss 0.3600
Epoch:5
LR: 0.0001
* TRAIN - Accuracy 85.670 Loss 0.3289
* VALID - Accuracy 84.250 Loss 0.3541
Epoch:6
LR: 0.0001
* TRAIN - Accuracy 86.430 Loss 0.3138
* VALID - Accuracy 85.250 Loss 0.3412
Epoch:7
LR: 0.0001
* TRAIN - Accuracy 87.150 Loss 0.3031
* VALID - Accuracy 85.550 Loss 0.3314
Epoch:8
LR: 0.0001
* TRAIN - Accuracy 88.000 Loss 0.2869
* VALID - Accuracy 86.100 Loss 0.3226
Epoch:9
LR: 0.0001
* TRAIN - Accuracy 88.270 Loss 0.2820
* VALID - Accuracy 85.800 Loss 0.3313
Epoch:10
LR: 0.0001
* TRAIN - Accuracy 88.720 Loss 0.2713
* VALID - Accuracy 86.600 Loss 0.3045
Epoch:11
LR: 0.0001
* TRAIN - Accuracy 89.150 Loss 0.2635
* VALID - Accuracy 86.750 Loss 0.3149
validation split name: 1
* VALID - Accuracy 83.500 Loss 0.3773
validation split name: 2
* VALID - Accuracy 86.750 Loss 0.3149
============================== Task: 3 ==============================
Epoch:0
LR: 0.0001
* TRAIN - Accuracy 83.200 Loss 0.3830
* VALID - Accuracy 85.800 Loss 0.3172
Epoch:1
LR: 0.0001
* TRAIN - Accuracy 87.400 Loss 0.2971
* VALID - Accuracy 89.850 Loss 0.2642
Epoch:2
LR: 0.0001
* TRAIN - Accuracy 89.070 Loss 0.2631
* VALID - Accuracy 90.650 Loss 0.2380
Epoch:3
LR: 0.0001
* TRAIN - Accuracy 90.320 Loss 0.2381
* VALID - Accuracy 91.000 Loss 0.2301
Epoch:4
LR: 0.0001
* TRAIN - Accuracy 90.610 Loss 0.2262
* VALID - Accuracy 92.300 Loss 0.2114
Epoch:5
LR: 0.0001
* TRAIN - Accuracy 91.950 Loss 0.2061
* VALID - Accuracy 91.600 Loss 0.2151
Epoch:6
LR: 0.0001
* TRAIN - Accuracy 92.350 Loss 0.1940
* VALID - Accuracy 92.550 Loss 0.1886
Epoch:7
LR: 0.0001
* TRAIN - Accuracy 92.640 Loss 0.1856
* VALID - Accuracy 92.850 Loss 0.1884
Epoch:8
LR: 0.0001
* TRAIN - Accuracy 93.080 Loss 0.1773
* VALID - Accuracy 92.500 Loss 0.1890
Epoch:9
LR: 0.0001
* TRAIN - Accuracy 93.240 Loss 0.1676
* VALID - Accuracy 93.600 Loss 0.1830
Epoch:10
LR: 0.0001
* TRAIN - Accuracy 93.670 Loss 0.1641
* VALID - Accuracy 91.650 Loss 0.2339
Epoch:11
LR: 0.0001
* TRAIN - Accuracy 93.780 Loss 0.1593
* VALID - Accuracy 92.650 Loss 0.1880
validation split name: 1
* VALID - Accuracy 76.300 Loss 0.5876
validation split name: 2
* VALID - Accuracy 70.750 Loss 0.8688
validation split name: 3
* VALID - Accuracy 92.650 Loss 0.1880
============================== Task: 4 ==============================
Epoch:0
LR: 0.0001
* TRAIN - Accuracy 88.440 Loss 0.2958
* VALID - Accuracy 94.400 Loss 0.1393
Epoch:1
LR: 0.0001
* TRAIN - Accuracy 94.590 Loss 0.1414
* VALID - Accuracy 94.400 Loss 0.1390
Epoch:2
LR: 0.0001
* TRAIN - Accuracy 95.810 Loss 0.1095
* VALID - Accuracy 95.900 Loss 0.1039
Epoch:3
LR: 0.0001
* TRAIN - Accuracy 96.340 Loss 0.0940
* VALID - Accuracy 96.200 Loss 0.0916
Epoch:4
LR: 0.0001
* TRAIN - Accuracy 96.960 Loss 0.0817
* VALID - Accuracy 96.050 Loss 0.0975
Epoch:5
LR: 0.0001
* TRAIN - Accuracy 97.250 Loss 0.0748
* VALID - Accuracy 95.900 Loss 0.0961
Epoch:6
LR: 0.0001
* TRAIN - Accuracy 97.290 Loss 0.0729
* VALID - Accuracy 95.750 Loss 0.1070
Epoch:7
LR: 0.0001
* TRAIN - Accuracy 97.820 Loss 0.0596
* VALID - Accuracy 97.150 Loss 0.0707
Epoch:8
LR: 0.0001
* TRAIN - Accuracy 97.960 Loss 0.0563
* VALID - Accuracy 96.850 Loss 0.0730
Epoch:9
LR: 0.0001
* TRAIN - Accuracy 97.680 Loss 0.0596
* VALID - Accuracy 97.800 Loss 0.0618
Epoch:10
LR: 0.0001
* TRAIN - Accuracy 98.070 Loss 0.0513
* VALID - Accuracy 97.600 Loss 0.0599
Epoch:11
LR: 0.0001
* TRAIN - Accuracy 98.060 Loss 0.0488
* VALID - Accuracy 96.650 Loss 0.0837
validation split name: 1
* VALID - Accuracy 54.050 Loss 1.6113
validation split name: 2
* VALID - Accuracy 58.050 Loss 1.5982
validation split name: 3
* VALID - Accuracy 69.250 Loss 1.1624
validation split name: 4
* VALID - Accuracy 96.650 Loss 0.0837
============================== Task: 5 ==============================
Epoch:0
LR: 0.0001
* TRAIN - Accuracy 90.410 Loss 0.2733
* VALID - Accuracy 93.350 Loss 0.1627
Epoch:1
LR: 0.0001
* TRAIN - Accuracy 94.250 Loss 0.1459
* VALID - Accuracy 94.450 Loss 0.1369
Epoch:2
LR: 0.0001
* TRAIN - Accuracy 95.110 Loss 0.1243
* VALID - Accuracy 94.600 Loss 0.1389
Epoch:3
LR: 0.0001
* TRAIN - Accuracy 95.790 Loss 0.1063
* VALID - Accuracy 95.950 Loss 0.1083
Epoch:4
LR: 0.0001
* TRAIN - Accuracy 96.330 Loss 0.0986
* VALID - Accuracy 95.800 Loss 0.1086
Epoch:5
LR: 0.0001
* TRAIN - Accuracy 96.660 Loss 0.0879
* VALID - Accuracy 94.550 Loss 0.1483
Epoch:6
LR: 0.0001
* TRAIN - Accuracy 96.530 Loss 0.0865
* VALID - Accuracy 96.650 Loss 0.0926
Epoch:7
LR: 0.0001
* TRAIN - Accuracy 97.080 Loss 0.0785
* VALID - Accuracy 96.850 Loss 0.0908
Epoch:8
LR: 0.0001
* TRAIN - Accuracy 97.170 Loss 0.0760
* VALID - Accuracy 96.750 Loss 0.0900
Epoch:9
LR: 0.0001
* TRAIN - Accuracy 97.560 Loss 0.0652
* VALID - Accuracy 96.450 Loss 0.1025
Epoch:10
LR: 0.0001
* TRAIN - Accuracy 97.740 Loss 0.0648
* VALID - Accuracy 96.500 Loss 0.0969
Epoch:11
LR: 0.0001
* TRAIN - Accuracy 97.750 Loss 0.0624
* VALID - Accuracy 96.400 Loss 0.0970
validation split name: 1
* VALID - Accuracy 81.400 Loss 0.6128
validation split name: 2
* VALID - Accuracy 54.950 Loss 1.2578
validation split name: 3
* VALID - Accuracy 57.900 Loss 1.1458
validation split name: 4
* VALID - Accuracy 72.750 Loss 0.7481
validation split name: 5
* VALID - Accuracy 96.400 Loss 0.0970
OrderedDict([('1', OrderedDict([('1', 97.65), ('2', 83.5), ('3', 76.3), ('4', 54.05), ('5', 81.4)])), ('2', OrderedDict([('2', 86.75), ('3', 70.75), ('4', 58.05), ('5', 54.95)])), ('3', OrderedDict([('3', 92.65), ('4', 69.25), ('5', 57.9)])), ('4', OrderedDict([('4', 96.65), ('5', 72.75)])), ('5', OrderedDict([('5', 96.4)]))])
Task 1 average acc: 97.65
Task 2 average acc: 85.125
Task 3 average acc: 79.9
Task 4 average acc: 69.5
Task 5 average acc: 72.67999999999999
===Summary of experiment repeats: 3 / 10 ===
The regularization coefficient: 0.0
The last avg acc of all repeats: [74.33 74.71 72.68  0.    0.    0.    0.    0.    0.    0.  ]
mean: 22.172000000000004 std: 33.87172797481699
Files already downloaded and verified
Files already downloaded and verified
split_boundaries: [0, 2, 4, 6, 8, 10]
{'1': [0, 1], '2': [2, 3], '3': [4, 5], '4': [6, 7], '5': [8, 9]}
CNN(
  (c1): Sequential(
    (0): Conv2d(3, 32, kernel_size=(3, 3), stride=(1, 1), padding=(1, 1))
    (1): BatchNorm2d(32, eps=1e-05, momentum=0.1, affine=True, track_running_stats=True)
    (2): ReLU()
    (3): Conv2d(32, 32, kernel_size=(3, 3), stride=(1, 1), padding=(1, 1))
    (4): BatchNorm2d(32, eps=1e-05, momentum=0.1, affine=True, track_running_stats=True)
    (5): ReLU()
    (6): Conv2d(32, 64, kernel_size=(3, 3), stride=(1, 1), padding=(1, 1))
    (7): BatchNorm2d(64, eps=1e-05, momentum=0.1, affine=True, track_running_stats=True)
    (8): ReLU()
    (9): MaxPool2d(kernel_size=2, stride=2, padding=0, dilation=1, ceil_mode=False)
  )
  (c2): Sequential(
    (0): Conv2d(64, 64, kernel_size=(3, 3), stride=(1, 1), padding=(1, 1))
    (1): BatchNorm2d(64, eps=1e-05, momentum=0.1, affine=True, track_running_stats=True)
    (2): ReLU()
    (3): Conv2d(64, 128, kernel_size=(3, 3), stride=(1, 1), padding=(1, 1))
    (4): BatchNorm2d(128, eps=1e-05, momentum=0.1, affine=True, track_running_stats=True)
    (5): ReLU()
    (6): MaxPool2d(kernel_size=2, stride=2, padding=0, dilation=1, ceil_mode=False)
  )
  (c3): Sequential(
    (0): Conv2d(128, 128, kernel_size=(3, 3), stride=(1, 1), padding=(1, 1))
    (1): BatchNorm2d(128, eps=1e-05, momentum=0.1, affine=True, track_running_stats=True)
    (2): ReLU()
    (3): Conv2d(128, 128, kernel_size=(3, 3), stride=(1, 1), padding=(1, 1))
    (4): BatchNorm2d(128, eps=1e-05, momentum=0.1, affine=True, track_running_stats=True)
    (5): ReLU()
    (6): MaxPool2d(kernel_size=2, stride=2, padding=0, dilation=1, ceil_mode=False)
  )
  (fc1): Sequential(
    (0): Linear(in_features=2048, out_features=256, bias=True)
    (1): ReLU()
  )
  (last): ModuleDict(
    (All): Linear(in_features=256, out_features=2, bias=True)
  )
)
#parameter of model: 960802
Task order: ['1', '2', '3', '4', '5']
============================== Task: 1 ==============================
Epoch:0
LR: 0.001
* TRAIN - Accuracy 79.250 Loss 0.4878
* VALID - Accuracy 86.550 Loss 0.3139
Epoch:1
LR: 0.001
* TRAIN - Accuracy 88.770 Loss 0.2659
* VALID - Accuracy 90.900 Loss 0.2234
Epoch:2
LR: 0.001
* TRAIN - Accuracy 91.530 Loss 0.2127
* VALID - Accuracy 93.200 Loss 0.1657
Epoch:3
LR: 0.001
* TRAIN - Accuracy 92.720 Loss 0.1858
* VALID - Accuracy 69.400 Loss 0.7883
Epoch:4
LR: 0.001
* TRAIN - Accuracy 94.130 Loss 0.1492
* VALID - Accuracy 90.750 Loss 0.2210
Epoch:5
LR: 0.001
* TRAIN - Accuracy 95.030 Loss 0.1279
* VALID - Accuracy 95.500 Loss 0.1150
Epoch:6
LR: 0.001
* TRAIN - Accuracy 95.840 Loss 0.1064
* VALID - Accuracy 96.100 Loss 0.0991
Epoch:7
LR: 0.001
* TRAIN - Accuracy 96.700 Loss 0.0864
* VALID - Accuracy 97.750 Loss 0.0778
Epoch:8
LR: 0.001
* TRAIN - Accuracy 97.120 Loss 0.0739
* VALID - Accuracy 95.450 Loss 0.1233
Epoch:9
LR: 0.001
* TRAIN - Accuracy 97.120 Loss 0.0752
* VALID - Accuracy 98.100 Loss 0.0548
Epoch:10
LR: 0.001
* TRAIN - Accuracy 97.780 Loss 0.0565
* VALID - Accuracy 97.950 Loss 0.0548
Epoch:11
LR: 0.001
* TRAIN - Accuracy 97.720 Loss 0.0597
* VALID - Accuracy 97.900 Loss 0.0586
validation split name: 1
* VALID - Accuracy 97.900 Loss 0.0586
============================== Task: 2 ==============================
Epoch:0
LR: 0.0001
* TRAIN - Accuracy 73.130 Loss 0.6269
* VALID - Accuracy 78.750 Loss 0.4619
Epoch:1
LR: 0.0001
* TRAIN - Accuracy 80.150 Loss 0.4309
* VALID - Accuracy 81.000 Loss 0.4166
Epoch:2
LR: 0.0001
* TRAIN - Accuracy 81.490 Loss 0.4061
* VALID - Accuracy 82.850 Loss 0.3974
Epoch:3
LR: 0.0001
* TRAIN - Accuracy 83.370 Loss 0.3837
* VALID - Accuracy 83.100 Loss 0.3811
Epoch:4
LR: 0.0001
* TRAIN - Accuracy 84.090 Loss 0.3586
* VALID - Accuracy 83.550 Loss 0.3656
Epoch:5
LR: 0.0001
* TRAIN - Accuracy 84.970 Loss 0.3420
* VALID - Accuracy 85.000 Loss 0.3472
Epoch:6
LR: 0.0001
* TRAIN - Accuracy 86.420 Loss 0.3188
* VALID - Accuracy 85.500 Loss 0.3302
Epoch:7
LR: 0.0001
* TRAIN - Accuracy 86.870 Loss 0.3063
* VALID - Accuracy 85.100 Loss 0.3535
Epoch:8
LR: 0.0001
* TRAIN - Accuracy 87.850 Loss 0.2914
* VALID - Accuracy 86.450 Loss 0.3248
Epoch:9
LR: 0.0001
* TRAIN - Accuracy 88.250 Loss 0.2781
* VALID - Accuracy 86.850 Loss 0.3163
Epoch:10
LR: 0.0001
* TRAIN - Accuracy 88.620 Loss 0.2716
* VALID - Accuracy 86.150 Loss 0.3261
Epoch:11
LR: 0.0001
* TRAIN - Accuracy 89.020 Loss 0.2626
* VALID - Accuracy 87.650 Loss 0.2904
validation split name: 1
* VALID - Accuracy 81.400 Loss 0.4188
validation split name: 2
* VALID - Accuracy 87.650 Loss 0.2904
============================== Task: 3 ==============================
Epoch:0
LR: 0.0001
* TRAIN - Accuracy 84.640 Loss 0.3650
* VALID - Accuracy 88.100 Loss 0.2938
Epoch:1
LR: 0.0001
* TRAIN - Accuracy 88.170 Loss 0.2843
* VALID - Accuracy 88.950 Loss 0.2614
Epoch:2
LR: 0.0001
* TRAIN - Accuracy 89.980 Loss 0.2509
* VALID - Accuracy 90.300 Loss 0.2412
Epoch:3
LR: 0.0001
* TRAIN - Accuracy 90.680 Loss 0.2305
* VALID - Accuracy 90.600 Loss 0.2335
Epoch:4
LR: 0.0001
* TRAIN - Accuracy 91.070 Loss 0.2172
* VALID - Accuracy 91.250 Loss 0.2124
Epoch:5
LR: 0.0001
* TRAIN - Accuracy 92.290 Loss 0.1988
* VALID - Accuracy 91.900 Loss 0.2111
Epoch:6
LR: 0.0001
* TRAIN - Accuracy 92.070 Loss 0.1948
* VALID - Accuracy 92.350 Loss 0.2144
Epoch:7
LR: 0.0001
* TRAIN - Accuracy 92.840 Loss 0.1840
* VALID - Accuracy 92.250 Loss 0.2041
Epoch:8
LR: 0.0001
* TRAIN - Accuracy 93.180 Loss 0.1726
* VALID - Accuracy 93.000 Loss 0.1934
Epoch:9
LR: 0.0001
* TRAIN - Accuracy 93.660 Loss 0.1631
* VALID - Accuracy 93.100 Loss 0.1946
Epoch:10
LR: 0.0001
* TRAIN - Accuracy 94.110 Loss 0.1580
* VALID - Accuracy 93.650 Loss 0.1809
Epoch:11
LR: 0.0001
* TRAIN - Accuracy 94.190 Loss 0.1516
* VALID - Accuracy 93.100 Loss 0.1950
validation split name: 1
* VALID - Accuracy 78.750 Loss 0.5272
validation split name: 2
* VALID - Accuracy 73.600 Loss 0.7261
validation split name: 3
* VALID - Accuracy 93.100 Loss 0.1950
============================== Task: 4 ==============================
Epoch:0
LR: 0.0001
* TRAIN - Accuracy 88.300 Loss 0.2970
* VALID - Accuracy 94.550 Loss 0.1360
Epoch:1
LR: 0.0001
* TRAIN - Accuracy 95.180 Loss 0.1277
* VALID - Accuracy 95.500 Loss 0.1167
Epoch:2
LR: 0.0001
* TRAIN - Accuracy 95.920 Loss 0.1066
* VALID - Accuracy 96.650 Loss 0.0884
Epoch:3
LR: 0.0001
* TRAIN - Accuracy 96.370 Loss 0.0945
* VALID - Accuracy 96.600 Loss 0.0848
Epoch:4
LR: 0.0001
* TRAIN - Accuracy 96.860 Loss 0.0819
* VALID - Accuracy 97.050 Loss 0.0796
Epoch:5
LR: 0.0001
* TRAIN - Accuracy 96.860 Loss 0.0809
* VALID - Accuracy 97.250 Loss 0.0739
Epoch:6
LR: 0.0001
* TRAIN - Accuracy 97.490 Loss 0.0691
* VALID - Accuracy 97.750 Loss 0.0694
Epoch:7
LR: 0.0001
* TRAIN - Accuracy 97.600 Loss 0.0639
* VALID - Accuracy 97.000 Loss 0.0798
Epoch:8
LR: 0.0001
* TRAIN - Accuracy 97.530 Loss 0.0636
* VALID - Accuracy 97.550 Loss 0.0659
Epoch:9
LR: 0.0001
* TRAIN - Accuracy 98.080 Loss 0.0513
* VALID - Accuracy 97.300 Loss 0.0778
Epoch:10
LR: 0.0001
* TRAIN - Accuracy 97.950 Loss 0.0530
* VALID - Accuracy 97.400 Loss 0.0728
Epoch:11
LR: 0.0001
* TRAIN - Accuracy 98.190 Loss 0.0504
* VALID - Accuracy 97.800 Loss 0.0576
validation split name: 1
* VALID - Accuracy 48.200 Loss 1.6161
validation split name: 2
* VALID - Accuracy 53.800 Loss 1.7818
validation split name: 3
* VALID - Accuracy 62.100 Loss 1.4641
validation split name: 4
* VALID - Accuracy 97.800 Loss 0.0576
============================== Task: 5 ==============================
Epoch:0
LR: 0.0001
* TRAIN - Accuracy 89.160 Loss 0.3010
* VALID - Accuracy 91.950 Loss 0.1783
Epoch:1
LR: 0.0001
* TRAIN - Accuracy 94.140 Loss 0.1544
* VALID - Accuracy 93.900 Loss 0.1457
Epoch:2
LR: 0.0001
* TRAIN - Accuracy 95.340 Loss 0.1253
* VALID - Accuracy 95.000 Loss 0.1285
Epoch:3
LR: 0.0001
* TRAIN - Accuracy 95.820 Loss 0.1117
* VALID - Accuracy 95.050 Loss 0.1200
Epoch:4
LR: 0.0001
* TRAIN - Accuracy 96.260 Loss 0.0981
* VALID - Accuracy 95.250 Loss 0.1199
Epoch:5
LR: 0.0001
* TRAIN - Accuracy 96.210 Loss 0.0971
* VALID - Accuracy 95.500 Loss 0.1166
Epoch:6
LR: 0.0001
* TRAIN - Accuracy 97.030 Loss 0.0840
* VALID - Accuracy 95.950 Loss 0.1031
Epoch:7
LR: 0.0001
* TRAIN - Accuracy 96.570 Loss 0.0907
* VALID - Accuracy 96.300 Loss 0.0985
Epoch:8
LR: 0.0001
* TRAIN - Accuracy 97.390 Loss 0.0710
* VALID - Accuracy 96.100 Loss 0.0966
Epoch:9
LR: 0.0001
* TRAIN - Accuracy 97.640 Loss 0.0661
* VALID - Accuracy 96.250 Loss 0.1022
Epoch:10
LR: 0.0001
* TRAIN - Accuracy 97.540 Loss 0.0672
* VALID - Accuracy 96.400 Loss 0.1011
Epoch:11
LR: 0.0001
* TRAIN - Accuracy 97.530 Loss 0.0636
* VALID - Accuracy 96.800 Loss 0.0869
validation split name: 1
* VALID - Accuracy 82.300 Loss 0.5408
validation split name: 2
* VALID - Accuracy 55.150 Loss 1.2997
validation split name: 3
* VALID - Accuracy 59.850 Loss 1.0857
validation split name: 4
* VALID - Accuracy 77.350 Loss 0.6035
validation split name: 5
* VALID - Accuracy 96.800 Loss 0.0869
OrderedDict([('1', OrderedDict([('1', 97.9), ('2', 81.4), ('3', 78.75), ('4', 48.2), ('5', 82.3)])), ('2', OrderedDict([('2', 87.65), ('3', 73.6), ('4', 53.8), ('5', 55.15)])), ('3', OrderedDict([('3', 93.1), ('4', 62.1), ('5', 59.85)])), ('4', OrderedDict([('4', 97.8), ('5', 77.35)])), ('5', OrderedDict([('5', 96.8)]))])
Task 1 average acc: 97.9
Task 2 average acc: 84.525
Task 3 average acc: 81.81666666666666
Task 4 average acc: 65.475
Task 5 average acc: 74.28999999999999
===Summary of experiment repeats: 4 / 10 ===
The regularization coefficient: 0.0
The last avg acc of all repeats: [74.33 74.71 72.68 74.29  0.    0.    0.    0.    0.    0.  ]
mean: 29.601 std: 36.25703723417014
Files already downloaded and verified
Files already downloaded and verified
split_boundaries: [0, 2, 4, 6, 8, 10]
{'1': [0, 1], '2': [2, 3], '3': [4, 5], '4': [6, 7], '5': [8, 9]}
CNN(
  (c1): Sequential(
    (0): Conv2d(3, 32, kernel_size=(3, 3), stride=(1, 1), padding=(1, 1))
    (1): BatchNorm2d(32, eps=1e-05, momentum=0.1, affine=True, track_running_stats=True)
    (2): ReLU()
    (3): Conv2d(32, 32, kernel_size=(3, 3), stride=(1, 1), padding=(1, 1))
    (4): BatchNorm2d(32, eps=1e-05, momentum=0.1, affine=True, track_running_stats=True)
    (5): ReLU()
    (6): Conv2d(32, 64, kernel_size=(3, 3), stride=(1, 1), padding=(1, 1))
    (7): BatchNorm2d(64, eps=1e-05, momentum=0.1, affine=True, track_running_stats=True)
    (8): ReLU()
    (9): MaxPool2d(kernel_size=2, stride=2, padding=0, dilation=1, ceil_mode=False)
  )
  (c2): Sequential(
    (0): Conv2d(64, 64, kernel_size=(3, 3), stride=(1, 1), padding=(1, 1))
    (1): BatchNorm2d(64, eps=1e-05, momentum=0.1, affine=True, track_running_stats=True)
    (2): ReLU()
    (3): Conv2d(64, 128, kernel_size=(3, 3), stride=(1, 1), padding=(1, 1))
    (4): BatchNorm2d(128, eps=1e-05, momentum=0.1, affine=True, track_running_stats=True)
    (5): ReLU()
    (6): MaxPool2d(kernel_size=2, stride=2, padding=0, dilation=1, ceil_mode=False)
  )
  (c3): Sequential(
    (0): Conv2d(128, 128, kernel_size=(3, 3), stride=(1, 1), padding=(1, 1))
    (1): BatchNorm2d(128, eps=1e-05, momentum=0.1, affine=True, track_running_stats=True)
    (2): ReLU()
    (3): Conv2d(128, 128, kernel_size=(3, 3), stride=(1, 1), padding=(1, 1))
    (4): BatchNorm2d(128, eps=1e-05, momentum=0.1, affine=True, track_running_stats=True)
    (5): ReLU()
    (6): MaxPool2d(kernel_size=2, stride=2, padding=0, dilation=1, ceil_mode=False)
  )
  (fc1): Sequential(
    (0): Linear(in_features=2048, out_features=256, bias=True)
    (1): ReLU()
  )
  (last): ModuleDict(
    (All): Linear(in_features=256, out_features=2, bias=True)
  )
)
#parameter of model: 960802
Task order: ['1', '2', '3', '4', '5']
============================== Task: 1 ==============================
Epoch:0
LR: 0.001
* TRAIN - Accuracy 79.750 Loss 0.4503
* VALID - Accuracy 84.800 Loss 0.3463
Epoch:1
LR: 0.001
* TRAIN - Accuracy 89.220 Loss 0.2576
* VALID - Accuracy 93.300 Loss 0.1750
Epoch:2
LR: 0.001
* TRAIN - Accuracy 91.620 Loss 0.2060
* VALID - Accuracy 93.700 Loss 0.1651
Epoch:3
LR: 0.001
* TRAIN - Accuracy 93.360 Loss 0.1653
* VALID - Accuracy 90.950 Loss 0.2073
Epoch:4
LR: 0.001
* TRAIN - Accuracy 94.600 Loss 0.1406
* VALID - Accuracy 94.100 Loss 0.1493
Epoch:5
LR: 0.001
* TRAIN - Accuracy 95.500 Loss 0.1143
* VALID - Accuracy 96.250 Loss 0.0986
Epoch:6
LR: 0.001
* TRAIN - Accuracy 97.050 Loss 0.0854
* VALID - Accuracy 96.550 Loss 0.0935
Epoch:7
LR: 0.001
* TRAIN - Accuracy 96.960 Loss 0.0792
* VALID - Accuracy 97.400 Loss 0.0782
Epoch:8
LR: 0.001
* TRAIN - Accuracy 97.580 Loss 0.0656
* VALID - Accuracy 97.000 Loss 0.0888
Epoch:9
LR: 0.001
* TRAIN - Accuracy 97.480 Loss 0.0644
* VALID - Accuracy 97.050 Loss 0.0851
Epoch:10
LR: 0.001
* TRAIN - Accuracy 97.830 Loss 0.0544
* VALID - Accuracy 98.100 Loss 0.0686
Epoch:11
LR: 0.001
* TRAIN - Accuracy 97.680 Loss 0.0579
* VALID - Accuracy 97.950 Loss 0.0553
validation split name: 1
* VALID - Accuracy 97.950 Loss 0.0553
============================== Task: 2 ==============================
Epoch:0
LR: 0.0001
* TRAIN - Accuracy 73.330 Loss 0.6082
* VALID - Accuracy 78.450 Loss 0.4607
Epoch:1
LR: 0.0001
* TRAIN - Accuracy 80.210 Loss 0.4330
* VALID - Accuracy 80.350 Loss 0.4211
Epoch:2
LR: 0.0001
* TRAIN - Accuracy 82.250 Loss 0.3994
* VALID - Accuracy 81.750 Loss 0.3957
Epoch:3
LR: 0.0001
* TRAIN - Accuracy 84.050 Loss 0.3676
* VALID - Accuracy 82.650 Loss 0.3852
Epoch:4
LR: 0.0001
* TRAIN - Accuracy 85.080 Loss 0.3454
* VALID - Accuracy 83.650 Loss 0.3684
Epoch:5
LR: 0.0001
* TRAIN - Accuracy 85.730 Loss 0.3293
* VALID - Accuracy 84.200 Loss 0.3584
Epoch:6
LR: 0.0001
* TRAIN - Accuracy 86.100 Loss 0.3223
* VALID - Accuracy 85.200 Loss 0.3378
Epoch:7
LR: 0.0001
* TRAIN - Accuracy 86.980 Loss 0.3035
* VALID - Accuracy 85.750 Loss 0.3309
Epoch:8
LR: 0.0001
* TRAIN - Accuracy 87.440 Loss 0.2889
* VALID - Accuracy 85.500 Loss 0.3342
Epoch:9
LR: 0.0001
* TRAIN - Accuracy 88.170 Loss 0.2784
* VALID - Accuracy 85.900 Loss 0.3284
Epoch:10
LR: 0.0001
* TRAIN - Accuracy 88.680 Loss 0.2706
* VALID - Accuracy 85.750 Loss 0.3313
Epoch:11
LR: 0.0001
* TRAIN - Accuracy 89.220 Loss 0.2602
* VALID - Accuracy 87.050 Loss 0.3058
validation split name: 1
* VALID - Accuracy 83.800 Loss 0.3904
validation split name: 2
* VALID - Accuracy 87.050 Loss 0.3058
============================== Task: 3 ==============================
Epoch:0
LR: 0.0001
* TRAIN - Accuracy 83.660 Loss 0.3805
* VALID - Accuracy 86.400 Loss 0.3144
Epoch:1
LR: 0.0001
* TRAIN - Accuracy 87.880 Loss 0.2898
* VALID - Accuracy 87.800 Loss 0.2809
Epoch:2
LR: 0.0001
* TRAIN - Accuracy 89.870 Loss 0.2538
* VALID - Accuracy 89.950 Loss 0.2390
Epoch:3
LR: 0.0001
* TRAIN - Accuracy 90.960 Loss 0.2278
* VALID - Accuracy 90.800 Loss 0.2250
Epoch:4
LR: 0.0001
* TRAIN - Accuracy 91.420 Loss 0.2151
* VALID - Accuracy 91.500 Loss 0.2038
Epoch:5
LR: 0.0001
* TRAIN - Accuracy 92.240 Loss 0.1949
* VALID - Accuracy 92.350 Loss 0.2000
Epoch:6
LR: 0.0001
* TRAIN - Accuracy 92.380 Loss 0.1887
* VALID - Accuracy 91.650 Loss 0.2308
Epoch:7
LR: 0.0001
* TRAIN - Accuracy 92.610 Loss 0.1836
* VALID - Accuracy 91.300 Loss 0.2153
Epoch:8
LR: 0.0001
* TRAIN - Accuracy 93.330 Loss 0.1746
* VALID - Accuracy 92.850 Loss 0.1876
Epoch:9
LR: 0.0001
* TRAIN - Accuracy 93.570 Loss 0.1649
* VALID - Accuracy 92.850 Loss 0.1782
Epoch:10
LR: 0.0001
* TRAIN - Accuracy 93.870 Loss 0.1600
* VALID - Accuracy 93.000 Loss 0.1907
Epoch:11
LR: 0.0001
* TRAIN - Accuracy 94.320 Loss 0.1524
* VALID - Accuracy 93.000 Loss 0.2048
validation split name: 1
* VALID - Accuracy 71.800 Loss 0.6733
validation split name: 2
* VALID - Accuracy 69.350 Loss 0.8355
validation split name: 3
* VALID - Accuracy 93.000 Loss 0.2048
============================== Task: 4 ==============================
Epoch:0
LR: 0.0001
* TRAIN - Accuracy 88.410 Loss 0.2927
* VALID - Accuracy 94.600 Loss 0.1304
Epoch:1
LR: 0.0001
* TRAIN - Accuracy 94.710 Loss 0.1351
* VALID - Accuracy 95.500 Loss 0.1050
Epoch:2
LR: 0.0001
* TRAIN - Accuracy 95.750 Loss 0.1096
* VALID - Accuracy 95.700 Loss 0.1067
Epoch:3
LR: 0.0001
* TRAIN - Accuracy 96.160 Loss 0.1012
* VALID - Accuracy 96.250 Loss 0.0864
Epoch:4
LR: 0.0001
* TRAIN - Accuracy 96.650 Loss 0.0895
* VALID - Accuracy 96.300 Loss 0.0872
Epoch:5
LR: 0.0001
* TRAIN - Accuracy 96.860 Loss 0.0805
* VALID - Accuracy 97.050 Loss 0.0746
Epoch:6
LR: 0.0001
* TRAIN - Accuracy 97.100 Loss 0.0757
* VALID - Accuracy 97.100 Loss 0.0699
Epoch:7
LR: 0.0001
* TRAIN - Accuracy 97.400 Loss 0.0673
* VALID - Accuracy 97.550 Loss 0.0673
Epoch:8
LR: 0.0001
* TRAIN - Accuracy 97.710 Loss 0.0641
* VALID - Accuracy 97.400 Loss 0.0632
Epoch:9
LR: 0.0001
* TRAIN - Accuracy 97.580 Loss 0.0634
* VALID - Accuracy 98.150 Loss 0.0555
Epoch:10
LR: 0.0001
* TRAIN - Accuracy 97.880 Loss 0.0571
* VALID - Accuracy 97.800 Loss 0.0569
Epoch:11
LR: 0.0001
* TRAIN - Accuracy 97.910 Loss 0.0549
* VALID - Accuracy 97.400 Loss 0.0634
validation split name: 1
* VALID - Accuracy 47.000 Loss 1.9407
validation split name: 2
* VALID - Accuracy 51.600 Loss 1.9051
validation split name: 3
* VALID - Accuracy 63.800 Loss 1.2363
validation split name: 4
* VALID - Accuracy 97.400 Loss 0.0634
============================== Task: 5 ==============================
Epoch:0
LR: 0.0001
* TRAIN - Accuracy 89.340 Loss 0.2877
* VALID - Accuracy 93.000 Loss 0.1708
Epoch:1
LR: 0.0001
* TRAIN - Accuracy 94.180 Loss 0.1491
* VALID - Accuracy 93.650 Loss 0.1560
Epoch:2
LR: 0.0001
* TRAIN - Accuracy 95.330 Loss 0.1229
* VALID - Accuracy 94.550 Loss 0.1356
Epoch:3
LR: 0.0001
* TRAIN - Accuracy 95.860 Loss 0.1081
* VALID - Accuracy 95.200 Loss 0.1138
Epoch:4
LR: 0.0001
* TRAIN - Accuracy 96.350 Loss 0.0978
* VALID - Accuracy 95.600 Loss 0.1035
Epoch:5
LR: 0.0001
* TRAIN - Accuracy 96.860 Loss 0.0871
* VALID - Accuracy 94.950 Loss 0.1263
Epoch:6
LR: 0.0001
* TRAIN - Accuracy 96.850 Loss 0.0815
* VALID - Accuracy 95.850 Loss 0.1046
Epoch:7
LR: 0.0001
* TRAIN - Accuracy 97.240 Loss 0.0738
* VALID - Accuracy 96.600 Loss 0.0973
Epoch:8
LR: 0.0001
* TRAIN - Accuracy 97.190 Loss 0.0742
* VALID - Accuracy 96.100 Loss 0.0968
Epoch:9
LR: 0.0001
* TRAIN - Accuracy 97.680 Loss 0.0651
* VALID - Accuracy 96.600 Loss 0.0860
Epoch:10
LR: 0.0001
* TRAIN - Accuracy 97.790 Loss 0.0599
* VALID - Accuracy 96.650 Loss 0.0897
Epoch:11
LR: 0.0001
* TRAIN - Accuracy 97.660 Loss 0.0626
* VALID - Accuracy 96.700 Loss 0.0932
validation split name: 1
* VALID - Accuracy 78.300 Loss 0.6998
validation split name: 2
* VALID - Accuracy 57.800 Loss 1.2944
validation split name: 3
* VALID - Accuracy 55.550 Loss 1.3716
validation split name: 4
* VALID - Accuracy 65.650 Loss 1.0434
validation split name: 5
* VALID - Accuracy 96.700 Loss 0.0932
OrderedDict([('1', OrderedDict([('1', 97.95), ('2', 83.8), ('3', 71.8), ('4', 47.0), ('5', 78.3)])), ('2', OrderedDict([('2', 87.05), ('3', 69.35), ('4', 51.6), ('5', 57.8)])), ('3', OrderedDict([('3', 93.0), ('4', 63.8), ('5', 55.55)])), ('4', OrderedDict([('4', 97.4), ('5', 65.65)])), ('5', OrderedDict([('5', 96.7)]))])
Task 1 average acc: 97.95
Task 2 average acc: 85.425
Task 3 average acc: 78.05
Task 4 average acc: 64.94999999999999
Task 5 average acc: 70.79999999999998
===Summary of experiment repeats: 5 / 10 ===
The regularization coefficient: 0.0
The last avg acc of all repeats: [74.33 74.71 72.68 74.29 70.8   0.    0.    0.    0.    0.  ]
mean: 36.681 std: 36.69550638702238
Files already downloaded and verified
Files already downloaded and verified
split_boundaries: [0, 2, 4, 6, 8, 10]
{'1': [0, 1], '2': [2, 3], '3': [4, 5], '4': [6, 7], '5': [8, 9]}
CNN(
  (c1): Sequential(
    (0): Conv2d(3, 32, kernel_size=(3, 3), stride=(1, 1), padding=(1, 1))
    (1): BatchNorm2d(32, eps=1e-05, momentum=0.1, affine=True, track_running_stats=True)
    (2): ReLU()
    (3): Conv2d(32, 32, kernel_size=(3, 3), stride=(1, 1), padding=(1, 1))
    (4): BatchNorm2d(32, eps=1e-05, momentum=0.1, affine=True, track_running_stats=True)
    (5): ReLU()
    (6): Conv2d(32, 64, kernel_size=(3, 3), stride=(1, 1), padding=(1, 1))
    (7): BatchNorm2d(64, eps=1e-05, momentum=0.1, affine=True, track_running_stats=True)
    (8): ReLU()
    (9): MaxPool2d(kernel_size=2, stride=2, padding=0, dilation=1, ceil_mode=False)
  )
  (c2): Sequential(
    (0): Conv2d(64, 64, kernel_size=(3, 3), stride=(1, 1), padding=(1, 1))
    (1): BatchNorm2d(64, eps=1e-05, momentum=0.1, affine=True, track_running_stats=True)
    (2): ReLU()
    (3): Conv2d(64, 128, kernel_size=(3, 3), stride=(1, 1), padding=(1, 1))
    (4): BatchNorm2d(128, eps=1e-05, momentum=0.1, affine=True, track_running_stats=True)
    (5): ReLU()
    (6): MaxPool2d(kernel_size=2, stride=2, padding=0, dilation=1, ceil_mode=False)
  )
  (c3): Sequential(
    (0): Conv2d(128, 128, kernel_size=(3, 3), stride=(1, 1), padding=(1, 1))
    (1): BatchNorm2d(128, eps=1e-05, momentum=0.1, affine=True, track_running_stats=True)
    (2): ReLU()
    (3): Conv2d(128, 128, kernel_size=(3, 3), stride=(1, 1), padding=(1, 1))
    (4): BatchNorm2d(128, eps=1e-05, momentum=0.1, affine=True, track_running_stats=True)
    (5): ReLU()
    (6): MaxPool2d(kernel_size=2, stride=2, padding=0, dilation=1, ceil_mode=False)
  )
  (fc1): Sequential(
    (0): Linear(in_features=2048, out_features=256, bias=True)
    (1): ReLU()
  )
  (last): ModuleDict(
    (All): Linear(in_features=256, out_features=2, bias=True)
  )
)
#parameter of model: 960802
Task order: ['1', '2', '3', '4', '5']
============================== Task: 1 ==============================
Epoch:0
LR: 0.001
* TRAIN - Accuracy 80.370 Loss 0.4456
* VALID - Accuracy 89.150 Loss 0.2623
Epoch:1
LR: 0.001
* TRAIN - Accuracy 89.870 Loss 0.2456
* VALID - Accuracy 92.550 Loss 0.2036
Epoch:2
LR: 0.001
* TRAIN - Accuracy 92.190 Loss 0.1932
* VALID - Accuracy 93.300 Loss 0.1751
Epoch:3
LR: 0.001
* TRAIN - Accuracy 93.540 Loss 0.1629
* VALID - Accuracy 88.200 Loss 0.3711
Epoch:4
LR: 0.001
* TRAIN - Accuracy 94.640 Loss 0.1326
* VALID - Accuracy 96.100 Loss 0.1038
Epoch:5
LR: 0.001
* TRAIN - Accuracy 96.300 Loss 0.0993
* VALID - Accuracy 96.700 Loss 0.0830
Epoch:6
LR: 0.001
* TRAIN - Accuracy 97.020 Loss 0.0807
* VALID - Accuracy 97.050 Loss 0.0863
Epoch:7
LR: 0.001
* TRAIN - Accuracy 96.900 Loss 0.0800
* VALID - Accuracy 96.500 Loss 0.1041
Epoch:8
LR: 0.001
* TRAIN - Accuracy 97.750 Loss 0.0603
* VALID - Accuracy 97.450 Loss 0.0748
Epoch:9
LR: 0.001
* TRAIN - Accuracy 97.980 Loss 0.0552
* VALID - Accuracy 97.000 Loss 0.0807
Epoch:10
LR: 0.001
* TRAIN - Accuracy 97.860 Loss 0.0558
* VALID - Accuracy 97.850 Loss 0.0601
Epoch:11
LR: 0.001
* TRAIN - Accuracy 97.970 Loss 0.0507
* VALID - Accuracy 98.000 Loss 0.0692
validation split name: 1
* VALID - Accuracy 98.000 Loss 0.0692
============================== Task: 2 ==============================
Epoch:0
LR: 0.0001
* TRAIN - Accuracy 72.320 Loss 0.6565
* VALID - Accuracy 77.400 Loss 0.4774
Epoch:1
LR: 0.0001
* TRAIN - Accuracy 79.270 Loss 0.4439
* VALID - Accuracy 79.550 Loss 0.4353
Epoch:2
LR: 0.0001
* TRAIN - Accuracy 81.670 Loss 0.4077
* VALID - Accuracy 81.100 Loss 0.4064
Epoch:3
LR: 0.0001
* TRAIN - Accuracy 82.810 Loss 0.3848
* VALID - Accuracy 82.250 Loss 0.3911
Epoch:4
LR: 0.0001
* TRAIN - Accuracy 84.020 Loss 0.3597
* VALID - Accuracy 84.300 Loss 0.3678
Epoch:5
LR: 0.0001
* TRAIN - Accuracy 85.070 Loss 0.3425
* VALID - Accuracy 84.550 Loss 0.3586
Epoch:6
LR: 0.0001
* TRAIN - Accuracy 86.050 Loss 0.3225
* VALID - Accuracy 84.950 Loss 0.3458
Epoch:7
LR: 0.0001
* TRAIN - Accuracy 86.760 Loss 0.3091
* VALID - Accuracy 86.000 Loss 0.3334
Epoch:8
LR: 0.0001
* TRAIN - Accuracy 87.440 Loss 0.2948
* VALID - Accuracy 86.900 Loss 0.3257
Epoch:9
LR: 0.0001
* TRAIN - Accuracy 88.340 Loss 0.2792
* VALID - Accuracy 86.500 Loss 0.3256
Epoch:10
LR: 0.0001
* TRAIN - Accuracy 89.050 Loss 0.2651
* VALID - Accuracy 87.100 Loss 0.3222
Epoch:11
LR: 0.0001
* TRAIN - Accuracy 88.980 Loss 0.2637
* VALID - Accuracy 87.400 Loss 0.3097
validation split name: 1
* VALID - Accuracy 80.800 Loss 0.4494
validation split name: 2
* VALID - Accuracy 87.400 Loss 0.3097
============================== Task: 3 ==============================
Epoch:0
LR: 0.0001
* TRAIN - Accuracy 82.760 Loss 0.3877
* VALID - Accuracy 86.850 Loss 0.3222
Epoch:1
LR: 0.0001
* TRAIN - Accuracy 87.660 Loss 0.2928
* VALID - Accuracy 89.000 Loss 0.2792
Epoch:2
LR: 0.0001
* TRAIN - Accuracy 89.540 Loss 0.2561
* VALID - Accuracy 89.700 Loss 0.2548
Epoch:3
LR: 0.0001
* TRAIN - Accuracy 90.820 Loss 0.2332
* VALID - Accuracy 90.200 Loss 0.2439
Epoch:4
LR: 0.0001
* TRAIN - Accuracy 90.970 Loss 0.2202
* VALID - Accuracy 90.900 Loss 0.2308
Epoch:5
LR: 0.0001
* TRAIN - Accuracy 92.140 Loss 0.2006
* VALID - Accuracy 91.200 Loss 0.2212
Epoch:6
LR: 0.0001
* TRAIN - Accuracy 92.730 Loss 0.1853
* VALID - Accuracy 91.500 Loss 0.2110
Epoch:7
LR: 0.0001
* TRAIN - Accuracy 92.970 Loss 0.1824
* VALID - Accuracy 91.850 Loss 0.2125
Epoch:8
LR: 0.0001
* TRAIN - Accuracy 93.310 Loss 0.1767
* VALID - Accuracy 92.350 Loss 0.1948
Epoch:9
LR: 0.0001
* TRAIN - Accuracy 93.640 Loss 0.1666
* VALID - Accuracy 92.100 Loss 0.1972
Epoch:10
LR: 0.0001
* TRAIN - Accuracy 93.700 Loss 0.1580
* VALID - Accuracy 92.350 Loss 0.2056
Epoch:11
LR: 0.0001
* TRAIN - Accuracy 94.160 Loss 0.1528
* VALID - Accuracy 92.950 Loss 0.1820
validation split name: 1
* VALID - Accuracy 76.400 Loss 0.5707
validation split name: 2
* VALID - Accuracy 72.400 Loss 0.7718
validation split name: 3
* VALID - Accuracy 92.950 Loss 0.1820
============================== Task: 4 ==============================
Epoch:0
LR: 0.0001
* TRAIN - Accuracy 87.640 Loss 0.3129
* VALID - Accuracy 93.350 Loss 0.1588
Epoch:1
LR: 0.0001
* TRAIN - Accuracy 94.500 Loss 0.1459
* VALID - Accuracy 94.950 Loss 0.1231
Epoch:2
LR: 0.0001
* TRAIN - Accuracy 95.700 Loss 0.1152
* VALID - Accuracy 96.300 Loss 0.1025
Epoch:3
LR: 0.0001
* TRAIN - Accuracy 96.400 Loss 0.0968
* VALID - Accuracy 96.800 Loss 0.0819
Epoch:4
LR: 0.0001
* TRAIN - Accuracy 96.870 Loss 0.0845
* VALID - Accuracy 96.400 Loss 0.0865
Epoch:5
LR: 0.0001
* TRAIN - Accuracy 97.050 Loss 0.0813
* VALID - Accuracy 96.400 Loss 0.0881
Epoch:6
LR: 0.0001
* TRAIN - Accuracy 97.390 Loss 0.0727
* VALID - Accuracy 97.200 Loss 0.0746
Epoch:7
LR: 0.0001
* TRAIN - Accuracy 97.440 Loss 0.0666
* VALID - Accuracy 97.300 Loss 0.0708
Epoch:8
LR: 0.0001
* TRAIN - Accuracy 97.430 Loss 0.0649
* VALID - Accuracy 97.750 Loss 0.0608
Epoch:9
LR: 0.0001
* TRAIN - Accuracy 97.740 Loss 0.0584
* VALID - Accuracy 97.300 Loss 0.0742
Epoch:10
LR: 0.0001
* TRAIN - Accuracy 97.750 Loss 0.0554
* VALID - Accuracy 96.500 Loss 0.0936
Epoch:11
LR: 0.0001
* TRAIN - Accuracy 97.980 Loss 0.0549
* VALID - Accuracy 97.600 Loss 0.0632
validation split name: 1
* VALID - Accuracy 42.550 Loss 2.0342
validation split name: 2
* VALID - Accuracy 55.150 Loss 1.7563
validation split name: 3
* VALID - Accuracy 64.300 Loss 1.3456
validation split name: 4
* VALID - Accuracy 97.600 Loss 0.0632
============================== Task: 5 ==============================
Epoch:0
LR: 0.0001
* TRAIN - Accuracy 89.760 Loss 0.2783
* VALID - Accuracy 92.650 Loss 0.1730
Epoch:1
LR: 0.0001
* TRAIN - Accuracy 94.110 Loss 0.1511
* VALID - Accuracy 94.900 Loss 0.1354
Epoch:2
LR: 0.0001
* TRAIN - Accuracy 95.160 Loss 0.1269
* VALID - Accuracy 95.400 Loss 0.1203
Epoch:3
LR: 0.0001
* TRAIN - Accuracy 95.960 Loss 0.1104
* VALID - Accuracy 95.350 Loss 0.1135
Epoch:4
LR: 0.0001
* TRAIN - Accuracy 96.300 Loss 0.0972
* VALID - Accuracy 95.950 Loss 0.1021
Epoch:5
LR: 0.0001
* TRAIN - Accuracy 96.690 Loss 0.0900
* VALID - Accuracy 96.150 Loss 0.1016
Epoch:6
LR: 0.0001
* TRAIN - Accuracy 96.720 Loss 0.0875
* VALID - Accuracy 96.600 Loss 0.0919
Epoch:7
LR: 0.0001
* TRAIN - Accuracy 97.210 Loss 0.0747
* VALID - Accuracy 96.300 Loss 0.0894
Epoch:8
LR: 0.0001
* TRAIN - Accuracy 97.330 Loss 0.0713
* VALID - Accuracy 96.250 Loss 0.0979
Epoch:9
LR: 0.0001
* TRAIN - Accuracy 97.670 Loss 0.0628
* VALID - Accuracy 96.850 Loss 0.0905
Epoch:10
LR: 0.0001
* TRAIN - Accuracy 97.580 Loss 0.0629
* VALID - Accuracy 96.750 Loss 0.0928
Epoch:11
LR: 0.0001
* TRAIN - Accuracy 97.900 Loss 0.0614
* VALID - Accuracy 96.900 Loss 0.0841
validation split name: 1
* VALID - Accuracy 82.750 Loss 0.5330
validation split name: 2
* VALID - Accuracy 58.150 Loss 1.2481
validation split name: 3
* VALID - Accuracy 54.150 Loss 1.3742
validation split name: 4
* VALID - Accuracy 70.150 Loss 0.8451
validation split name: 5
* VALID - Accuracy 96.900 Loss 0.0841
OrderedDict([('1', OrderedDict([('1', 98.0), ('2', 80.8), ('3', 76.4), ('4', 42.55), ('5', 82.75)])), ('2', OrderedDict([('2', 87.4), ('3', 72.4), ('4', 55.15), ('5', 58.15)])), ('3', OrderedDict([('3', 92.95), ('4', 64.3), ('5', 54.15)])), ('4', OrderedDict([('4', 97.6), ('5', 70.15)])), ('5', OrderedDict([('5', 96.9)]))])
Task 1 average acc: 98.0
Task 2 average acc: 84.1
Task 3 average acc: 80.58333333333333
Task 4 average acc: 64.9
Task 5 average acc: 72.42
===Summary of experiment repeats: 6 / 10 ===
The regularization coefficient: 0.0
The last avg acc of all repeats: [74.33 74.71 72.68 74.29 70.8  72.42  0.    0.    0.    0.  ]
mean: 43.922999999999995 std: 35.87884698537566
Files already downloaded and verified
Files already downloaded and verified
split_boundaries: [0, 2, 4, 6, 8, 10]
{'1': [0, 1], '2': [2, 3], '3': [4, 5], '4': [6, 7], '5': [8, 9]}
CNN(
  (c1): Sequential(
    (0): Conv2d(3, 32, kernel_size=(3, 3), stride=(1, 1), padding=(1, 1))
    (1): BatchNorm2d(32, eps=1e-05, momentum=0.1, affine=True, track_running_stats=True)
    (2): ReLU()
    (3): Conv2d(32, 32, kernel_size=(3, 3), stride=(1, 1), padding=(1, 1))
    (4): BatchNorm2d(32, eps=1e-05, momentum=0.1, affine=True, track_running_stats=True)
    (5): ReLU()
    (6): Conv2d(32, 64, kernel_size=(3, 3), stride=(1, 1), padding=(1, 1))
    (7): BatchNorm2d(64, eps=1e-05, momentum=0.1, affine=True, track_running_stats=True)
    (8): ReLU()
    (9): MaxPool2d(kernel_size=2, stride=2, padding=0, dilation=1, ceil_mode=False)
  )
  (c2): Sequential(
    (0): Conv2d(64, 64, kernel_size=(3, 3), stride=(1, 1), padding=(1, 1))
    (1): BatchNorm2d(64, eps=1e-05, momentum=0.1, affine=True, track_running_stats=True)
    (2): ReLU()
    (3): Conv2d(64, 128, kernel_size=(3, 3), stride=(1, 1), padding=(1, 1))
    (4): BatchNorm2d(128, eps=1e-05, momentum=0.1, affine=True, track_running_stats=True)
    (5): ReLU()
    (6): MaxPool2d(kernel_size=2, stride=2, padding=0, dilation=1, ceil_mode=False)
  )
  (c3): Sequential(
    (0): Conv2d(128, 128, kernel_size=(3, 3), stride=(1, 1), padding=(1, 1))
    (1): BatchNorm2d(128, eps=1e-05, momentum=0.1, affine=True, track_running_stats=True)
    (2): ReLU()
    (3): Conv2d(128, 128, kernel_size=(3, 3), stride=(1, 1), padding=(1, 1))
    (4): BatchNorm2d(128, eps=1e-05, momentum=0.1, affine=True, track_running_stats=True)
    (5): ReLU()
    (6): MaxPool2d(kernel_size=2, stride=2, padding=0, dilation=1, ceil_mode=False)
  )
  (fc1): Sequential(
    (0): Linear(in_features=2048, out_features=256, bias=True)
    (1): ReLU()
  )
  (last): ModuleDict(
    (All): Linear(in_features=256, out_features=2, bias=True)
  )
)
#parameter of model: 960802
Task order: ['1', '2', '3', '4', '5']
============================== Task: 1 ==============================
Epoch:0
LR: 0.001
* TRAIN - Accuracy 81.880 Loss 0.4044
* VALID - Accuracy 90.300 Loss 0.2377
Epoch:1
LR: 0.001
* TRAIN - Accuracy 90.410 Loss 0.2404
* VALID - Accuracy 81.150 Loss 0.4511
Epoch:2
LR: 0.001
* TRAIN - Accuracy 92.090 Loss 0.1958
* VALID - Accuracy 95.150 Loss 0.1349
Epoch:3
LR: 0.001
* TRAIN - Accuracy 94.160 Loss 0.1415
* VALID - Accuracy 96.750 Loss 0.0864
Epoch:4
LR: 0.001
* TRAIN - Accuracy 95.510 Loss 0.1136
* VALID - Accuracy 95.950 Loss 0.1052
Epoch:5
LR: 0.001
* TRAIN - Accuracy 96.460 Loss 0.0953
* VALID - Accuracy 96.400 Loss 0.0930
Epoch:6
LR: 0.001
* TRAIN - Accuracy 97.080 Loss 0.0789
* VALID - Accuracy 97.500 Loss 0.0770
Epoch:7
LR: 0.001
* TRAIN - Accuracy 97.420 Loss 0.0706
* VALID - Accuracy 97.650 Loss 0.0611
Epoch:8
LR: 0.001
* TRAIN - Accuracy 97.980 Loss 0.0578
* VALID - Accuracy 97.700 Loss 0.0631
Epoch:9
LR: 0.001
* TRAIN - Accuracy 97.900 Loss 0.0573
* VALID - Accuracy 98.400 Loss 0.0470
Epoch:10
LR: 0.001
* TRAIN - Accuracy 98.290 Loss 0.0495
* VALID - Accuracy 98.250 Loss 0.0518
Epoch:11
LR: 0.001
* TRAIN - Accuracy 97.570 Loss 0.0692
* VALID - Accuracy 98.250 Loss 0.0468
validation split name: 1
* VALID - Accuracy 98.250 Loss 0.0468
============================== Task: 2 ==============================
Epoch:0
LR: 0.0001
* TRAIN - Accuracy 74.330 Loss 0.5827
* VALID - Accuracy 77.900 Loss 0.4685
Epoch:1
LR: 0.0001
* TRAIN - Accuracy 79.980 Loss 0.4381
* VALID - Accuracy 80.350 Loss 0.4345
Epoch:2
LR: 0.0001
* TRAIN - Accuracy 81.890 Loss 0.4001
* VALID - Accuracy 82.050 Loss 0.4121
Epoch:3
LR: 0.0001
* TRAIN - Accuracy 83.780 Loss 0.3683
* VALID - Accuracy 83.450 Loss 0.3902
Epoch:4
LR: 0.0001
* TRAIN - Accuracy 84.530 Loss 0.3499
* VALID - Accuracy 83.450 Loss 0.3767
Epoch:5
LR: 0.0001
* TRAIN - Accuracy 85.590 Loss 0.3299
* VALID - Accuracy 84.650 Loss 0.3673
Epoch:6
LR: 0.0001
* TRAIN - Accuracy 86.630 Loss 0.3123
* VALID - Accuracy 85.400 Loss 0.3543
Epoch:7
LR: 0.0001
* TRAIN - Accuracy 87.390 Loss 0.2976
* VALID - Accuracy 85.600 Loss 0.3639
Epoch:8
LR: 0.0001
* TRAIN - Accuracy 87.650 Loss 0.2891
* VALID - Accuracy 85.650 Loss 0.3428
Epoch:9
LR: 0.0001
* TRAIN - Accuracy 88.390 Loss 0.2747
* VALID - Accuracy 86.400 Loss 0.3369
Epoch:10
LR: 0.0001
* TRAIN - Accuracy 88.920 Loss 0.2625
* VALID - Accuracy 83.100 Loss 0.4307
Epoch:11
LR: 0.0001
* TRAIN - Accuracy 89.340 Loss 0.2547
* VALID - Accuracy 87.250 Loss 0.3191
validation split name: 1
* VALID - Accuracy 83.950 Loss 0.3846
validation split name: 2
* VALID - Accuracy 87.250 Loss 0.3191
============================== Task: 3 ==============================
Epoch:0
LR: 0.0001
* TRAIN - Accuracy 83.600 Loss 0.3767
* VALID - Accuracy 87.350 Loss 0.3064
Epoch:1
LR: 0.0001
* TRAIN - Accuracy 88.400 Loss 0.2834
* VALID - Accuracy 90.100 Loss 0.2506
Epoch:2
LR: 0.0001
* TRAIN - Accuracy 90.280 Loss 0.2450
* VALID - Accuracy 90.600 Loss 0.2330
Epoch:3
LR: 0.0001
* TRAIN - Accuracy 90.890 Loss 0.2264
* VALID - Accuracy 90.650 Loss 0.2246
Epoch:4
LR: 0.0001
* TRAIN - Accuracy 91.690 Loss 0.2111
* VALID - Accuracy 92.700 Loss 0.2181
Epoch:5
LR: 0.0001
* TRAIN - Accuracy 92.280 Loss 0.1968
* VALID - Accuracy 92.100 Loss 0.1992
Epoch:6
LR: 0.0001
* TRAIN - Accuracy 92.850 Loss 0.1827
* VALID - Accuracy 93.100 Loss 0.2105
Epoch:7
LR: 0.0001
* TRAIN - Accuracy 92.850 Loss 0.1784
* VALID - Accuracy 91.900 Loss 0.1986
Epoch:8
LR: 0.0001
* TRAIN - Accuracy 93.560 Loss 0.1692
* VALID - Accuracy 92.950 Loss 0.1765
Epoch:9
LR: 0.0001
* TRAIN - Accuracy 93.710 Loss 0.1608
* VALID - Accuracy 90.700 Loss 0.2298
Epoch:10
LR: 0.0001
* TRAIN - Accuracy 94.010 Loss 0.1544
* VALID - Accuracy 93.800 Loss 0.1819
Epoch:11
LR: 0.0001
* TRAIN - Accuracy 94.200 Loss 0.1502
* VALID - Accuracy 93.250 Loss 0.1798
validation split name: 1
* VALID - Accuracy 76.800 Loss 0.5876
validation split name: 2
* VALID - Accuracy 71.700 Loss 0.9191
validation split name: 3
* VALID - Accuracy 93.250 Loss 0.1798
============================== Task: 4 ==============================
Epoch:0
LR: 0.0001
* TRAIN - Accuracy 86.630 Loss 0.3302
* VALID - Accuracy 93.700 Loss 0.1540
Epoch:1
LR: 0.0001
* TRAIN - Accuracy 94.200 Loss 0.1503
* VALID - Accuracy 94.100 Loss 0.1365
Epoch:2
LR: 0.0001
* TRAIN - Accuracy 95.500 Loss 0.1187
* VALID - Accuracy 94.950 Loss 0.1126
Epoch:3
LR: 0.0001
* TRAIN - Accuracy 96.050 Loss 0.1039
* VALID - Accuracy 94.900 Loss 0.1193
Epoch:4
LR: 0.0001
* TRAIN - Accuracy 96.580 Loss 0.0900
* VALID - Accuracy 96.550 Loss 0.0850
Epoch:5
LR: 0.0001
* TRAIN - Accuracy 97.050 Loss 0.0821
* VALID - Accuracy 96.500 Loss 0.0864
Epoch:6
LR: 0.0001
* TRAIN - Accuracy 97.120 Loss 0.0736
* VALID - Accuracy 97.050 Loss 0.0749
Epoch:7
LR: 0.0001
* TRAIN - Accuracy 97.460 Loss 0.0667
* VALID - Accuracy 97.100 Loss 0.0737
Epoch:8
LR: 0.0001
* TRAIN - Accuracy 97.850 Loss 0.0620
* VALID - Accuracy 97.050 Loss 0.0706
Epoch:9
LR: 0.0001
* TRAIN - Accuracy 97.430 Loss 0.0635
* VALID - Accuracy 95.950 Loss 0.1053
Epoch:10
LR: 0.0001
* TRAIN - Accuracy 97.940 Loss 0.0560
* VALID - Accuracy 96.250 Loss 0.0938
Epoch:11
LR: 0.0001
* TRAIN - Accuracy 97.990 Loss 0.0546
* VALID - Accuracy 97.500 Loss 0.0636
validation split name: 1
* VALID - Accuracy 43.300 Loss 1.9323
validation split name: 2
* VALID - Accuracy 53.100 Loss 1.8243
validation split name: 3
* VALID - Accuracy 64.750 Loss 1.3570
validation split name: 4
* VALID - Accuracy 97.500 Loss 0.0636
============================== Task: 5 ==============================
Epoch:0
LR: 0.0001
* TRAIN - Accuracy 90.020 Loss 0.2805
* VALID - Accuracy 93.100 Loss 0.1793
Epoch:1
LR: 0.0001
* TRAIN - Accuracy 94.440 Loss 0.1450
* VALID - Accuracy 94.500 Loss 0.1430
Epoch:2
LR: 0.0001
* TRAIN - Accuracy 95.370 Loss 0.1211
* VALID - Accuracy 95.450 Loss 0.1179
Epoch:3
LR: 0.0001
* TRAIN - Accuracy 96.030 Loss 0.1078
* VALID - Accuracy 95.700 Loss 0.1145
Epoch:4
LR: 0.0001
* TRAIN - Accuracy 96.290 Loss 0.0966
* VALID - Accuracy 96.100 Loss 0.1062
Epoch:5
LR: 0.0001
* TRAIN - Accuracy 96.750 Loss 0.0908
* VALID - Accuracy 96.150 Loss 0.0969
Epoch:6
LR: 0.0001
* TRAIN - Accuracy 96.930 Loss 0.0836
* VALID - Accuracy 96.200 Loss 0.0923
Epoch:7
LR: 0.0001
* TRAIN - Accuracy 97.190 Loss 0.0737
* VALID - Accuracy 96.550 Loss 0.0872
Epoch:8
LR: 0.0001
* TRAIN - Accuracy 97.350 Loss 0.0692
* VALID - Accuracy 96.600 Loss 0.0963
Epoch:9
LR: 0.0001
* TRAIN - Accuracy 97.660 Loss 0.0653
* VALID - Accuracy 96.350 Loss 0.0924
Epoch:10
LR: 0.0001
* TRAIN - Accuracy 97.670 Loss 0.0623
* VALID - Accuracy 96.900 Loss 0.0856
Epoch:11
LR: 0.0001
* TRAIN - Accuracy 97.580 Loss 0.0650
* VALID - Accuracy 95.800 Loss 0.1049
validation split name: 1
* VALID - Accuracy 82.600 Loss 0.5475
validation split name: 2
* VALID - Accuracy 58.250 Loss 1.2352
validation split name: 3
* VALID - Accuracy 59.750 Loss 1.1136
validation split name: 4
* VALID - Accuracy 74.950 Loss 0.6484
validation split name: 5
* VALID - Accuracy 95.800 Loss 0.1049
OrderedDict([('1', OrderedDict([('1', 98.25), ('2', 83.95), ('3', 76.8), ('4', 43.3), ('5', 82.6)])), ('2', OrderedDict([('2', 87.25), ('3', 71.7), ('4', 53.1), ('5', 58.25)])), ('3', OrderedDict([('3', 93.25), ('4', 64.75), ('5', 59.75)])), ('4', OrderedDict([('4', 97.5), ('5', 74.95)])), ('5', OrderedDict([('5', 95.8)]))])
Task 1 average acc: 98.25
Task 2 average acc: 85.6
Task 3 average acc: 80.58333333333333
Task 4 average acc: 64.6625
Task 5 average acc: 74.27000000000001
===Summary of experiment repeats: 7 / 10 ===
The regularization coefficient: 0.0
The last avg acc of all repeats: [74.33 74.71 72.68 74.29 70.8  72.42 74.27  0.    0.    0.  ]
mean: 51.35 std: 33.63483878361839
Files already downloaded and verified
Files already downloaded and verified
split_boundaries: [0, 2, 4, 6, 8, 10]
{'1': [0, 1], '2': [2, 3], '3': [4, 5], '4': [6, 7], '5': [8, 9]}
CNN(
  (c1): Sequential(
    (0): Conv2d(3, 32, kernel_size=(3, 3), stride=(1, 1), padding=(1, 1))
    (1): BatchNorm2d(32, eps=1e-05, momentum=0.1, affine=True, track_running_stats=True)
    (2): ReLU()
    (3): Conv2d(32, 32, kernel_size=(3, 3), stride=(1, 1), padding=(1, 1))
    (4): BatchNorm2d(32, eps=1e-05, momentum=0.1, affine=True, track_running_stats=True)
    (5): ReLU()
    (6): Conv2d(32, 64, kernel_size=(3, 3), stride=(1, 1), padding=(1, 1))
    (7): BatchNorm2d(64, eps=1e-05, momentum=0.1, affine=True, track_running_stats=True)
    (8): ReLU()
    (9): MaxPool2d(kernel_size=2, stride=2, padding=0, dilation=1, ceil_mode=False)
  )
  (c2): Sequential(
    (0): Conv2d(64, 64, kernel_size=(3, 3), stride=(1, 1), padding=(1, 1))
    (1): BatchNorm2d(64, eps=1e-05, momentum=0.1, affine=True, track_running_stats=True)
    (2): ReLU()
    (3): Conv2d(64, 128, kernel_size=(3, 3), stride=(1, 1), padding=(1, 1))
    (4): BatchNorm2d(128, eps=1e-05, momentum=0.1, affine=True, track_running_stats=True)
    (5): ReLU()
    (6): MaxPool2d(kernel_size=2, stride=2, padding=0, dilation=1, ceil_mode=False)
  )
  (c3): Sequential(
    (0): Conv2d(128, 128, kernel_size=(3, 3), stride=(1, 1), padding=(1, 1))
    (1): BatchNorm2d(128, eps=1e-05, momentum=0.1, affine=True, track_running_stats=True)
    (2): ReLU()
    (3): Conv2d(128, 128, kernel_size=(3, 3), stride=(1, 1), padding=(1, 1))
    (4): BatchNorm2d(128, eps=1e-05, momentum=0.1, affine=True, track_running_stats=True)
    (5): ReLU()
    (6): MaxPool2d(kernel_size=2, stride=2, padding=0, dilation=1, ceil_mode=False)
  )
  (fc1): Sequential(
    (0): Linear(in_features=2048, out_features=256, bias=True)
    (1): ReLU()
  )
  (last): ModuleDict(
    (All): Linear(in_features=256, out_features=2, bias=True)
  )
)
#parameter of model: 960802
Task order: ['1', '2', '3', '4', '5']
============================== Task: 1 ==============================
Epoch:0
LR: 0.001
* TRAIN - Accuracy 82.230 Loss 0.4140
* VALID - Accuracy 86.350 Loss 0.3376
Epoch:1
LR: 0.001
* TRAIN - Accuracy 90.230 Loss 0.2409
* VALID - Accuracy 85.400 Loss 0.3650
Epoch:2
LR: 0.001
* TRAIN - Accuracy 92.810 Loss 0.1844
* VALID - Accuracy 88.650 Loss 0.3586
Epoch:3
LR: 0.001
* TRAIN - Accuracy 95.020 Loss 0.1307
* VALID - Accuracy 92.500 Loss 0.1763
Epoch:4
LR: 0.001
* TRAIN - Accuracy 96.330 Loss 0.0972
* VALID - Accuracy 90.700 Loss 0.2296
Epoch:5
LR: 0.001
* TRAIN - Accuracy 96.720 Loss 0.0851
* VALID - Accuracy 96.000 Loss 0.1005
Epoch:6
LR: 0.001
* TRAIN - Accuracy 97.170 Loss 0.0753
* VALID - Accuracy 97.750 Loss 0.0638
Epoch:7
LR: 0.001
* TRAIN - Accuracy 97.490 Loss 0.0643
* VALID - Accuracy 97.450 Loss 0.0719
Epoch:8
LR: 0.001
* TRAIN - Accuracy 97.220 Loss 0.0742
* VALID - Accuracy 93.050 Loss 0.1805
Epoch:9
LR: 0.001
* TRAIN - Accuracy 98.100 Loss 0.0504
* VALID - Accuracy 97.800 Loss 0.0618
Epoch:10
LR: 0.001
* TRAIN - Accuracy 98.500 Loss 0.0435
* VALID - Accuracy 98.550 Loss 0.0467
Epoch:11
LR: 0.001
* TRAIN - Accuracy 98.090 Loss 0.0489
* VALID - Accuracy 97.300 Loss 0.0669
validation split name: 1
* VALID - Accuracy 97.300 Loss 0.0669
============================== Task: 2 ==============================
Epoch:0
LR: 0.0001
* TRAIN - Accuracy 73.560 Loss 0.6050
* VALID - Accuracy 77.800 Loss 0.4722
Epoch:1
LR: 0.0001
* TRAIN - Accuracy 79.520 Loss 0.4413
* VALID - Accuracy 79.550 Loss 0.4339
Epoch:2
LR: 0.0001
* TRAIN - Accuracy 81.450 Loss 0.4063
* VALID - Accuracy 81.200 Loss 0.4069
Epoch:3
LR: 0.0001
* TRAIN - Accuracy 82.890 Loss 0.3821
* VALID - Accuracy 82.500 Loss 0.3888
Epoch:4
LR: 0.0001
* TRAIN - Accuracy 83.850 Loss 0.3591
* VALID - Accuracy 83.200 Loss 0.3804
Epoch:5
LR: 0.0001
* TRAIN - Accuracy 84.970 Loss 0.3409
* VALID - Accuracy 83.400 Loss 0.3681
Epoch:6
LR: 0.0001
* TRAIN - Accuracy 86.260 Loss 0.3261
* VALID - Accuracy 83.800 Loss 0.3659
Epoch:7
LR: 0.0001
* TRAIN - Accuracy 86.680 Loss 0.3096
* VALID - Accuracy 85.400 Loss 0.3385
Epoch:8
LR: 0.0001
* TRAIN - Accuracy 87.630 Loss 0.2951
* VALID - Accuracy 85.750 Loss 0.3420
Epoch:9
LR: 0.0001
* TRAIN - Accuracy 87.980 Loss 0.2863
* VALID - Accuracy 84.250 Loss 0.3637
Epoch:10
LR: 0.0001
* TRAIN - Accuracy 88.550 Loss 0.2716
* VALID - Accuracy 87.150 Loss 0.3265
Epoch:11
LR: 0.0001
* TRAIN - Accuracy 88.970 Loss 0.2604
* VALID - Accuracy 87.050 Loss 0.3108
validation split name: 1
* VALID - Accuracy 83.200 Loss 0.3915
validation split name: 2
* VALID - Accuracy 87.050 Loss 0.3108
============================== Task: 3 ==============================
Epoch:0
LR: 0.0001
* TRAIN - Accuracy 84.320 Loss 0.3669
* VALID - Accuracy 87.250 Loss 0.3087
Epoch:1
LR: 0.0001
* TRAIN - Accuracy 88.180 Loss 0.2777
* VALID - Accuracy 90.300 Loss 0.2528
Epoch:2
LR: 0.0001
* TRAIN - Accuracy 90.500 Loss 0.2354
* VALID - Accuracy 89.700 Loss 0.2626
Epoch:3
LR: 0.0001
* TRAIN - Accuracy 91.640 Loss 0.2157
* VALID - Accuracy 92.400 Loss 0.2105
Epoch:4
LR: 0.0001
* TRAIN - Accuracy 91.710 Loss 0.2006
* VALID - Accuracy 92.500 Loss 0.2079
Epoch:5
LR: 0.0001
* TRAIN - Accuracy 92.210 Loss 0.1917
* VALID - Accuracy 92.400 Loss 0.2015
Epoch:6
LR: 0.0001
* TRAIN - Accuracy 93.150 Loss 0.1773
* VALID - Accuracy 92.850 Loss 0.1965
Epoch:7
LR: 0.0001
* TRAIN - Accuracy 93.240 Loss 0.1760
* VALID - Accuracy 93.100 Loss 0.1875
Epoch:8
LR: 0.0001
* TRAIN - Accuracy 93.690 Loss 0.1576
* VALID - Accuracy 93.650 Loss 0.1817
Epoch:9
LR: 0.0001
* TRAIN - Accuracy 93.810 Loss 0.1587
* VALID - Accuracy 92.900 Loss 0.1898
Epoch:10
LR: 0.0001
* TRAIN - Accuracy 94.440 Loss 0.1443
* VALID - Accuracy 93.650 Loss 0.1766
Epoch:11
LR: 0.0001
* TRAIN - Accuracy 94.350 Loss 0.1427
* VALID - Accuracy 93.700 Loss 0.1714
validation split name: 1
* VALID - Accuracy 73.850 Loss 0.6212
validation split name: 2
* VALID - Accuracy 71.350 Loss 0.8205
validation split name: 3
* VALID - Accuracy 93.700 Loss 0.1714
============================== Task: 4 ==============================
Epoch:0
LR: 0.0001
* TRAIN - Accuracy 89.010 Loss 0.2757
* VALID - Accuracy 94.350 Loss 0.1426
Epoch:1
LR: 0.0001
* TRAIN - Accuracy 94.650 Loss 0.1358
* VALID - Accuracy 95.200 Loss 0.1177
Epoch:2
LR: 0.0001
* TRAIN - Accuracy 95.860 Loss 0.1062
* VALID - Accuracy 96.150 Loss 0.1013
Epoch:3
LR: 0.0001
* TRAIN - Accuracy 96.500 Loss 0.0919
* VALID - Accuracy 96.400 Loss 0.0910
Epoch:4
LR: 0.0001
* TRAIN - Accuracy 96.910 Loss 0.0800
* VALID - Accuracy 97.050 Loss 0.0718
Epoch:5
LR: 0.0001
* TRAIN - Accuracy 97.330 Loss 0.0750
* VALID - Accuracy 97.550 Loss 0.0674
Epoch:6
LR: 0.0001
* TRAIN - Accuracy 97.570 Loss 0.0669
* VALID - Accuracy 97.700 Loss 0.0635
Epoch:7
LR: 0.0001
* TRAIN - Accuracy 97.640 Loss 0.0632
* VALID - Accuracy 97.100 Loss 0.0781
Epoch:8
LR: 0.0001
* TRAIN - Accuracy 97.880 Loss 0.0554
* VALID - Accuracy 96.000 Loss 0.1055
Epoch:9
LR: 0.0001
* TRAIN - Accuracy 97.790 Loss 0.0559
* VALID - Accuracy 97.450 Loss 0.0723
Epoch:10
LR: 0.0001
* TRAIN - Accuracy 98.170 Loss 0.0469
* VALID - Accuracy 97.050 Loss 0.0821
Epoch:11
LR: 0.0001
* TRAIN - Accuracy 98.370 Loss 0.0451
* VALID - Accuracy 97.250 Loss 0.0661
validation split name: 1
* VALID - Accuracy 42.750 Loss 2.5240
validation split name: 2
* VALID - Accuracy 50.950 Loss 2.2009
validation split name: 3
* VALID - Accuracy 61.750 Loss 1.4923
validation split name: 4
* VALID - Accuracy 97.250 Loss 0.0661
============================== Task: 5 ==============================
Epoch:0
LR: 0.0001
* TRAIN - Accuracy 89.740 Loss 0.2933
* VALID - Accuracy 93.150 Loss 0.1693
Epoch:1
LR: 0.0001
* TRAIN - Accuracy 94.240 Loss 0.1487
* VALID - Accuracy 94.600 Loss 0.1406
Epoch:2
LR: 0.0001
* TRAIN - Accuracy 95.360 Loss 0.1224
* VALID - Accuracy 94.900 Loss 0.1276
Epoch:3
LR: 0.0001
* TRAIN - Accuracy 95.810 Loss 0.1082
* VALID - Accuracy 94.750 Loss 0.1233
Epoch:4
LR: 0.0001
* TRAIN - Accuracy 96.330 Loss 0.0983
* VALID - Accuracy 96.150 Loss 0.1028
Epoch:5
LR: 0.0001
* TRAIN - Accuracy 96.820 Loss 0.0826
* VALID - Accuracy 96.350 Loss 0.0989
Epoch:6
LR: 0.0001
* TRAIN - Accuracy 96.850 Loss 0.0844
* VALID - Accuracy 95.850 Loss 0.1062
Epoch:7
LR: 0.0001
* TRAIN - Accuracy 97.290 Loss 0.0738
* VALID - Accuracy 96.450 Loss 0.0905
Epoch:8
LR: 0.0001
* TRAIN - Accuracy 97.450 Loss 0.0694
* VALID - Accuracy 96.250 Loss 0.0948
Epoch:9
LR: 0.0001
* TRAIN - Accuracy 97.680 Loss 0.0644
* VALID - Accuracy 96.750 Loss 0.0884
Epoch:10
LR: 0.0001
* TRAIN - Accuracy 98.010 Loss 0.0574
* VALID - Accuracy 96.750 Loss 0.0930
Epoch:11
LR: 0.0001
* TRAIN - Accuracy 97.840 Loss 0.0581
* VALID - Accuracy 96.950 Loss 0.0852
validation split name: 1
* VALID - Accuracy 78.200 Loss 0.6957
validation split name: 2
* VALID - Accuracy 62.400 Loss 1.0782
validation split name: 3
* VALID - Accuracy 63.200 Loss 0.9338
validation split name: 4
* VALID - Accuracy 72.300 Loss 0.7467
validation split name: 5
* VALID - Accuracy 96.950 Loss 0.0852
OrderedDict([('1', OrderedDict([('1', 97.3), ('2', 83.2), ('3', 73.85), ('4', 42.75), ('5', 78.2)])), ('2', OrderedDict([('2', 87.05), ('3', 71.35), ('4', 50.95), ('5', 62.4)])), ('3', OrderedDict([('3', 93.7), ('4', 61.75), ('5', 63.2)])), ('4', OrderedDict([('4', 97.25), ('5', 72.3)])), ('5', OrderedDict([('5', 96.95)]))])
Task 1 average acc: 97.3
Task 2 average acc: 85.125
Task 3 average acc: 79.63333333333333
Task 4 average acc: 63.175
Task 5 average acc: 74.61
===Summary of experiment repeats: 8 / 10 ===
The regularization coefficient: 0.0
The last avg acc of all repeats: [74.33 74.71 72.68 74.29 70.8  72.42 74.27 74.61  0.    0.  ]
mean: 58.81099999999999 std: 29.428835671837238
Files already downloaded and verified
Files already downloaded and verified
split_boundaries: [0, 2, 4, 6, 8, 10]
{'1': [0, 1], '2': [2, 3], '3': [4, 5], '4': [6, 7], '5': [8, 9]}
CNN(
  (c1): Sequential(
    (0): Conv2d(3, 32, kernel_size=(3, 3), stride=(1, 1), padding=(1, 1))
    (1): BatchNorm2d(32, eps=1e-05, momentum=0.1, affine=True, track_running_stats=True)
    (2): ReLU()
    (3): Conv2d(32, 32, kernel_size=(3, 3), stride=(1, 1), padding=(1, 1))
    (4): BatchNorm2d(32, eps=1e-05, momentum=0.1, affine=True, track_running_stats=True)
    (5): ReLU()
    (6): Conv2d(32, 64, kernel_size=(3, 3), stride=(1, 1), padding=(1, 1))
    (7): BatchNorm2d(64, eps=1e-05, momentum=0.1, affine=True, track_running_stats=True)
    (8): ReLU()
    (9): MaxPool2d(kernel_size=2, stride=2, padding=0, dilation=1, ceil_mode=False)
  )
  (c2): Sequential(
    (0): Conv2d(64, 64, kernel_size=(3, 3), stride=(1, 1), padding=(1, 1))
    (1): BatchNorm2d(64, eps=1e-05, momentum=0.1, affine=True, track_running_stats=True)
    (2): ReLU()
    (3): Conv2d(64, 128, kernel_size=(3, 3), stride=(1, 1), padding=(1, 1))
    (4): BatchNorm2d(128, eps=1e-05, momentum=0.1, affine=True, track_running_stats=True)
    (5): ReLU()
    (6): MaxPool2d(kernel_size=2, stride=2, padding=0, dilation=1, ceil_mode=False)
  )
  (c3): Sequential(
    (0): Conv2d(128, 128, kernel_size=(3, 3), stride=(1, 1), padding=(1, 1))
    (1): BatchNorm2d(128, eps=1e-05, momentum=0.1, affine=True, track_running_stats=True)
    (2): ReLU()
    (3): Conv2d(128, 128, kernel_size=(3, 3), stride=(1, 1), padding=(1, 1))
    (4): BatchNorm2d(128, eps=1e-05, momentum=0.1, affine=True, track_running_stats=True)
    (5): ReLU()
    (6): MaxPool2d(kernel_size=2, stride=2, padding=0, dilation=1, ceil_mode=False)
  )
  (fc1): Sequential(
    (0): Linear(in_features=2048, out_features=256, bias=True)
    (1): ReLU()
  )
  (last): ModuleDict(
    (All): Linear(in_features=256, out_features=2, bias=True)
  )
)
#parameter of model: 960802
Task order: ['1', '2', '3', '4', '5']
============================== Task: 1 ==============================
Epoch:0
LR: 0.001
* TRAIN - Accuracy 79.010 Loss 0.4675
* VALID - Accuracy 84.700 Loss 0.3408
Epoch:1
LR: 0.001
* TRAIN - Accuracy 87.720 Loss 0.2913
* VALID - Accuracy 90.750 Loss 0.2275
Epoch:2
LR: 0.001
* TRAIN - Accuracy 90.860 Loss 0.2252
* VALID - Accuracy 92.100 Loss 0.1995
Epoch:3
LR: 0.001
* TRAIN - Accuracy 92.670 Loss 0.1825
* VALID - Accuracy 92.250 Loss 0.2092
Epoch:4
LR: 0.001
* TRAIN - Accuracy 94.360 Loss 0.1428
* VALID - Accuracy 90.250 Loss 0.2259
Epoch:5
LR: 0.001
* TRAIN - Accuracy 95.330 Loss 0.1192
* VALID - Accuracy 95.950 Loss 0.1047
Epoch:6
LR: 0.001
* TRAIN - Accuracy 96.310 Loss 0.0957
* VALID - Accuracy 95.350 Loss 0.1243
Epoch:7
LR: 0.001
* TRAIN - Accuracy 96.730 Loss 0.0828
* VALID - Accuracy 95.100 Loss 0.1451
Epoch:8
LR: 0.001
* TRAIN - Accuracy 96.950 Loss 0.0790
* VALID - Accuracy 96.900 Loss 0.0925
Epoch:9
LR: 0.001
* TRAIN - Accuracy 97.740 Loss 0.0655
* VALID - Accuracy 97.350 Loss 0.0860
Epoch:10
LR: 0.001
* TRAIN - Accuracy 97.110 Loss 0.0770
* VALID - Accuracy 96.750 Loss 0.1038
Epoch:11
LR: 0.001
* TRAIN - Accuracy 97.760 Loss 0.0608
* VALID - Accuracy 97.750 Loss 0.0592
validation split name: 1
* VALID - Accuracy 97.750 Loss 0.0592
============================== Task: 2 ==============================
Epoch:0
LR: 0.0001
* TRAIN - Accuracy 74.750 Loss 0.5878
* VALID - Accuracy 79.800 Loss 0.4502
Epoch:1
LR: 0.0001
* TRAIN - Accuracy 80.400 Loss 0.4306
* VALID - Accuracy 81.100 Loss 0.4159
Epoch:2
LR: 0.0001
* TRAIN - Accuracy 82.280 Loss 0.3986
* VALID - Accuracy 82.300 Loss 0.3991
Epoch:3
LR: 0.0001
* TRAIN - Accuracy 82.750 Loss 0.3820
* VALID - Accuracy 82.000 Loss 0.3953
Epoch:4
LR: 0.0001
* TRAIN - Accuracy 84.200 Loss 0.3620
* VALID - Accuracy 83.500 Loss 0.3698
Epoch:5
LR: 0.0001
* TRAIN - Accuracy 84.850 Loss 0.3405
* VALID - Accuracy 84.450 Loss 0.3519
Epoch:6
LR: 0.0001
* TRAIN - Accuracy 85.980 Loss 0.3256
* VALID - Accuracy 84.450 Loss 0.3514
Epoch:7
LR: 0.0001
* TRAIN - Accuracy 86.410 Loss 0.3174
* VALID - Accuracy 85.450 Loss 0.3337
Epoch:8
LR: 0.0001
* TRAIN - Accuracy 87.080 Loss 0.3024
* VALID - Accuracy 84.650 Loss 0.3560
Epoch:9
LR: 0.0001
* TRAIN - Accuracy 87.580 Loss 0.2907
* VALID - Accuracy 85.600 Loss 0.3332
Epoch:10
LR: 0.0001
* TRAIN - Accuracy 88.690 Loss 0.2758
* VALID - Accuracy 86.900 Loss 0.3156
Epoch:11
LR: 0.0001
* TRAIN - Accuracy 88.760 Loss 0.2660
* VALID - Accuracy 86.850 Loss 0.3153
validation split name: 1
* VALID - Accuracy 84.700 Loss 0.3766
validation split name: 2
* VALID - Accuracy 86.850 Loss 0.3153
============================== Task: 3 ==============================
Epoch:0
LR: 0.0001
* TRAIN - Accuracy 84.310 Loss 0.3653
* VALID - Accuracy 88.300 Loss 0.2922
Epoch:1
LR: 0.0001
* TRAIN - Accuracy 88.370 Loss 0.2815
* VALID - Accuracy 90.450 Loss 0.2485
Epoch:2
LR: 0.0001
* TRAIN - Accuracy 89.660 Loss 0.2518
* VALID - Accuracy 91.100 Loss 0.2320
Epoch:3
LR: 0.0001
* TRAIN - Accuracy 90.690 Loss 0.2324
* VALID - Accuracy 90.400 Loss 0.2308
Epoch:4
LR: 0.0001
* TRAIN - Accuracy 91.730 Loss 0.2074
* VALID - Accuracy 91.900 Loss 0.2039
Epoch:5
LR: 0.0001
* TRAIN - Accuracy 92.350 Loss 0.1959
* VALID - Accuracy 92.700 Loss 0.1961
Epoch:6
LR: 0.0001
* TRAIN - Accuracy 92.960 Loss 0.1870
* VALID - Accuracy 92.400 Loss 0.2078
Epoch:7
LR: 0.0001
* TRAIN - Accuracy 92.960 Loss 0.1782
* VALID - Accuracy 93.600 Loss 0.1789
Epoch:8
LR: 0.0001
* TRAIN - Accuracy 93.360 Loss 0.1665
* VALID - Accuracy 92.650 Loss 0.1907
Epoch:9
LR: 0.0001
* TRAIN - Accuracy 93.850 Loss 0.1582
* VALID - Accuracy 93.500 Loss 0.1811
Epoch:10
LR: 0.0001
* TRAIN - Accuracy 93.970 Loss 0.1545
* VALID - Accuracy 93.450 Loss 0.1781
Epoch:11
LR: 0.0001
* TRAIN - Accuracy 94.100 Loss 0.1468
* VALID - Accuracy 93.150 Loss 0.1819
validation split name: 1
* VALID - Accuracy 76.700 Loss 0.5653
validation split name: 2
* VALID - Accuracy 71.950 Loss 0.7907
validation split name: 3
* VALID - Accuracy 93.150 Loss 0.1819
============================== Task: 4 ==============================
Epoch:0
LR: 0.0001
* TRAIN - Accuracy 88.540 Loss 0.2874
* VALID - Accuracy 94.250 Loss 0.1437
Epoch:1
LR: 0.0001
* TRAIN - Accuracy 94.860 Loss 0.1342
* VALID - Accuracy 94.850 Loss 0.1256
Epoch:2
LR: 0.0001
* TRAIN - Accuracy 95.820 Loss 0.1102
* VALID - Accuracy 95.800 Loss 0.1023
Epoch:3
LR: 0.0001
* TRAIN - Accuracy 96.520 Loss 0.0940
* VALID - Accuracy 96.300 Loss 0.0844
Epoch:4
LR: 0.0001
* TRAIN - Accuracy 96.410 Loss 0.0898
* VALID - Accuracy 97.050 Loss 0.0799
Epoch:5
LR: 0.0001
* TRAIN - Accuracy 97.150 Loss 0.0767
* VALID - Accuracy 94.850 Loss 0.1385
Epoch:6
LR: 0.0001
* TRAIN - Accuracy 97.260 Loss 0.0736
* VALID - Accuracy 95.900 Loss 0.0999
Epoch:7
LR: 0.0001
* TRAIN - Accuracy 97.450 Loss 0.0678
* VALID - Accuracy 97.500 Loss 0.0667
Epoch:8
LR: 0.0001
* TRAIN - Accuracy 97.650 Loss 0.0616
* VALID - Accuracy 95.900 Loss 0.1104
Epoch:9
LR: 0.0001
* TRAIN - Accuracy 97.920 Loss 0.0554
* VALID - Accuracy 97.000 Loss 0.0839
Epoch:10
LR: 0.0001
* TRAIN - Accuracy 97.890 Loss 0.0566
* VALID - Accuracy 97.300 Loss 0.0733
Epoch:11
LR: 0.0001
* TRAIN - Accuracy 98.010 Loss 0.0522
* VALID - Accuracy 97.800 Loss 0.0664
validation split name: 1
* VALID - Accuracy 48.000 Loss 1.7057
validation split name: 2
* VALID - Accuracy 53.750 Loss 1.7053
validation split name: 3
* VALID - Accuracy 65.300 Loss 1.3103
validation split name: 4
* VALID - Accuracy 97.800 Loss 0.0664
============================== Task: 5 ==============================
Epoch:0
LR: 0.0001
* TRAIN - Accuracy 89.230 Loss 0.2966
* VALID - Accuracy 91.100 Loss 0.2064
Epoch:1
LR: 0.0001
* TRAIN - Accuracy 93.990 Loss 0.1557
* VALID - Accuracy 93.750 Loss 0.1521
Epoch:2
LR: 0.0001
* TRAIN - Accuracy 94.750 Loss 0.1309
* VALID - Accuracy 94.850 Loss 0.1335
Epoch:3
LR: 0.0001
* TRAIN - Accuracy 95.620 Loss 0.1116
* VALID - Accuracy 95.500 Loss 0.1170
Epoch:4
LR: 0.0001
* TRAIN - Accuracy 95.980 Loss 0.1056
* VALID - Accuracy 95.500 Loss 0.1129
Epoch:5
LR: 0.0001
* TRAIN - Accuracy 96.730 Loss 0.0909
* VALID - Accuracy 96.600 Loss 0.0989
Epoch:6
LR: 0.0001
* TRAIN - Accuracy 96.700 Loss 0.0865
* VALID - Accuracy 95.100 Loss 0.1150
Epoch:7
LR: 0.0001
* TRAIN - Accuracy 96.860 Loss 0.0816
* VALID - Accuracy 96.150 Loss 0.1012
Epoch:8
LR: 0.0001
* TRAIN - Accuracy 97.230 Loss 0.0745
* VALID - Accuracy 96.500 Loss 0.0912
Epoch:9
LR: 0.0001
* TRAIN - Accuracy 97.130 Loss 0.0752
* VALID - Accuracy 96.650 Loss 0.0880
Epoch:10
LR: 0.0001
* TRAIN - Accuracy 97.540 Loss 0.0637
* VALID - Accuracy 96.150 Loss 0.0976
Epoch:11
LR: 0.0001
* TRAIN - Accuracy 97.430 Loss 0.0632
* VALID - Accuracy 97.000 Loss 0.0891
validation split name: 1
* VALID - Accuracy 81.600 Loss 0.5761
validation split name: 2
* VALID - Accuracy 58.750 Loss 1.2676
validation split name: 3
* VALID - Accuracy 54.850 Loss 1.3171
validation split name: 4
* VALID - Accuracy 65.400 Loss 1.0670
validation split name: 5
* VALID - Accuracy 97.000 Loss 0.0891
OrderedDict([('1', OrderedDict([('1', 97.75), ('2', 84.7), ('3', 76.7), ('4', 48.0), ('5', 81.6)])), ('2', OrderedDict([('2', 86.85), ('3', 71.95), ('4', 53.75), ('5', 58.75)])), ('3', OrderedDict([('3', 93.15), ('4', 65.3), ('5', 54.85)])), ('4', OrderedDict([('4', 97.8), ('5', 65.4)])), ('5', OrderedDict([('5', 97.0)]))])
Task 1 average acc: 97.75
Task 2 average acc: 85.775
Task 3 average acc: 80.60000000000001
Task 4 average acc: 66.2125
Task 5 average acc: 71.52000000000001
===Summary of experiment repeats: 9 / 10 ===
The regularization coefficient: 0.0
The last avg acc of all repeats: [74.33 74.71 72.68 74.29 70.8  72.42 74.27 74.61 71.52  0.  ]
mean: 65.963 std: 22.02688722902081
Files already downloaded and verified
Files already downloaded and verified
split_boundaries: [0, 2, 4, 6, 8, 10]
{'1': [0, 1], '2': [2, 3], '3': [4, 5], '4': [6, 7], '5': [8, 9]}
CNN(
  (c1): Sequential(
    (0): Conv2d(3, 32, kernel_size=(3, 3), stride=(1, 1), padding=(1, 1))
    (1): BatchNorm2d(32, eps=1e-05, momentum=0.1, affine=True, track_running_stats=True)
    (2): ReLU()
    (3): Conv2d(32, 32, kernel_size=(3, 3), stride=(1, 1), padding=(1, 1))
    (4): BatchNorm2d(32, eps=1e-05, momentum=0.1, affine=True, track_running_stats=True)
    (5): ReLU()
    (6): Conv2d(32, 64, kernel_size=(3, 3), stride=(1, 1), padding=(1, 1))
    (7): BatchNorm2d(64, eps=1e-05, momentum=0.1, affine=True, track_running_stats=True)
    (8): ReLU()
    (9): MaxPool2d(kernel_size=2, stride=2, padding=0, dilation=1, ceil_mode=False)
  )
  (c2): Sequential(
    (0): Conv2d(64, 64, kernel_size=(3, 3), stride=(1, 1), padding=(1, 1))
    (1): BatchNorm2d(64, eps=1e-05, momentum=0.1, affine=True, track_running_stats=True)
    (2): ReLU()
    (3): Conv2d(64, 128, kernel_size=(3, 3), stride=(1, 1), padding=(1, 1))
    (4): BatchNorm2d(128, eps=1e-05, momentum=0.1, affine=True, track_running_stats=True)
    (5): ReLU()
    (6): MaxPool2d(kernel_size=2, stride=2, padding=0, dilation=1, ceil_mode=False)
  )
  (c3): Sequential(
    (0): Conv2d(128, 128, kernel_size=(3, 3), stride=(1, 1), padding=(1, 1))
    (1): BatchNorm2d(128, eps=1e-05, momentum=0.1, affine=True, track_running_stats=True)
    (2): ReLU()
    (3): Conv2d(128, 128, kernel_size=(3, 3), stride=(1, 1), padding=(1, 1))
    (4): BatchNorm2d(128, eps=1e-05, momentum=0.1, affine=True, track_running_stats=True)
    (5): ReLU()
    (6): MaxPool2d(kernel_size=2, stride=2, padding=0, dilation=1, ceil_mode=False)
  )
  (fc1): Sequential(
    (0): Linear(in_features=2048, out_features=256, bias=True)
    (1): ReLU()
  )
  (last): ModuleDict(
    (All): Linear(in_features=256, out_features=2, bias=True)
  )
)
#parameter of model: 960802
Task order: ['1', '2', '3', '4', '5']
============================== Task: 1 ==============================
Epoch:0
LR: 0.001
* TRAIN - Accuracy 81.740 Loss 0.4377
* VALID - Accuracy 88.800 Loss 0.2657
Epoch:1
LR: 0.001
* TRAIN - Accuracy 89.600 Loss 0.2575
* VALID - Accuracy 91.000 Loss 0.2094
Epoch:2
LR: 0.001
* TRAIN - Accuracy 91.550 Loss 0.2107
* VALID - Accuracy 93.500 Loss 0.1666
Epoch:3
LR: 0.001
* TRAIN - Accuracy 93.350 Loss 0.1676
* VALID - Accuracy 94.650 Loss 0.1463
Epoch:4
LR: 0.001
* TRAIN - Accuracy 94.570 Loss 0.1379
* VALID - Accuracy 93.700 Loss 0.1704
Epoch:5
LR: 0.001
* TRAIN - Accuracy 95.490 Loss 0.1197
* VALID - Accuracy 95.750 Loss 0.1264
Epoch:6
LR: 0.001
* TRAIN - Accuracy 96.390 Loss 0.0946
* VALID - Accuracy 97.150 Loss 0.0846
Epoch:7
LR: 0.001
* TRAIN - Accuracy 97.150 Loss 0.0767
* VALID - Accuracy 97.650 Loss 0.0700
Epoch:8
LR: 0.001
* TRAIN - Accuracy 97.370 Loss 0.0701
* VALID - Accuracy 97.100 Loss 0.0877
Epoch:9
LR: 0.001
* TRAIN - Accuracy 97.480 Loss 0.0677
* VALID - Accuracy 95.850 Loss 0.1172
Epoch:10
LR: 0.001
* TRAIN - Accuracy 98.060 Loss 0.0517
* VALID - Accuracy 96.450 Loss 0.1139
Epoch:11
LR: 0.001
* TRAIN - Accuracy 97.930 Loss 0.0530
* VALID - Accuracy 97.450 Loss 0.0846
validation split name: 1
* VALID - Accuracy 97.450 Loss 0.0846
============================== Task: 2 ==============================
Epoch:0
LR: 0.0001
* TRAIN - Accuracy 73.690 Loss 0.6046
* VALID - Accuracy 78.300 Loss 0.4623
Epoch:1
LR: 0.0001
* TRAIN - Accuracy 80.400 Loss 0.4293
* VALID - Accuracy 79.750 Loss 0.4404
Epoch:2
LR: 0.0001
* TRAIN - Accuracy 81.910 Loss 0.4008
* VALID - Accuracy 82.050 Loss 0.3991
Epoch:3
LR: 0.0001
* TRAIN - Accuracy 83.400 Loss 0.3724
* VALID - Accuracy 82.950 Loss 0.3877
Epoch:4
LR: 0.0001
* TRAIN - Accuracy 84.410 Loss 0.3510
* VALID - Accuracy 83.750 Loss 0.3666
Epoch:5
LR: 0.0001
* TRAIN - Accuracy 85.620 Loss 0.3343
* VALID - Accuracy 83.700 Loss 0.3694
Epoch:6
LR: 0.0001
* TRAIN - Accuracy 86.430 Loss 0.3166
* VALID - Accuracy 85.000 Loss 0.3480
Epoch:7
LR: 0.0001
* TRAIN - Accuracy 87.460 Loss 0.2988
* VALID - Accuracy 86.800 Loss 0.3254
Epoch:8
LR: 0.0001
* TRAIN - Accuracy 87.890 Loss 0.2848
* VALID - Accuracy 86.300 Loss 0.3230
Epoch:9
LR: 0.0001
* TRAIN - Accuracy 88.310 Loss 0.2779
* VALID - Accuracy 86.700 Loss 0.3181
Epoch:10
LR: 0.0001
* TRAIN - Accuracy 89.210 Loss 0.2607
* VALID - Accuracy 86.700 Loss 0.3190
Epoch:11
LR: 0.0001
* TRAIN - Accuracy 89.770 Loss 0.2535
* VALID - Accuracy 86.700 Loss 0.3151
validation split name: 1
* VALID - Accuracy 79.550 Loss 0.4795
validation split name: 2
* VALID - Accuracy 86.700 Loss 0.3151
============================== Task: 3 ==============================
Epoch:0
LR: 0.0001
* TRAIN - Accuracy 84.140 Loss 0.3693
* VALID - Accuracy 87.850 Loss 0.2954
Epoch:1
LR: 0.0001
* TRAIN - Accuracy 88.300 Loss 0.2800
* VALID - Accuracy 90.450 Loss 0.2434
Epoch:2
LR: 0.0001
* TRAIN - Accuracy 90.360 Loss 0.2447
* VALID - Accuracy 90.300 Loss 0.2490
Epoch:3
LR: 0.0001
* TRAIN - Accuracy 91.390 Loss 0.2209
* VALID - Accuracy 91.350 Loss 0.2249
Epoch:4
LR: 0.0001
* TRAIN - Accuracy 92.160 Loss 0.1992
* VALID - Accuracy 92.400 Loss 0.2025
Epoch:5
LR: 0.0001
* TRAIN - Accuracy 92.320 Loss 0.1947
* VALID - Accuracy 92.950 Loss 0.1913
Epoch:6
LR: 0.0001
* TRAIN - Accuracy 92.780 Loss 0.1801
* VALID - Accuracy 91.600 Loss 0.2217
Epoch:7
LR: 0.0001
* TRAIN - Accuracy 93.220 Loss 0.1717
* VALID - Accuracy 92.800 Loss 0.1852
Epoch:8
LR: 0.0001
* TRAIN - Accuracy 93.350 Loss 0.1667
* VALID - Accuracy 93.150 Loss 0.1775
Epoch:9
LR: 0.0001
* TRAIN - Accuracy 93.820 Loss 0.1608
* VALID - Accuracy 93.350 Loss 0.1859
Epoch:10
LR: 0.0001
* TRAIN - Accuracy 93.930 Loss 0.1601
* VALID - Accuracy 93.100 Loss 0.1823
Epoch:11
LR: 0.0001
* TRAIN - Accuracy 94.310 Loss 0.1465
* VALID - Accuracy 93.550 Loss 0.1788
validation split name: 1
* VALID - Accuracy 70.300 Loss 0.7361
validation split name: 2
* VALID - Accuracy 70.450 Loss 0.8886
validation split name: 3
* VALID - Accuracy 93.550 Loss 0.1788
============================== Task: 4 ==============================
Epoch:0
LR: 0.0001
* TRAIN - Accuracy 88.890 Loss 0.2853
* VALID - Accuracy 94.800 Loss 0.1259
Epoch:1
LR: 0.0001
* TRAIN - Accuracy 95.120 Loss 0.1240
* VALID - Accuracy 96.250 Loss 0.0905
Epoch:2
LR: 0.0001
* TRAIN - Accuracy 96.310 Loss 0.0979
* VALID - Accuracy 95.800 Loss 0.0940
Epoch:3
LR: 0.0001
* TRAIN - Accuracy 96.890 Loss 0.0850
* VALID - Accuracy 96.900 Loss 0.0780
Epoch:4
LR: 0.0001
* TRAIN - Accuracy 96.940 Loss 0.0832
* VALID - Accuracy 97.000 Loss 0.0732
Epoch:5
LR: 0.0001
* TRAIN - Accuracy 97.140 Loss 0.0746
* VALID - Accuracy 97.150 Loss 0.0672
Epoch:6
LR: 0.0001
* TRAIN - Accuracy 97.230 Loss 0.0700
* VALID - Accuracy 97.250 Loss 0.0692
Epoch:7
LR: 0.0001
* TRAIN - Accuracy 97.530 Loss 0.0654
* VALID - Accuracy 97.550 Loss 0.0623
Epoch:8
LR: 0.0001
* TRAIN - Accuracy 97.660 Loss 0.0603
* VALID - Accuracy 97.350 Loss 0.0648
Epoch:9
LR: 0.0001
* TRAIN - Accuracy 97.990 Loss 0.0544
* VALID - Accuracy 97.450 Loss 0.0703
Epoch:10
LR: 0.0001
* TRAIN - Accuracy 97.700 Loss 0.0604
* VALID - Accuracy 97.450 Loss 0.0688
Epoch:11
LR: 0.0001
* TRAIN - Accuracy 98.160 Loss 0.0475
* VALID - Accuracy 97.900 Loss 0.0560
validation split name: 1
* VALID - Accuracy 46.150 Loss 2.0368
validation split name: 2
* VALID - Accuracy 54.200 Loss 1.7776
validation split name: 3
* VALID - Accuracy 65.500 Loss 1.4125
validation split name: 4
* VALID - Accuracy 97.900 Loss 0.0560
============================== Task: 5 ==============================
Epoch:0
LR: 0.0001
* TRAIN - Accuracy 89.990 Loss 0.2873
* VALID - Accuracy 93.200 Loss 0.1688
Epoch:1
LR: 0.0001
* TRAIN - Accuracy 94.640 Loss 0.1425
* VALID - Accuracy 93.750 Loss 0.1484
Epoch:2
LR: 0.0001
* TRAIN - Accuracy 95.240 Loss 0.1243
* VALID - Accuracy 94.350 Loss 0.1490
Epoch:3
LR: 0.0001
* TRAIN - Accuracy 95.810 Loss 0.1109
* VALID - Accuracy 95.350 Loss 0.1190
Epoch:4
LR: 0.0001
* TRAIN - Accuracy 96.410 Loss 0.0945
* VALID - Accuracy 95.600 Loss 0.1146
Epoch:5
LR: 0.0001
* TRAIN - Accuracy 96.830 Loss 0.0882
* VALID - Accuracy 95.800 Loss 0.1064
Epoch:6
LR: 0.0001
* TRAIN - Accuracy 96.980 Loss 0.0815
* VALID - Accuracy 96.150 Loss 0.1080
Epoch:7
LR: 0.0001
* TRAIN - Accuracy 97.280 Loss 0.0701
* VALID - Accuracy 95.900 Loss 0.1160
Epoch:8
LR: 0.0001
* TRAIN - Accuracy 97.290 Loss 0.0709
* VALID - Accuracy 96.150 Loss 0.1072
Epoch:9
LR: 0.0001
* TRAIN - Accuracy 97.430 Loss 0.0668
* VALID - Accuracy 96.700 Loss 0.1009
Epoch:10
LR: 0.0001
* TRAIN - Accuracy 97.700 Loss 0.0595
* VALID - Accuracy 96.550 Loss 0.1012
Epoch:11
LR: 0.0001
* TRAIN - Accuracy 97.570 Loss 0.0605
* VALID - Accuracy 95.450 Loss 0.1205
validation split name: 1
* VALID - Accuracy 79.500 Loss 0.6434
validation split name: 2
* VALID - Accuracy 56.150 Loss 1.4214
validation split name: 3
* VALID - Accuracy 54.950 Loss 1.3769
validation split name: 4
* VALID - Accuracy 72.450 Loss 0.7933
validation split name: 5
* VALID - Accuracy 95.450 Loss 0.1205
OrderedDict([('1', OrderedDict([('1', 97.45), ('2', 79.55), ('3', 70.3), ('4', 46.15), ('5', 79.5)])), ('2', OrderedDict([('2', 86.7), ('3', 70.45), ('4', 54.2), ('5', 56.15)])), ('3', OrderedDict([('3', 93.55), ('4', 65.5), ('5', 54.95)])), ('4', OrderedDict([('4', 97.9), ('5', 72.45)])), ('5', OrderedDict([('5', 95.45)]))])
Task 1 average acc: 97.45
Task 2 average acc: 83.125
Task 3 average acc: 78.10000000000001
Task 4 average acc: 65.9375
Task 5 average acc: 71.7
===Summary of experiment repeats: 10 / 10 ===
The regularization coefficient: 0.0
The last avg acc of all repeats: [74.33 74.71 72.68 74.29 70.8  72.42 74.27 74.61 71.52 71.7 ]
mean: 73.133 std: 1.3980132331276445
reg_coef: 0.0 mean: 73.133 std: 1.3980132331276445
