Files already downloaded and verified
Files already downloaded and verified
split_boundaries: [0, 2, 4, 6, 8, 10]
{'1': [0, 1], '2': [2, 3], '3': [4, 5], '4': [6, 7], '5': [8, 9]}
CNN(
  (c1): Sequential(
    (0): Conv2d(3, 32, kernel_size=(3, 3), stride=(1, 1), padding=(1, 1))
    (1): BatchNorm2d(32, eps=1e-05, momentum=0.1, affine=True, track_running_stats=True)
    (2): ReLU()
    (3): Conv2d(32, 32, kernel_size=(3, 3), stride=(1, 1), padding=(1, 1))
    (4): BatchNorm2d(32, eps=1e-05, momentum=0.1, affine=True, track_running_stats=True)
    (5): ReLU()
    (6): Conv2d(32, 64, kernel_size=(3, 3), stride=(1, 1), padding=(1, 1))
    (7): BatchNorm2d(64, eps=1e-05, momentum=0.1, affine=True, track_running_stats=True)
    (8): ReLU()
    (9): MaxPool2d(kernel_size=2, stride=2, padding=0, dilation=1, ceil_mode=False)
  )
  (c2): Sequential(
    (0): Conv2d(64, 64, kernel_size=(3, 3), stride=(1, 1), padding=(1, 1))
    (1): BatchNorm2d(64, eps=1e-05, momentum=0.1, affine=True, track_running_stats=True)
    (2): ReLU()
    (3): Conv2d(64, 128, kernel_size=(3, 3), stride=(1, 1), padding=(1, 1))
    (4): BatchNorm2d(128, eps=1e-05, momentum=0.1, affine=True, track_running_stats=True)
    (5): ReLU()
    (6): MaxPool2d(kernel_size=2, stride=2, padding=0, dilation=1, ceil_mode=False)
  )
  (c3): Sequential(
    (0): Conv2d(128, 128, kernel_size=(3, 3), stride=(1, 1), padding=(1, 1))
    (1): BatchNorm2d(128, eps=1e-05, momentum=0.1, affine=True, track_running_stats=True)
    (2): ReLU()
    (3): Conv2d(128, 128, kernel_size=(3, 3), stride=(1, 1), padding=(1, 1))
    (4): BatchNorm2d(128, eps=1e-05, momentum=0.1, affine=True, track_running_stats=True)
    (5): ReLU()
    (6): MaxPool2d(kernel_size=2, stride=2, padding=0, dilation=1, ceil_mode=False)
  )
  (fc1): Sequential(
    (0): Linear(in_features=2048, out_features=256, bias=True)
    (1): ReLU()
  )
  (last): ModuleDict(
    (All): Linear(in_features=256, out_features=2, bias=True)
  )
)
#parameter of model: 960802
Task order: ['1', '2', '3', '4', '5']
============================== Task: 1 ==============================
#reg_term: 0
Epoch:0
LR: 0.001
* TRAIN - Accuracy 78.610 Loss 0.4775
* VALID - Accuracy 84.800 Loss 0.3573
Epoch:1
LR: 0.001
* TRAIN - Accuracy 88.470 Loss 0.2783
* VALID - Accuracy 86.750 Loss 0.3038
Epoch:2
LR: 0.001
* TRAIN - Accuracy 92.010 Loss 0.1988
* VALID - Accuracy 92.950 Loss 0.1829
Epoch:3
LR: 0.001
* TRAIN - Accuracy 91.840 Loss 0.1981
* VALID - Accuracy 95.050 Loss 0.1368
Epoch:4
LR: 0.001
* TRAIN - Accuracy 93.990 Loss 0.1546
* VALID - Accuracy 95.600 Loss 0.1114
Epoch:5
LR: 0.001
* TRAIN - Accuracy 95.200 Loss 0.1252
* VALID - Accuracy 96.550 Loss 0.0883
Epoch:6
LR: 0.001
* TRAIN - Accuracy 95.940 Loss 0.1035
* VALID - Accuracy 97.950 Loss 0.0610
Epoch:7
LR: 0.001
* TRAIN - Accuracy 96.560 Loss 0.0870
* VALID - Accuracy 97.300 Loss 0.0691
Epoch:8
LR: 0.001
* TRAIN - Accuracy 97.170 Loss 0.0766
* VALID - Accuracy 97.150 Loss 0.0777
Epoch:9
LR: 0.001
* TRAIN - Accuracy 97.400 Loss 0.0677
* VALID - Accuracy 95.450 Loss 0.1219
Epoch:10
LR: 0.001
* TRAIN - Accuracy 98.090 Loss 0.0552
* VALID - Accuracy 97.900 Loss 0.0599
Epoch:11
LR: 0.001
* TRAIN - Accuracy 97.700 Loss 0.0621
* VALID - Accuracy 97.350 Loss 0.0696
Computing EWC
validation split name: 1
* VALID - Accuracy 97.350 Loss 0.0696
============================== Task: 2 ==============================
#reg_term: 1
Epoch:0
LR: 0.0001
* TRAIN - Accuracy 71.530 Loss 0.7175
* VALID - Accuracy 76.600 Loss 0.5523
Epoch:1
LR: 0.0001
* TRAIN - Accuracy 77.050 Loss 0.5255
* VALID - Accuracy 78.400 Loss 0.5119
Epoch:2
LR: 0.0001
* TRAIN - Accuracy 79.180 Loss 0.5000
* VALID - Accuracy 79.250 Loss 0.5000
Epoch:3
LR: 0.0001
* TRAIN - Accuracy 80.000 Loss 0.4859
* VALID - Accuracy 80.400 Loss 0.4843
Epoch:4
LR: 0.0001
* TRAIN - Accuracy 80.860 Loss 0.4761
* VALID - Accuracy 80.900 Loss 0.4740
Epoch:5
LR: 0.0001
* TRAIN - Accuracy 81.850 Loss 0.4608
* VALID - Accuracy 81.650 Loss 0.4623
Epoch:6
LR: 0.0001
* TRAIN - Accuracy 82.850 Loss 0.4478
* VALID - Accuracy 82.850 Loss 0.4502
Epoch:7
LR: 0.0001
* TRAIN - Accuracy 83.820 Loss 0.4299
* VALID - Accuracy 82.900 Loss 0.4479
Epoch:8
LR: 0.0001
* TRAIN - Accuracy 83.900 Loss 0.4235
* VALID - Accuracy 82.400 Loss 0.4502
Epoch:9
LR: 0.0001
* TRAIN - Accuracy 84.440 Loss 0.4155
* VALID - Accuracy 83.950 Loss 0.4238
Epoch:10
LR: 0.0001
* TRAIN - Accuracy 85.050 Loss 0.4049
* VALID - Accuracy 84.950 Loss 0.4070
Epoch:11
LR: 0.0001
* TRAIN - Accuracy 85.190 Loss 0.3999
* VALID - Accuracy 82.700 Loss 0.4403
Computing EWC
validation split name: 1
* VALID - Accuracy 79.650 Loss 0.4558
validation split name: 2
* VALID - Accuracy 82.700 Loss 0.3802
============================== Task: 3 ==============================
#reg_term: 1
Epoch:0
LR: 0.0001
* TRAIN - Accuracy 79.690 Loss 0.4929
* VALID - Accuracy 81.800 Loss 0.4699
Epoch:1
LR: 0.0001
* TRAIN - Accuracy 81.490 Loss 0.4663
* VALID - Accuracy 82.300 Loss 0.4669
Epoch:2
LR: 0.0001
* TRAIN - Accuracy 82.620 Loss 0.4540
* VALID - Accuracy 82.950 Loss 0.4557
Epoch:3
LR: 0.0001
* TRAIN - Accuracy 82.920 Loss 0.4463
* VALID - Accuracy 84.200 Loss 0.4459
Epoch:4
LR: 0.0001
* TRAIN - Accuracy 83.370 Loss 0.4467
* VALID - Accuracy 81.700 Loss 0.4760
Epoch:5
LR: 0.0001
* TRAIN - Accuracy 84.020 Loss 0.4395
* VALID - Accuracy 84.750 Loss 0.4289
Epoch:6
LR: 0.0001
* TRAIN - Accuracy 84.000 Loss 0.4371
* VALID - Accuracy 83.650 Loss 0.4392
Epoch:7
LR: 0.0001
* TRAIN - Accuracy 84.660 Loss 0.4259
* VALID - Accuracy 83.100 Loss 0.4652
Epoch:8
LR: 0.0001
* TRAIN - Accuracy 85.070 Loss 0.4202
* VALID - Accuracy 85.300 Loss 0.4211
Epoch:9
LR: 0.0001
* TRAIN - Accuracy 86.070 Loss 0.4078
* VALID - Accuracy 85.150 Loss 0.4306
Epoch:10
LR: 0.0001
* TRAIN - Accuracy 86.100 Loss 0.3950
* VALID - Accuracy 85.700 Loss 0.4068
Epoch:11
LR: 0.0001
* TRAIN - Accuracy 86.670 Loss 0.3900
* VALID - Accuracy 84.700 Loss 0.4479
Computing EWC
validation split name: 1
* VALID - Accuracy 85.800 Loss 0.3355
validation split name: 2
* VALID - Accuracy 75.200 Loss 0.6351
validation split name: 3
* VALID - Accuracy 84.700 Loss 0.3710
============================== Task: 4 ==============================
#reg_term: 1
Epoch:0
LR: 0.0001
* TRAIN - Accuracy 81.480 Loss 0.5530
* VALID - Accuracy 87.400 Loss 0.4490
Epoch:1
LR: 0.0001
* TRAIN - Accuracy 86.150 Loss 0.4679
* VALID - Accuracy 88.800 Loss 0.4267
Epoch:2
LR: 0.0001
* TRAIN - Accuracy 87.870 Loss 0.4473
* VALID - Accuracy 82.050 Loss 0.5372
Epoch:3
LR: 0.0001
* TRAIN - Accuracy 89.490 Loss 0.4086
* VALID - Accuracy 87.050 Loss 0.4277
Epoch:4
LR: 0.0001
* TRAIN - Accuracy 90.780 Loss 0.3834
* VALID - Accuracy 90.250 Loss 0.3789
Epoch:5
LR: 0.0001
* TRAIN - Accuracy 90.880 Loss 0.3726
* VALID - Accuracy 90.550 Loss 0.3692
Epoch:6
LR: 0.0001
* TRAIN - Accuracy 91.320 Loss 0.3624
* VALID - Accuracy 91.650 Loss 0.3484
Epoch:7
LR: 0.0001
* TRAIN - Accuracy 91.600 Loss 0.3565
* VALID - Accuracy 92.400 Loss 0.3254
Epoch:8
LR: 0.0001
* TRAIN - Accuracy 91.950 Loss 0.3417
* VALID - Accuracy 93.050 Loss 0.3145
Epoch:9
LR: 0.0001
* TRAIN - Accuracy 92.240 Loss 0.3349
* VALID - Accuracy 92.900 Loss 0.3071
Epoch:10
LR: 0.0001
* TRAIN - Accuracy 92.670 Loss 0.3274
* VALID - Accuracy 93.000 Loss 0.3001
Epoch:11
LR: 0.0001
* TRAIN - Accuracy 92.730 Loss 0.3243
* VALID - Accuracy 93.650 Loss 0.2970
Computing EWC
validation split name: 1
* VALID - Accuracy 50.650 Loss 1.3406
validation split name: 2
* VALID - Accuracy 57.550 Loss 1.0597
validation split name: 3
* VALID - Accuracy 66.150 Loss 0.8763
validation split name: 4
* VALID - Accuracy 93.650 Loss 0.1666
============================== Task: 5 ==============================
#reg_term: 1
Epoch:0
LR: 0.0001
* TRAIN - Accuracy 87.890 Loss 0.4085
* VALID - Accuracy 87.800 Loss 0.3664
Epoch:1
LR: 0.0001
* TRAIN - Accuracy 90.000 Loss 0.3265
* VALID - Accuracy 89.450 Loss 0.3246
Epoch:2
LR: 0.0001
* TRAIN - Accuracy 89.770 Loss 0.3295
* VALID - Accuracy 89.800 Loss 0.3172
Epoch:3
LR: 0.0001
* TRAIN - Accuracy 90.150 Loss 0.3236
* VALID - Accuracy 88.900 Loss 0.3347
Epoch:4
LR: 0.0001
* TRAIN - Accuracy 89.740 Loss 0.3262
* VALID - Accuracy 87.500 Loss 0.3586
Epoch:5
LR: 0.0001
* TRAIN - Accuracy 90.000 Loss 0.3254
* VALID - Accuracy 90.400 Loss 0.3083
Epoch:6
LR: 0.0001
* TRAIN - Accuracy 90.150 Loss 0.3169
* VALID - Accuracy 90.850 Loss 0.3058
Epoch:7
LR: 0.0001
* TRAIN - Accuracy 90.680 Loss 0.3083
* VALID - Accuracy 90.750 Loss 0.3006
Epoch:8
LR: 0.0001
* TRAIN - Accuracy 90.190 Loss 0.3069
* VALID - Accuracy 90.300 Loss 0.3075
Epoch:9
LR: 0.0001
* TRAIN - Accuracy 90.230 Loss 0.3139
* VALID - Accuracy 90.650 Loss 0.2884
Epoch:10
LR: 0.0001
* TRAIN - Accuracy 90.350 Loss 0.3026
* VALID - Accuracy 91.300 Loss 0.2847
Epoch:11
LR: 0.0001
* TRAIN - Accuracy 90.420 Loss 0.3005
* VALID - Accuracy 90.450 Loss 0.2783
Computing EWC
validation split name: 1
* VALID - Accuracy 84.850 Loss 0.3419
validation split name: 2
* VALID - Accuracy 63.650 Loss 0.8624
validation split name: 3
* VALID - Accuracy 69.400 Loss 0.6926
validation split name: 4
* VALID - Accuracy 85.400 Loss 0.3494
validation split name: 5
* VALID - Accuracy 90.450 Loss 0.2148
OrderedDict([('1', OrderedDict([('1', 97.35), ('2', 79.65), ('3', 85.8), ('4', 50.65), ('5', 84.85)])), ('2', OrderedDict([('2', 82.7), ('3', 75.2), ('4', 57.55), ('5', 63.65)])), ('3', OrderedDict([('3', 84.7), ('4', 66.15), ('5', 69.4)])), ('4', OrderedDict([('4', 93.65), ('5', 85.4)])), ('5', OrderedDict([('5', 90.45)]))])
Task 1 average acc: 97.35
Task 2 average acc: 81.17500000000001
Task 3 average acc: 81.89999999999999
Task 4 average acc: 67.0
Task 5 average acc: 78.75
===Summary of experiment repeats: 1 / 10 ===
The regularization coefficient: 500.0
The last avg acc of all repeats: [78.75  0.    0.    0.    0.    0.    0.    0.    0.    0.  ]
mean: 7.875 std: 23.625
Files already downloaded and verified
Files already downloaded and verified
split_boundaries: [0, 2, 4, 6, 8, 10]
{'1': [0, 1], '2': [2, 3], '3': [4, 5], '4': [6, 7], '5': [8, 9]}
CNN(
  (c1): Sequential(
    (0): Conv2d(3, 32, kernel_size=(3, 3), stride=(1, 1), padding=(1, 1))
    (1): BatchNorm2d(32, eps=1e-05, momentum=0.1, affine=True, track_running_stats=True)
    (2): ReLU()
    (3): Conv2d(32, 32, kernel_size=(3, 3), stride=(1, 1), padding=(1, 1))
    (4): BatchNorm2d(32, eps=1e-05, momentum=0.1, affine=True, track_running_stats=True)
    (5): ReLU()
    (6): Conv2d(32, 64, kernel_size=(3, 3), stride=(1, 1), padding=(1, 1))
    (7): BatchNorm2d(64, eps=1e-05, momentum=0.1, affine=True, track_running_stats=True)
    (8): ReLU()
    (9): MaxPool2d(kernel_size=2, stride=2, padding=0, dilation=1, ceil_mode=False)
  )
  (c2): Sequential(
    (0): Conv2d(64, 64, kernel_size=(3, 3), stride=(1, 1), padding=(1, 1))
    (1): BatchNorm2d(64, eps=1e-05, momentum=0.1, affine=True, track_running_stats=True)
    (2): ReLU()
    (3): Conv2d(64, 128, kernel_size=(3, 3), stride=(1, 1), padding=(1, 1))
    (4): BatchNorm2d(128, eps=1e-05, momentum=0.1, affine=True, track_running_stats=True)
    (5): ReLU()
    (6): MaxPool2d(kernel_size=2, stride=2, padding=0, dilation=1, ceil_mode=False)
  )
  (c3): Sequential(
    (0): Conv2d(128, 128, kernel_size=(3, 3), stride=(1, 1), padding=(1, 1))
    (1): BatchNorm2d(128, eps=1e-05, momentum=0.1, affine=True, track_running_stats=True)
    (2): ReLU()
    (3): Conv2d(128, 128, kernel_size=(3, 3), stride=(1, 1), padding=(1, 1))
    (4): BatchNorm2d(128, eps=1e-05, momentum=0.1, affine=True, track_running_stats=True)
    (5): ReLU()
    (6): MaxPool2d(kernel_size=2, stride=2, padding=0, dilation=1, ceil_mode=False)
  )
  (fc1): Sequential(
    (0): Linear(in_features=2048, out_features=256, bias=True)
    (1): ReLU()
  )
  (last): ModuleDict(
    (All): Linear(in_features=256, out_features=2, bias=True)
  )
)
#parameter of model: 960802
Task order: ['1', '2', '3', '4', '5']
============================== Task: 1 ==============================
#reg_term: 0
Epoch:0
LR: 0.001
* TRAIN - Accuracy 82.750 Loss 0.3955
* VALID - Accuracy 90.050 Loss 0.2525
Epoch:1
LR: 0.001
* TRAIN - Accuracy 91.110 Loss 0.2221
* VALID - Accuracy 92.900 Loss 0.1753
Epoch:2
LR: 0.001
* TRAIN - Accuracy 93.450 Loss 0.1652
* VALID - Accuracy 93.450 Loss 0.1683
Epoch:3
LR: 0.001
* TRAIN - Accuracy 95.740 Loss 0.1099
* VALID - Accuracy 96.050 Loss 0.1090
Epoch:4
LR: 0.001
* TRAIN - Accuracy 96.250 Loss 0.0987
* VALID - Accuracy 97.700 Loss 0.0718
Epoch:5
LR: 0.001
* TRAIN - Accuracy 97.200 Loss 0.0755
* VALID - Accuracy 95.100 Loss 0.1282
Epoch:6
LR: 0.001
* TRAIN - Accuracy 97.310 Loss 0.0669
* VALID - Accuracy 97.550 Loss 0.0603
Epoch:7
LR: 0.001
* TRAIN - Accuracy 97.910 Loss 0.0583
* VALID - Accuracy 97.900 Loss 0.0520
Epoch:8
LR: 0.001
* TRAIN - Accuracy 97.800 Loss 0.0601
* VALID - Accuracy 97.000 Loss 0.0745
Epoch:9
LR: 0.001
* TRAIN - Accuracy 97.120 Loss 0.0742
* VALID - Accuracy 97.950 Loss 0.0535
Epoch:10
LR: 0.001
* TRAIN - Accuracy 98.120 Loss 0.0536
* VALID - Accuracy 97.850 Loss 0.0782
Epoch:11
LR: 0.001
* TRAIN - Accuracy 98.420 Loss 0.0463
* VALID - Accuracy 97.900 Loss 0.0615
Computing EWC
validation split name: 1
* VALID - Accuracy 97.900 Loss 0.0615
============================== Task: 2 ==============================
#reg_term: 1
Epoch:0
LR: 0.0001
* TRAIN - Accuracy 73.300 Loss 0.6511
* VALID - Accuracy 76.300 Loss 0.5248
Epoch:1
LR: 0.0001
* TRAIN - Accuracy 78.850 Loss 0.4949
* VALID - Accuracy 78.850 Loss 0.4888
Epoch:2
LR: 0.0001
* TRAIN - Accuracy 80.330 Loss 0.4760
* VALID - Accuracy 80.700 Loss 0.4815
Epoch:3
LR: 0.0001
* TRAIN - Accuracy 81.510 Loss 0.4574
* VALID - Accuracy 81.700 Loss 0.4581
Epoch:4
LR: 0.0001
* TRAIN - Accuracy 82.570 Loss 0.4445
* VALID - Accuracy 82.250 Loss 0.4476
Epoch:5
LR: 0.0001
* TRAIN - Accuracy 83.240 Loss 0.4324
* VALID - Accuracy 82.000 Loss 0.4624
Epoch:6
LR: 0.0001
* TRAIN - Accuracy 83.770 Loss 0.4218
* VALID - Accuracy 81.750 Loss 0.4831
Epoch:7
LR: 0.0001
* TRAIN - Accuracy 84.420 Loss 0.4120
* VALID - Accuracy 84.450 Loss 0.4173
Epoch:8
LR: 0.0001
* TRAIN - Accuracy 84.960 Loss 0.3995
* VALID - Accuracy 84.100 Loss 0.4277
Epoch:9
LR: 0.0001
* TRAIN - Accuracy 85.260 Loss 0.3967
* VALID - Accuracy 83.650 Loss 0.4640
Epoch:10
LR: 0.0001
* TRAIN - Accuracy 86.000 Loss 0.3883
* VALID - Accuracy 85.250 Loss 0.3984
Epoch:11
LR: 0.0001
* TRAIN - Accuracy 86.220 Loss 0.3799
* VALID - Accuracy 85.250 Loss 0.3932
Computing EWC
validation split name: 1
* VALID - Accuracy 86.250 Loss 0.3010
validation split name: 2
* VALID - Accuracy 85.250 Loss 0.3333
============================== Task: 3 ==============================
#reg_term: 1
Epoch:0
LR: 0.0001
* TRAIN - Accuracy 80.780 Loss 0.4804
* VALID - Accuracy 83.650 Loss 0.4422
Epoch:1
LR: 0.0001
* TRAIN - Accuracy 82.890 Loss 0.4473
* VALID - Accuracy 84.950 Loss 0.4319
Epoch:2
LR: 0.0001
* TRAIN - Accuracy 84.450 Loss 0.4330
* VALID - Accuracy 85.650 Loss 0.4213
Epoch:3
LR: 0.0001
* TRAIN - Accuracy 84.720 Loss 0.4268
* VALID - Accuracy 85.150 Loss 0.4377
Epoch:4
LR: 0.0001
* TRAIN - Accuracy 85.440 Loss 0.4138
* VALID - Accuracy 86.450 Loss 0.4099
Epoch:5
LR: 0.0001
* TRAIN - Accuracy 85.950 Loss 0.4116
* VALID - Accuracy 86.250 Loss 0.4093
Epoch:6
LR: 0.0001
* TRAIN - Accuracy 86.110 Loss 0.4113
* VALID - Accuracy 87.350 Loss 0.3994
Epoch:7
LR: 0.0001
* TRAIN - Accuracy 86.500 Loss 0.4013
* VALID - Accuracy 86.700 Loss 0.4063
Epoch:8
LR: 0.0001
* TRAIN - Accuracy 86.270 Loss 0.4016
* VALID - Accuracy 87.500 Loss 0.3893
Epoch:9
LR: 0.0001
* TRAIN - Accuracy 86.730 Loss 0.3969
* VALID - Accuracy 87.500 Loss 0.3869
Epoch:10
LR: 0.0001
* TRAIN - Accuracy 87.180 Loss 0.3926
* VALID - Accuracy 87.900 Loss 0.3907
Epoch:11
LR: 0.0001
* TRAIN - Accuracy 87.650 Loss 0.3821
* VALID - Accuracy 87.650 Loss 0.3914
Computing EWC
validation split name: 1
* VALID - Accuracy 86.450 Loss 0.3190
validation split name: 2
* VALID - Accuracy 73.850 Loss 0.6441
validation split name: 3
* VALID - Accuracy 87.650 Loss 0.3067
============================== Task: 4 ==============================
#reg_term: 1
Epoch:0
LR: 0.0001
* TRAIN - Accuracy 82.140 Loss 0.5362
* VALID - Accuracy 85.300 Loss 0.4529
Epoch:1
LR: 0.0001
* TRAIN - Accuracy 87.490 Loss 0.4361
* VALID - Accuracy 89.250 Loss 0.3968
Epoch:2
LR: 0.0001
* TRAIN - Accuracy 88.210 Loss 0.4292
* VALID - Accuracy 89.800 Loss 0.3964
Epoch:3
LR: 0.0001
* TRAIN - Accuracy 89.020 Loss 0.4148
* VALID - Accuracy 90.050 Loss 0.4007
Epoch:4
LR: 0.0001
* TRAIN - Accuracy 90.160 Loss 0.4003
* VALID - Accuracy 90.600 Loss 0.3659
Epoch:5
LR: 0.0001
* TRAIN - Accuracy 90.520 Loss 0.3882
* VALID - Accuracy 91.700 Loss 0.3592
Epoch:6
LR: 0.0001
* TRAIN - Accuracy 91.140 Loss 0.3752
* VALID - Accuracy 91.950 Loss 0.3460
Epoch:7
LR: 0.0001
* TRAIN - Accuracy 91.430 Loss 0.3663
* VALID - Accuracy 92.650 Loss 0.3338
Epoch:8
LR: 0.0001
* TRAIN - Accuracy 91.920 Loss 0.3559
* VALID - Accuracy 92.100 Loss 0.3400
Epoch:9
LR: 0.0001
* TRAIN - Accuracy 92.210 Loss 0.3571
* VALID - Accuracy 93.100 Loss 0.3285
Epoch:10
LR: 0.0001
* TRAIN - Accuracy 92.090 Loss 0.3552
* VALID - Accuracy 93.500 Loss 0.3161
Epoch:11
LR: 0.0001
* TRAIN - Accuracy 92.350 Loss 0.3499
* VALID - Accuracy 93.450 Loss 0.3239
Computing EWC
validation split name: 1
* VALID - Accuracy 48.050 Loss 1.2494
validation split name: 2
* VALID - Accuracy 58.050 Loss 1.0010
validation split name: 3
* VALID - Accuracy 70.700 Loss 0.6153
validation split name: 4
* VALID - Accuracy 93.450 Loss 0.1766
============================== Task: 5 ==============================
#reg_term: 1
Epoch:0
LR: 0.0001
* TRAIN - Accuracy 88.630 Loss 0.3663
* VALID - Accuracy 90.200 Loss 0.3099
Epoch:1
LR: 0.0001
* TRAIN - Accuracy 90.120 Loss 0.3244
* VALID - Accuracy 90.450 Loss 0.3110
Epoch:2
LR: 0.0001
* TRAIN - Accuracy 90.040 Loss 0.3177
* VALID - Accuracy 90.500 Loss 0.3035
Epoch:3
LR: 0.0001
* TRAIN - Accuracy 90.070 Loss 0.3161
* VALID - Accuracy 90.950 Loss 0.2979
Epoch:4
LR: 0.0001
* TRAIN - Accuracy 90.360 Loss 0.3085
* VALID - Accuracy 90.850 Loss 0.2964
Epoch:5
LR: 0.0001
* TRAIN - Accuracy 90.270 Loss 0.3085
* VALID - Accuracy 91.350 Loss 0.2862
Epoch:6
LR: 0.0001
* TRAIN - Accuracy 90.570 Loss 0.3037
* VALID - Accuracy 90.550 Loss 0.2930
Epoch:7
LR: 0.0001
* TRAIN - Accuracy 90.620 Loss 0.3018
* VALID - Accuracy 90.950 Loss 0.2943
Epoch:8
LR: 0.0001
* TRAIN - Accuracy 90.870 Loss 0.2991
* VALID - Accuracy 91.150 Loss 0.2854
Epoch:9
LR: 0.0001
* TRAIN - Accuracy 90.450 Loss 0.2973
* VALID - Accuracy 91.350 Loss 0.2812
Epoch:10
LR: 0.0001
* TRAIN - Accuracy 90.430 Loss 0.2964
* VALID - Accuracy 91.700 Loss 0.2809
Epoch:11
LR: 0.0001
* TRAIN - Accuracy 90.610 Loss 0.2938
* VALID - Accuracy 90.950 Loss 0.2853
Computing EWC
validation split name: 1
* VALID - Accuracy 86.900 Loss 0.3133
validation split name: 2
* VALID - Accuracy 65.550 Loss 0.8644
validation split name: 3
* VALID - Accuracy 68.700 Loss 0.7263
validation split name: 4
* VALID - Accuracy 76.350 Loss 0.5196
validation split name: 5
* VALID - Accuracy 90.950 Loss 0.2212
OrderedDict([('1', OrderedDict([('1', 97.9), ('2', 86.25), ('3', 86.45), ('4', 48.05), ('5', 86.9)])), ('2', OrderedDict([('2', 85.25), ('3', 73.85), ('4', 58.05), ('5', 65.55)])), ('3', OrderedDict([('3', 87.65), ('4', 70.7), ('5', 68.7)])), ('4', OrderedDict([('4', 93.45), ('5', 76.35)])), ('5', OrderedDict([('5', 90.95)]))])
Task 1 average acc: 97.9
Task 2 average acc: 85.75
Task 3 average acc: 82.65
Task 4 average acc: 67.5625
Task 5 average acc: 77.69
===Summary of experiment repeats: 2 / 10 ===
The regularization coefficient: 500.0
The last avg acc of all repeats: [78.75 77.69  0.    0.    0.    0.    0.    0.    0.    0.  ]
mean: 15.644 std: 31.288897775409094
Files already downloaded and verified
Files already downloaded and verified
split_boundaries: [0, 2, 4, 6, 8, 10]
{'1': [0, 1], '2': [2, 3], '3': [4, 5], '4': [6, 7], '5': [8, 9]}
CNN(
  (c1): Sequential(
    (0): Conv2d(3, 32, kernel_size=(3, 3), stride=(1, 1), padding=(1, 1))
    (1): BatchNorm2d(32, eps=1e-05, momentum=0.1, affine=True, track_running_stats=True)
    (2): ReLU()
    (3): Conv2d(32, 32, kernel_size=(3, 3), stride=(1, 1), padding=(1, 1))
    (4): BatchNorm2d(32, eps=1e-05, momentum=0.1, affine=True, track_running_stats=True)
    (5): ReLU()
    (6): Conv2d(32, 64, kernel_size=(3, 3), stride=(1, 1), padding=(1, 1))
    (7): BatchNorm2d(64, eps=1e-05, momentum=0.1, affine=True, track_running_stats=True)
    (8): ReLU()
    (9): MaxPool2d(kernel_size=2, stride=2, padding=0, dilation=1, ceil_mode=False)
  )
  (c2): Sequential(
    (0): Conv2d(64, 64, kernel_size=(3, 3), stride=(1, 1), padding=(1, 1))
    (1): BatchNorm2d(64, eps=1e-05, momentum=0.1, affine=True, track_running_stats=True)
    (2): ReLU()
    (3): Conv2d(64, 128, kernel_size=(3, 3), stride=(1, 1), padding=(1, 1))
    (4): BatchNorm2d(128, eps=1e-05, momentum=0.1, affine=True, track_running_stats=True)
    (5): ReLU()
    (6): MaxPool2d(kernel_size=2, stride=2, padding=0, dilation=1, ceil_mode=False)
  )
  (c3): Sequential(
    (0): Conv2d(128, 128, kernel_size=(3, 3), stride=(1, 1), padding=(1, 1))
    (1): BatchNorm2d(128, eps=1e-05, momentum=0.1, affine=True, track_running_stats=True)
    (2): ReLU()
    (3): Conv2d(128, 128, kernel_size=(3, 3), stride=(1, 1), padding=(1, 1))
    (4): BatchNorm2d(128, eps=1e-05, momentum=0.1, affine=True, track_running_stats=True)
    (5): ReLU()
    (6): MaxPool2d(kernel_size=2, stride=2, padding=0, dilation=1, ceil_mode=False)
  )
  (fc1): Sequential(
    (0): Linear(in_features=2048, out_features=256, bias=True)
    (1): ReLU()
  )
  (last): ModuleDict(
    (All): Linear(in_features=256, out_features=2, bias=True)
  )
)
#parameter of model: 960802
Task order: ['1', '2', '3', '4', '5']
============================== Task: 1 ==============================
#reg_term: 0
Epoch:0
LR: 0.001
* TRAIN - Accuracy 80.220 Loss 0.4497
* VALID - Accuracy 82.250 Loss 0.4082
Epoch:1
LR: 0.001
* TRAIN - Accuracy 89.870 Loss 0.2508
* VALID - Accuracy 89.500 Loss 0.2556
Epoch:2
LR: 0.001
* TRAIN - Accuracy 92.500 Loss 0.1892
* VALID - Accuracy 90.750 Loss 0.2219
Epoch:3
LR: 0.001
* TRAIN - Accuracy 95.020 Loss 0.1296
* VALID - Accuracy 94.350 Loss 0.1603
Epoch:4
LR: 0.001
* TRAIN - Accuracy 95.780 Loss 0.1119
* VALID - Accuracy 97.050 Loss 0.0794
Epoch:5
LR: 0.001
* TRAIN - Accuracy 96.760 Loss 0.0865
* VALID - Accuracy 97.350 Loss 0.0745
Epoch:6
LR: 0.001
* TRAIN - Accuracy 96.930 Loss 0.0763
* VALID - Accuracy 97.800 Loss 0.0645
Epoch:7
LR: 0.001
* TRAIN - Accuracy 96.590 Loss 0.0859
* VALID - Accuracy 94.200 Loss 0.1674
Epoch:8
LR: 0.001
* TRAIN - Accuracy 97.670 Loss 0.0616
* VALID - Accuracy 97.850 Loss 0.0543
Epoch:9
LR: 0.001
* TRAIN - Accuracy 97.860 Loss 0.0619
* VALID - Accuracy 98.050 Loss 0.0607
Epoch:10
LR: 0.001
* TRAIN - Accuracy 97.890 Loss 0.0543
* VALID - Accuracy 95.650 Loss 0.1209
Epoch:11
LR: 0.001
* TRAIN - Accuracy 97.950 Loss 0.0554
* VALID - Accuracy 97.750 Loss 0.0563
Computing EWC
validation split name: 1
* VALID - Accuracy 97.750 Loss 0.0563
============================== Task: 2 ==============================
#reg_term: 1
Epoch:0
LR: 0.0001
* TRAIN - Accuracy 74.350 Loss 0.6351
* VALID - Accuracy 78.000 Loss 0.5198
Epoch:1
LR: 0.0001
* TRAIN - Accuracy 78.270 Loss 0.4947
* VALID - Accuracy 79.100 Loss 0.4965
Epoch:2
LR: 0.0001
* TRAIN - Accuracy 79.870 Loss 0.4757
* VALID - Accuracy 79.650 Loss 0.4806
Epoch:3
LR: 0.0001
* TRAIN - Accuracy 80.600 Loss 0.4622
* VALID - Accuracy 80.850 Loss 0.4741
Epoch:4
LR: 0.0001
* TRAIN - Accuracy 81.850 Loss 0.4475
* VALID - Accuracy 80.650 Loss 0.4674
Epoch:5
LR: 0.0001
* TRAIN - Accuracy 81.890 Loss 0.4437
* VALID - Accuracy 82.000 Loss 0.4560
Epoch:6
LR: 0.0001
* TRAIN - Accuracy 82.470 Loss 0.4319
* VALID - Accuracy 82.200 Loss 0.4492
Epoch:7
LR: 0.0001
* TRAIN - Accuracy 83.280 Loss 0.4164
* VALID - Accuracy 82.600 Loss 0.4356
Epoch:8
LR: 0.0001
* TRAIN - Accuracy 83.840 Loss 0.4135
* VALID - Accuracy 83.600 Loss 0.4238
Epoch:9
LR: 0.0001
* TRAIN - Accuracy 84.000 Loss 0.4066
* VALID - Accuracy 83.500 Loss 0.4180
Epoch:10
LR: 0.0001
* TRAIN - Accuracy 84.730 Loss 0.3964
* VALID - Accuracy 83.950 Loss 0.4147
Epoch:11
LR: 0.0001
* TRAIN - Accuracy 85.470 Loss 0.3864
* VALID - Accuracy 82.900 Loss 0.4202
Computing EWC
validation split name: 1
* VALID - Accuracy 87.050 Loss 0.2901
validation split name: 2
* VALID - Accuracy 82.900 Loss 0.3679
============================== Task: 3 ==============================
#reg_term: 1
Epoch:0
LR: 0.0001
* TRAIN - Accuracy 79.890 Loss 0.5007
* VALID - Accuracy 82.500 Loss 0.4581
Epoch:1
LR: 0.0001
* TRAIN - Accuracy 82.610 Loss 0.4553
* VALID - Accuracy 83.750 Loss 0.4580
Epoch:2
LR: 0.0001
* TRAIN - Accuracy 83.530 Loss 0.4489
* VALID - Accuracy 85.050 Loss 0.4298
Epoch:3
LR: 0.0001
* TRAIN - Accuracy 84.410 Loss 0.4303
* VALID - Accuracy 85.950 Loss 0.4184
Epoch:4
LR: 0.0001
* TRAIN - Accuracy 84.820 Loss 0.4265
* VALID - Accuracy 86.800 Loss 0.4003
Epoch:5
LR: 0.0001
* TRAIN - Accuracy 85.740 Loss 0.4098
* VALID - Accuracy 83.800 Loss 0.4442
Epoch:6
LR: 0.0001
* TRAIN - Accuracy 86.110 Loss 0.4075
* VALID - Accuracy 87.900 Loss 0.3820
Epoch:7
LR: 0.0001
* TRAIN - Accuracy 86.950 Loss 0.3897
* VALID - Accuracy 87.400 Loss 0.3808
Epoch:8
LR: 0.0001
* TRAIN - Accuracy 86.950 Loss 0.3868
* VALID - Accuracy 88.100 Loss 0.3668
Epoch:9
LR: 0.0001
* TRAIN - Accuracy 87.280 Loss 0.3759
* VALID - Accuracy 85.050 Loss 0.4138
Epoch:10
LR: 0.0001
* TRAIN - Accuracy 87.330 Loss 0.3752
* VALID - Accuracy 88.000 Loss 0.3828
Epoch:11
LR: 0.0001
* TRAIN - Accuracy 87.650 Loss 0.3693
* VALID - Accuracy 89.050 Loss 0.3559
Computing EWC
validation split name: 1
* VALID - Accuracy 81.400 Loss 0.4077
validation split name: 2
* VALID - Accuracy 73.850 Loss 0.5959
validation split name: 3
* VALID - Accuracy 89.050 Loss 0.2820
============================== Task: 4 ==============================
#reg_term: 1
Epoch:0
LR: 0.0001
* TRAIN - Accuracy 80.960 Loss 0.5467
* VALID - Accuracy 86.400 Loss 0.4504
Epoch:1
LR: 0.0001
* TRAIN - Accuracy 85.100 Loss 0.4775
* VALID - Accuracy 87.600 Loss 0.4307
Epoch:2
LR: 0.0001
* TRAIN - Accuracy 87.200 Loss 0.4483
* VALID - Accuracy 90.950 Loss 0.3742
Epoch:3
LR: 0.0001
* TRAIN - Accuracy 89.210 Loss 0.4095
* VALID - Accuracy 89.700 Loss 0.3845
Epoch:4
LR: 0.0001
* TRAIN - Accuracy 90.970 Loss 0.3732
* VALID - Accuracy 92.800 Loss 0.3234
Epoch:5
LR: 0.0001
* TRAIN - Accuracy 91.230 Loss 0.3530
* VALID - Accuracy 93.050 Loss 0.3121
Epoch:6
LR: 0.0001
* TRAIN - Accuracy 92.320 Loss 0.3310
* VALID - Accuracy 90.750 Loss 0.3571
Epoch:7
LR: 0.0001
* TRAIN - Accuracy 92.580 Loss 0.3224
* VALID - Accuracy 84.300 Loss 0.4742
Epoch:8
LR: 0.0001
* TRAIN - Accuracy 92.820 Loss 0.3116
* VALID - Accuracy 89.800 Loss 0.3667
Epoch:9
LR: 0.0001
* TRAIN - Accuracy 93.210 Loss 0.3061
* VALID - Accuracy 94.250 Loss 0.2746
Epoch:10
LR: 0.0001
* TRAIN - Accuracy 93.080 Loss 0.2957
* VALID - Accuracy 94.800 Loss 0.2662
Epoch:11
LR: 0.0001
* TRAIN - Accuracy 93.200 Loss 0.2901
* VALID - Accuracy 93.250 Loss 0.2887
Computing EWC
validation split name: 1
* VALID - Accuracy 57.700 Loss 0.9452
validation split name: 2
* VALID - Accuracy 60.800 Loss 0.9607
validation split name: 3
* VALID - Accuracy 64.000 Loss 0.8783
validation split name: 4
* VALID - Accuracy 93.250 Loss 0.1769
============================== Task: 5 ==============================
#reg_term: 1
Epoch:0
LR: 0.0001
* TRAIN - Accuracy 88.080 Loss 0.3693
* VALID - Accuracy 90.500 Loss 0.3234
Epoch:1
LR: 0.0001
* TRAIN - Accuracy 89.190 Loss 0.3389
* VALID - Accuracy 90.350 Loss 0.3144
Epoch:2
LR: 0.0001
* TRAIN - Accuracy 89.550 Loss 0.3326
* VALID - Accuracy 90.500 Loss 0.3099
Epoch:3
LR: 0.0001
* TRAIN - Accuracy 89.780 Loss 0.3223
* VALID - Accuracy 90.550 Loss 0.3150
Epoch:4
LR: 0.0001
* TRAIN - Accuracy 90.350 Loss 0.3134
* VALID - Accuracy 90.800 Loss 0.3018
Epoch:5
LR: 0.0001
* TRAIN - Accuracy 90.090 Loss 0.3154
* VALID - Accuracy 90.800 Loss 0.2914
Epoch:6
LR: 0.0001
* TRAIN - Accuracy 90.360 Loss 0.2994
* VALID - Accuracy 91.750 Loss 0.2775
Epoch:7
LR: 0.0001
* TRAIN - Accuracy 90.130 Loss 0.2985
* VALID - Accuracy 91.650 Loss 0.2680
Epoch:8
LR: 0.0001
* TRAIN - Accuracy 91.140 Loss 0.2767
* VALID - Accuracy 92.350 Loss 0.2659
Epoch:9
LR: 0.0001
* TRAIN - Accuracy 90.340 Loss 0.2789
* VALID - Accuracy 91.900 Loss 0.2597
Epoch:10
LR: 0.0001
* TRAIN - Accuracy 91.190 Loss 0.2697
* VALID - Accuracy 92.050 Loss 0.2644
Epoch:11
LR: 0.0001
* TRAIN - Accuracy 90.970 Loss 0.2716
* VALID - Accuracy 91.300 Loss 0.2631
Computing EWC
validation split name: 1
* VALID - Accuracy 87.950 Loss 0.3066
validation split name: 2
* VALID - Accuracy 69.550 Loss 0.6842
validation split name: 3
* VALID - Accuracy 68.450 Loss 0.7611
validation split name: 4
* VALID - Accuracy 76.000 Loss 0.5479
validation split name: 5
* VALID - Accuracy 91.300 Loss 0.2120
OrderedDict([('1', OrderedDict([('1', 97.75), ('2', 87.05), ('3', 81.4), ('4', 57.7), ('5', 87.95)])), ('2', OrderedDict([('2', 82.9), ('3', 73.85), ('4', 60.8), ('5', 69.55)])), ('3', OrderedDict([('3', 89.05), ('4', 64.0), ('5', 68.45)])), ('4', OrderedDict([('4', 93.25), ('5', 76.0)])), ('5', OrderedDict([('5', 91.3)]))])
Task 1 average acc: 97.75
Task 2 average acc: 84.975
Task 3 average acc: 81.43333333333334
Task 4 average acc: 68.9375
Task 5 average acc: 78.65
===Summary of experiment repeats: 3 / 10 ===
The regularization coefficient: 500.0
The last avg acc of all repeats: [78.75 77.69 78.65  0.    0.    0.    0.    0.    0.    0.  ]
mean: 23.509 std: 35.91154450869525
Files already downloaded and verified
Files already downloaded and verified
split_boundaries: [0, 2, 4, 6, 8, 10]
{'1': [0, 1], '2': [2, 3], '3': [4, 5], '4': [6, 7], '5': [8, 9]}
CNN(
  (c1): Sequential(
    (0): Conv2d(3, 32, kernel_size=(3, 3), stride=(1, 1), padding=(1, 1))
    (1): BatchNorm2d(32, eps=1e-05, momentum=0.1, affine=True, track_running_stats=True)
    (2): ReLU()
    (3): Conv2d(32, 32, kernel_size=(3, 3), stride=(1, 1), padding=(1, 1))
    (4): BatchNorm2d(32, eps=1e-05, momentum=0.1, affine=True, track_running_stats=True)
    (5): ReLU()
    (6): Conv2d(32, 64, kernel_size=(3, 3), stride=(1, 1), padding=(1, 1))
    (7): BatchNorm2d(64, eps=1e-05, momentum=0.1, affine=True, track_running_stats=True)
    (8): ReLU()
    (9): MaxPool2d(kernel_size=2, stride=2, padding=0, dilation=1, ceil_mode=False)
  )
  (c2): Sequential(
    (0): Conv2d(64, 64, kernel_size=(3, 3), stride=(1, 1), padding=(1, 1))
    (1): BatchNorm2d(64, eps=1e-05, momentum=0.1, affine=True, track_running_stats=True)
    (2): ReLU()
    (3): Conv2d(64, 128, kernel_size=(3, 3), stride=(1, 1), padding=(1, 1))
    (4): BatchNorm2d(128, eps=1e-05, momentum=0.1, affine=True, track_running_stats=True)
    (5): ReLU()
    (6): MaxPool2d(kernel_size=2, stride=2, padding=0, dilation=1, ceil_mode=False)
  )
  (c3): Sequential(
    (0): Conv2d(128, 128, kernel_size=(3, 3), stride=(1, 1), padding=(1, 1))
    (1): BatchNorm2d(128, eps=1e-05, momentum=0.1, affine=True, track_running_stats=True)
    (2): ReLU()
    (3): Conv2d(128, 128, kernel_size=(3, 3), stride=(1, 1), padding=(1, 1))
    (4): BatchNorm2d(128, eps=1e-05, momentum=0.1, affine=True, track_running_stats=True)
    (5): ReLU()
    (6): MaxPool2d(kernel_size=2, stride=2, padding=0, dilation=1, ceil_mode=False)
  )
  (fc1): Sequential(
    (0): Linear(in_features=2048, out_features=256, bias=True)
    (1): ReLU()
  )
  (last): ModuleDict(
    (All): Linear(in_features=256, out_features=2, bias=True)
  )
)
#parameter of model: 960802
Task order: ['1', '2', '3', '4', '5']
============================== Task: 1 ==============================
#reg_term: 0
Epoch:0
LR: 0.001
* TRAIN - Accuracy 79.310 Loss 0.4712
* VALID - Accuracy 81.800 Loss 0.4257
Epoch:1
LR: 0.001
* TRAIN - Accuracy 87.730 Loss 0.2903
* VALID - Accuracy 90.950 Loss 0.2241
Epoch:2
LR: 0.001
* TRAIN - Accuracy 90.780 Loss 0.2261
* VALID - Accuracy 90.900 Loss 0.2142
Epoch:3
LR: 0.001
* TRAIN - Accuracy 92.840 Loss 0.1772
* VALID - Accuracy 94.100 Loss 0.1475
Epoch:4
LR: 0.001
* TRAIN - Accuracy 94.380 Loss 0.1457
* VALID - Accuracy 92.150 Loss 0.2248
Epoch:5
LR: 0.001
* TRAIN - Accuracy 95.670 Loss 0.1146
* VALID - Accuracy 96.250 Loss 0.0879
Epoch:6
LR: 0.001
* TRAIN - Accuracy 96.300 Loss 0.0970
* VALID - Accuracy 91.400 Loss 0.2470
Epoch:7
LR: 0.001
* TRAIN - Accuracy 96.410 Loss 0.0937
* VALID - Accuracy 96.900 Loss 0.0818
Epoch:8
LR: 0.001
* TRAIN - Accuracy 97.430 Loss 0.0677
* VALID - Accuracy 97.950 Loss 0.0555
Epoch:9
LR: 0.001
* TRAIN - Accuracy 97.400 Loss 0.0660
* VALID - Accuracy 97.250 Loss 0.0775
Epoch:10
LR: 0.001
* TRAIN - Accuracy 97.540 Loss 0.0610
* VALID - Accuracy 96.450 Loss 0.0837
Epoch:11
LR: 0.001
* TRAIN - Accuracy 97.190 Loss 0.0721
* VALID - Accuracy 97.600 Loss 0.0712
Computing EWC
validation split name: 1
* VALID - Accuracy 97.600 Loss 0.0712
============================== Task: 2 ==============================
#reg_term: 1
Epoch:0
LR: 0.0001
* TRAIN - Accuracy 71.500 Loss 0.7155
* VALID - Accuracy 75.700 Loss 0.5492
Epoch:1
LR: 0.0001
* TRAIN - Accuracy 76.190 Loss 0.5389
* VALID - Accuracy 77.250 Loss 0.5243
Epoch:2
LR: 0.0001
* TRAIN - Accuracy 77.780 Loss 0.5195
* VALID - Accuracy 78.400 Loss 0.5231
Epoch:3
LR: 0.0001
* TRAIN - Accuracy 78.730 Loss 0.5044
* VALID - Accuracy 79.450 Loss 0.5058
Epoch:4
LR: 0.0001
* TRAIN - Accuracy 80.190 Loss 0.4837
* VALID - Accuracy 79.450 Loss 0.5098
Epoch:5
LR: 0.0001
* TRAIN - Accuracy 80.780 Loss 0.4715
* VALID - Accuracy 81.950 Loss 0.4654
Epoch:6
LR: 0.0001
* TRAIN - Accuracy 82.380 Loss 0.4469
* VALID - Accuracy 81.050 Loss 0.4687
Epoch:7
LR: 0.0001
* TRAIN - Accuracy 83.550 Loss 0.4273
* VALID - Accuracy 83.150 Loss 0.4215
Epoch:8
LR: 0.0001
* TRAIN - Accuracy 83.960 Loss 0.4126
* VALID - Accuracy 83.450 Loss 0.4151
Epoch:9
LR: 0.0001
* TRAIN - Accuracy 84.610 Loss 0.4021
* VALID - Accuracy 84.150 Loss 0.4045
Epoch:10
LR: 0.0001
* TRAIN - Accuracy 85.560 Loss 0.3869
* VALID - Accuracy 83.300 Loss 0.4433
Epoch:11
LR: 0.0001
* TRAIN - Accuracy 85.530 Loss 0.3831
* VALID - Accuracy 84.100 Loss 0.4068
Computing EWC
validation split name: 1
* VALID - Accuracy 83.650 Loss 0.3712
validation split name: 2
* VALID - Accuracy 84.100 Loss 0.3532
============================== Task: 3 ==============================
#reg_term: 1
Epoch:0
LR: 0.0001
* TRAIN - Accuracy 80.000 Loss 0.4941
* VALID - Accuracy 81.750 Loss 0.4853
Epoch:1
LR: 0.0001
* TRAIN - Accuracy 82.490 Loss 0.4586
* VALID - Accuracy 82.650 Loss 0.4680
Epoch:2
LR: 0.0001
* TRAIN - Accuracy 83.350 Loss 0.4505
* VALID - Accuracy 83.700 Loss 0.4482
Epoch:3
LR: 0.0001
* TRAIN - Accuracy 83.540 Loss 0.4408
* VALID - Accuracy 83.950 Loss 0.4382
Epoch:4
LR: 0.0001
* TRAIN - Accuracy 84.270 Loss 0.4346
* VALID - Accuracy 84.250 Loss 0.4401
Epoch:5
LR: 0.0001
* TRAIN - Accuracy 84.450 Loss 0.4289
* VALID - Accuracy 81.800 Loss 0.4875
Epoch:6
LR: 0.0001
* TRAIN - Accuracy 85.140 Loss 0.4158
* VALID - Accuracy 85.850 Loss 0.4089
Epoch:7
LR: 0.0001
* TRAIN - Accuracy 85.370 Loss 0.4103
* VALID - Accuracy 84.400 Loss 0.4318
Epoch:8
LR: 0.0001
* TRAIN - Accuracy 85.870 Loss 0.4013
* VALID - Accuracy 86.650 Loss 0.3971
Epoch:9
LR: 0.0001
* TRAIN - Accuracy 85.970 Loss 0.3960
* VALID - Accuracy 87.450 Loss 0.3741
Epoch:10
LR: 0.0001
* TRAIN - Accuracy 86.540 Loss 0.3906
* VALID - Accuracy 87.400 Loss 0.3669
Epoch:11
LR: 0.0001
* TRAIN - Accuracy 87.220 Loss 0.3783
* VALID - Accuracy 87.350 Loss 0.3800
Computing EWC
validation split name: 1
* VALID - Accuracy 81.050 Loss 0.4303
validation split name: 2
* VALID - Accuracy 75.150 Loss 0.5601
validation split name: 3
* VALID - Accuracy 87.350 Loss 0.3077
============================== Task: 4 ==============================
#reg_term: 1
Epoch:0
LR: 0.0001
* TRAIN - Accuracy 80.840 Loss 0.5458
* VALID - Accuracy 85.800 Loss 0.4337
Epoch:1
LR: 0.0001
* TRAIN - Accuracy 85.490 Loss 0.4623
* VALID - Accuracy 84.550 Loss 0.4672
Epoch:2
LR: 0.0001
* TRAIN - Accuracy 86.560 Loss 0.4497
* VALID - Accuracy 88.100 Loss 0.4112
Epoch:3
LR: 0.0001
* TRAIN - Accuracy 87.380 Loss 0.4333
* VALID - Accuracy 88.250 Loss 0.4102
Epoch:4
LR: 0.0001
* TRAIN - Accuracy 88.570 Loss 0.4140
* VALID - Accuracy 90.700 Loss 0.3709
Epoch:5
LR: 0.0001
* TRAIN - Accuracy 89.860 Loss 0.3952
* VALID - Accuracy 89.350 Loss 0.3886
Epoch:6
LR: 0.0001
* TRAIN - Accuracy 90.670 Loss 0.3728
* VALID - Accuracy 89.250 Loss 0.3978
Epoch:7
LR: 0.0001
* TRAIN - Accuracy 91.260 Loss 0.3661
* VALID - Accuracy 90.800 Loss 0.3627
Epoch:8
LR: 0.0001
* TRAIN - Accuracy 91.680 Loss 0.3472
* VALID - Accuracy 90.250 Loss 0.3640
Epoch:9
LR: 0.0001
* TRAIN - Accuracy 91.520 Loss 0.3504
* VALID - Accuracy 92.950 Loss 0.3122
Epoch:10
LR: 0.0001
* TRAIN - Accuracy 91.850 Loss 0.3469
* VALID - Accuracy 92.950 Loss 0.3088
Epoch:11
LR: 0.0001
* TRAIN - Accuracy 92.180 Loss 0.3388
* VALID - Accuracy 92.950 Loss 0.3259
Computing EWC
validation split name: 1
* VALID - Accuracy 54.250 Loss 1.0424
validation split name: 2
* VALID - Accuracy 59.750 Loss 0.9699
validation split name: 3
* VALID - Accuracy 68.400 Loss 0.6853
validation split name: 4
* VALID - Accuracy 92.950 Loss 0.1880
============================== Task: 5 ==============================
#reg_term: 1
Epoch:0
LR: 0.0001
* TRAIN - Accuracy 87.620 Loss 0.3965
* VALID - Accuracy 89.550 Loss 0.3192
Epoch:1
LR: 0.0001
* TRAIN - Accuracy 88.930 Loss 0.3441
* VALID - Accuracy 90.450 Loss 0.3212
Epoch:2
LR: 0.0001
* TRAIN - Accuracy 89.020 Loss 0.3434
* VALID - Accuracy 90.050 Loss 0.3243
Epoch:3
LR: 0.0001
* TRAIN - Accuracy 89.450 Loss 0.3370
* VALID - Accuracy 90.700 Loss 0.3004
Epoch:4
LR: 0.0001
* TRAIN - Accuracy 89.640 Loss 0.3309
* VALID - Accuracy 91.000 Loss 0.3003
Epoch:5
LR: 0.0001
* TRAIN - Accuracy 89.990 Loss 0.3252
* VALID - Accuracy 90.300 Loss 0.3077
Epoch:6
LR: 0.0001
* TRAIN - Accuracy 89.830 Loss 0.3246
* VALID - Accuracy 91.000 Loss 0.3008
Epoch:7
LR: 0.0001
* TRAIN - Accuracy 90.320 Loss 0.3207
* VALID - Accuracy 91.350 Loss 0.3016
Epoch:8
LR: 0.0001
* TRAIN - Accuracy 90.770 Loss 0.3090
* VALID - Accuracy 91.150 Loss 0.2958
Epoch:9
LR: 0.0001
* TRAIN - Accuracy 90.470 Loss 0.3115
* VALID - Accuracy 92.200 Loss 0.2873
Epoch:10
LR: 0.0001
* TRAIN - Accuracy 91.220 Loss 0.3066
* VALID - Accuracy 91.550 Loss 0.2970
Epoch:11
LR: 0.0001
* TRAIN - Accuracy 90.910 Loss 0.3134
* VALID - Accuracy 92.200 Loss 0.2931
Computing EWC
validation split name: 1
* VALID - Accuracy 86.550 Loss 0.3010
validation split name: 2
* VALID - Accuracy 64.500 Loss 0.8160
validation split name: 3
* VALID - Accuracy 71.700 Loss 0.6545
validation split name: 4
* VALID - Accuracy 81.550 Loss 0.4496
validation split name: 5
* VALID - Accuracy 92.200 Loss 0.2039
OrderedDict([('1', OrderedDict([('1', 97.6), ('2', 83.65), ('3', 81.05), ('4', 54.25), ('5', 86.55)])), ('2', OrderedDict([('2', 84.1), ('3', 75.15), ('4', 59.75), ('5', 64.5)])), ('3', OrderedDict([('3', 87.35), ('4', 68.4), ('5', 71.7)])), ('4', OrderedDict([('4', 92.95), ('5', 81.55)])), ('5', OrderedDict([('5', 92.2)]))])
Task 1 average acc: 97.6
Task 2 average acc: 83.875
Task 3 average acc: 81.18333333333332
Task 4 average acc: 68.8375
Task 5 average acc: 79.3
===Summary of experiment repeats: 4 / 10 ===
The regularization coefficient: 500.0
The last avg acc of all repeats: [78.75 77.69 78.65 79.3   0.    0.    0.    0.    0.    0.  ]
mean: 31.439 std: 38.50649801007617
Files already downloaded and verified
Files already downloaded and verified
split_boundaries: [0, 2, 4, 6, 8, 10]
{'1': [0, 1], '2': [2, 3], '3': [4, 5], '4': [6, 7], '5': [8, 9]}
CNN(
  (c1): Sequential(
    (0): Conv2d(3, 32, kernel_size=(3, 3), stride=(1, 1), padding=(1, 1))
    (1): BatchNorm2d(32, eps=1e-05, momentum=0.1, affine=True, track_running_stats=True)
    (2): ReLU()
    (3): Conv2d(32, 32, kernel_size=(3, 3), stride=(1, 1), padding=(1, 1))
    (4): BatchNorm2d(32, eps=1e-05, momentum=0.1, affine=True, track_running_stats=True)
    (5): ReLU()
    (6): Conv2d(32, 64, kernel_size=(3, 3), stride=(1, 1), padding=(1, 1))
    (7): BatchNorm2d(64, eps=1e-05, momentum=0.1, affine=True, track_running_stats=True)
    (8): ReLU()
    (9): MaxPool2d(kernel_size=2, stride=2, padding=0, dilation=1, ceil_mode=False)
  )
  (c2): Sequential(
    (0): Conv2d(64, 64, kernel_size=(3, 3), stride=(1, 1), padding=(1, 1))
    (1): BatchNorm2d(64, eps=1e-05, momentum=0.1, affine=True, track_running_stats=True)
    (2): ReLU()
    (3): Conv2d(64, 128, kernel_size=(3, 3), stride=(1, 1), padding=(1, 1))
    (4): BatchNorm2d(128, eps=1e-05, momentum=0.1, affine=True, track_running_stats=True)
    (5): ReLU()
    (6): MaxPool2d(kernel_size=2, stride=2, padding=0, dilation=1, ceil_mode=False)
  )
  (c3): Sequential(
    (0): Conv2d(128, 128, kernel_size=(3, 3), stride=(1, 1), padding=(1, 1))
    (1): BatchNorm2d(128, eps=1e-05, momentum=0.1, affine=True, track_running_stats=True)
    (2): ReLU()
    (3): Conv2d(128, 128, kernel_size=(3, 3), stride=(1, 1), padding=(1, 1))
    (4): BatchNorm2d(128, eps=1e-05, momentum=0.1, affine=True, track_running_stats=True)
    (5): ReLU()
    (6): MaxPool2d(kernel_size=2, stride=2, padding=0, dilation=1, ceil_mode=False)
  )
  (fc1): Sequential(
    (0): Linear(in_features=2048, out_features=256, bias=True)
    (1): ReLU()
  )
  (last): ModuleDict(
    (All): Linear(in_features=256, out_features=2, bias=True)
  )
)
#parameter of model: 960802
Task order: ['1', '2', '3', '4', '5']
============================== Task: 1 ==============================
#reg_term: 0
Epoch:0
LR: 0.001
* TRAIN - Accuracy 77.240 Loss 0.5017
* VALID - Accuracy 88.750 Loss 0.2716
Epoch:1
LR: 0.001
* TRAIN - Accuracy 88.410 Loss 0.2747
* VALID - Accuracy 92.000 Loss 0.2011
Epoch:2
LR: 0.001
* TRAIN - Accuracy 91.870 Loss 0.2107
* VALID - Accuracy 91.250 Loss 0.2140
Epoch:3
LR: 0.001
* TRAIN - Accuracy 93.380 Loss 0.1697
* VALID - Accuracy 95.250 Loss 0.1267
Epoch:4
LR: 0.001
* TRAIN - Accuracy 94.790 Loss 0.1341
* VALID - Accuracy 96.300 Loss 0.1002
Epoch:5
LR: 0.001
* TRAIN - Accuracy 95.740 Loss 0.1142
* VALID - Accuracy 96.650 Loss 0.0950
Epoch:6
LR: 0.001
* TRAIN - Accuracy 96.500 Loss 0.0920
* VALID - Accuracy 96.100 Loss 0.1069
Epoch:7
LR: 0.001
* TRAIN - Accuracy 97.040 Loss 0.0793
* VALID - Accuracy 97.450 Loss 0.0709
Epoch:8
LR: 0.001
* TRAIN - Accuracy 97.230 Loss 0.0723
* VALID - Accuracy 97.500 Loss 0.0647
Epoch:9
LR: 0.001
* TRAIN - Accuracy 97.420 Loss 0.0661
* VALID - Accuracy 96.950 Loss 0.0765
Epoch:10
LR: 0.001
* TRAIN - Accuracy 97.530 Loss 0.0690
* VALID - Accuracy 97.400 Loss 0.0733
Epoch:11
LR: 0.001
* TRAIN - Accuracy 97.620 Loss 0.0650
* VALID - Accuracy 97.150 Loss 0.0838
Computing EWC
validation split name: 1
* VALID - Accuracy 97.150 Loss 0.0838
============================== Task: 2 ==============================
#reg_term: 1
Epoch:0
LR: 0.0001
* TRAIN - Accuracy 71.240 Loss 0.7096
* VALID - Accuracy 76.650 Loss 0.5542
Epoch:1
LR: 0.0001
* TRAIN - Accuracy 77.590 Loss 0.5316
* VALID - Accuracy 78.700 Loss 0.5354
Epoch:2
LR: 0.0001
* TRAIN - Accuracy 79.460 Loss 0.5062
* VALID - Accuracy 79.700 Loss 0.5059
Epoch:3
LR: 0.0001
* TRAIN - Accuracy 80.510 Loss 0.4924
* VALID - Accuracy 80.200 Loss 0.4949
Epoch:4
LR: 0.0001
* TRAIN - Accuracy 81.410 Loss 0.4777
* VALID - Accuracy 81.600 Loss 0.4898
Epoch:5
LR: 0.0001
* TRAIN - Accuracy 82.330 Loss 0.4614
* VALID - Accuracy 79.450 Loss 0.5020
Epoch:6
LR: 0.0001
* TRAIN - Accuracy 82.790 Loss 0.4519
* VALID - Accuracy 80.950 Loss 0.4748
Epoch:7
LR: 0.0001
* TRAIN - Accuracy 83.410 Loss 0.4428
* VALID - Accuracy 82.400 Loss 0.4586
Epoch:8
LR: 0.0001
* TRAIN - Accuracy 83.830 Loss 0.4330
* VALID - Accuracy 82.650 Loss 0.4620
Epoch:9
LR: 0.0001
* TRAIN - Accuracy 84.350 Loss 0.4202
* VALID - Accuracy 81.050 Loss 0.4803
Epoch:10
LR: 0.0001
* TRAIN - Accuracy 84.520 Loss 0.4186
* VALID - Accuracy 83.450 Loss 0.4482
Epoch:11
LR: 0.0001
* TRAIN - Accuracy 85.020 Loss 0.4100
* VALID - Accuracy 83.200 Loss 0.4336
Computing EWC
validation split name: 1
* VALID - Accuracy 84.300 Loss 0.3462
validation split name: 2
* VALID - Accuracy 83.200 Loss 0.3668
============================== Task: 3 ==============================
#reg_term: 1
Epoch:0
LR: 0.0001
* TRAIN - Accuracy 80.420 Loss 0.4837
* VALID - Accuracy 79.050 Loss 0.5191
Epoch:1
LR: 0.0001
* TRAIN - Accuracy 82.230 Loss 0.4577
* VALID - Accuracy 83.800 Loss 0.4573
Epoch:2
LR: 0.0001
* TRAIN - Accuracy 82.630 Loss 0.4462
* VALID - Accuracy 83.250 Loss 0.4646
Epoch:3
LR: 0.0001
* TRAIN - Accuracy 83.430 Loss 0.4418
* VALID - Accuracy 84.200 Loss 0.4427
Epoch:4
LR: 0.0001
* TRAIN - Accuracy 83.550 Loss 0.4387
* VALID - Accuracy 84.150 Loss 0.4424
Epoch:5
LR: 0.0001
* TRAIN - Accuracy 83.880 Loss 0.4326
* VALID - Accuracy 80.100 Loss 0.5254
Epoch:6
LR: 0.0001
* TRAIN - Accuracy 84.600 Loss 0.4276
* VALID - Accuracy 84.850 Loss 0.4311
Epoch:7
LR: 0.0001
* TRAIN - Accuracy 84.810 Loss 0.4268
* VALID - Accuracy 84.850 Loss 0.4258
Epoch:8
LR: 0.0001
* TRAIN - Accuracy 84.850 Loss 0.4177
* VALID - Accuracy 84.450 Loss 0.4442
Epoch:9
LR: 0.0001
* TRAIN - Accuracy 84.980 Loss 0.4216
* VALID - Accuracy 84.100 Loss 0.4588
Epoch:10
LR: 0.0001
* TRAIN - Accuracy 85.300 Loss 0.4148
* VALID - Accuracy 85.750 Loss 0.4188
Epoch:11
LR: 0.0001
* TRAIN - Accuracy 86.080 Loss 0.4081
* VALID - Accuracy 86.050 Loss 0.4210
Computing EWC
validation split name: 1
* VALID - Accuracy 81.450 Loss 0.3876
validation split name: 2
* VALID - Accuracy 74.500 Loss 0.5860
validation split name: 3
* VALID - Accuracy 86.050 Loss 0.3457
============================== Task: 4 ==============================
#reg_term: 1
Epoch:0
LR: 0.0001
* TRAIN - Accuracy 80.350 Loss 0.5623
* VALID - Accuracy 81.400 Loss 0.5370
Epoch:1
LR: 0.0001
* TRAIN - Accuracy 86.030 Loss 0.4682
* VALID - Accuracy 81.300 Loss 0.5804
Epoch:2
LR: 0.0001
* TRAIN - Accuracy 87.730 Loss 0.4487
* VALID - Accuracy 89.550 Loss 0.4141
Epoch:3
LR: 0.0001
* TRAIN - Accuracy 89.820 Loss 0.4139
* VALID - Accuracy 90.000 Loss 0.3981
Epoch:4
LR: 0.0001
* TRAIN - Accuracy 90.210 Loss 0.3992
* VALID - Accuracy 88.950 Loss 0.4221
Epoch:5
LR: 0.0001
* TRAIN - Accuracy 91.320 Loss 0.3826
* VALID - Accuracy 91.400 Loss 0.3627
Epoch:6
LR: 0.0001
* TRAIN - Accuracy 91.290 Loss 0.3781
* VALID - Accuracy 87.750 Loss 0.4384
Epoch:7
LR: 0.0001
* TRAIN - Accuracy 91.860 Loss 0.3719
* VALID - Accuracy 92.950 Loss 0.3470
Epoch:8
LR: 0.0001
* TRAIN - Accuracy 91.960 Loss 0.3618
* VALID - Accuracy 85.000 Loss 0.5021
Epoch:9
LR: 0.0001
* TRAIN - Accuracy 92.190 Loss 0.3580
* VALID - Accuracy 92.750 Loss 0.3350
Epoch:10
LR: 0.0001
* TRAIN - Accuracy 92.030 Loss 0.3652
* VALID - Accuracy 89.650 Loss 0.3897
Epoch:11
LR: 0.0001
* TRAIN - Accuracy 92.430 Loss 0.3559
* VALID - Accuracy 92.450 Loss 0.3484
Computing EWC
validation split name: 1
* VALID - Accuracy 60.000 Loss 1.0208
validation split name: 2
* VALID - Accuracy 57.200 Loss 1.0560
validation split name: 3
* VALID - Accuracy 67.550 Loss 0.7130
validation split name: 4
* VALID - Accuracy 92.450 Loss 0.1991
============================== Task: 5 ==============================
#reg_term: 1
Epoch:0
LR: 0.0001
* TRAIN - Accuracy 88.230 Loss 0.3728
* VALID - Accuracy 88.550 Loss 0.3474
Epoch:1
LR: 0.0001
* TRAIN - Accuracy 89.920 Loss 0.3186
* VALID - Accuracy 90.300 Loss 0.3190
Epoch:2
LR: 0.0001
* TRAIN - Accuracy 90.150 Loss 0.3156
* VALID - Accuracy 89.450 Loss 0.3406
Epoch:3
LR: 0.0001
* TRAIN - Accuracy 90.040 Loss 0.3168
* VALID - Accuracy 90.350 Loss 0.3215
Epoch:4
LR: 0.0001
* TRAIN - Accuracy 89.990 Loss 0.3177
* VALID - Accuracy 89.300 Loss 0.3312
Epoch:5
LR: 0.0001
* TRAIN - Accuracy 90.100 Loss 0.3171
* VALID - Accuracy 88.500 Loss 0.3589
Epoch:6
LR: 0.0001
* TRAIN - Accuracy 90.230 Loss 0.3208
* VALID - Accuracy 89.900 Loss 0.3225
Epoch:7
LR: 0.0001
* TRAIN - Accuracy 90.220 Loss 0.3175
* VALID - Accuracy 90.950 Loss 0.3068
Epoch:8
LR: 0.0001
* TRAIN - Accuracy 90.510 Loss 0.3029
* VALID - Accuracy 90.650 Loss 0.3068
Epoch:9
LR: 0.0001
* TRAIN - Accuracy 90.430 Loss 0.2974
* VALID - Accuracy 89.100 Loss 0.3236
Epoch:10
LR: 0.0001
* TRAIN - Accuracy 90.470 Loss 0.2942
* VALID - Accuracy 90.650 Loss 0.3013
Epoch:11
LR: 0.0001
* TRAIN - Accuracy 90.140 Loss 0.2955
* VALID - Accuracy 91.100 Loss 0.2881
Computing EWC
validation split name: 1
* VALID - Accuracy 87.200 Loss 0.2945
validation split name: 2
* VALID - Accuracy 63.850 Loss 0.9128
validation split name: 3
* VALID - Accuracy 62.150 Loss 0.8899
validation split name: 4
* VALID - Accuracy 77.350 Loss 0.5235
validation split name: 5
* VALID - Accuracy 91.100 Loss 0.2294
OrderedDict([('1', OrderedDict([('1', 97.15), ('2', 84.3), ('3', 81.45), ('4', 60.0), ('5', 87.2)])), ('2', OrderedDict([('2', 83.2), ('3', 74.5), ('4', 57.2), ('5', 63.85)])), ('3', OrderedDict([('3', 86.05), ('4', 67.55), ('5', 62.15)])), ('4', OrderedDict([('4', 92.45), ('5', 77.35)])), ('5', OrderedDict([('5', 91.1)]))])
Task 1 average acc: 97.15
Task 2 average acc: 83.75
Task 3 average acc: 80.66666666666667
Task 4 average acc: 69.3
Task 5 average acc: 76.33
===Summary of experiment repeats: 5 / 10 ===
The regularization coefficient: 500.0
The last avg acc of all repeats: [78.75 77.69 78.65 79.3  76.33  0.    0.    0.    0.    0.  ]
mean: 39.071999999999996 std: 39.07898176769707
Files already downloaded and verified
Files already downloaded and verified
split_boundaries: [0, 2, 4, 6, 8, 10]
{'1': [0, 1], '2': [2, 3], '3': [4, 5], '4': [6, 7], '5': [8, 9]}
CNN(
  (c1): Sequential(
    (0): Conv2d(3, 32, kernel_size=(3, 3), stride=(1, 1), padding=(1, 1))
    (1): BatchNorm2d(32, eps=1e-05, momentum=0.1, affine=True, track_running_stats=True)
    (2): ReLU()
    (3): Conv2d(32, 32, kernel_size=(3, 3), stride=(1, 1), padding=(1, 1))
    (4): BatchNorm2d(32, eps=1e-05, momentum=0.1, affine=True, track_running_stats=True)
    (5): ReLU()
    (6): Conv2d(32, 64, kernel_size=(3, 3), stride=(1, 1), padding=(1, 1))
    (7): BatchNorm2d(64, eps=1e-05, momentum=0.1, affine=True, track_running_stats=True)
    (8): ReLU()
    (9): MaxPool2d(kernel_size=2, stride=2, padding=0, dilation=1, ceil_mode=False)
  )
  (c2): Sequential(
    (0): Conv2d(64, 64, kernel_size=(3, 3), stride=(1, 1), padding=(1, 1))
    (1): BatchNorm2d(64, eps=1e-05, momentum=0.1, affine=True, track_running_stats=True)
    (2): ReLU()
    (3): Conv2d(64, 128, kernel_size=(3, 3), stride=(1, 1), padding=(1, 1))
    (4): BatchNorm2d(128, eps=1e-05, momentum=0.1, affine=True, track_running_stats=True)
    (5): ReLU()
    (6): MaxPool2d(kernel_size=2, stride=2, padding=0, dilation=1, ceil_mode=False)
  )
  (c3): Sequential(
    (0): Conv2d(128, 128, kernel_size=(3, 3), stride=(1, 1), padding=(1, 1))
    (1): BatchNorm2d(128, eps=1e-05, momentum=0.1, affine=True, track_running_stats=True)
    (2): ReLU()
    (3): Conv2d(128, 128, kernel_size=(3, 3), stride=(1, 1), padding=(1, 1))
    (4): BatchNorm2d(128, eps=1e-05, momentum=0.1, affine=True, track_running_stats=True)
    (5): ReLU()
    (6): MaxPool2d(kernel_size=2, stride=2, padding=0, dilation=1, ceil_mode=False)
  )
  (fc1): Sequential(
    (0): Linear(in_features=2048, out_features=256, bias=True)
    (1): ReLU()
  )
  (last): ModuleDict(
    (All): Linear(in_features=256, out_features=2, bias=True)
  )
)
#parameter of model: 960802
Task order: ['1', '2', '3', '4', '5']
============================== Task: 1 ==============================
#reg_term: 0
Epoch:0
LR: 0.001
* TRAIN - Accuracy 78.780 Loss 0.4877
* VALID - Accuracy 88.500 Loss 0.3073
Epoch:1
LR: 0.001
* TRAIN - Accuracy 88.820 Loss 0.2660
* VALID - Accuracy 75.950 Loss 0.4731
Epoch:2
LR: 0.001
* TRAIN - Accuracy 92.070 Loss 0.2037
* VALID - Accuracy 92.400 Loss 0.1810
Epoch:3
LR: 0.001
* TRAIN - Accuracy 93.860 Loss 0.1499
* VALID - Accuracy 91.500 Loss 0.1917
Epoch:4
LR: 0.001
* TRAIN - Accuracy 95.280 Loss 0.1228
* VALID - Accuracy 95.700 Loss 0.1184
Epoch:5
LR: 0.001
* TRAIN - Accuracy 96.070 Loss 0.1007
* VALID - Accuracy 95.300 Loss 0.1222
Epoch:6
LR: 0.001
* TRAIN - Accuracy 96.940 Loss 0.0803
* VALID - Accuracy 97.550 Loss 0.0690
Epoch:7
LR: 0.001
* TRAIN - Accuracy 97.340 Loss 0.0707
* VALID - Accuracy 95.550 Loss 0.1315
Epoch:8
LR: 0.001
* TRAIN - Accuracy 97.390 Loss 0.0658
* VALID - Accuracy 97.850 Loss 0.0642
Epoch:9
LR: 0.001
* TRAIN - Accuracy 97.740 Loss 0.0634
* VALID - Accuracy 97.300 Loss 0.0705
Epoch:10
LR: 0.001
* TRAIN - Accuracy 97.710 Loss 0.0628
* VALID - Accuracy 97.300 Loss 0.0738
Epoch:11
LR: 0.001
* TRAIN - Accuracy 98.110 Loss 0.0511
* VALID - Accuracy 96.850 Loss 0.0889
Computing EWC
validation split name: 1
* VALID - Accuracy 96.850 Loss 0.0889
============================== Task: 2 ==============================
#reg_term: 1
Epoch:0
LR: 0.0001
* TRAIN - Accuracy 70.960 Loss 0.7071
* VALID - Accuracy 75.150 Loss 0.5707
Epoch:1
LR: 0.0001
* TRAIN - Accuracy 76.730 Loss 0.5439
* VALID - Accuracy 77.200 Loss 0.5387
Epoch:2
LR: 0.0001
* TRAIN - Accuracy 78.500 Loss 0.5189
* VALID - Accuracy 78.450 Loss 0.5295
Epoch:3
LR: 0.0001
* TRAIN - Accuracy 79.350 Loss 0.5073
* VALID - Accuracy 79.450 Loss 0.5079
Epoch:4
LR: 0.0001
* TRAIN - Accuracy 80.330 Loss 0.4858
* VALID - Accuracy 79.750 Loss 0.4986
Epoch:5
LR: 0.0001
* TRAIN - Accuracy 80.570 Loss 0.4781
* VALID - Accuracy 77.950 Loss 0.5227
Epoch:6
LR: 0.0001
* TRAIN - Accuracy 81.640 Loss 0.4639
* VALID - Accuracy 81.300 Loss 0.4769
Epoch:7
LR: 0.0001
* TRAIN - Accuracy 82.620 Loss 0.4531
* VALID - Accuracy 81.750 Loss 0.4589
Epoch:8
LR: 0.0001
* TRAIN - Accuracy 83.080 Loss 0.4399
* VALID - Accuracy 80.950 Loss 0.4795
Epoch:9
LR: 0.0001
* TRAIN - Accuracy 83.500 Loss 0.4288
* VALID - Accuracy 82.900 Loss 0.4443
Epoch:10
LR: 0.0001
* TRAIN - Accuracy 84.190 Loss 0.4201
* VALID - Accuracy 83.050 Loss 0.4445
Epoch:11
LR: 0.0001
* TRAIN - Accuracy 84.410 Loss 0.4103
* VALID - Accuracy 83.900 Loss 0.4276
Computing EWC
validation split name: 1
* VALID - Accuracy 85.000 Loss 0.3314
validation split name: 2
* VALID - Accuracy 83.900 Loss 0.3645
============================== Task: 3 ==============================
#reg_term: 1
Epoch:0
LR: 0.0001
* TRAIN - Accuracy 79.370 Loss 0.4895
* VALID - Accuracy 82.250 Loss 0.4551
Epoch:1
LR: 0.0001
* TRAIN - Accuracy 82.410 Loss 0.4535
* VALID - Accuracy 83.950 Loss 0.4406
Epoch:2
LR: 0.0001
* TRAIN - Accuracy 83.110 Loss 0.4494
* VALID - Accuracy 83.500 Loss 0.4393
Epoch:3
LR: 0.0001
* TRAIN - Accuracy 83.690 Loss 0.4385
* VALID - Accuracy 84.800 Loss 0.4327
Epoch:4
LR: 0.0001
* TRAIN - Accuracy 84.160 Loss 0.4333
* VALID - Accuracy 84.750 Loss 0.4172
Epoch:5
LR: 0.0001
* TRAIN - Accuracy 84.230 Loss 0.4303
* VALID - Accuracy 85.300 Loss 0.4199
Epoch:6
LR: 0.0001
* TRAIN - Accuracy 84.800 Loss 0.4170
* VALID - Accuracy 86.200 Loss 0.3965
Epoch:7
LR: 0.0001
* TRAIN - Accuracy 85.600 Loss 0.4128
* VALID - Accuracy 86.000 Loss 0.4003
Epoch:8
LR: 0.0001
* TRAIN - Accuracy 85.690 Loss 0.4054
* VALID - Accuracy 83.700 Loss 0.4474
Epoch:9
LR: 0.0001
* TRAIN - Accuracy 86.320 Loss 0.3965
* VALID - Accuracy 87.600 Loss 0.3749
Epoch:10
LR: 0.0001
* TRAIN - Accuracy 86.780 Loss 0.3821
* VALID - Accuracy 85.250 Loss 0.4272
Epoch:11
LR: 0.0001
* TRAIN - Accuracy 86.720 Loss 0.3852
* VALID - Accuracy 88.050 Loss 0.3634
Computing EWC
validation split name: 1
* VALID - Accuracy 86.450 Loss 0.3115
validation split name: 2
* VALID - Accuracy 74.650 Loss 0.5966
validation split name: 3
* VALID - Accuracy 88.050 Loss 0.2934
============================== Task: 4 ==============================
#reg_term: 1
Epoch:0
LR: 0.0001
* TRAIN - Accuracy 80.800 Loss 0.5615
* VALID - Accuracy 87.500 Loss 0.4554
Epoch:1
LR: 0.0001
* TRAIN - Accuracy 87.750 Loss 0.4573
* VALID - Accuracy 85.850 Loss 0.4718
Epoch:2
LR: 0.0001
* TRAIN - Accuracy 89.400 Loss 0.4248
* VALID - Accuracy 91.100 Loss 0.3857
Epoch:3
LR: 0.0001
* TRAIN - Accuracy 90.300 Loss 0.3947
* VALID - Accuracy 91.400 Loss 0.3567
Epoch:4
LR: 0.0001
* TRAIN - Accuracy 90.740 Loss 0.3732
* VALID - Accuracy 87.800 Loss 0.4172
Epoch:5
LR: 0.0001
* TRAIN - Accuracy 91.090 Loss 0.3599
* VALID - Accuracy 93.650 Loss 0.3225
Epoch:6
LR: 0.0001
* TRAIN - Accuracy 92.190 Loss 0.3390
* VALID - Accuracy 93.150 Loss 0.3097
Epoch:7
LR: 0.0001
* TRAIN - Accuracy 92.230 Loss 0.3358
* VALID - Accuracy 92.100 Loss 0.3250
Epoch:8
LR: 0.0001
* TRAIN - Accuracy 92.250 Loss 0.3303
* VALID - Accuracy 90.050 Loss 0.3626
Epoch:9
LR: 0.0001
* TRAIN - Accuracy 92.840 Loss 0.3202
* VALID - Accuracy 93.450 Loss 0.2988
Epoch:10
LR: 0.0001
* TRAIN - Accuracy 92.800 Loss 0.3155
* VALID - Accuracy 90.300 Loss 0.3528
Epoch:11
LR: 0.0001
* TRAIN - Accuracy 92.840 Loss 0.3169
* VALID - Accuracy 94.000 Loss 0.2898
Computing EWC
validation split name: 1
* VALID - Accuracy 52.800 Loss 1.2539
validation split name: 2
* VALID - Accuracy 62.050 Loss 0.9257
validation split name: 3
* VALID - Accuracy 69.200 Loss 0.7140
validation split name: 4
* VALID - Accuracy 94.000 Loss 0.1590
============================== Task: 5 ==============================
#reg_term: 1
Epoch:0
LR: 0.0001
* TRAIN - Accuracy 87.240 Loss 0.4074
* VALID - Accuracy 89.850 Loss 0.3229
Epoch:1
LR: 0.0001
* TRAIN - Accuracy 88.720 Loss 0.3395
* VALID - Accuracy 90.550 Loss 0.3135
Epoch:2
LR: 0.0001
* TRAIN - Accuracy 89.260 Loss 0.3401
* VALID - Accuracy 90.350 Loss 0.3143
Epoch:3
LR: 0.0001
* TRAIN - Accuracy 88.980 Loss 0.3430
* VALID - Accuracy 89.800 Loss 0.3324
Epoch:4
LR: 0.0001
* TRAIN - Accuracy 89.470 Loss 0.3366
* VALID - Accuracy 90.400 Loss 0.3098
Epoch:5
LR: 0.0001
* TRAIN - Accuracy 89.800 Loss 0.3310
* VALID - Accuracy 90.700 Loss 0.3107
Epoch:6
LR: 0.0001
* TRAIN - Accuracy 89.500 Loss 0.3263
* VALID - Accuracy 90.300 Loss 0.3062
Epoch:7
LR: 0.0001
* TRAIN - Accuracy 89.780 Loss 0.3187
* VALID - Accuracy 89.250 Loss 0.3171
Epoch:8
LR: 0.0001
* TRAIN - Accuracy 89.840 Loss 0.3124
* VALID - Accuracy 91.300 Loss 0.2771
Epoch:9
LR: 0.0001
* TRAIN - Accuracy 89.880 Loss 0.3049
* VALID - Accuracy 91.800 Loss 0.2654
Epoch:10
LR: 0.0001
* TRAIN - Accuracy 90.520 Loss 0.2883
* VALID - Accuracy 91.200 Loss 0.2750
Epoch:11
LR: 0.0001
* TRAIN - Accuracy 90.170 Loss 0.2907
* VALID - Accuracy 91.200 Loss 0.2596
Computing EWC
validation split name: 1
* VALID - Accuracy 88.400 Loss 0.2601
validation split name: 2
* VALID - Accuracy 66.100 Loss 0.7944
validation split name: 3
* VALID - Accuracy 66.250 Loss 0.7767
validation split name: 4
* VALID - Accuracy 74.950 Loss 0.5448
validation split name: 5
* VALID - Accuracy 91.200 Loss 0.2094
OrderedDict([('1', OrderedDict([('1', 96.85), ('2', 85.0), ('3', 86.45), ('4', 52.8), ('5', 88.4)])), ('2', OrderedDict([('2', 83.9), ('3', 74.65), ('4', 62.05), ('5', 66.1)])), ('3', OrderedDict([('3', 88.05), ('4', 69.2), ('5', 66.25)])), ('4', OrderedDict([('4', 94.0), ('5', 74.95)])), ('5', OrderedDict([('5', 91.2)]))])
Task 1 average acc: 96.85
Task 2 average acc: 84.45
Task 3 average acc: 83.05000000000001
Task 4 average acc: 69.5125
Task 5 average acc: 77.38
===Summary of experiment repeats: 6 / 10 ===
The regularization coefficient: 500.0
The last avg acc of all repeats: [78.75 77.69 78.65 79.3  76.33 77.38  0.    0.    0.    0.  ]
mean: 46.809999999999995 std: 38.227978497430385
Files already downloaded and verified
Files already downloaded and verified
split_boundaries: [0, 2, 4, 6, 8, 10]
{'1': [0, 1], '2': [2, 3], '3': [4, 5], '4': [6, 7], '5': [8, 9]}
CNN(
  (c1): Sequential(
    (0): Conv2d(3, 32, kernel_size=(3, 3), stride=(1, 1), padding=(1, 1))
    (1): BatchNorm2d(32, eps=1e-05, momentum=0.1, affine=True, track_running_stats=True)
    (2): ReLU()
    (3): Conv2d(32, 32, kernel_size=(3, 3), stride=(1, 1), padding=(1, 1))
    (4): BatchNorm2d(32, eps=1e-05, momentum=0.1, affine=True, track_running_stats=True)
    (5): ReLU()
    (6): Conv2d(32, 64, kernel_size=(3, 3), stride=(1, 1), padding=(1, 1))
    (7): BatchNorm2d(64, eps=1e-05, momentum=0.1, affine=True, track_running_stats=True)
    (8): ReLU()
    (9): MaxPool2d(kernel_size=2, stride=2, padding=0, dilation=1, ceil_mode=False)
  )
  (c2): Sequential(
    (0): Conv2d(64, 64, kernel_size=(3, 3), stride=(1, 1), padding=(1, 1))
    (1): BatchNorm2d(64, eps=1e-05, momentum=0.1, affine=True, track_running_stats=True)
    (2): ReLU()
    (3): Conv2d(64, 128, kernel_size=(3, 3), stride=(1, 1), padding=(1, 1))
    (4): BatchNorm2d(128, eps=1e-05, momentum=0.1, affine=True, track_running_stats=True)
    (5): ReLU()
    (6): MaxPool2d(kernel_size=2, stride=2, padding=0, dilation=1, ceil_mode=False)
  )
  (c3): Sequential(
    (0): Conv2d(128, 128, kernel_size=(3, 3), stride=(1, 1), padding=(1, 1))
    (1): BatchNorm2d(128, eps=1e-05, momentum=0.1, affine=True, track_running_stats=True)
    (2): ReLU()
    (3): Conv2d(128, 128, kernel_size=(3, 3), stride=(1, 1), padding=(1, 1))
    (4): BatchNorm2d(128, eps=1e-05, momentum=0.1, affine=True, track_running_stats=True)
    (5): ReLU()
    (6): MaxPool2d(kernel_size=2, stride=2, padding=0, dilation=1, ceil_mode=False)
  )
  (fc1): Sequential(
    (0): Linear(in_features=2048, out_features=256, bias=True)
    (1): ReLU()
  )
  (last): ModuleDict(
    (All): Linear(in_features=256, out_features=2, bias=True)
  )
)
#parameter of model: 960802
Task order: ['1', '2', '3', '4', '5']
============================== Task: 1 ==============================
#reg_term: 0
Epoch:0
LR: 0.001
* TRAIN - Accuracy 81.640 Loss 0.4130
* VALID - Accuracy 88.800 Loss 0.2592
Epoch:1
LR: 0.001
* TRAIN - Accuracy 89.700 Loss 0.2533
* VALID - Accuracy 89.250 Loss 0.2519
Epoch:2
LR: 0.001
* TRAIN - Accuracy 91.980 Loss 0.2022
* VALID - Accuracy 91.550 Loss 0.2033
Epoch:3
LR: 0.001
* TRAIN - Accuracy 93.960 Loss 0.1512
* VALID - Accuracy 96.000 Loss 0.1096
Epoch:4
LR: 0.001
* TRAIN - Accuracy 95.280 Loss 0.1224
* VALID - Accuracy 93.450 Loss 0.1841
Epoch:5
LR: 0.001
* TRAIN - Accuracy 95.550 Loss 0.1178
* VALID - Accuracy 96.700 Loss 0.0876
Epoch:6
LR: 0.001
* TRAIN - Accuracy 96.610 Loss 0.0897
* VALID - Accuracy 97.200 Loss 0.0693
Epoch:7
LR: 0.001
* TRAIN - Accuracy 97.000 Loss 0.0775
* VALID - Accuracy 96.150 Loss 0.1158
Epoch:8
LR: 0.001
* TRAIN - Accuracy 97.140 Loss 0.0786
* VALID - Accuracy 97.600 Loss 0.0731
Epoch:9
LR: 0.001
* TRAIN - Accuracy 97.570 Loss 0.0647
* VALID - Accuracy 97.600 Loss 0.0652
Epoch:10
LR: 0.001
* TRAIN - Accuracy 97.910 Loss 0.0560
* VALID - Accuracy 97.400 Loss 0.0691
Epoch:11
LR: 0.001
* TRAIN - Accuracy 98.020 Loss 0.0537
* VALID - Accuracy 98.150 Loss 0.0621
Computing EWC
validation split name: 1
* VALID - Accuracy 98.150 Loss 0.0621
============================== Task: 2 ==============================
#reg_term: 1
Epoch:0
LR: 0.0001
* TRAIN - Accuracy 73.240 Loss 0.6678
* VALID - Accuracy 76.600 Loss 0.5321
Epoch:1
LR: 0.0001
* TRAIN - Accuracy 78.020 Loss 0.5030
* VALID - Accuracy 77.900 Loss 0.5032
Epoch:2
LR: 0.0001
* TRAIN - Accuracy 79.080 Loss 0.4931
* VALID - Accuracy 79.000 Loss 0.4923
Epoch:3
LR: 0.0001
* TRAIN - Accuracy 79.550 Loss 0.4811
* VALID - Accuracy 78.350 Loss 0.4894
Epoch:4
LR: 0.0001
* TRAIN - Accuracy 79.830 Loss 0.4737
* VALID - Accuracy 80.550 Loss 0.4686
Epoch:5
LR: 0.0001
* TRAIN - Accuracy 81.590 Loss 0.4599
* VALID - Accuracy 80.550 Loss 0.4618
Epoch:6
LR: 0.0001
* TRAIN - Accuracy 81.530 Loss 0.4477
* VALID - Accuracy 81.700 Loss 0.4602
Epoch:7
LR: 0.0001
* TRAIN - Accuracy 82.430 Loss 0.4410
* VALID - Accuracy 82.900 Loss 0.4395
Epoch:8
LR: 0.0001
* TRAIN - Accuracy 83.860 Loss 0.4197
* VALID - Accuracy 79.700 Loss 0.5003
Epoch:9
LR: 0.0001
* TRAIN - Accuracy 84.420 Loss 0.4089
* VALID - Accuracy 82.950 Loss 0.4281
Epoch:10
LR: 0.0001
* TRAIN - Accuracy 85.160 Loss 0.3965
* VALID - Accuracy 81.650 Loss 0.4586
Epoch:11
LR: 0.0001
* TRAIN - Accuracy 85.450 Loss 0.3856
* VALID - Accuracy 84.350 Loss 0.4043
Computing EWC
validation split name: 1
* VALID - Accuracy 86.900 Loss 0.2864
validation split name: 2
* VALID - Accuracy 84.350 Loss 0.3473
============================== Task: 3 ==============================
#reg_term: 1
Epoch:0
LR: 0.0001
* TRAIN - Accuracy 80.320 Loss 0.4865
* VALID - Accuracy 82.550 Loss 0.4621
Epoch:1
LR: 0.0001
* TRAIN - Accuracy 82.860 Loss 0.4537
* VALID - Accuracy 82.950 Loss 0.4554
Epoch:2
LR: 0.0001
* TRAIN - Accuracy 83.410 Loss 0.4394
* VALID - Accuracy 83.800 Loss 0.4534
Epoch:3
LR: 0.0001
* TRAIN - Accuracy 84.070 Loss 0.4362
* VALID - Accuracy 84.600 Loss 0.4376
Epoch:4
LR: 0.0001
* TRAIN - Accuracy 84.110 Loss 0.4338
* VALID - Accuracy 82.850 Loss 0.4619
Epoch:5
LR: 0.0001
* TRAIN - Accuracy 84.670 Loss 0.4251
* VALID - Accuracy 85.000 Loss 0.4268
Epoch:6
LR: 0.0001
* TRAIN - Accuracy 85.070 Loss 0.4187
* VALID - Accuracy 84.950 Loss 0.4273
Epoch:7
LR: 0.0001
* TRAIN - Accuracy 85.520 Loss 0.4081
* VALID - Accuracy 85.950 Loss 0.4038
Epoch:8
LR: 0.0001
* TRAIN - Accuracy 86.170 Loss 0.3993
* VALID - Accuracy 86.350 Loss 0.4077
Epoch:9
LR: 0.0001
* TRAIN - Accuracy 86.340 Loss 0.3917
* VALID - Accuracy 86.600 Loss 0.4010
Epoch:10
LR: 0.0001
* TRAIN - Accuracy 86.960 Loss 0.3854
* VALID - Accuracy 86.900 Loss 0.3890
Epoch:11
LR: 0.0001
* TRAIN - Accuracy 86.980 Loss 0.3749
* VALID - Accuracy 87.200 Loss 0.3821
Computing EWC
validation split name: 1
* VALID - Accuracy 81.250 Loss 0.3976
validation split name: 2
* VALID - Accuracy 75.400 Loss 0.5874
validation split name: 3
* VALID - Accuracy 87.200 Loss 0.3079
============================== Task: 4 ==============================
#reg_term: 1
Epoch:0
LR: 0.0001
* TRAIN - Accuracy 81.450 Loss 0.5594
* VALID - Accuracy 88.250 Loss 0.4271
Epoch:1
LR: 0.0001
* TRAIN - Accuracy 86.610 Loss 0.4617
* VALID - Accuracy 90.100 Loss 0.4003
Epoch:2
LR: 0.0001
* TRAIN - Accuracy 88.090 Loss 0.4333
* VALID - Accuracy 91.300 Loss 0.3739
Epoch:3
LR: 0.0001
* TRAIN - Accuracy 90.010 Loss 0.3935
* VALID - Accuracy 92.250 Loss 0.3380
Epoch:4
LR: 0.0001
* TRAIN - Accuracy 91.260 Loss 0.3590
* VALID - Accuracy 93.300 Loss 0.3186
Epoch:5
LR: 0.0001
* TRAIN - Accuracy 91.450 Loss 0.3529
* VALID - Accuracy 93.500 Loss 0.3031
Epoch:6
LR: 0.0001
* TRAIN - Accuracy 92.440 Loss 0.3280
* VALID - Accuracy 89.850 Loss 0.3657
Epoch:7
LR: 0.0001
* TRAIN - Accuracy 92.540 Loss 0.3222
* VALID - Accuracy 93.050 Loss 0.3041
Epoch:8
LR: 0.0001
* TRAIN - Accuracy 92.630 Loss 0.3081
* VALID - Accuracy 92.550 Loss 0.3179
Epoch:9
LR: 0.0001
* TRAIN - Accuracy 93.060 Loss 0.3010
* VALID - Accuracy 94.650 Loss 0.2689
Epoch:10
LR: 0.0001
* TRAIN - Accuracy 92.970 Loss 0.3031
* VALID - Accuracy 93.600 Loss 0.2685
Epoch:11
LR: 0.0001
* TRAIN - Accuracy 93.600 Loss 0.2918
* VALID - Accuracy 92.950 Loss 0.2898
Computing EWC
validation split name: 1
* VALID - Accuracy 51.400 Loss 1.2779
validation split name: 2
* VALID - Accuracy 60.500 Loss 1.0259
validation split name: 3
* VALID - Accuracy 63.950 Loss 0.9865
validation split name: 4
* VALID - Accuracy 92.950 Loss 0.1766
============================== Task: 5 ==============================
#reg_term: 1
Epoch:0
LR: 0.0001
* TRAIN - Accuracy 88.370 Loss 0.3647
* VALID - Accuracy 91.150 Loss 0.3168
Epoch:1
LR: 0.0001
* TRAIN - Accuracy 90.050 Loss 0.3273
* VALID - Accuracy 91.200 Loss 0.3023
Epoch:2
LR: 0.0001
* TRAIN - Accuracy 90.050 Loss 0.3181
* VALID - Accuracy 91.650 Loss 0.2919
Epoch:3
LR: 0.0001
* TRAIN - Accuracy 90.170 Loss 0.3187
* VALID - Accuracy 92.000 Loss 0.2900
Epoch:4
LR: 0.0001
* TRAIN - Accuracy 90.350 Loss 0.3150
* VALID - Accuracy 91.800 Loss 0.2944
Epoch:5
LR: 0.0001
* TRAIN - Accuracy 90.780 Loss 0.3082
* VALID - Accuracy 91.750 Loss 0.2820
Epoch:6
LR: 0.0001
* TRAIN - Accuracy 90.930 Loss 0.3010
* VALID - Accuracy 91.400 Loss 0.2971
Epoch:7
LR: 0.0001
* TRAIN - Accuracy 90.950 Loss 0.2895
* VALID - Accuracy 91.850 Loss 0.2773
Epoch:8
LR: 0.0001
* TRAIN - Accuracy 90.820 Loss 0.2976
* VALID - Accuracy 91.850 Loss 0.2795
Epoch:9
LR: 0.0001
* TRAIN - Accuracy 91.050 Loss 0.2931
* VALID - Accuracy 91.700 Loss 0.2772
Epoch:10
LR: 0.0001
* TRAIN - Accuracy 91.300 Loss 0.2837
* VALID - Accuracy 92.850 Loss 0.2592
Epoch:11
LR: 0.0001
* TRAIN - Accuracy 91.910 Loss 0.2763
* VALID - Accuracy 92.700 Loss 0.2612
Computing EWC
validation split name: 1
* VALID - Accuracy 86.950 Loss 0.3057
validation split name: 2
* VALID - Accuracy 66.650 Loss 0.7132
validation split name: 3
* VALID - Accuracy 65.600 Loss 0.7340
validation split name: 4
* VALID - Accuracy 81.900 Loss 0.4008
validation split name: 5
* VALID - Accuracy 92.700 Loss 0.1901
OrderedDict([('1', OrderedDict([('1', 98.15), ('2', 86.9), ('3', 81.25), ('4', 51.4), ('5', 86.95)])), ('2', OrderedDict([('2', 84.35), ('3', 75.4), ('4', 60.5), ('5', 66.65)])), ('3', OrderedDict([('3', 87.2), ('4', 63.95), ('5', 65.6)])), ('4', OrderedDict([('4', 92.95), ('5', 81.9)])), ('5', OrderedDict([('5', 92.7)]))])
Task 1 average acc: 98.15
Task 2 average acc: 85.625
Task 3 average acc: 81.28333333333335
Task 4 average acc: 67.2
Task 5 average acc: 78.76
===Summary of experiment repeats: 7 / 10 ===
The regularization coefficient: 500.0
The last avg acc of all repeats: [78.75 77.69 78.65 79.3  76.33 77.38 78.76  0.    0.    0.  ]
mean: 54.68599999999999 std: 35.80935078998222
Files already downloaded and verified
Files already downloaded and verified
split_boundaries: [0, 2, 4, 6, 8, 10]
{'1': [0, 1], '2': [2, 3], '3': [4, 5], '4': [6, 7], '5': [8, 9]}
CNN(
  (c1): Sequential(
    (0): Conv2d(3, 32, kernel_size=(3, 3), stride=(1, 1), padding=(1, 1))
    (1): BatchNorm2d(32, eps=1e-05, momentum=0.1, affine=True, track_running_stats=True)
    (2): ReLU()
    (3): Conv2d(32, 32, kernel_size=(3, 3), stride=(1, 1), padding=(1, 1))
    (4): BatchNorm2d(32, eps=1e-05, momentum=0.1, affine=True, track_running_stats=True)
    (5): ReLU()
    (6): Conv2d(32, 64, kernel_size=(3, 3), stride=(1, 1), padding=(1, 1))
    (7): BatchNorm2d(64, eps=1e-05, momentum=0.1, affine=True, track_running_stats=True)
    (8): ReLU()
    (9): MaxPool2d(kernel_size=2, stride=2, padding=0, dilation=1, ceil_mode=False)
  )
  (c2): Sequential(
    (0): Conv2d(64, 64, kernel_size=(3, 3), stride=(1, 1), padding=(1, 1))
    (1): BatchNorm2d(64, eps=1e-05, momentum=0.1, affine=True, track_running_stats=True)
    (2): ReLU()
    (3): Conv2d(64, 128, kernel_size=(3, 3), stride=(1, 1), padding=(1, 1))
    (4): BatchNorm2d(128, eps=1e-05, momentum=0.1, affine=True, track_running_stats=True)
    (5): ReLU()
    (6): MaxPool2d(kernel_size=2, stride=2, padding=0, dilation=1, ceil_mode=False)
  )
  (c3): Sequential(
    (0): Conv2d(128, 128, kernel_size=(3, 3), stride=(1, 1), padding=(1, 1))
    (1): BatchNorm2d(128, eps=1e-05, momentum=0.1, affine=True, track_running_stats=True)
    (2): ReLU()
    (3): Conv2d(128, 128, kernel_size=(3, 3), stride=(1, 1), padding=(1, 1))
    (4): BatchNorm2d(128, eps=1e-05, momentum=0.1, affine=True, track_running_stats=True)
    (5): ReLU()
    (6): MaxPool2d(kernel_size=2, stride=2, padding=0, dilation=1, ceil_mode=False)
  )
  (fc1): Sequential(
    (0): Linear(in_features=2048, out_features=256, bias=True)
    (1): ReLU()
  )
  (last): ModuleDict(
    (All): Linear(in_features=256, out_features=2, bias=True)
  )
)
#parameter of model: 960802
Task order: ['1', '2', '3', '4', '5']
============================== Task: 1 ==============================
#reg_term: 0
Epoch:0
LR: 0.001
* TRAIN - Accuracy 81.810 Loss 0.4273
* VALID - Accuracy 88.450 Loss 0.2813
Epoch:1
LR: 0.001
* TRAIN - Accuracy 89.480 Loss 0.2506
* VALID - Accuracy 87.850 Loss 0.3758
Epoch:2
LR: 0.001
* TRAIN - Accuracy 91.940 Loss 0.1985
* VALID - Accuracy 93.300 Loss 0.1719
Epoch:3
LR: 0.001
* TRAIN - Accuracy 94.080 Loss 0.1514
* VALID - Accuracy 95.450 Loss 0.1186
Epoch:4
LR: 0.001
* TRAIN - Accuracy 95.650 Loss 0.1153
* VALID - Accuracy 95.700 Loss 0.1053
Epoch:5
LR: 0.001
* TRAIN - Accuracy 96.130 Loss 0.0976
* VALID - Accuracy 97.600 Loss 0.0671
Epoch:6
LR: 0.001
* TRAIN - Accuracy 96.590 Loss 0.0897
* VALID - Accuracy 96.200 Loss 0.0969
Epoch:7
LR: 0.001
* TRAIN - Accuracy 97.550 Loss 0.0684
* VALID - Accuracy 97.200 Loss 0.0704
Epoch:8
LR: 0.001
* TRAIN - Accuracy 97.270 Loss 0.0683
* VALID - Accuracy 97.300 Loss 0.0709
Epoch:9
LR: 0.001
* TRAIN - Accuracy 97.640 Loss 0.0672
* VALID - Accuracy 97.900 Loss 0.0562
Epoch:10
LR: 0.001
* TRAIN - Accuracy 97.900 Loss 0.0563
* VALID - Accuracy 93.650 Loss 0.1796
Epoch:11
LR: 0.001
* TRAIN - Accuracy 97.830 Loss 0.0546
* VALID - Accuracy 97.900 Loss 0.0631
Computing EWC
validation split name: 1
* VALID - Accuracy 97.900 Loss 0.0631
============================== Task: 2 ==============================
#reg_term: 1
Epoch:0
LR: 0.0001
* TRAIN - Accuracy 70.910 Loss 0.7196
* VALID - Accuracy 76.000 Loss 0.5686
Epoch:1
LR: 0.0001
* TRAIN - Accuracy 76.690 Loss 0.5423
* VALID - Accuracy 78.450 Loss 0.5331
Epoch:2
LR: 0.0001
* TRAIN - Accuracy 79.190 Loss 0.5102
* VALID - Accuracy 78.700 Loss 0.5253
Epoch:3
LR: 0.0001
* TRAIN - Accuracy 80.220 Loss 0.4897
* VALID - Accuracy 80.050 Loss 0.4962
Epoch:4
LR: 0.0001
* TRAIN - Accuracy 81.520 Loss 0.4710
* VALID - Accuracy 80.750 Loss 0.4877
Epoch:5
LR: 0.0001
* TRAIN - Accuracy 82.400 Loss 0.4501
* VALID - Accuracy 82.350 Loss 0.4570
Epoch:6
LR: 0.0001
* TRAIN - Accuracy 82.440 Loss 0.4469
* VALID - Accuracy 82.100 Loss 0.4515
Epoch:7
LR: 0.0001
* TRAIN - Accuracy 83.730 Loss 0.4312
* VALID - Accuracy 83.050 Loss 0.4380
Epoch:8
LR: 0.0001
* TRAIN - Accuracy 84.110 Loss 0.4215
* VALID - Accuracy 82.450 Loss 0.4418
Epoch:9
LR: 0.0001
* TRAIN - Accuracy 84.500 Loss 0.4168
* VALID - Accuracy 82.550 Loss 0.4440
Epoch:10
LR: 0.0001
* TRAIN - Accuracy 84.840 Loss 0.4027
* VALID - Accuracy 83.800 Loss 0.4233
Epoch:11
LR: 0.0001
* TRAIN - Accuracy 85.580 Loss 0.3967
* VALID - Accuracy 84.600 Loss 0.4136
Computing EWC
validation split name: 1
* VALID - Accuracy 87.350 Loss 0.3037
validation split name: 2
* VALID - Accuracy 84.600 Loss 0.3545
============================== Task: 3 ==============================
#reg_term: 1
Epoch:0
LR: 0.0001
* TRAIN - Accuracy 78.850 Loss 0.5131
* VALID - Accuracy 82.350 Loss 0.4782
Epoch:1
LR: 0.0001
* TRAIN - Accuracy 82.470 Loss 0.4693
* VALID - Accuracy 82.500 Loss 0.4874
Epoch:2
LR: 0.0001
* TRAIN - Accuracy 82.910 Loss 0.4606
* VALID - Accuracy 83.700 Loss 0.4639
Epoch:3
LR: 0.0001
* TRAIN - Accuracy 82.930 Loss 0.4592
* VALID - Accuracy 82.850 Loss 0.4700
Epoch:4
LR: 0.0001
* TRAIN - Accuracy 83.930 Loss 0.4534
* VALID - Accuracy 83.900 Loss 0.4593
Epoch:5
LR: 0.0001
* TRAIN - Accuracy 84.010 Loss 0.4530
* VALID - Accuracy 85.250 Loss 0.4434
Epoch:6
LR: 0.0001
* TRAIN - Accuracy 83.880 Loss 0.4496
* VALID - Accuracy 83.950 Loss 0.4676
Epoch:7
LR: 0.0001
* TRAIN - Accuracy 84.380 Loss 0.4465
* VALID - Accuracy 86.350 Loss 0.4265
Epoch:8
LR: 0.0001
* TRAIN - Accuracy 85.030 Loss 0.4337
* VALID - Accuracy 86.250 Loss 0.4219
Epoch:9
LR: 0.0001
* TRAIN - Accuracy 85.410 Loss 0.4241
* VALID - Accuracy 85.550 Loss 0.4323
Epoch:10
LR: 0.0001
* TRAIN - Accuracy 85.770 Loss 0.4193
* VALID - Accuracy 87.000 Loss 0.4129
Epoch:11
LR: 0.0001
* TRAIN - Accuracy 86.280 Loss 0.4091
* VALID - Accuracy 86.800 Loss 0.3973
Computing EWC
validation split name: 1
* VALID - Accuracy 85.200 Loss 0.3323
validation split name: 2
* VALID - Accuracy 74.450 Loss 0.5661
validation split name: 3
* VALID - Accuracy 86.800 Loss 0.3144
============================== Task: 4 ==============================
#reg_term: 1
Epoch:0
LR: 0.0001
* TRAIN - Accuracy 81.760 Loss 0.5295
* VALID - Accuracy 87.900 Loss 0.4251
Epoch:1
LR: 0.0001
* TRAIN - Accuracy 86.660 Loss 0.4521
* VALID - Accuracy 88.550 Loss 0.4182
Epoch:2
LR: 0.0001
* TRAIN - Accuracy 87.730 Loss 0.4404
* VALID - Accuracy 88.150 Loss 0.4195
Epoch:3
LR: 0.0001
* TRAIN - Accuracy 88.410 Loss 0.4302
* VALID - Accuracy 90.650 Loss 0.3869
Epoch:4
LR: 0.0001
* TRAIN - Accuracy 88.710 Loss 0.4248
* VALID - Accuracy 90.500 Loss 0.3988
Epoch:5
LR: 0.0001
* TRAIN - Accuracy 89.930 Loss 0.4128
* VALID - Accuracy 90.850 Loss 0.3791
Epoch:6
LR: 0.0001
* TRAIN - Accuracy 90.450 Loss 0.3918
* VALID - Accuracy 90.250 Loss 0.3703
Epoch:7
LR: 0.0001
* TRAIN - Accuracy 90.860 Loss 0.3855
* VALID - Accuracy 91.950 Loss 0.3526
Epoch:8
LR: 0.0001
* TRAIN - Accuracy 90.870 Loss 0.3793
* VALID - Accuracy 91.450 Loss 0.3550
Epoch:9
LR: 0.0001
* TRAIN - Accuracy 91.690 Loss 0.3741
* VALID - Accuracy 89.450 Loss 0.3887
Epoch:10
LR: 0.0001
* TRAIN - Accuracy 91.620 Loss 0.3687
* VALID - Accuracy 92.200 Loss 0.3362
Epoch:11
LR: 0.0001
* TRAIN - Accuracy 91.710 Loss 0.3613
* VALID - Accuracy 89.900 Loss 0.3735
Computing EWC
validation split name: 1
* VALID - Accuracy 47.250 Loss 1.4660
validation split name: 2
* VALID - Accuracy 58.800 Loss 0.9262
validation split name: 3
* VALID - Accuracy 72.150 Loss 0.6019
validation split name: 4
* VALID - Accuracy 89.900 Loss 0.2260
============================== Task: 5 ==============================
#reg_term: 1
Epoch:0
LR: 0.0001
* TRAIN - Accuracy 87.850 Loss 0.4013
* VALID - Accuracy 89.750 Loss 0.3193
Epoch:1
LR: 0.0001
* TRAIN - Accuracy 89.860 Loss 0.3349
* VALID - Accuracy 89.800 Loss 0.3133
Epoch:2
LR: 0.0001
* TRAIN - Accuracy 89.940 Loss 0.3263
* VALID - Accuracy 90.100 Loss 0.3048
Epoch:3
LR: 0.0001
* TRAIN - Accuracy 89.730 Loss 0.3209
* VALID - Accuracy 90.800 Loss 0.2967
Epoch:4
LR: 0.0001
* TRAIN - Accuracy 90.020 Loss 0.3171
* VALID - Accuracy 90.300 Loss 0.3049
Epoch:5
LR: 0.0001
* TRAIN - Accuracy 90.500 Loss 0.3016
* VALID - Accuracy 91.100 Loss 0.2781
Epoch:6
LR: 0.0001
* TRAIN - Accuracy 90.690 Loss 0.2979
* VALID - Accuracy 91.400 Loss 0.2691
Epoch:7
LR: 0.0001
* TRAIN - Accuracy 90.480 Loss 0.2916
* VALID - Accuracy 91.250 Loss 0.2729
Epoch:8
LR: 0.0001
* TRAIN - Accuracy 90.350 Loss 0.2860
* VALID - Accuracy 91.400 Loss 0.2620
Epoch:9
LR: 0.0001
* TRAIN - Accuracy 91.130 Loss 0.2790
* VALID - Accuracy 91.800 Loss 0.2581
Epoch:10
LR: 0.0001
* TRAIN - Accuracy 90.840 Loss 0.2767
* VALID - Accuracy 92.100 Loss 0.2546
Epoch:11
LR: 0.0001
* TRAIN - Accuracy 90.660 Loss 0.2790
* VALID - Accuracy 91.900 Loss 0.2583
Computing EWC
validation split name: 1
* VALID - Accuracy 87.550 Loss 0.2851
validation split name: 2
* VALID - Accuracy 66.500 Loss 0.8043
validation split name: 3
* VALID - Accuracy 64.350 Loss 0.8726
validation split name: 4
* VALID - Accuracy 69.950 Loss 0.6449
validation split name: 5
* VALID - Accuracy 91.900 Loss 0.2019
OrderedDict([('1', OrderedDict([('1', 97.9), ('2', 87.35), ('3', 85.2), ('4', 47.25), ('5', 87.55)])), ('2', OrderedDict([('2', 84.6), ('3', 74.45), ('4', 58.8), ('5', 66.5)])), ('3', OrderedDict([('3', 86.8), ('4', 72.15), ('5', 64.35)])), ('4', OrderedDict([('4', 89.9), ('5', 69.95)])), ('5', OrderedDict([('5', 91.9)]))])
Task 1 average acc: 97.9
Task 2 average acc: 85.975
Task 3 average acc: 82.14999999999999
Task 4 average acc: 67.025
Task 5 average acc: 76.05
===Summary of experiment repeats: 8 / 10 ===
The regularization coefficient: 500.0
The last avg acc of all repeats: [78.75 77.69 78.65 79.3  76.33 77.38 78.76 76.05  0.    0.  ]
mean: 62.291 std: 31.161831926252347
Files already downloaded and verified
Files already downloaded and verified
split_boundaries: [0, 2, 4, 6, 8, 10]
{'1': [0, 1], '2': [2, 3], '3': [4, 5], '4': [6, 7], '5': [8, 9]}
CNN(
  (c1): Sequential(
    (0): Conv2d(3, 32, kernel_size=(3, 3), stride=(1, 1), padding=(1, 1))
    (1): BatchNorm2d(32, eps=1e-05, momentum=0.1, affine=True, track_running_stats=True)
    (2): ReLU()
    (3): Conv2d(32, 32, kernel_size=(3, 3), stride=(1, 1), padding=(1, 1))
    (4): BatchNorm2d(32, eps=1e-05, momentum=0.1, affine=True, track_running_stats=True)
    (5): ReLU()
    (6): Conv2d(32, 64, kernel_size=(3, 3), stride=(1, 1), padding=(1, 1))
    (7): BatchNorm2d(64, eps=1e-05, momentum=0.1, affine=True, track_running_stats=True)
    (8): ReLU()
    (9): MaxPool2d(kernel_size=2, stride=2, padding=0, dilation=1, ceil_mode=False)
  )
  (c2): Sequential(
    (0): Conv2d(64, 64, kernel_size=(3, 3), stride=(1, 1), padding=(1, 1))
    (1): BatchNorm2d(64, eps=1e-05, momentum=0.1, affine=True, track_running_stats=True)
    (2): ReLU()
    (3): Conv2d(64, 128, kernel_size=(3, 3), stride=(1, 1), padding=(1, 1))
    (4): BatchNorm2d(128, eps=1e-05, momentum=0.1, affine=True, track_running_stats=True)
    (5): ReLU()
    (6): MaxPool2d(kernel_size=2, stride=2, padding=0, dilation=1, ceil_mode=False)
  )
  (c3): Sequential(
    (0): Conv2d(128, 128, kernel_size=(3, 3), stride=(1, 1), padding=(1, 1))
    (1): BatchNorm2d(128, eps=1e-05, momentum=0.1, affine=True, track_running_stats=True)
    (2): ReLU()
    (3): Conv2d(128, 128, kernel_size=(3, 3), stride=(1, 1), padding=(1, 1))
    (4): BatchNorm2d(128, eps=1e-05, momentum=0.1, affine=True, track_running_stats=True)
    (5): ReLU()
    (6): MaxPool2d(kernel_size=2, stride=2, padding=0, dilation=1, ceil_mode=False)
  )
  (fc1): Sequential(
    (0): Linear(in_features=2048, out_features=256, bias=True)
    (1): ReLU()
  )
  (last): ModuleDict(
    (All): Linear(in_features=256, out_features=2, bias=True)
  )
)
#parameter of model: 960802
Task order: ['1', '2', '3', '4', '5']
============================== Task: 1 ==============================
#reg_term: 0
Epoch:0
LR: 0.001
* TRAIN - Accuracy 78.420 Loss 0.4852
* VALID - Accuracy 88.750 Loss 0.2720
Epoch:1
LR: 0.001
* TRAIN - Accuracy 88.350 Loss 0.2733
* VALID - Accuracy 60.300 Loss 1.1030
Epoch:2
LR: 0.001
* TRAIN - Accuracy 90.840 Loss 0.2228
* VALID - Accuracy 93.450 Loss 0.1808
Epoch:3
LR: 0.001
* TRAIN - Accuracy 92.960 Loss 0.1758
* VALID - Accuracy 86.750 Loss 0.4030
Epoch:4
LR: 0.001
* TRAIN - Accuracy 94.660 Loss 0.1342
* VALID - Accuracy 95.700 Loss 0.1145
Epoch:5
LR: 0.001
* TRAIN - Accuracy 96.560 Loss 0.0939
* VALID - Accuracy 95.900 Loss 0.1094
Epoch:6
LR: 0.001
* TRAIN - Accuracy 96.400 Loss 0.0939
* VALID - Accuracy 96.950 Loss 0.0850
Epoch:7
LR: 0.001
* TRAIN - Accuracy 97.360 Loss 0.0740
* VALID - Accuracy 97.300 Loss 0.0733
Epoch:8
LR: 0.001
* TRAIN - Accuracy 97.480 Loss 0.0675
* VALID - Accuracy 96.200 Loss 0.1001
Epoch:9
LR: 0.001
* TRAIN - Accuracy 97.610 Loss 0.0636
* VALID - Accuracy 97.400 Loss 0.0650
Epoch:10
LR: 0.001
* TRAIN - Accuracy 97.870 Loss 0.0579
* VALID - Accuracy 98.100 Loss 0.0513
Epoch:11
LR: 0.001
* TRAIN - Accuracy 98.100 Loss 0.0510
* VALID - Accuracy 98.050 Loss 0.0549
Computing EWC
validation split name: 1
* VALID - Accuracy 98.050 Loss 0.0549
============================== Task: 2 ==============================
#reg_term: 1
Epoch:0
LR: 0.0001
* TRAIN - Accuracy 71.660 Loss 0.7404
* VALID - Accuracy 75.950 Loss 0.5660
Epoch:1
LR: 0.0001
* TRAIN - Accuracy 77.500 Loss 0.5370
* VALID - Accuracy 77.400 Loss 0.5272
Epoch:2
LR: 0.0001
* TRAIN - Accuracy 78.500 Loss 0.5142
* VALID - Accuracy 78.250 Loss 0.5189
Epoch:3
LR: 0.0001
* TRAIN - Accuracy 79.890 Loss 0.4888
* VALID - Accuracy 80.100 Loss 0.4946
Epoch:4
LR: 0.0001
* TRAIN - Accuracy 81.420 Loss 0.4723
* VALID - Accuracy 81.000 Loss 0.4828
Epoch:5
LR: 0.0001
* TRAIN - Accuracy 82.470 Loss 0.4484
* VALID - Accuracy 81.700 Loss 0.4620
Epoch:6
LR: 0.0001
* TRAIN - Accuracy 83.190 Loss 0.4342
* VALID - Accuracy 81.200 Loss 0.4677
Epoch:7
LR: 0.0001
* TRAIN - Accuracy 83.930 Loss 0.4247
* VALID - Accuracy 83.650 Loss 0.4345
Epoch:8
LR: 0.0001
* TRAIN - Accuracy 84.450 Loss 0.4146
* VALID - Accuracy 81.600 Loss 0.4761
Epoch:9
LR: 0.0001
* TRAIN - Accuracy 84.790 Loss 0.4046
* VALID - Accuracy 83.700 Loss 0.4167
Epoch:10
LR: 0.0001
* TRAIN - Accuracy 85.870 Loss 0.3924
* VALID - Accuracy 84.550 Loss 0.4158
Epoch:11
LR: 0.0001
* TRAIN - Accuracy 85.960 Loss 0.3854
* VALID - Accuracy 84.550 Loss 0.4078
Computing EWC
validation split name: 1
* VALID - Accuracy 81.400 Loss 0.3909
validation split name: 2
* VALID - Accuracy 84.550 Loss 0.3451
============================== Task: 3 ==============================
#reg_term: 1
Epoch:0
LR: 0.0001
* TRAIN - Accuracy 79.790 Loss 0.4951
* VALID - Accuracy 83.300 Loss 0.4490
Epoch:1
LR: 0.0001
* TRAIN - Accuracy 82.820 Loss 0.4555
* VALID - Accuracy 84.100 Loss 0.4407
Epoch:2
LR: 0.0001
* TRAIN - Accuracy 83.580 Loss 0.4433
* VALID - Accuracy 85.150 Loss 0.4366
Epoch:3
LR: 0.0001
* TRAIN - Accuracy 83.780 Loss 0.4405
* VALID - Accuracy 84.300 Loss 0.4410
Epoch:4
LR: 0.0001
* TRAIN - Accuracy 84.340 Loss 0.4316
* VALID - Accuracy 79.600 Loss 0.5146
Epoch:5
LR: 0.0001
* TRAIN - Accuracy 84.770 Loss 0.4219
* VALID - Accuracy 86.550 Loss 0.4113
Epoch:6
LR: 0.0001
* TRAIN - Accuracy 85.370 Loss 0.4112
* VALID - Accuracy 86.700 Loss 0.3984
Epoch:7
LR: 0.0001
* TRAIN - Accuracy 86.210 Loss 0.3939
* VALID - Accuracy 86.100 Loss 0.4058
Epoch:8
LR: 0.0001
* TRAIN - Accuracy 86.050 Loss 0.3911
* VALID - Accuracy 87.850 Loss 0.3808
Epoch:9
LR: 0.0001
* TRAIN - Accuracy 87.050 Loss 0.3806
* VALID - Accuracy 87.700 Loss 0.3851
Epoch:10
LR: 0.0001
* TRAIN - Accuracy 87.140 Loss 0.3761
* VALID - Accuracy 85.350 Loss 0.4138
Epoch:11
LR: 0.0001
* TRAIN - Accuracy 87.380 Loss 0.3658
* VALID - Accuracy 88.400 Loss 0.3570
Computing EWC
validation split name: 1
* VALID - Accuracy 84.400 Loss 0.3381
validation split name: 2
* VALID - Accuracy 74.650 Loss 0.5888
validation split name: 3
* VALID - Accuracy 88.400 Loss 0.2913
============================== Task: 4 ==============================
#reg_term: 1
Epoch:0
LR: 0.0001
* TRAIN - Accuracy 81.850 Loss 0.5610
* VALID - Accuracy 88.400 Loss 0.4115
Epoch:1
LR: 0.0001
* TRAIN - Accuracy 87.590 Loss 0.4414
* VALID - Accuracy 90.700 Loss 0.3799
Epoch:2
LR: 0.0001
* TRAIN - Accuracy 89.250 Loss 0.4098
* VALID - Accuracy 92.450 Loss 0.3524
Epoch:3
LR: 0.0001
* TRAIN - Accuracy 90.910 Loss 0.3797
* VALID - Accuracy 91.850 Loss 0.3471
Epoch:4
LR: 0.0001
* TRAIN - Accuracy 91.210 Loss 0.3693
* VALID - Accuracy 93.400 Loss 0.3191
Epoch:5
LR: 0.0001
* TRAIN - Accuracy 92.170 Loss 0.3472
* VALID - Accuracy 93.300 Loss 0.3044
Epoch:6
LR: 0.0001
* TRAIN - Accuracy 92.640 Loss 0.3234
* VALID - Accuracy 94.000 Loss 0.2796
Epoch:7
LR: 0.0001
* TRAIN - Accuracy 92.690 Loss 0.3078
* VALID - Accuracy 88.550 Loss 0.3852
Epoch:8
LR: 0.0001
* TRAIN - Accuracy 92.980 Loss 0.3025
* VALID - Accuracy 94.600 Loss 0.2562
Epoch:9
LR: 0.0001
* TRAIN - Accuracy 92.920 Loss 0.2954
* VALID - Accuracy 93.950 Loss 0.2745
Epoch:10
LR: 0.0001
* TRAIN - Accuracy 93.210 Loss 0.2860
* VALID - Accuracy 94.600 Loss 0.2538
Epoch:11
LR: 0.0001
* TRAIN - Accuracy 93.540 Loss 0.2753
* VALID - Accuracy 95.250 Loss 0.2338
Computing EWC
validation split name: 1
* VALID - Accuracy 47.050 Loss 1.3681
validation split name: 2
* VALID - Accuracy 57.550 Loss 1.0776
validation split name: 3
* VALID - Accuracy 65.800 Loss 0.7991
validation split name: 4
* VALID - Accuracy 95.250 Loss 0.1295
============================== Task: 5 ==============================
#reg_term: 1
Epoch:0
LR: 0.0001
* TRAIN - Accuracy 88.160 Loss 0.3749
* VALID - Accuracy 90.800 Loss 0.3074
Epoch:1
LR: 0.0001
* TRAIN - Accuracy 90.240 Loss 0.3174
* VALID - Accuracy 91.400 Loss 0.2972
Epoch:2
LR: 0.0001
* TRAIN - Accuracy 90.210 Loss 0.3123
* VALID - Accuracy 90.400 Loss 0.3006
Epoch:3
LR: 0.0001
* TRAIN - Accuracy 90.480 Loss 0.3101
* VALID - Accuracy 91.400 Loss 0.2887
Epoch:4
LR: 0.0001
* TRAIN - Accuracy 90.520 Loss 0.3060
* VALID - Accuracy 91.250 Loss 0.2822
Epoch:5
LR: 0.0001
* TRAIN - Accuracy 90.600 Loss 0.3061
* VALID - Accuracy 91.800 Loss 0.2794
Epoch:6
LR: 0.0001
* TRAIN - Accuracy 90.630 Loss 0.3043
* VALID - Accuracy 90.900 Loss 0.2872
Epoch:7
LR: 0.0001
* TRAIN - Accuracy 90.460 Loss 0.3042
* VALID - Accuracy 91.550 Loss 0.2846
Epoch:8
LR: 0.0001
* TRAIN - Accuracy 90.760 Loss 0.2981
* VALID - Accuracy 91.700 Loss 0.2747
Epoch:9
LR: 0.0001
* TRAIN - Accuracy 90.940 Loss 0.2956
* VALID - Accuracy 91.650 Loss 0.2778
Epoch:10
LR: 0.0001
* TRAIN - Accuracy 91.030 Loss 0.2927
* VALID - Accuracy 91.050 Loss 0.2837
Epoch:11
LR: 0.0001
* TRAIN - Accuracy 91.230 Loss 0.2856
* VALID - Accuracy 91.350 Loss 0.2724
Computing EWC
validation split name: 1
* VALID - Accuracy 86.100 Loss 0.3118
validation split name: 2
* VALID - Accuracy 61.700 Loss 0.9586
validation split name: 3
* VALID - Accuracy 65.750 Loss 0.7850
validation split name: 4
* VALID - Accuracy 84.850 Loss 0.3529
validation split name: 5
* VALID - Accuracy 91.350 Loss 0.2094
OrderedDict([('1', OrderedDict([('1', 98.05), ('2', 81.4), ('3', 84.4), ('4', 47.05), ('5', 86.1)])), ('2', OrderedDict([('2', 84.55), ('3', 74.65), ('4', 57.55), ('5', 61.7)])), ('3', OrderedDict([('3', 88.4), ('4', 65.8), ('5', 65.75)])), ('4', OrderedDict([('4', 95.25), ('5', 84.85)])), ('5', OrderedDict([('5', 91.35)]))])
Task 1 average acc: 98.05
Task 2 average acc: 82.975
Task 3 average acc: 82.48333333333333
Task 4 average acc: 66.4125
Task 5 average acc: 77.95
===Summary of experiment repeats: 9 / 10 ===
The regularization coefficient: 500.0
The last avg acc of all repeats: [78.75 77.69 78.65 79.3  76.33 77.38 78.76 76.05 77.95  0.  ]
mean: 70.086 std: 23.383782927490582
Files already downloaded and verified
Files already downloaded and verified
split_boundaries: [0, 2, 4, 6, 8, 10]
{'1': [0, 1], '2': [2, 3], '3': [4, 5], '4': [6, 7], '5': [8, 9]}
CNN(
  (c1): Sequential(
    (0): Conv2d(3, 32, kernel_size=(3, 3), stride=(1, 1), padding=(1, 1))
    (1): BatchNorm2d(32, eps=1e-05, momentum=0.1, affine=True, track_running_stats=True)
    (2): ReLU()
    (3): Conv2d(32, 32, kernel_size=(3, 3), stride=(1, 1), padding=(1, 1))
    (4): BatchNorm2d(32, eps=1e-05, momentum=0.1, affine=True, track_running_stats=True)
    (5): ReLU()
    (6): Conv2d(32, 64, kernel_size=(3, 3), stride=(1, 1), padding=(1, 1))
    (7): BatchNorm2d(64, eps=1e-05, momentum=0.1, affine=True, track_running_stats=True)
    (8): ReLU()
    (9): MaxPool2d(kernel_size=2, stride=2, padding=0, dilation=1, ceil_mode=False)
  )
  (c2): Sequential(
    (0): Conv2d(64, 64, kernel_size=(3, 3), stride=(1, 1), padding=(1, 1))
    (1): BatchNorm2d(64, eps=1e-05, momentum=0.1, affine=True, track_running_stats=True)
    (2): ReLU()
    (3): Conv2d(64, 128, kernel_size=(3, 3), stride=(1, 1), padding=(1, 1))
    (4): BatchNorm2d(128, eps=1e-05, momentum=0.1, affine=True, track_running_stats=True)
    (5): ReLU()
    (6): MaxPool2d(kernel_size=2, stride=2, padding=0, dilation=1, ceil_mode=False)
  )
  (c3): Sequential(
    (0): Conv2d(128, 128, kernel_size=(3, 3), stride=(1, 1), padding=(1, 1))
    (1): BatchNorm2d(128, eps=1e-05, momentum=0.1, affine=True, track_running_stats=True)
    (2): ReLU()
    (3): Conv2d(128, 128, kernel_size=(3, 3), stride=(1, 1), padding=(1, 1))
    (4): BatchNorm2d(128, eps=1e-05, momentum=0.1, affine=True, track_running_stats=True)
    (5): ReLU()
    (6): MaxPool2d(kernel_size=2, stride=2, padding=0, dilation=1, ceil_mode=False)
  )
  (fc1): Sequential(
    (0): Linear(in_features=2048, out_features=256, bias=True)
    (1): ReLU()
  )
  (last): ModuleDict(
    (All): Linear(in_features=256, out_features=2, bias=True)
  )
)
#parameter of model: 960802
Task order: ['1', '2', '3', '4', '5']
============================== Task: 1 ==============================
#reg_term: 0
Epoch:0
LR: 0.001
* TRAIN - Accuracy 77.790 Loss 0.4920
* VALID - Accuracy 89.750 Loss 0.2566
Epoch:1
LR: 0.001
* TRAIN - Accuracy 89.020 Loss 0.2644
* VALID - Accuracy 91.400 Loss 0.1982
Epoch:2
LR: 0.001
* TRAIN - Accuracy 91.980 Loss 0.2018
* VALID - Accuracy 90.050 Loss 0.2400
Epoch:3
LR: 0.001
* TRAIN - Accuracy 93.980 Loss 0.1547
* VALID - Accuracy 95.550 Loss 0.1214
Epoch:4
LR: 0.001
* TRAIN - Accuracy 95.380 Loss 0.1143
* VALID - Accuracy 94.400 Loss 0.1669
Epoch:5
LR: 0.001
* TRAIN - Accuracy 96.130 Loss 0.1045
* VALID - Accuracy 95.900 Loss 0.0999
Epoch:6
LR: 0.001
* TRAIN - Accuracy 96.550 Loss 0.0877
* VALID - Accuracy 97.200 Loss 0.0912
Epoch:7
LR: 0.001
* TRAIN - Accuracy 97.040 Loss 0.0775
* VALID - Accuracy 96.600 Loss 0.1098
Epoch:8
LR: 0.001
* TRAIN - Accuracy 97.210 Loss 0.0735
* VALID - Accuracy 96.400 Loss 0.0916
Epoch:9
LR: 0.001
* TRAIN - Accuracy 97.510 Loss 0.0673
* VALID - Accuracy 98.300 Loss 0.0495
Epoch:10
LR: 0.001
* TRAIN - Accuracy 97.960 Loss 0.0564
* VALID - Accuracy 96.550 Loss 0.0987
Epoch:11
LR: 0.001
* TRAIN - Accuracy 98.190 Loss 0.0505
* VALID - Accuracy 97.550 Loss 0.0701
Computing EWC
validation split name: 1
* VALID - Accuracy 97.550 Loss 0.0701
============================== Task: 2 ==============================
#reg_term: 1
Epoch:0
LR: 0.0001
* TRAIN - Accuracy 71.410 Loss 0.7405
* VALID - Accuracy 77.150 Loss 0.5686
Epoch:1
LR: 0.0001
* TRAIN - Accuracy 77.660 Loss 0.5327
* VALID - Accuracy 78.550 Loss 0.5331
Epoch:2
LR: 0.0001
* TRAIN - Accuracy 78.940 Loss 0.5124
* VALID - Accuracy 79.800 Loss 0.5095
Epoch:3
LR: 0.0001
* TRAIN - Accuracy 79.820 Loss 0.4943
* VALID - Accuracy 80.050 Loss 0.5039
Epoch:4
LR: 0.0001
* TRAIN - Accuracy 81.200 Loss 0.4764
* VALID - Accuracy 80.350 Loss 0.4939
Epoch:5
LR: 0.0001
* TRAIN - Accuracy 81.760 Loss 0.4646
* VALID - Accuracy 81.600 Loss 0.4735
Epoch:6
LR: 0.0001
* TRAIN - Accuracy 82.600 Loss 0.4492
* VALID - Accuracy 81.750 Loss 0.4734
Epoch:7
LR: 0.0001
* TRAIN - Accuracy 83.070 Loss 0.4373
* VALID - Accuracy 82.700 Loss 0.4661
Epoch:8
LR: 0.0001
* TRAIN - Accuracy 83.970 Loss 0.4246
* VALID - Accuracy 81.500 Loss 0.4823
Epoch:9
LR: 0.0001
* TRAIN - Accuracy 84.250 Loss 0.4156
* VALID - Accuracy 83.800 Loss 0.4301
Epoch:10
LR: 0.0001
* TRAIN - Accuracy 85.760 Loss 0.3975
* VALID - Accuracy 83.300 Loss 0.4626
Epoch:11
LR: 0.0001
* TRAIN - Accuracy 85.700 Loss 0.3960
* VALID - Accuracy 84.600 Loss 0.4322
Computing EWC
validation split name: 1
* VALID - Accuracy 76.800 Loss 0.5034
validation split name: 2
* VALID - Accuracy 84.600 Loss 0.3673
============================== Task: 3 ==============================
#reg_term: 1
Epoch:0
LR: 0.0001
* TRAIN - Accuracy 80.020 Loss 0.4923
* VALID - Accuracy 81.500 Loss 0.4912
Epoch:1
LR: 0.0001
* TRAIN - Accuracy 82.070 Loss 0.4622
* VALID - Accuracy 82.050 Loss 0.4719
Epoch:2
LR: 0.0001
* TRAIN - Accuracy 82.430 Loss 0.4572
* VALID - Accuracy 82.700 Loss 0.4701
Epoch:3
LR: 0.0001
* TRAIN - Accuracy 82.660 Loss 0.4512
* VALID - Accuracy 82.600 Loss 0.4771
Epoch:4
LR: 0.0001
* TRAIN - Accuracy 83.050 Loss 0.4522
* VALID - Accuracy 82.800 Loss 0.4685
Epoch:5
LR: 0.0001
* TRAIN - Accuracy 82.910 Loss 0.4515
* VALID - Accuracy 82.550 Loss 0.4640
Epoch:6
LR: 0.0001
* TRAIN - Accuracy 83.310 Loss 0.4428
* VALID - Accuracy 82.700 Loss 0.4740
Epoch:7
LR: 0.0001
* TRAIN - Accuracy 83.820 Loss 0.4403
* VALID - Accuracy 84.450 Loss 0.4552
Epoch:8
LR: 0.0001
* TRAIN - Accuracy 84.010 Loss 0.4368
* VALID - Accuracy 84.950 Loss 0.4425
Epoch:9
LR: 0.0001
* TRAIN - Accuracy 84.400 Loss 0.4339
* VALID - Accuracy 84.000 Loss 0.4430
Epoch:10
LR: 0.0001
* TRAIN - Accuracy 84.910 Loss 0.4274
* VALID - Accuracy 85.100 Loss 0.4271
Epoch:11
LR: 0.0001
* TRAIN - Accuracy 85.610 Loss 0.4129
* VALID - Accuracy 85.750 Loss 0.4195
Computing EWC
validation split name: 1
* VALID - Accuracy 82.550 Loss 0.3719
validation split name: 2
* VALID - Accuracy 77.000 Loss 0.5227
validation split name: 3
* VALID - Accuracy 85.750 Loss 0.3435
============================== Task: 4 ==============================
#reg_term: 1
Epoch:0
LR: 0.0001
* TRAIN - Accuracy 80.750 Loss 0.5747
* VALID - Accuracy 86.300 Loss 0.4475
Epoch:1
LR: 0.0001
* TRAIN - Accuracy 87.060 Loss 0.4660
* VALID - Accuracy 85.600 Loss 0.4781
Epoch:2
LR: 0.0001
* TRAIN - Accuracy 88.540 Loss 0.4404
* VALID - Accuracy 88.350 Loss 0.4218
Epoch:3
LR: 0.0001
* TRAIN - Accuracy 89.280 Loss 0.4220
* VALID - Accuracy 88.300 Loss 0.4243
Epoch:4
LR: 0.0001
* TRAIN - Accuracy 90.010 Loss 0.4118
* VALID - Accuracy 89.850 Loss 0.3823
Epoch:5
LR: 0.0001
* TRAIN - Accuracy 90.470 Loss 0.3949
* VALID - Accuracy 91.250 Loss 0.3633
Epoch:6
LR: 0.0001
* TRAIN - Accuracy 91.180 Loss 0.3837
* VALID - Accuracy 90.000 Loss 0.3725
Epoch:7
LR: 0.0001
* TRAIN - Accuracy 91.750 Loss 0.3721
* VALID - Accuracy 91.350 Loss 0.3555
Epoch:8
LR: 0.0001
* TRAIN - Accuracy 92.060 Loss 0.3659
* VALID - Accuracy 91.550 Loss 0.3595
Epoch:9
LR: 0.0001
* TRAIN - Accuracy 91.980 Loss 0.3662
* VALID - Accuracy 89.800 Loss 0.3772
Epoch:10
LR: 0.0001
* TRAIN - Accuracy 92.390 Loss 0.3555
* VALID - Accuracy 90.900 Loss 0.3528
Epoch:11
LR: 0.0001
* TRAIN - Accuracy 92.820 Loss 0.3480
* VALID - Accuracy 92.350 Loss 0.3240
Computing EWC
validation split name: 1
* VALID - Accuracy 46.800 Loss 1.3231
validation split name: 2
* VALID - Accuracy 57.350 Loss 1.0241
validation split name: 3
* VALID - Accuracy 65.600 Loss 0.7598
validation split name: 4
* VALID - Accuracy 92.350 Loss 0.1748
============================== Task: 5 ==============================
#reg_term: 1
Epoch:0
LR: 0.0001
* TRAIN - Accuracy 88.720 Loss 0.3755
* VALID - Accuracy 87.850 Loss 0.3767
Epoch:1
LR: 0.0001
* TRAIN - Accuracy 90.870 Loss 0.3093
* VALID - Accuracy 90.350 Loss 0.3075
Epoch:2
LR: 0.0001
* TRAIN - Accuracy 90.920 Loss 0.3022
* VALID - Accuracy 90.300 Loss 0.3036
Epoch:3
LR: 0.0001
* TRAIN - Accuracy 90.690 Loss 0.3094
* VALID - Accuracy 88.500 Loss 0.3543
Epoch:4
LR: 0.0001
* TRAIN - Accuracy 90.440 Loss 0.3039
* VALID - Accuracy 90.650 Loss 0.3034
Epoch:5
LR: 0.0001
* TRAIN - Accuracy 90.670 Loss 0.3076
* VALID - Accuracy 90.300 Loss 0.2943
Epoch:6
LR: 0.0001
* TRAIN - Accuracy 90.980 Loss 0.3009
* VALID - Accuracy 89.300 Loss 0.3331
Epoch:7
LR: 0.0001
* TRAIN - Accuracy 90.650 Loss 0.3076
* VALID - Accuracy 90.100 Loss 0.3125
Epoch:8
LR: 0.0001
* TRAIN - Accuracy 90.770 Loss 0.3023
* VALID - Accuracy 90.400 Loss 0.3028
Epoch:9
LR: 0.0001
* TRAIN - Accuracy 90.680 Loss 0.3025
* VALID - Accuracy 90.100 Loss 0.3146
Epoch:10
LR: 0.0001
* TRAIN - Accuracy 90.750 Loss 0.3006
* VALID - Accuracy 89.500 Loss 0.3347
Epoch:11
LR: 0.0001
* TRAIN - Accuracy 90.950 Loss 0.3099
* VALID - Accuracy 90.600 Loss 0.2976
Computing EWC
validation split name: 1
* VALID - Accuracy 86.250 Loss 0.3122
validation split name: 2
* VALID - Accuracy 65.600 Loss 0.8539
validation split name: 3
* VALID - Accuracy 65.600 Loss 0.7699
validation split name: 4
* VALID - Accuracy 82.900 Loss 0.3820
validation split name: 5
* VALID - Accuracy 90.600 Loss 0.2265
OrderedDict([('1', OrderedDict([('1', 97.55), ('2', 76.8), ('3', 82.55), ('4', 46.8), ('5', 86.25)])), ('2', OrderedDict([('2', 84.6), ('3', 77.0), ('4', 57.35), ('5', 65.6)])), ('3', OrderedDict([('3', 85.75), ('4', 65.6), ('5', 65.6)])), ('4', OrderedDict([('4', 92.35), ('5', 82.9)])), ('5', OrderedDict([('5', 90.6)]))])
Task 1 average acc: 97.55
Task 2 average acc: 80.69999999999999
Task 3 average acc: 81.76666666666667
Task 4 average acc: 65.525
Task 5 average acc: 78.19000000000001
===Summary of experiment repeats: 10 / 10 ===
The regularization coefficient: 500.0
The last avg acc of all repeats: [78.75 77.69 78.65 79.3  76.33 77.38 78.76 76.05 77.95 78.19]
mean: 77.905 std: 1.0135506894082822
reg_coef: 500.0 mean: 77.905 std: 1.0135506894082822
