Files already downloaded and verified
Files already downloaded and verified
split_boundaries: [0, 2, 4, 6, 8, 10]
{'1': [0, 1], '2': [2, 3], '3': [4, 5], '4': [6, 7], '5': [8, 9]}
CNN(
  (c1): Sequential(
    (0): Conv2d(3, 32, kernel_size=(3, 3), stride=(1, 1), padding=(1, 1))
    (1): BatchNorm2d(32, eps=1e-05, momentum=0.1, affine=True, track_running_stats=True)
    (2): ReLU()
    (3): Conv2d(32, 32, kernel_size=(3, 3), stride=(1, 1), padding=(1, 1))
    (4): BatchNorm2d(32, eps=1e-05, momentum=0.1, affine=True, track_running_stats=True)
    (5): ReLU()
    (6): Conv2d(32, 64, kernel_size=(3, 3), stride=(1, 1), padding=(1, 1))
    (7): BatchNorm2d(64, eps=1e-05, momentum=0.1, affine=True, track_running_stats=True)
    (8): ReLU()
    (9): MaxPool2d(kernel_size=2, stride=2, padding=0, dilation=1, ceil_mode=False)
  )
  (c2): Sequential(
    (0): Conv2d(64, 64, kernel_size=(3, 3), stride=(1, 1), padding=(1, 1))
    (1): BatchNorm2d(64, eps=1e-05, momentum=0.1, affine=True, track_running_stats=True)
    (2): ReLU()
    (3): Conv2d(64, 128, kernel_size=(3, 3), stride=(1, 1), padding=(1, 1))
    (4): BatchNorm2d(128, eps=1e-05, momentum=0.1, affine=True, track_running_stats=True)
    (5): ReLU()
    (6): MaxPool2d(kernel_size=2, stride=2, padding=0, dilation=1, ceil_mode=False)
  )
  (c3): Sequential(
    (0): Conv2d(128, 128, kernel_size=(3, 3), stride=(1, 1), padding=(1, 1))
    (1): BatchNorm2d(128, eps=1e-05, momentum=0.1, affine=True, track_running_stats=True)
    (2): ReLU()
    (3): Conv2d(128, 128, kernel_size=(3, 3), stride=(1, 1), padding=(1, 1))
    (4): BatchNorm2d(128, eps=1e-05, momentum=0.1, affine=True, track_running_stats=True)
    (5): ReLU()
    (6): MaxPool2d(kernel_size=2, stride=2, padding=0, dilation=1, ceil_mode=False)
  )
  (fc1): Sequential(
    (0): Linear(in_features=2048, out_features=256, bias=True)
    (1): ReLU()
  )
  (last): ModuleDict(
    (All): Linear(in_features=256, out_features=2, bias=True)
  )
)
#parameter of model: 960802
Task order: ['1', '2', '3', '4', '5']
============================== Task: 1 ==============================
#reg_term: 0
Epoch:0
LR: 0.001
* TRAIN - Accuracy 82.520 Loss 0.4041
* VALID - Accuracy 91.000 Loss 0.2382
Epoch:1
LR: 0.001
* TRAIN - Accuracy 90.180 Loss 0.2389
* VALID - Accuracy 87.350 Loss 0.2855
Epoch:2
LR: 0.001
* TRAIN - Accuracy 93.650 Loss 0.1700
* VALID - Accuracy 95.600 Loss 0.1196
Epoch:3
LR: 0.001
* TRAIN - Accuracy 94.970 Loss 0.1285
* VALID - Accuracy 96.950 Loss 0.0822
Epoch:4
LR: 0.001
* TRAIN - Accuracy 96.070 Loss 0.1001
* VALID - Accuracy 96.100 Loss 0.1008
Epoch:5
LR: 0.001
* TRAIN - Accuracy 96.600 Loss 0.0881
* VALID - Accuracy 95.000 Loss 0.1404
Epoch:6
LR: 0.001
* TRAIN - Accuracy 97.300 Loss 0.0731
* VALID - Accuracy 96.850 Loss 0.0882
Epoch:7
LR: 0.001
* TRAIN - Accuracy 97.550 Loss 0.0695
* VALID - Accuracy 96.500 Loss 0.0849
Epoch:8
LR: 0.001
* TRAIN - Accuracy 97.960 Loss 0.0562
* VALID - Accuracy 97.150 Loss 0.0866
Epoch:9
LR: 0.001
* TRAIN - Accuracy 97.820 Loss 0.0598
* VALID - Accuracy 97.650 Loss 0.0645
Epoch:10
LR: 0.001
* TRAIN - Accuracy 97.930 Loss 0.0540
* VALID - Accuracy 97.850 Loss 0.0626
Epoch:11
LR: 0.001
* TRAIN - Accuracy 98.100 Loss 0.0512
* VALID - Accuracy 97.550 Loss 0.0649
validation split name: 1
* VALID - Accuracy 97.550 Loss 0.0649
============================== Task: 2 ==============================
#reg_term: 1
Epoch:0
LR: 0.0001
* TRAIN - Accuracy 74.530 Loss 0.5915
* VALID - Accuracy 77.950 Loss 0.4612
Epoch:1
LR: 0.0001
* TRAIN - Accuracy 80.180 Loss 0.4241
* VALID - Accuracy 79.850 Loss 0.4269
Epoch:2
LR: 0.0001
* TRAIN - Accuracy 82.420 Loss 0.3953
* VALID - Accuracy 81.250 Loss 0.4003
Epoch:3
LR: 0.0001
* TRAIN - Accuracy 83.170 Loss 0.3700
* VALID - Accuracy 82.750 Loss 0.3843
Epoch:4
LR: 0.0001
* TRAIN - Accuracy 84.650 Loss 0.3457
* VALID - Accuracy 83.650 Loss 0.3711
Epoch:5
LR: 0.0001
* TRAIN - Accuracy 85.490 Loss 0.3316
* VALID - Accuracy 84.350 Loss 0.3503
Epoch:6
LR: 0.0001
* TRAIN - Accuracy 86.480 Loss 0.3136
* VALID - Accuracy 84.100 Loss 0.3458
Epoch:7
LR: 0.0001
* TRAIN - Accuracy 87.360 Loss 0.3016
* VALID - Accuracy 85.650 Loss 0.3348
Epoch:8
LR: 0.0001
* TRAIN - Accuracy 87.960 Loss 0.2883
* VALID - Accuracy 85.500 Loss 0.3444
Epoch:9
LR: 0.0001
* TRAIN - Accuracy 88.400 Loss 0.2745
* VALID - Accuracy 86.450 Loss 0.3254
Epoch:10
LR: 0.0001
* TRAIN - Accuracy 88.690 Loss 0.2711
* VALID - Accuracy 86.050 Loss 0.3188
Epoch:11
LR: 0.0001
* TRAIN - Accuracy 89.260 Loss 0.2602
* VALID - Accuracy 86.850 Loss 0.3078
validation split name: 1
* VALID - Accuracy 85.300 Loss 0.3455
validation split name: 2
* VALID - Accuracy 86.850 Loss 0.3060
============================== Task: 3 ==============================
#reg_term: 1
Epoch:0
LR: 0.0001
* TRAIN - Accuracy 84.020 Loss 0.3695
* VALID - Accuracy 87.000 Loss 0.3097
Epoch:1
LR: 0.0001
* TRAIN - Accuracy 88.390 Loss 0.2796
* VALID - Accuracy 90.100 Loss 0.2568
Epoch:2
LR: 0.0001
* TRAIN - Accuracy 90.000 Loss 0.2429
* VALID - Accuracy 90.600 Loss 0.2396
Epoch:3
LR: 0.0001
* TRAIN - Accuracy 91.200 Loss 0.2180
* VALID - Accuracy 91.650 Loss 0.2162
Epoch:4
LR: 0.0001
* TRAIN - Accuracy 91.900 Loss 0.2061
* VALID - Accuracy 91.750 Loss 0.2057
Epoch:5
LR: 0.0001
* TRAIN - Accuracy 92.790 Loss 0.1883
* VALID - Accuracy 92.450 Loss 0.2009
Epoch:6
LR: 0.0001
* TRAIN - Accuracy 93.040 Loss 0.1785
* VALID - Accuracy 92.850 Loss 0.1920
Epoch:7
LR: 0.0001
* TRAIN - Accuracy 93.130 Loss 0.1775
* VALID - Accuracy 92.500 Loss 0.1959
Epoch:8
LR: 0.0001
* TRAIN - Accuracy 93.350 Loss 0.1683
* VALID - Accuracy 92.450 Loss 0.1947
Epoch:9
LR: 0.0001
* TRAIN - Accuracy 93.610 Loss 0.1602
* VALID - Accuracy 92.750 Loss 0.1930
Epoch:10
LR: 0.0001
* TRAIN - Accuracy 93.750 Loss 0.1584
* VALID - Accuracy 92.850 Loss 0.1876
Epoch:11
LR: 0.0001
* TRAIN - Accuracy 94.450 Loss 0.1477
* VALID - Accuracy 92.900 Loss 0.1812
validation split name: 1
* VALID - Accuracy 77.650 Loss 0.5095
validation split name: 2
* VALID - Accuracy 71.750 Loss 0.8089
validation split name: 3
* VALID - Accuracy 92.900 Loss 0.1797
============================== Task: 4 ==============================
#reg_term: 1
Epoch:0
LR: 0.0001
* TRAIN - Accuracy 87.640 Loss 0.3069
* VALID - Accuracy 94.200 Loss 0.1492
Epoch:1
LR: 0.0001
* TRAIN - Accuracy 94.550 Loss 0.1410
* VALID - Accuracy 95.750 Loss 0.1070
Epoch:2
LR: 0.0001
* TRAIN - Accuracy 95.960 Loss 0.1081
* VALID - Accuracy 96.200 Loss 0.0878
Epoch:3
LR: 0.0001
* TRAIN - Accuracy 96.470 Loss 0.0944
* VALID - Accuracy 96.400 Loss 0.0882
Epoch:4
LR: 0.0001
* TRAIN - Accuracy 96.720 Loss 0.0864
* VALID - Accuracy 94.800 Loss 0.1361
Epoch:5
LR: 0.0001
* TRAIN - Accuracy 97.200 Loss 0.0749
* VALID - Accuracy 97.600 Loss 0.0661
Epoch:6
LR: 0.0001
* TRAIN - Accuracy 97.350 Loss 0.0696
* VALID - Accuracy 96.400 Loss 0.0904
Epoch:7
LR: 0.0001
* TRAIN - Accuracy 97.500 Loss 0.0672
* VALID - Accuracy 96.600 Loss 0.0927
Epoch:8
LR: 0.0001
* TRAIN - Accuracy 97.730 Loss 0.0595
* VALID - Accuracy 97.300 Loss 0.0649
Epoch:9
LR: 0.0001
* TRAIN - Accuracy 97.920 Loss 0.0564
* VALID - Accuracy 97.200 Loss 0.0687
Epoch:10
LR: 0.0001
* TRAIN - Accuracy 97.990 Loss 0.0540
* VALID - Accuracy 97.050 Loss 0.0688
Epoch:11
LR: 0.0001
* TRAIN - Accuracy 98.030 Loss 0.0527
* VALID - Accuracy 96.850 Loss 0.0740
validation split name: 1
* VALID - Accuracy 46.250 Loss 1.8241
validation split name: 2
* VALID - Accuracy 48.250 Loss 2.0275
validation split name: 3
* VALID - Accuracy 59.800 Loss 1.4728
validation split name: 4
* VALID - Accuracy 96.850 Loss 0.0726
============================== Task: 5 ==============================
#reg_term: 1
Epoch:0
LR: 0.0001
* TRAIN - Accuracy 90.480 Loss 0.2531
* VALID - Accuracy 94.000 Loss 0.1496
Epoch:1
LR: 0.0001
* TRAIN - Accuracy 94.760 Loss 0.1344
* VALID - Accuracy 95.200 Loss 0.1269
Epoch:2
LR: 0.0001
* TRAIN - Accuracy 95.570 Loss 0.1172
* VALID - Accuracy 95.750 Loss 0.1100
Epoch:3
LR: 0.0001
* TRAIN - Accuracy 95.800 Loss 0.1077
* VALID - Accuracy 95.700 Loss 0.1132
Epoch:4
LR: 0.0001
* TRAIN - Accuracy 96.230 Loss 0.1000
* VALID - Accuracy 96.200 Loss 0.0972
Epoch:5
LR: 0.0001
* TRAIN - Accuracy 96.830 Loss 0.0856
* VALID - Accuracy 96.400 Loss 0.0942
Epoch:6
LR: 0.0001
* TRAIN - Accuracy 97.010 Loss 0.0811
* VALID - Accuracy 96.550 Loss 0.0931
Epoch:7
LR: 0.0001
* TRAIN - Accuracy 97.090 Loss 0.0743
* VALID - Accuracy 96.850 Loss 0.0854
Epoch:8
LR: 0.0001
* TRAIN - Accuracy 97.230 Loss 0.0716
* VALID - Accuracy 96.550 Loss 0.0932
Epoch:9
LR: 0.0001
* TRAIN - Accuracy 97.590 Loss 0.0661
* VALID - Accuracy 97.050 Loss 0.0810
Epoch:10
LR: 0.0001
* TRAIN - Accuracy 97.770 Loss 0.0648
* VALID - Accuracy 97.300 Loss 0.0832
Epoch:11
LR: 0.0001
* TRAIN - Accuracy 97.970 Loss 0.0546
* VALID - Accuracy 96.800 Loss 0.0842
validation split name: 1
* VALID - Accuracy 81.950 Loss 0.5965
validation split name: 2
* VALID - Accuracy 59.000 Loss 1.2110
validation split name: 3
* VALID - Accuracy 56.900 Loss 1.2206
validation split name: 4
* VALID - Accuracy 71.400 Loss 0.7862
validation split name: 5
* VALID - Accuracy 96.800 Loss 0.0832
OrderedDict([('1', OrderedDict([('1', 97.55), ('2', 85.3), ('3', 77.65), ('4', 46.25), ('5', 81.95)])), ('2', OrderedDict([('2', 86.85), ('3', 71.75), ('4', 48.25), ('5', 59.0)])), ('3', OrderedDict([('3', 92.9), ('4', 59.8), ('5', 56.9)])), ('4', OrderedDict([('4', 96.85), ('5', 71.4)])), ('5', OrderedDict([('5', 96.8)]))])
Task 1 average acc: 97.55
Task 2 average acc: 86.07499999999999
Task 3 average acc: 80.76666666666667
Task 4 average acc: 62.7875
Task 5 average acc: 73.21000000000001
===Summary of experiment repeats: 1 / 10 ===
The regularization coefficient: 0.0001
The last avg acc of all repeats: [73.21  0.    0.    0.    0.    0.    0.    0.    0.    0.  ]
mean: 7.321000000000001 std: 21.963
Files already downloaded and verified
Files already downloaded and verified
split_boundaries: [0, 2, 4, 6, 8, 10]
{'1': [0, 1], '2': [2, 3], '3': [4, 5], '4': [6, 7], '5': [8, 9]}
CNN(
  (c1): Sequential(
    (0): Conv2d(3, 32, kernel_size=(3, 3), stride=(1, 1), padding=(1, 1))
    (1): BatchNorm2d(32, eps=1e-05, momentum=0.1, affine=True, track_running_stats=True)
    (2): ReLU()
    (3): Conv2d(32, 32, kernel_size=(3, 3), stride=(1, 1), padding=(1, 1))
    (4): BatchNorm2d(32, eps=1e-05, momentum=0.1, affine=True, track_running_stats=True)
    (5): ReLU()
    (6): Conv2d(32, 64, kernel_size=(3, 3), stride=(1, 1), padding=(1, 1))
    (7): BatchNorm2d(64, eps=1e-05, momentum=0.1, affine=True, track_running_stats=True)
    (8): ReLU()
    (9): MaxPool2d(kernel_size=2, stride=2, padding=0, dilation=1, ceil_mode=False)
  )
  (c2): Sequential(
    (0): Conv2d(64, 64, kernel_size=(3, 3), stride=(1, 1), padding=(1, 1))
    (1): BatchNorm2d(64, eps=1e-05, momentum=0.1, affine=True, track_running_stats=True)
    (2): ReLU()
    (3): Conv2d(64, 128, kernel_size=(3, 3), stride=(1, 1), padding=(1, 1))
    (4): BatchNorm2d(128, eps=1e-05, momentum=0.1, affine=True, track_running_stats=True)
    (5): ReLU()
    (6): MaxPool2d(kernel_size=2, stride=2, padding=0, dilation=1, ceil_mode=False)
  )
  (c3): Sequential(
    (0): Conv2d(128, 128, kernel_size=(3, 3), stride=(1, 1), padding=(1, 1))
    (1): BatchNorm2d(128, eps=1e-05, momentum=0.1, affine=True, track_running_stats=True)
    (2): ReLU()
    (3): Conv2d(128, 128, kernel_size=(3, 3), stride=(1, 1), padding=(1, 1))
    (4): BatchNorm2d(128, eps=1e-05, momentum=0.1, affine=True, track_running_stats=True)
    (5): ReLU()
    (6): MaxPool2d(kernel_size=2, stride=2, padding=0, dilation=1, ceil_mode=False)
  )
  (fc1): Sequential(
    (0): Linear(in_features=2048, out_features=256, bias=True)
    (1): ReLU()
  )
  (last): ModuleDict(
    (All): Linear(in_features=256, out_features=2, bias=True)
  )
)
#parameter of model: 960802
Task order: ['1', '2', '3', '4', '5']
============================== Task: 1 ==============================
#reg_term: 0
Epoch:0
LR: 0.001
* TRAIN - Accuracy 82.530 Loss 0.3958
* VALID - Accuracy 77.550 Loss 0.6355
Epoch:1
LR: 0.001
* TRAIN - Accuracy 88.370 Loss 0.2751
* VALID - Accuracy 85.050 Loss 0.3295
Epoch:2
LR: 0.001
* TRAIN - Accuracy 92.150 Loss 0.1953
* VALID - Accuracy 83.950 Loss 0.4034
Epoch:3
LR: 0.001
* TRAIN - Accuracy 93.840 Loss 0.1539
* VALID - Accuracy 95.250 Loss 0.1072
Epoch:4
LR: 0.001
* TRAIN - Accuracy 95.920 Loss 0.1066
* VALID - Accuracy 96.350 Loss 0.0837
Epoch:5
LR: 0.001
* TRAIN - Accuracy 95.760 Loss 0.1127
* VALID - Accuracy 97.350 Loss 0.0789
Epoch:6
LR: 0.001
* TRAIN - Accuracy 96.120 Loss 0.0989
* VALID - Accuracy 96.800 Loss 0.0829
Epoch:7
LR: 0.001
* TRAIN - Accuracy 97.150 Loss 0.0763
* VALID - Accuracy 96.700 Loss 0.0994
Epoch:8
LR: 0.001
* TRAIN - Accuracy 97.470 Loss 0.0665
* VALID - Accuracy 98.000 Loss 0.0567
Epoch:9
LR: 0.001
* TRAIN - Accuracy 97.660 Loss 0.0622
* VALID - Accuracy 98.200 Loss 0.0504
Epoch:10
LR: 0.001
* TRAIN - Accuracy 97.990 Loss 0.0533
* VALID - Accuracy 98.200 Loss 0.0506
Epoch:11
LR: 0.001
* TRAIN - Accuracy 98.240 Loss 0.0467
* VALID - Accuracy 97.900 Loss 0.0760
validation split name: 1
* VALID - Accuracy 97.900 Loss 0.0760
============================== Task: 2 ==============================
#reg_term: 1
Epoch:0
LR: 0.0001
* TRAIN - Accuracy 72.650 Loss 0.6375
* VALID - Accuracy 77.600 Loss 0.4805
Epoch:1
LR: 0.0001
* TRAIN - Accuracy 79.830 Loss 0.4374
* VALID - Accuracy 79.600 Loss 0.4388
Epoch:2
LR: 0.0001
* TRAIN - Accuracy 82.470 Loss 0.4019
* VALID - Accuracy 81.300 Loss 0.4255
Epoch:3
LR: 0.0001
* TRAIN - Accuracy 83.110 Loss 0.3790
* VALID - Accuracy 83.400 Loss 0.3952
Epoch:4
LR: 0.0001
* TRAIN - Accuracy 84.900 Loss 0.3511
* VALID - Accuracy 84.250 Loss 0.3690
Epoch:5
LR: 0.0001
* TRAIN - Accuracy 85.420 Loss 0.3347
* VALID - Accuracy 84.650 Loss 0.3525
Epoch:6
LR: 0.0001
* TRAIN - Accuracy 85.870 Loss 0.3211
* VALID - Accuracy 85.700 Loss 0.3443
Epoch:7
LR: 0.0001
* TRAIN - Accuracy 87.060 Loss 0.3077
* VALID - Accuracy 84.700 Loss 0.3607
Epoch:8
LR: 0.0001
* TRAIN - Accuracy 87.880 Loss 0.2937
* VALID - Accuracy 86.350 Loss 0.3364
Epoch:9
LR: 0.0001
* TRAIN - Accuracy 87.680 Loss 0.2844
* VALID - Accuracy 86.850 Loss 0.3155
Epoch:10
LR: 0.0001
* TRAIN - Accuracy 88.470 Loss 0.2759
* VALID - Accuracy 86.100 Loss 0.3388
Epoch:11
LR: 0.0001
* TRAIN - Accuracy 89.250 Loss 0.2631
* VALID - Accuracy 87.800 Loss 0.3117
validation split name: 1
* VALID - Accuracy 83.100 Loss 0.3844
validation split name: 2
* VALID - Accuracy 87.800 Loss 0.3098
============================== Task: 3 ==============================
#reg_term: 1
Epoch:0
LR: 0.0001
* TRAIN - Accuracy 84.680 Loss 0.3599
* VALID - Accuracy 87.300 Loss 0.3022
Epoch:1
LR: 0.0001
* TRAIN - Accuracy 88.770 Loss 0.2766
* VALID - Accuracy 89.900 Loss 0.2597
Epoch:2
LR: 0.0001
* TRAIN - Accuracy 90.290 Loss 0.2417
* VALID - Accuracy 88.600 Loss 0.2773
Epoch:3
LR: 0.0001
* TRAIN - Accuracy 91.130 Loss 0.2232
* VALID - Accuracy 89.100 Loss 0.2617
Epoch:4
LR: 0.0001
* TRAIN - Accuracy 91.930 Loss 0.2008
* VALID - Accuracy 91.900 Loss 0.2145
Epoch:5
LR: 0.0001
* TRAIN - Accuracy 92.190 Loss 0.1957
* VALID - Accuracy 92.300 Loss 0.1973
Epoch:6
LR: 0.0001
* TRAIN - Accuracy 92.890 Loss 0.1863
* VALID - Accuracy 92.850 Loss 0.1887
Epoch:7
LR: 0.0001
* TRAIN - Accuracy 93.300 Loss 0.1729
* VALID - Accuracy 92.000 Loss 0.2218
Epoch:8
LR: 0.0001
* TRAIN - Accuracy 93.390 Loss 0.1670
* VALID - Accuracy 93.050 Loss 0.1904
Epoch:9
LR: 0.0001
* TRAIN - Accuracy 93.950 Loss 0.1574
* VALID - Accuracy 93.000 Loss 0.1878
Epoch:10
LR: 0.0001
* TRAIN - Accuracy 93.880 Loss 0.1575
* VALID - Accuracy 93.050 Loss 0.1811
Epoch:11
LR: 0.0001
* TRAIN - Accuracy 94.370 Loss 0.1481
* VALID - Accuracy 91.650 Loss 0.2064
validation split name: 1
* VALID - Accuracy 78.850 Loss 0.5589
validation split name: 2
* VALID - Accuracy 70.250 Loss 0.9610
validation split name: 3
* VALID - Accuracy 91.650 Loss 0.2050
============================== Task: 4 ==============================
#reg_term: 1
Epoch:0
LR: 0.0001
* TRAIN - Accuracy 87.180 Loss 0.3255
* VALID - Accuracy 94.050 Loss 0.1490
Epoch:1
LR: 0.0001
* TRAIN - Accuracy 94.580 Loss 0.1431
* VALID - Accuracy 95.200 Loss 0.1166
Epoch:2
LR: 0.0001
* TRAIN - Accuracy 95.660 Loss 0.1148
* VALID - Accuracy 96.400 Loss 0.0976
Epoch:3
LR: 0.0001
* TRAIN - Accuracy 96.400 Loss 0.0992
* VALID - Accuracy 96.500 Loss 0.0919
Epoch:4
LR: 0.0001
* TRAIN - Accuracy 96.990 Loss 0.0849
* VALID - Accuracy 94.350 Loss 0.1456
Epoch:5
LR: 0.0001
* TRAIN - Accuracy 97.110 Loss 0.0798
* VALID - Accuracy 97.050 Loss 0.0832
Epoch:6
LR: 0.0001
* TRAIN - Accuracy 97.130 Loss 0.0744
* VALID - Accuracy 96.800 Loss 0.0889
Epoch:7
LR: 0.0001
* TRAIN - Accuracy 97.460 Loss 0.0698
* VALID - Accuracy 97.000 Loss 0.0819
Epoch:8
LR: 0.0001
* TRAIN - Accuracy 97.640 Loss 0.0649
* VALID - Accuracy 97.750 Loss 0.0651
Epoch:9
LR: 0.0001
* TRAIN - Accuracy 97.720 Loss 0.0588
* VALID - Accuracy 95.750 Loss 0.1250
Epoch:10
LR: 0.0001
* TRAIN - Accuracy 97.980 Loss 0.0579
* VALID - Accuracy 96.000 Loss 0.1070
Epoch:11
LR: 0.0001
* TRAIN - Accuracy 97.970 Loss 0.0534
* VALID - Accuracy 97.500 Loss 0.0777
validation split name: 1
* VALID - Accuracy 55.050 Loss 1.7046
validation split name: 2
* VALID - Accuracy 54.450 Loss 1.6599
validation split name: 3
* VALID - Accuracy 63.650 Loss 1.4232
validation split name: 4
* VALID - Accuracy 97.500 Loss 0.0764
============================== Task: 5 ==============================
#reg_term: 1
Epoch:0
LR: 0.0001
* TRAIN - Accuracy 90.560 Loss 0.2568
* VALID - Accuracy 93.650 Loss 0.1588
Epoch:1
LR: 0.0001
* TRAIN - Accuracy 94.510 Loss 0.1393
* VALID - Accuracy 94.750 Loss 0.1344
Epoch:2
LR: 0.0001
* TRAIN - Accuracy 95.310 Loss 0.1195
* VALID - Accuracy 94.500 Loss 0.1394
Epoch:3
LR: 0.0001
* TRAIN - Accuracy 95.860 Loss 0.1072
* VALID - Accuracy 95.500 Loss 0.1149
Epoch:4
LR: 0.0001
* TRAIN - Accuracy 96.350 Loss 0.0964
* VALID - Accuracy 94.250 Loss 0.1451
Epoch:5
LR: 0.0001
* TRAIN - Accuracy 96.850 Loss 0.0858
* VALID - Accuracy 94.650 Loss 0.1364
Epoch:6
LR: 0.0001
* TRAIN - Accuracy 97.070 Loss 0.0806
* VALID - Accuracy 96.550 Loss 0.0925
Epoch:7
LR: 0.0001
* TRAIN - Accuracy 96.990 Loss 0.0816
* VALID - Accuracy 96.600 Loss 0.0846
Epoch:8
LR: 0.0001
* TRAIN - Accuracy 97.430 Loss 0.0729
* VALID - Accuracy 96.300 Loss 0.0900
Epoch:9
LR: 0.0001
* TRAIN - Accuracy 97.460 Loss 0.0662
* VALID - Accuracy 96.900 Loss 0.0791
Epoch:10
LR: 0.0001
* TRAIN - Accuracy 97.590 Loss 0.0632
* VALID - Accuracy 97.100 Loss 0.0806
Epoch:11
LR: 0.0001
* TRAIN - Accuracy 97.930 Loss 0.0584
* VALID - Accuracy 97.200 Loss 0.0766
validation split name: 1
* VALID - Accuracy 80.350 Loss 0.6420
validation split name: 2
* VALID - Accuracy 56.400 Loss 1.2737
validation split name: 3
* VALID - Accuracy 55.850 Loss 1.1717
validation split name: 4
* VALID - Accuracy 72.750 Loss 0.7619
validation split name: 5
* VALID - Accuracy 97.200 Loss 0.0755
OrderedDict([('1', OrderedDict([('1', 97.9), ('2', 83.1), ('3', 78.85), ('4', 55.05), ('5', 80.35)])), ('2', OrderedDict([('2', 87.8), ('3', 70.25), ('4', 54.45), ('5', 56.4)])), ('3', OrderedDict([('3', 91.65), ('4', 63.65), ('5', 55.85)])), ('4', OrderedDict([('4', 97.5), ('5', 72.75)])), ('5', OrderedDict([('5', 97.2)]))])
Task 1 average acc: 97.9
Task 2 average acc: 85.44999999999999
Task 3 average acc: 80.25
Task 4 average acc: 67.6625
Task 5 average acc: 72.51
===Summary of experiment repeats: 2 / 10 ===
The regularization coefficient: 0.0001
The last avg acc of all repeats: [73.21 72.51  0.    0.    0.    0.    0.    0.    0.    0.  ]
mean: 14.572000000000003 std: 29.144420323622843
Files already downloaded and verified
Files already downloaded and verified
split_boundaries: [0, 2, 4, 6, 8, 10]
{'1': [0, 1], '2': [2, 3], '3': [4, 5], '4': [6, 7], '5': [8, 9]}
CNN(
  (c1): Sequential(
    (0): Conv2d(3, 32, kernel_size=(3, 3), stride=(1, 1), padding=(1, 1))
    (1): BatchNorm2d(32, eps=1e-05, momentum=0.1, affine=True, track_running_stats=True)
    (2): ReLU()
    (3): Conv2d(32, 32, kernel_size=(3, 3), stride=(1, 1), padding=(1, 1))
    (4): BatchNorm2d(32, eps=1e-05, momentum=0.1, affine=True, track_running_stats=True)
    (5): ReLU()
    (6): Conv2d(32, 64, kernel_size=(3, 3), stride=(1, 1), padding=(1, 1))
    (7): BatchNorm2d(64, eps=1e-05, momentum=0.1, affine=True, track_running_stats=True)
    (8): ReLU()
    (9): MaxPool2d(kernel_size=2, stride=2, padding=0, dilation=1, ceil_mode=False)
  )
  (c2): Sequential(
    (0): Conv2d(64, 64, kernel_size=(3, 3), stride=(1, 1), padding=(1, 1))
    (1): BatchNorm2d(64, eps=1e-05, momentum=0.1, affine=True, track_running_stats=True)
    (2): ReLU()
    (3): Conv2d(64, 128, kernel_size=(3, 3), stride=(1, 1), padding=(1, 1))
    (4): BatchNorm2d(128, eps=1e-05, momentum=0.1, affine=True, track_running_stats=True)
    (5): ReLU()
    (6): MaxPool2d(kernel_size=2, stride=2, padding=0, dilation=1, ceil_mode=False)
  )
  (c3): Sequential(
    (0): Conv2d(128, 128, kernel_size=(3, 3), stride=(1, 1), padding=(1, 1))
    (1): BatchNorm2d(128, eps=1e-05, momentum=0.1, affine=True, track_running_stats=True)
    (2): ReLU()
    (3): Conv2d(128, 128, kernel_size=(3, 3), stride=(1, 1), padding=(1, 1))
    (4): BatchNorm2d(128, eps=1e-05, momentum=0.1, affine=True, track_running_stats=True)
    (5): ReLU()
    (6): MaxPool2d(kernel_size=2, stride=2, padding=0, dilation=1, ceil_mode=False)
  )
  (fc1): Sequential(
    (0): Linear(in_features=2048, out_features=256, bias=True)
    (1): ReLU()
  )
  (last): ModuleDict(
    (All): Linear(in_features=256, out_features=2, bias=True)
  )
)
#parameter of model: 960802
Task order: ['1', '2', '3', '4', '5']
============================== Task: 1 ==============================
#reg_term: 0
Epoch:0
LR: 0.001
* TRAIN - Accuracy 81.530 Loss 0.4171
* VALID - Accuracy 81.800 Loss 0.4037
Epoch:1
LR: 0.001
* TRAIN - Accuracy 90.010 Loss 0.2444
* VALID - Accuracy 83.950 Loss 0.4696
Epoch:2
LR: 0.001
* TRAIN - Accuracy 92.390 Loss 0.1896
* VALID - Accuracy 93.600 Loss 0.1481
Epoch:3
LR: 0.001
* TRAIN - Accuracy 94.320 Loss 0.1423
* VALID - Accuracy 96.350 Loss 0.0941
Epoch:4
LR: 0.001
* TRAIN - Accuracy 96.350 Loss 0.0961
* VALID - Accuracy 97.300 Loss 0.0708
Epoch:5
LR: 0.001
* TRAIN - Accuracy 96.940 Loss 0.0836
* VALID - Accuracy 95.950 Loss 0.1159
Epoch:6
LR: 0.001
* TRAIN - Accuracy 97.020 Loss 0.0792
* VALID - Accuracy 95.900 Loss 0.1276
Epoch:7
LR: 0.001
* TRAIN - Accuracy 97.230 Loss 0.0697
* VALID - Accuracy 97.700 Loss 0.0598
Epoch:8
LR: 0.001
* TRAIN - Accuracy 97.870 Loss 0.0567
* VALID - Accuracy 96.500 Loss 0.0996
Epoch:9
LR: 0.001
* TRAIN - Accuracy 97.860 Loss 0.0597
* VALID - Accuracy 93.100 Loss 0.1977
Epoch:10
LR: 0.001
* TRAIN - Accuracy 98.110 Loss 0.0502
* VALID - Accuracy 98.150 Loss 0.0507
Epoch:11
LR: 0.001
* TRAIN - Accuracy 97.690 Loss 0.0589
* VALID - Accuracy 97.850 Loss 0.0672
validation split name: 1
* VALID - Accuracy 97.850 Loss 0.0672
============================== Task: 2 ==============================
#reg_term: 1
Epoch:0
LR: 0.0001
* TRAIN - Accuracy 72.200 Loss 0.6377
* VALID - Accuracy 75.600 Loss 0.4845
Epoch:1
LR: 0.0001
* TRAIN - Accuracy 79.180 Loss 0.4481
* VALID - Accuracy 79.450 Loss 0.4525
Epoch:2
LR: 0.0001
* TRAIN - Accuracy 81.550 Loss 0.4056
* VALID - Accuracy 81.700 Loss 0.4080
Epoch:3
LR: 0.0001
* TRAIN - Accuracy 82.830 Loss 0.3823
* VALID - Accuracy 82.350 Loss 0.3956
Epoch:4
LR: 0.0001
* TRAIN - Accuracy 84.600 Loss 0.3511
* VALID - Accuracy 84.450 Loss 0.3593
Epoch:5
LR: 0.0001
* TRAIN - Accuracy 85.440 Loss 0.3405
* VALID - Accuracy 84.900 Loss 0.3547
Epoch:6
LR: 0.0001
* TRAIN - Accuracy 86.360 Loss 0.3223
* VALID - Accuracy 86.300 Loss 0.3338
Epoch:7
LR: 0.0001
* TRAIN - Accuracy 86.620 Loss 0.3083
* VALID - Accuracy 85.950 Loss 0.3378
Epoch:8
LR: 0.0001
* TRAIN - Accuracy 87.220 Loss 0.2995
* VALID - Accuracy 86.850 Loss 0.3162
Epoch:9
LR: 0.0001
* TRAIN - Accuracy 87.770 Loss 0.2908
* VALID - Accuracy 86.700 Loss 0.3046
Epoch:10
LR: 0.0001
* TRAIN - Accuracy 88.400 Loss 0.2757
* VALID - Accuracy 87.150 Loss 0.3120
Epoch:11
LR: 0.0001
* TRAIN - Accuracy 88.870 Loss 0.2668
* VALID - Accuracy 86.500 Loss 0.3178
validation split name: 1
* VALID - Accuracy 82.050 Loss 0.4035
validation split name: 2
* VALID - Accuracy 86.500 Loss 0.3160
============================== Task: 3 ==============================
#reg_term: 1
Epoch:0
LR: 0.0001
* TRAIN - Accuracy 84.330 Loss 0.3706
* VALID - Accuracy 86.750 Loss 0.3174
Epoch:1
LR: 0.0001
* TRAIN - Accuracy 87.980 Loss 0.2881
* VALID - Accuracy 89.300 Loss 0.2761
Epoch:2
LR: 0.0001
* TRAIN - Accuracy 89.730 Loss 0.2535
* VALID - Accuracy 90.000 Loss 0.2482
Epoch:3
LR: 0.0001
* TRAIN - Accuracy 90.640 Loss 0.2317
* VALID - Accuracy 90.750 Loss 0.2309
Epoch:4
LR: 0.0001
* TRAIN - Accuracy 91.580 Loss 0.2130
* VALID - Accuracy 91.450 Loss 0.2247
Epoch:5
LR: 0.0001
* TRAIN - Accuracy 92.050 Loss 0.1998
* VALID - Accuracy 92.050 Loss 0.2121
Epoch:6
LR: 0.0001
* TRAIN - Accuracy 92.470 Loss 0.1942
* VALID - Accuracy 92.650 Loss 0.2040
Epoch:7
LR: 0.0001
* TRAIN - Accuracy 92.870 Loss 0.1821
* VALID - Accuracy 92.600 Loss 0.1973
Epoch:8
LR: 0.0001
* TRAIN - Accuracy 93.330 Loss 0.1727
* VALID - Accuracy 92.500 Loss 0.2014
Epoch:9
LR: 0.0001
* TRAIN - Accuracy 93.510 Loss 0.1643
* VALID - Accuracy 93.400 Loss 0.1878
Epoch:10
LR: 0.0001
* TRAIN - Accuracy 93.700 Loss 0.1600
* VALID - Accuracy 93.050 Loss 0.1900
Epoch:11
LR: 0.0001
* TRAIN - Accuracy 93.910 Loss 0.1579
* VALID - Accuracy 92.950 Loss 0.1835
validation split name: 1
* VALID - Accuracy 79.850 Loss 0.4857
validation split name: 2
* VALID - Accuracy 72.950 Loss 0.7703
validation split name: 3
* VALID - Accuracy 92.950 Loss 0.1821
============================== Task: 4 ==============================
#reg_term: 1
Epoch:0
LR: 0.0001
* TRAIN - Accuracy 86.220 Loss 0.3324
* VALID - Accuracy 93.900 Loss 0.1505
Epoch:1
LR: 0.0001
* TRAIN - Accuracy 94.200 Loss 0.1456
* VALID - Accuracy 95.200 Loss 0.1066
Epoch:2
LR: 0.0001
* TRAIN - Accuracy 95.490 Loss 0.1170
* VALID - Accuracy 95.800 Loss 0.1046
Epoch:3
LR: 0.0001
* TRAIN - Accuracy 96.600 Loss 0.0930
* VALID - Accuracy 96.150 Loss 0.1001
Epoch:4
LR: 0.0001
* TRAIN - Accuracy 96.570 Loss 0.0899
* VALID - Accuracy 96.400 Loss 0.0910
Epoch:5
LR: 0.0001
* TRAIN - Accuracy 97.130 Loss 0.0798
* VALID - Accuracy 96.800 Loss 0.0778
Epoch:6
LR: 0.0001
* TRAIN - Accuracy 97.260 Loss 0.0748
* VALID - Accuracy 97.100 Loss 0.0750
Epoch:7
LR: 0.0001
* TRAIN - Accuracy 97.350 Loss 0.0720
* VALID - Accuracy 96.700 Loss 0.0814
Epoch:8
LR: 0.0001
* TRAIN - Accuracy 97.880 Loss 0.0586
* VALID - Accuracy 97.000 Loss 0.0760
Epoch:9
LR: 0.0001
* TRAIN - Accuracy 97.720 Loss 0.0611
* VALID - Accuracy 97.500 Loss 0.0693
Epoch:10
LR: 0.0001
* TRAIN - Accuracy 97.840 Loss 0.0545
* VALID - Accuracy 97.300 Loss 0.0730
Epoch:11
LR: 0.0001
* TRAIN - Accuracy 98.140 Loss 0.0522
* VALID - Accuracy 97.050 Loss 0.0804
validation split name: 1
* VALID - Accuracy 44.200 Loss 1.9802
validation split name: 2
* VALID - Accuracy 52.750 Loss 1.8169
validation split name: 3
* VALID - Accuracy 64.400 Loss 1.2739
validation split name: 4
* VALID - Accuracy 97.050 Loss 0.0791
============================== Task: 5 ==============================
#reg_term: 1
Epoch:0
LR: 0.0001
* TRAIN - Accuracy 89.840 Loss 0.2827
* VALID - Accuracy 92.250 Loss 0.1812
Epoch:1
LR: 0.0001
* TRAIN - Accuracy 93.980 Loss 0.1554
* VALID - Accuracy 93.500 Loss 0.1501
Epoch:2
LR: 0.0001
* TRAIN - Accuracy 95.050 Loss 0.1256
* VALID - Accuracy 94.400 Loss 0.1294
Epoch:3
LR: 0.0001
* TRAIN - Accuracy 95.440 Loss 0.1153
* VALID - Accuracy 95.000 Loss 0.1150
Epoch:4
LR: 0.0001
* TRAIN - Accuracy 96.080 Loss 0.1043
* VALID - Accuracy 95.250 Loss 0.1137
Epoch:5
LR: 0.0001
* TRAIN - Accuracy 96.330 Loss 0.0957
* VALID - Accuracy 95.400 Loss 0.1047
Epoch:6
LR: 0.0001
* TRAIN - Accuracy 96.960 Loss 0.0850
* VALID - Accuracy 96.350 Loss 0.0964
Epoch:7
LR: 0.0001
* TRAIN - Accuracy 97.150 Loss 0.0787
* VALID - Accuracy 96.150 Loss 0.0939
Epoch:8
LR: 0.0001
* TRAIN - Accuracy 97.500 Loss 0.0712
* VALID - Accuracy 96.150 Loss 0.0958
Epoch:9
LR: 0.0001
* TRAIN - Accuracy 97.510 Loss 0.0679
* VALID - Accuracy 96.250 Loss 0.0983
Epoch:10
LR: 0.0001
* TRAIN - Accuracy 97.640 Loss 0.0655
* VALID - Accuracy 96.650 Loss 0.0851
Epoch:11
LR: 0.0001
* TRAIN - Accuracy 98.000 Loss 0.0577
* VALID - Accuracy 96.800 Loss 0.0928
validation split name: 1
* VALID - Accuracy 83.200 Loss 0.5746
validation split name: 2
* VALID - Accuracy 64.350 Loss 1.1589
validation split name: 3
* VALID - Accuracy 59.300 Loss 1.2080
validation split name: 4
* VALID - Accuracy 69.800 Loss 0.9695
validation split name: 5
* VALID - Accuracy 96.800 Loss 0.0917
OrderedDict([('1', OrderedDict([('1', 97.85), ('2', 82.05), ('3', 79.85), ('4', 44.2), ('5', 83.2)])), ('2', OrderedDict([('2', 86.5), ('3', 72.95), ('4', 52.75), ('5', 64.35)])), ('3', OrderedDict([('3', 92.95), ('4', 64.4), ('5', 59.3)])), ('4', OrderedDict([('4', 97.05), ('5', 69.8)])), ('5', OrderedDict([('5', 96.8)]))])
Task 1 average acc: 97.85
Task 2 average acc: 84.275
Task 3 average acc: 81.91666666666667
Task 4 average acc: 64.60000000000001
Task 5 average acc: 74.69000000000001
===Summary of experiment repeats: 3 / 10 ===
The regularization coefficient: 0.0001
The last avg acc of all repeats: [73.21 72.51 74.69  0.    0.    0.    0.    0.    0.    0.  ]
mean: 22.041000000000004 std: 33.67186286797926
Files already downloaded and verified
Files already downloaded and verified
split_boundaries: [0, 2, 4, 6, 8, 10]
{'1': [0, 1], '2': [2, 3], '3': [4, 5], '4': [6, 7], '5': [8, 9]}
CNN(
  (c1): Sequential(
    (0): Conv2d(3, 32, kernel_size=(3, 3), stride=(1, 1), padding=(1, 1))
    (1): BatchNorm2d(32, eps=1e-05, momentum=0.1, affine=True, track_running_stats=True)
    (2): ReLU()
    (3): Conv2d(32, 32, kernel_size=(3, 3), stride=(1, 1), padding=(1, 1))
    (4): BatchNorm2d(32, eps=1e-05, momentum=0.1, affine=True, track_running_stats=True)
    (5): ReLU()
    (6): Conv2d(32, 64, kernel_size=(3, 3), stride=(1, 1), padding=(1, 1))
    (7): BatchNorm2d(64, eps=1e-05, momentum=0.1, affine=True, track_running_stats=True)
    (8): ReLU()
    (9): MaxPool2d(kernel_size=2, stride=2, padding=0, dilation=1, ceil_mode=False)
  )
  (c2): Sequential(
    (0): Conv2d(64, 64, kernel_size=(3, 3), stride=(1, 1), padding=(1, 1))
    (1): BatchNorm2d(64, eps=1e-05, momentum=0.1, affine=True, track_running_stats=True)
    (2): ReLU()
    (3): Conv2d(64, 128, kernel_size=(3, 3), stride=(1, 1), padding=(1, 1))
    (4): BatchNorm2d(128, eps=1e-05, momentum=0.1, affine=True, track_running_stats=True)
    (5): ReLU()
    (6): MaxPool2d(kernel_size=2, stride=2, padding=0, dilation=1, ceil_mode=False)
  )
  (c3): Sequential(
    (0): Conv2d(128, 128, kernel_size=(3, 3), stride=(1, 1), padding=(1, 1))
    (1): BatchNorm2d(128, eps=1e-05, momentum=0.1, affine=True, track_running_stats=True)
    (2): ReLU()
    (3): Conv2d(128, 128, kernel_size=(3, 3), stride=(1, 1), padding=(1, 1))
    (4): BatchNorm2d(128, eps=1e-05, momentum=0.1, affine=True, track_running_stats=True)
    (5): ReLU()
    (6): MaxPool2d(kernel_size=2, stride=2, padding=0, dilation=1, ceil_mode=False)
  )
  (fc1): Sequential(
    (0): Linear(in_features=2048, out_features=256, bias=True)
    (1): ReLU()
  )
  (last): ModuleDict(
    (All): Linear(in_features=256, out_features=2, bias=True)
  )
)
#parameter of model: 960802
Task order: ['1', '2', '3', '4', '5']
============================== Task: 1 ==============================
#reg_term: 0
Epoch:0
LR: 0.001
* TRAIN - Accuracy 81.390 Loss 0.4208
* VALID - Accuracy 88.750 Loss 0.2837
Epoch:1
LR: 0.001
* TRAIN - Accuracy 89.880 Loss 0.2466
* VALID - Accuracy 86.850 Loss 0.3663
Epoch:2
LR: 0.001
* TRAIN - Accuracy 92.860 Loss 0.1846
* VALID - Accuracy 93.400 Loss 0.1660
Epoch:3
LR: 0.001
* TRAIN - Accuracy 95.280 Loss 0.1267
* VALID - Accuracy 97.700 Loss 0.0680
Epoch:4
LR: 0.001
* TRAIN - Accuracy 96.400 Loss 0.0947
* VALID - Accuracy 97.600 Loss 0.0688
Epoch:5
LR: 0.001
* TRAIN - Accuracy 96.750 Loss 0.0859
* VALID - Accuracy 97.400 Loss 0.0874
Epoch:6
LR: 0.001
* TRAIN - Accuracy 97.240 Loss 0.0713
* VALID - Accuracy 97.800 Loss 0.0567
Epoch:7
LR: 0.001
* TRAIN - Accuracy 97.880 Loss 0.0592
* VALID - Accuracy 96.850 Loss 0.0935
Epoch:8
LR: 0.001
* TRAIN - Accuracy 97.770 Loss 0.0611
* VALID - Accuracy 97.950 Loss 0.0622
Epoch:9
LR: 0.001
* TRAIN - Accuracy 98.050 Loss 0.0528
* VALID - Accuracy 98.050 Loss 0.0492
Epoch:10
LR: 0.001
* TRAIN - Accuracy 98.170 Loss 0.0475
* VALID - Accuracy 97.750 Loss 0.0623
Epoch:11
LR: 0.001
* TRAIN - Accuracy 98.000 Loss 0.0519
* VALID - Accuracy 98.200 Loss 0.0507
validation split name: 1
* VALID - Accuracy 98.200 Loss 0.0507
============================== Task: 2 ==============================
#reg_term: 1
Epoch:0
LR: 0.0001
* TRAIN - Accuracy 73.230 Loss 0.6252
* VALID - Accuracy 77.250 Loss 0.4660
Epoch:1
LR: 0.0001
* TRAIN - Accuracy 80.470 Loss 0.4235
* VALID - Accuracy 80.400 Loss 0.4297
Epoch:2
LR: 0.0001
* TRAIN - Accuracy 82.620 Loss 0.3886
* VALID - Accuracy 82.450 Loss 0.3978
Epoch:3
LR: 0.0001
* TRAIN - Accuracy 83.980 Loss 0.3688
* VALID - Accuracy 82.350 Loss 0.3884
Epoch:4
LR: 0.0001
* TRAIN - Accuracy 84.680 Loss 0.3451
* VALID - Accuracy 83.450 Loss 0.3691
Epoch:5
LR: 0.0001
* TRAIN - Accuracy 86.050 Loss 0.3295
* VALID - Accuracy 84.600 Loss 0.3632
Epoch:6
LR: 0.0001
* TRAIN - Accuracy 86.670 Loss 0.3112
* VALID - Accuracy 84.800 Loss 0.3487
Epoch:7
LR: 0.0001
* TRAIN - Accuracy 87.470 Loss 0.2991
* VALID - Accuracy 84.350 Loss 0.3540
Epoch:8
LR: 0.0001
* TRAIN - Accuracy 88.020 Loss 0.2869
* VALID - Accuracy 86.250 Loss 0.3221
Epoch:9
LR: 0.0001
* TRAIN - Accuracy 88.580 Loss 0.2778
* VALID - Accuracy 86.750 Loss 0.3114
Epoch:10
LR: 0.0001
* TRAIN - Accuracy 88.920 Loss 0.2678
* VALID - Accuracy 86.750 Loss 0.3079
Epoch:11
LR: 0.0001
* TRAIN - Accuracy 89.460 Loss 0.2527
* VALID - Accuracy 87.100 Loss 0.3131
validation split name: 1
* VALID - Accuracy 82.750 Loss 0.3995
validation split name: 2
* VALID - Accuracy 87.100 Loss 0.3113
============================== Task: 3 ==============================
#reg_term: 1
Epoch:0
LR: 0.0001
* TRAIN - Accuracy 84.370 Loss 0.3666
* VALID - Accuracy 87.350 Loss 0.2920
Epoch:1
LR: 0.0001
* TRAIN - Accuracy 89.110 Loss 0.2707
* VALID - Accuracy 89.150 Loss 0.2637
Epoch:2
LR: 0.0001
* TRAIN - Accuracy 90.360 Loss 0.2389
* VALID - Accuracy 91.450 Loss 0.2197
Epoch:3
LR: 0.0001
* TRAIN - Accuracy 91.490 Loss 0.2159
* VALID - Accuracy 91.550 Loss 0.2090
Epoch:4
LR: 0.0001
* TRAIN - Accuracy 91.900 Loss 0.2039
* VALID - Accuracy 92.450 Loss 0.1979
Epoch:5
LR: 0.0001
* TRAIN - Accuracy 92.720 Loss 0.1895
* VALID - Accuracy 92.450 Loss 0.1993
Epoch:6
LR: 0.0001
* TRAIN - Accuracy 92.800 Loss 0.1785
* VALID - Accuracy 92.800 Loss 0.1912
Epoch:7
LR: 0.0001
* TRAIN - Accuracy 93.720 Loss 0.1670
* VALID - Accuracy 93.200 Loss 0.1885
Epoch:8
LR: 0.0001
* TRAIN - Accuracy 93.660 Loss 0.1609
* VALID - Accuracy 94.150 Loss 0.1735
Epoch:9
LR: 0.0001
* TRAIN - Accuracy 93.930 Loss 0.1584
* VALID - Accuracy 93.800 Loss 0.1728
Epoch:10
LR: 0.0001
* TRAIN - Accuracy 93.950 Loss 0.1533
* VALID - Accuracy 93.800 Loss 0.1648
Epoch:11
LR: 0.0001
* TRAIN - Accuracy 94.370 Loss 0.1449
* VALID - Accuracy 93.350 Loss 0.1811
validation split name: 1
* VALID - Accuracy 76.900 Loss 0.6183
validation split name: 2
* VALID - Accuracy 68.400 Loss 1.0022
validation split name: 3
* VALID - Accuracy 93.350 Loss 0.1797
============================== Task: 4 ==============================
#reg_term: 1
Epoch:0
LR: 0.0001
* TRAIN - Accuracy 89.050 Loss 0.2835
* VALID - Accuracy 94.600 Loss 0.1351
Epoch:1
LR: 0.0001
* TRAIN - Accuracy 94.940 Loss 0.1288
* VALID - Accuracy 96.150 Loss 0.1021
Epoch:2
LR: 0.0001
* TRAIN - Accuracy 95.970 Loss 0.1037
* VALID - Accuracy 96.800 Loss 0.0909
Epoch:3
LR: 0.0001
* TRAIN - Accuracy 96.600 Loss 0.0902
* VALID - Accuracy 96.150 Loss 0.0912
Epoch:4
LR: 0.0001
* TRAIN - Accuracy 97.000 Loss 0.0789
* VALID - Accuracy 96.550 Loss 0.0840
Epoch:5
LR: 0.0001
* TRAIN - Accuracy 97.280 Loss 0.0736
* VALID - Accuracy 97.100 Loss 0.0678
Epoch:6
LR: 0.0001
* TRAIN - Accuracy 97.540 Loss 0.0657
* VALID - Accuracy 97.250 Loss 0.0651
Epoch:7
LR: 0.0001
* TRAIN - Accuracy 97.690 Loss 0.0628
* VALID - Accuracy 97.100 Loss 0.0653
Epoch:8
LR: 0.0001
* TRAIN - Accuracy 97.710 Loss 0.0595
* VALID - Accuracy 97.650 Loss 0.0591
Epoch:9
LR: 0.0001
* TRAIN - Accuracy 98.080 Loss 0.0529
* VALID - Accuracy 97.600 Loss 0.0635
Epoch:10
LR: 0.0001
* TRAIN - Accuracy 98.200 Loss 0.0486
* VALID - Accuracy 97.250 Loss 0.0649
Epoch:11
LR: 0.0001
* TRAIN - Accuracy 98.340 Loss 0.0490
* VALID - Accuracy 97.600 Loss 0.0607
validation split name: 1
* VALID - Accuracy 49.600 Loss 1.7226
validation split name: 2
* VALID - Accuracy 53.900 Loss 1.8213
validation split name: 3
* VALID - Accuracy 66.650 Loss 1.2183
validation split name: 4
* VALID - Accuracy 97.600 Loss 0.0596
============================== Task: 5 ==============================
#reg_term: 1
Epoch:0
LR: 0.0001
* TRAIN - Accuracy 90.160 Loss 0.2704
* VALID - Accuracy 93.000 Loss 0.1781
Epoch:1
LR: 0.0001
* TRAIN - Accuracy 94.260 Loss 0.1492
* VALID - Accuracy 94.100 Loss 0.1534
Epoch:2
LR: 0.0001
* TRAIN - Accuracy 95.430 Loss 0.1191
* VALID - Accuracy 94.150 Loss 0.1519
Epoch:3
LR: 0.0001
* TRAIN - Accuracy 95.840 Loss 0.1109
* VALID - Accuracy 94.700 Loss 0.1332
Epoch:4
LR: 0.0001
* TRAIN - Accuracy 96.330 Loss 0.1013
* VALID - Accuracy 95.150 Loss 0.1218
Epoch:5
LR: 0.0001
* TRAIN - Accuracy 96.950 Loss 0.0831
* VALID - Accuracy 95.250 Loss 0.1209
Epoch:6
LR: 0.0001
* TRAIN - Accuracy 97.190 Loss 0.0796
* VALID - Accuracy 95.800 Loss 0.1088
Epoch:7
LR: 0.0001
* TRAIN - Accuracy 97.310 Loss 0.0730
* VALID - Accuracy 96.150 Loss 0.1042
Epoch:8
LR: 0.0001
* TRAIN - Accuracy 97.190 Loss 0.0746
* VALID - Accuracy 95.850 Loss 0.1053
Epoch:9
LR: 0.0001
* TRAIN - Accuracy 97.390 Loss 0.0689
* VALID - Accuracy 96.400 Loss 0.0932
Epoch:10
LR: 0.0001
* TRAIN - Accuracy 97.840 Loss 0.0596
* VALID - Accuracy 96.500 Loss 0.0922
Epoch:11
LR: 0.0001
* TRAIN - Accuracy 97.810 Loss 0.0564
* VALID - Accuracy 96.400 Loss 0.0928
validation split name: 1
* VALID - Accuracy 82.700 Loss 0.5451
validation split name: 2
* VALID - Accuracy 58.550 Loss 1.1084
validation split name: 3
* VALID - Accuracy 64.750 Loss 0.9183
validation split name: 4
* VALID - Accuracy 75.400 Loss 0.6314
validation split name: 5
* VALID - Accuracy 96.400 Loss 0.0916
OrderedDict([('1', OrderedDict([('1', 98.2), ('2', 82.75), ('3', 76.9), ('4', 49.6), ('5', 82.7)])), ('2', OrderedDict([('2', 87.1), ('3', 68.4), ('4', 53.9), ('5', 58.55)])), ('3', OrderedDict([('3', 93.35), ('4', 66.65), ('5', 64.75)])), ('4', OrderedDict([('4', 97.6), ('5', 75.4)])), ('5', OrderedDict([('5', 96.4)]))])
Task 1 average acc: 98.2
Task 2 average acc: 84.925
Task 3 average acc: 79.55
Task 4 average acc: 66.9375
Task 5 average acc: 75.55999999999999
===Summary of experiment repeats: 4 / 10 ===
The regularization coefficient: 0.0001
The last avg acc of all repeats: [73.21 72.51 74.69 75.56  0.    0.    0.    0.    0.    0.  ]
mean: 29.597 std: 36.25670946183617
Files already downloaded and verified
Files already downloaded and verified
split_boundaries: [0, 2, 4, 6, 8, 10]
{'1': [0, 1], '2': [2, 3], '3': [4, 5], '4': [6, 7], '5': [8, 9]}
CNN(
  (c1): Sequential(
    (0): Conv2d(3, 32, kernel_size=(3, 3), stride=(1, 1), padding=(1, 1))
    (1): BatchNorm2d(32, eps=1e-05, momentum=0.1, affine=True, track_running_stats=True)
    (2): ReLU()
    (3): Conv2d(32, 32, kernel_size=(3, 3), stride=(1, 1), padding=(1, 1))
    (4): BatchNorm2d(32, eps=1e-05, momentum=0.1, affine=True, track_running_stats=True)
    (5): ReLU()
    (6): Conv2d(32, 64, kernel_size=(3, 3), stride=(1, 1), padding=(1, 1))
    (7): BatchNorm2d(64, eps=1e-05, momentum=0.1, affine=True, track_running_stats=True)
    (8): ReLU()
    (9): MaxPool2d(kernel_size=2, stride=2, padding=0, dilation=1, ceil_mode=False)
  )
  (c2): Sequential(
    (0): Conv2d(64, 64, kernel_size=(3, 3), stride=(1, 1), padding=(1, 1))
    (1): BatchNorm2d(64, eps=1e-05, momentum=0.1, affine=True, track_running_stats=True)
    (2): ReLU()
    (3): Conv2d(64, 128, kernel_size=(3, 3), stride=(1, 1), padding=(1, 1))
    (4): BatchNorm2d(128, eps=1e-05, momentum=0.1, affine=True, track_running_stats=True)
    (5): ReLU()
    (6): MaxPool2d(kernel_size=2, stride=2, padding=0, dilation=1, ceil_mode=False)
  )
  (c3): Sequential(
    (0): Conv2d(128, 128, kernel_size=(3, 3), stride=(1, 1), padding=(1, 1))
    (1): BatchNorm2d(128, eps=1e-05, momentum=0.1, affine=True, track_running_stats=True)
    (2): ReLU()
    (3): Conv2d(128, 128, kernel_size=(3, 3), stride=(1, 1), padding=(1, 1))
    (4): BatchNorm2d(128, eps=1e-05, momentum=0.1, affine=True, track_running_stats=True)
    (5): ReLU()
    (6): MaxPool2d(kernel_size=2, stride=2, padding=0, dilation=1, ceil_mode=False)
  )
  (fc1): Sequential(
    (0): Linear(in_features=2048, out_features=256, bias=True)
    (1): ReLU()
  )
  (last): ModuleDict(
    (All): Linear(in_features=256, out_features=2, bias=True)
  )
)
#parameter of model: 960802
Task order: ['1', '2', '3', '4', '5']
============================== Task: 1 ==============================
#reg_term: 0
Epoch:0
LR: 0.001
* TRAIN - Accuracy 82.450 Loss 0.3904
* VALID - Accuracy 89.100 Loss 0.2576
Epoch:1
LR: 0.001
* TRAIN - Accuracy 90.230 Loss 0.2386
* VALID - Accuracy 90.950 Loss 0.2377
Epoch:2
LR: 0.001
* TRAIN - Accuracy 93.550 Loss 0.1664
* VALID - Accuracy 94.300 Loss 0.1548
Epoch:3
LR: 0.001
* TRAIN - Accuracy 95.050 Loss 0.1260
* VALID - Accuracy 96.300 Loss 0.0910
Epoch:4
LR: 0.001
* TRAIN - Accuracy 96.170 Loss 0.1013
* VALID - Accuracy 97.200 Loss 0.0792
Epoch:5
LR: 0.001
* TRAIN - Accuracy 96.570 Loss 0.0900
* VALID - Accuracy 97.750 Loss 0.0716
Epoch:6
LR: 0.001
* TRAIN - Accuracy 97.650 Loss 0.0650
* VALID - Accuracy 97.650 Loss 0.0677
Epoch:7
LR: 0.001
* TRAIN - Accuracy 97.530 Loss 0.0641
* VALID - Accuracy 97.950 Loss 0.0578
Epoch:8
LR: 0.001
* TRAIN - Accuracy 97.650 Loss 0.0606
* VALID - Accuracy 97.900 Loss 0.0689
Epoch:9
LR: 0.001
* TRAIN - Accuracy 97.130 Loss 0.0723
* VALID - Accuracy 97.300 Loss 0.0821
Epoch:10
LR: 0.001
* TRAIN - Accuracy 98.210 Loss 0.0498
* VALID - Accuracy 96.100 Loss 0.1218
Epoch:11
LR: 0.001
* TRAIN - Accuracy 98.270 Loss 0.0463
* VALID - Accuracy 97.650 Loss 0.0925
validation split name: 1
* VALID - Accuracy 97.650 Loss 0.0925
============================== Task: 2 ==============================
#reg_term: 1
Epoch:0
LR: 0.0001
* TRAIN - Accuracy 74.690 Loss 0.6046
* VALID - Accuracy 78.100 Loss 0.4533
Epoch:1
LR: 0.0001
* TRAIN - Accuracy 81.070 Loss 0.4182
* VALID - Accuracy 80.950 Loss 0.4210
Epoch:2
LR: 0.0001
* TRAIN - Accuracy 83.120 Loss 0.3883
* VALID - Accuracy 82.300 Loss 0.3953
Epoch:3
LR: 0.0001
* TRAIN - Accuracy 84.060 Loss 0.3644
* VALID - Accuracy 83.250 Loss 0.3807
Epoch:4
LR: 0.0001
* TRAIN - Accuracy 84.800 Loss 0.3468
* VALID - Accuracy 84.750 Loss 0.3567
Epoch:5
LR: 0.0001
* TRAIN - Accuracy 85.530 Loss 0.3266
* VALID - Accuracy 84.400 Loss 0.3473
Epoch:6
LR: 0.0001
* TRAIN - Accuracy 86.680 Loss 0.3099
* VALID - Accuracy 85.150 Loss 0.3372
Epoch:7
LR: 0.0001
* TRAIN - Accuracy 87.290 Loss 0.2974
* VALID - Accuracy 85.400 Loss 0.3289
Epoch:8
LR: 0.0001
* TRAIN - Accuracy 87.890 Loss 0.2864
* VALID - Accuracy 85.700 Loss 0.3313
Epoch:9
LR: 0.0001
* TRAIN - Accuracy 88.370 Loss 0.2777
* VALID - Accuracy 85.600 Loss 0.3160
Epoch:10
LR: 0.0001
* TRAIN - Accuracy 88.790 Loss 0.2695
* VALID - Accuracy 86.300 Loss 0.3121
Epoch:11
LR: 0.0001
* TRAIN - Accuracy 89.490 Loss 0.2565
* VALID - Accuracy 86.350 Loss 0.3128
validation split name: 1
* VALID - Accuracy 85.050 Loss 0.3781
validation split name: 2
* VALID - Accuracy 86.350 Loss 0.3108
============================== Task: 3 ==============================
#reg_term: 1
Epoch:0
LR: 0.0001
* TRAIN - Accuracy 83.640 Loss 0.3781
* VALID - Accuracy 88.150 Loss 0.2988
Epoch:1
LR: 0.0001
* TRAIN - Accuracy 87.940 Loss 0.2849
* VALID - Accuracy 89.450 Loss 0.2681
Epoch:2
LR: 0.0001
* TRAIN - Accuracy 89.710 Loss 0.2486
* VALID - Accuracy 91.000 Loss 0.2417
Epoch:3
LR: 0.0001
* TRAIN - Accuracy 90.740 Loss 0.2277
* VALID - Accuracy 91.700 Loss 0.2199
Epoch:4
LR: 0.0001
* TRAIN - Accuracy 91.510 Loss 0.2154
* VALID - Accuracy 92.750 Loss 0.1989
Epoch:5
LR: 0.0001
* TRAIN - Accuracy 91.800 Loss 0.2064
* VALID - Accuracy 92.450 Loss 0.2130
Epoch:6
LR: 0.0001
* TRAIN - Accuracy 92.560 Loss 0.1876
* VALID - Accuracy 92.550 Loss 0.2098
Epoch:7
LR: 0.0001
* TRAIN - Accuracy 93.000 Loss 0.1841
* VALID - Accuracy 93.350 Loss 0.1829
Epoch:8
LR: 0.0001
* TRAIN - Accuracy 93.430 Loss 0.1717
* VALID - Accuracy 93.250 Loss 0.1883
Epoch:9
LR: 0.0001
* TRAIN - Accuracy 93.800 Loss 0.1623
* VALID - Accuracy 93.350 Loss 0.1811
Epoch:10
LR: 0.0001
* TRAIN - Accuracy 93.770 Loss 0.1602
* VALID - Accuracy 93.900 Loss 0.1682
Epoch:11
LR: 0.0001
* TRAIN - Accuracy 94.130 Loss 0.1519
* VALID - Accuracy 93.650 Loss 0.1764
validation split name: 1
* VALID - Accuracy 80.450 Loss 0.4488
validation split name: 2
* VALID - Accuracy 70.750 Loss 0.8077
validation split name: 3
* VALID - Accuracy 93.650 Loss 0.1748
============================== Task: 4 ==============================
#reg_term: 1
Epoch:0
LR: 0.0001
* TRAIN - Accuracy 87.830 Loss 0.3120
* VALID - Accuracy 95.000 Loss 0.1354
Epoch:1
LR: 0.0001
* TRAIN - Accuracy 94.720 Loss 0.1358
* VALID - Accuracy 95.900 Loss 0.1132
Epoch:2
LR: 0.0001
* TRAIN - Accuracy 95.880 Loss 0.1117
* VALID - Accuracy 96.500 Loss 0.0912
Epoch:3
LR: 0.0001
* TRAIN - Accuracy 96.490 Loss 0.0929
* VALID - Accuracy 97.050 Loss 0.0794
Epoch:4
LR: 0.0001
* TRAIN - Accuracy 96.810 Loss 0.0855
* VALID - Accuracy 96.900 Loss 0.0910
Epoch:5
LR: 0.0001
* TRAIN - Accuracy 97.050 Loss 0.0735
* VALID - Accuracy 97.600 Loss 0.0711
Epoch:6
LR: 0.0001
* TRAIN - Accuracy 97.500 Loss 0.0684
* VALID - Accuracy 97.200 Loss 0.0750
Epoch:7
LR: 0.0001
* TRAIN - Accuracy 97.760 Loss 0.0598
* VALID - Accuracy 97.550 Loss 0.0666
Epoch:8
LR: 0.0001
* TRAIN - Accuracy 97.620 Loss 0.0623
* VALID - Accuracy 97.900 Loss 0.0704
Epoch:9
LR: 0.0001
* TRAIN - Accuracy 98.020 Loss 0.0544
* VALID - Accuracy 97.150 Loss 0.0782
Epoch:10
LR: 0.0001
* TRAIN - Accuracy 98.130 Loss 0.0540
* VALID - Accuracy 97.500 Loss 0.0717
Epoch:11
LR: 0.0001
* TRAIN - Accuracy 98.110 Loss 0.0511
* VALID - Accuracy 97.200 Loss 0.0750
validation split name: 1
* VALID - Accuracy 47.450 Loss 2.0411
validation split name: 2
* VALID - Accuracy 51.800 Loss 1.9790
validation split name: 3
* VALID - Accuracy 65.050 Loss 1.3557
validation split name: 4
* VALID - Accuracy 97.200 Loss 0.0737
============================== Task: 5 ==============================
#reg_term: 1
Epoch:0
LR: 0.0001
* TRAIN - Accuracy 90.230 Loss 0.2781
* VALID - Accuracy 92.900 Loss 0.1742
Epoch:1
LR: 0.0001
* TRAIN - Accuracy 94.120 Loss 0.1547
* VALID - Accuracy 92.650 Loss 0.1771
Epoch:2
LR: 0.0001
* TRAIN - Accuracy 95.200 Loss 0.1243
* VALID - Accuracy 94.600 Loss 0.1252
Epoch:3
LR: 0.0001
* TRAIN - Accuracy 95.620 Loss 0.1131
* VALID - Accuracy 95.000 Loss 0.1170
Epoch:4
LR: 0.0001
* TRAIN - Accuracy 96.010 Loss 0.1056
* VALID - Accuracy 95.050 Loss 0.1193
Epoch:5
LR: 0.0001
* TRAIN - Accuracy 96.400 Loss 0.0975
* VALID - Accuracy 95.750 Loss 0.1072
Epoch:6
LR: 0.0001
* TRAIN - Accuracy 96.860 Loss 0.0835
* VALID - Accuracy 96.050 Loss 0.1070
Epoch:7
LR: 0.0001
* TRAIN - Accuracy 97.080 Loss 0.0783
* VALID - Accuracy 96.250 Loss 0.0946
Epoch:8
LR: 0.0001
* TRAIN - Accuracy 97.460 Loss 0.0703
* VALID - Accuracy 96.900 Loss 0.0894
Epoch:9
LR: 0.0001
* TRAIN - Accuracy 97.570 Loss 0.0715
* VALID - Accuracy 96.150 Loss 0.1119
Epoch:10
LR: 0.0001
* TRAIN - Accuracy 97.760 Loss 0.0654
* VALID - Accuracy 96.150 Loss 0.1003
Epoch:11
LR: 0.0001
* TRAIN - Accuracy 98.040 Loss 0.0595
* VALID - Accuracy 96.500 Loss 0.0878
validation split name: 1
* VALID - Accuracy 80.750 Loss 0.5813
validation split name: 2
* VALID - Accuracy 53.900 Loss 1.3909
validation split name: 3
* VALID - Accuracy 50.400 Loss 1.5046
validation split name: 4
* VALID - Accuracy 65.000 Loss 1.0315
validation split name: 5
* VALID - Accuracy 96.500 Loss 0.0867
OrderedDict([('1', OrderedDict([('1', 97.65), ('2', 85.05), ('3', 80.45), ('4', 47.45), ('5', 80.75)])), ('2', OrderedDict([('2', 86.35), ('3', 70.75), ('4', 51.8), ('5', 53.9)])), ('3', OrderedDict([('3', 93.65), ('4', 65.05), ('5', 50.4)])), ('4', OrderedDict([('4', 97.2), ('5', 65.0)])), ('5', OrderedDict([('5', 96.5)]))])
Task 1 average acc: 97.65
Task 2 average acc: 85.69999999999999
Task 3 average acc: 81.61666666666666
Task 4 average acc: 65.375
Task 5 average acc: 69.31
===Summary of experiment repeats: 5 / 10 ===
The regularization coefficient: 0.0001
The last avg acc of all repeats: [73.21 72.51 74.69 75.56 69.31  0.    0.    0.    0.    0.  ]
mean: 36.528000000000006 std: 36.55987166279444
Files already downloaded and verified
Files already downloaded and verified
split_boundaries: [0, 2, 4, 6, 8, 10]
{'1': [0, 1], '2': [2, 3], '3': [4, 5], '4': [6, 7], '5': [8, 9]}
CNN(
  (c1): Sequential(
    (0): Conv2d(3, 32, kernel_size=(3, 3), stride=(1, 1), padding=(1, 1))
    (1): BatchNorm2d(32, eps=1e-05, momentum=0.1, affine=True, track_running_stats=True)
    (2): ReLU()
    (3): Conv2d(32, 32, kernel_size=(3, 3), stride=(1, 1), padding=(1, 1))
    (4): BatchNorm2d(32, eps=1e-05, momentum=0.1, affine=True, track_running_stats=True)
    (5): ReLU()
    (6): Conv2d(32, 64, kernel_size=(3, 3), stride=(1, 1), padding=(1, 1))
    (7): BatchNorm2d(64, eps=1e-05, momentum=0.1, affine=True, track_running_stats=True)
    (8): ReLU()
    (9): MaxPool2d(kernel_size=2, stride=2, padding=0, dilation=1, ceil_mode=False)
  )
  (c2): Sequential(
    (0): Conv2d(64, 64, kernel_size=(3, 3), stride=(1, 1), padding=(1, 1))
    (1): BatchNorm2d(64, eps=1e-05, momentum=0.1, affine=True, track_running_stats=True)
    (2): ReLU()
    (3): Conv2d(64, 128, kernel_size=(3, 3), stride=(1, 1), padding=(1, 1))
    (4): BatchNorm2d(128, eps=1e-05, momentum=0.1, affine=True, track_running_stats=True)
    (5): ReLU()
    (6): MaxPool2d(kernel_size=2, stride=2, padding=0, dilation=1, ceil_mode=False)
  )
  (c3): Sequential(
    (0): Conv2d(128, 128, kernel_size=(3, 3), stride=(1, 1), padding=(1, 1))
    (1): BatchNorm2d(128, eps=1e-05, momentum=0.1, affine=True, track_running_stats=True)
    (2): ReLU()
    (3): Conv2d(128, 128, kernel_size=(3, 3), stride=(1, 1), padding=(1, 1))
    (4): BatchNorm2d(128, eps=1e-05, momentum=0.1, affine=True, track_running_stats=True)
    (5): ReLU()
    (6): MaxPool2d(kernel_size=2, stride=2, padding=0, dilation=1, ceil_mode=False)
  )
  (fc1): Sequential(
    (0): Linear(in_features=2048, out_features=256, bias=True)
    (1): ReLU()
  )
  (last): ModuleDict(
    (All): Linear(in_features=256, out_features=2, bias=True)
  )
)
#parameter of model: 960802
Task order: ['1', '2', '3', '4', '5']
============================== Task: 1 ==============================
#reg_term: 0
Epoch:0
LR: 0.001
* TRAIN - Accuracy 80.750 Loss 0.4471
* VALID - Accuracy 86.250 Loss 0.3207
Epoch:1
LR: 0.001
* TRAIN - Accuracy 88.830 Loss 0.2644
* VALID - Accuracy 92.950 Loss 0.1882
Epoch:2
LR: 0.001
* TRAIN - Accuracy 92.130 Loss 0.2022
* VALID - Accuracy 91.650 Loss 0.1913
Epoch:3
LR: 0.001
* TRAIN - Accuracy 93.970 Loss 0.1547
* VALID - Accuracy 95.850 Loss 0.1136
Epoch:4
LR: 0.001
* TRAIN - Accuracy 95.250 Loss 0.1170
* VALID - Accuracy 96.150 Loss 0.1031
Epoch:5
LR: 0.001
* TRAIN - Accuracy 96.150 Loss 0.0959
* VALID - Accuracy 95.200 Loss 0.1255
Epoch:6
LR: 0.001
* TRAIN - Accuracy 96.710 Loss 0.0849
* VALID - Accuracy 97.700 Loss 0.0631
Epoch:7
LR: 0.001
* TRAIN - Accuracy 97.180 Loss 0.0742
* VALID - Accuracy 94.450 Loss 0.1486
Epoch:8
LR: 0.001
* TRAIN - Accuracy 97.300 Loss 0.0703
* VALID - Accuracy 97.600 Loss 0.0695
Epoch:9
LR: 0.001
* TRAIN - Accuracy 97.790 Loss 0.0616
* VALID - Accuracy 96.350 Loss 0.0928
Epoch:10
LR: 0.001
* TRAIN - Accuracy 97.210 Loss 0.0724
* VALID - Accuracy 98.400 Loss 0.0437
Epoch:11
LR: 0.001
* TRAIN - Accuracy 98.350 Loss 0.0445
* VALID - Accuracy 98.150 Loss 0.0623
validation split name: 1
* VALID - Accuracy 98.150 Loss 0.0623
============================== Task: 2 ==============================
#reg_term: 1
Epoch:0
LR: 0.0001
* TRAIN - Accuracy 72.940 Loss 0.6051
* VALID - Accuracy 77.700 Loss 0.4712
Epoch:1
LR: 0.0001
* TRAIN - Accuracy 79.340 Loss 0.4456
* VALID - Accuracy 79.100 Loss 0.4399
Epoch:2
LR: 0.0001
* TRAIN - Accuracy 81.380 Loss 0.4127
* VALID - Accuracy 81.100 Loss 0.4140
Epoch:3
LR: 0.0001
* TRAIN - Accuracy 83.250 Loss 0.3799
* VALID - Accuracy 83.250 Loss 0.3816
Epoch:4
LR: 0.0001
* TRAIN - Accuracy 84.310 Loss 0.3568
* VALID - Accuracy 84.250 Loss 0.3636
Epoch:5
LR: 0.0001
* TRAIN - Accuracy 85.620 Loss 0.3275
* VALID - Accuracy 84.800 Loss 0.3515
Epoch:6
LR: 0.0001
* TRAIN - Accuracy 86.810 Loss 0.3120
* VALID - Accuracy 85.600 Loss 0.3401
Epoch:7
LR: 0.0001
* TRAIN - Accuracy 87.410 Loss 0.3003
* VALID - Accuracy 86.150 Loss 0.3263
Epoch:8
LR: 0.0001
* TRAIN - Accuracy 88.100 Loss 0.2849
* VALID - Accuracy 86.150 Loss 0.3338
Epoch:9
LR: 0.0001
* TRAIN - Accuracy 88.460 Loss 0.2774
* VALID - Accuracy 86.850 Loss 0.3212
Epoch:10
LR: 0.0001
* TRAIN - Accuracy 88.930 Loss 0.2651
* VALID - Accuracy 87.800 Loss 0.3047
Epoch:11
LR: 0.0001
* TRAIN - Accuracy 89.610 Loss 0.2551
* VALID - Accuracy 87.400 Loss 0.3138
validation split name: 1
* VALID - Accuracy 78.050 Loss 0.5289
validation split name: 2
* VALID - Accuracy 87.400 Loss 0.3119
============================== Task: 3 ==============================
#reg_term: 1
Epoch:0
LR: 0.0001
* TRAIN - Accuracy 83.240 Loss 0.3895
* VALID - Accuracy 86.100 Loss 0.3203
Epoch:1
LR: 0.0001
* TRAIN - Accuracy 87.870 Loss 0.2927
* VALID - Accuracy 87.750 Loss 0.2796
Epoch:2
LR: 0.0001
* TRAIN - Accuracy 89.180 Loss 0.2584
* VALID - Accuracy 89.650 Loss 0.2481
Epoch:3
LR: 0.0001
* TRAIN - Accuracy 90.390 Loss 0.2373
* VALID - Accuracy 91.200 Loss 0.2237
Epoch:4
LR: 0.0001
* TRAIN - Accuracy 91.500 Loss 0.2149
* VALID - Accuracy 91.550 Loss 0.2129
Epoch:5
LR: 0.0001
* TRAIN - Accuracy 92.220 Loss 0.2007
* VALID - Accuracy 91.950 Loss 0.2046
Epoch:6
LR: 0.0001
* TRAIN - Accuracy 92.110 Loss 0.1936
* VALID - Accuracy 92.250 Loss 0.1981
Epoch:7
LR: 0.0001
* TRAIN - Accuracy 93.080 Loss 0.1804
* VALID - Accuracy 93.000 Loss 0.1895
Epoch:8
LR: 0.0001
* TRAIN - Accuracy 93.390 Loss 0.1738
* VALID - Accuracy 92.200 Loss 0.2068
Epoch:9
LR: 0.0001
* TRAIN - Accuracy 93.790 Loss 0.1625
* VALID - Accuracy 92.650 Loss 0.1917
Epoch:10
LR: 0.0001
* TRAIN - Accuracy 94.050 Loss 0.1567
* VALID - Accuracy 93.600 Loss 0.1718
Epoch:11
LR: 0.0001
* TRAIN - Accuracy 94.260 Loss 0.1518
* VALID - Accuracy 93.950 Loss 0.1724
validation split name: 1
* VALID - Accuracy 77.550 Loss 0.5637
validation split name: 2
* VALID - Accuracy 71.650 Loss 0.8809
validation split name: 3
* VALID - Accuracy 93.950 Loss 0.1711
============================== Task: 4 ==============================
#reg_term: 1
Epoch:0
LR: 0.0001
* TRAIN - Accuracy 88.540 Loss 0.2860
* VALID - Accuracy 93.250 Loss 0.1725
Epoch:1
LR: 0.0001
* TRAIN - Accuracy 94.490 Loss 0.1400
* VALID - Accuracy 95.450 Loss 0.1171
Epoch:2
LR: 0.0001
* TRAIN - Accuracy 95.590 Loss 0.1117
* VALID - Accuracy 96.500 Loss 0.0962
Epoch:3
LR: 0.0001
* TRAIN - Accuracy 96.260 Loss 0.0997
* VALID - Accuracy 96.850 Loss 0.0915
Epoch:4
LR: 0.0001
* TRAIN - Accuracy 96.870 Loss 0.0850
* VALID - Accuracy 96.050 Loss 0.1090
Epoch:5
LR: 0.0001
* TRAIN - Accuracy 97.160 Loss 0.0749
* VALID - Accuracy 97.000 Loss 0.0854
Epoch:6
LR: 0.0001
* TRAIN - Accuracy 97.120 Loss 0.0750
* VALID - Accuracy 97.100 Loss 0.0883
Epoch:7
LR: 0.0001
* TRAIN - Accuracy 97.230 Loss 0.0734
* VALID - Accuracy 97.350 Loss 0.0752
Epoch:8
LR: 0.0001
* TRAIN - Accuracy 97.470 Loss 0.0674
* VALID - Accuracy 96.950 Loss 0.0822
Epoch:9
LR: 0.0001
* TRAIN - Accuracy 97.780 Loss 0.0587
* VALID - Accuracy 97.600 Loss 0.0702
Epoch:10
LR: 0.0001
* TRAIN - Accuracy 97.930 Loss 0.0580
* VALID - Accuracy 97.350 Loss 0.0855
Epoch:11
LR: 0.0001
* TRAIN - Accuracy 97.810 Loss 0.0571
* VALID - Accuracy 97.250 Loss 0.0815
validation split name: 1
* VALID - Accuracy 56.200 Loss 1.3701
validation split name: 2
* VALID - Accuracy 54.150 Loss 1.7372
validation split name: 3
* VALID - Accuracy 68.350 Loss 1.1206
validation split name: 4
* VALID - Accuracy 97.250 Loss 0.0804
============================== Task: 5 ==============================
#reg_term: 1
Epoch:0
LR: 0.0001
* TRAIN - Accuracy 90.360 Loss 0.2561
* VALID - Accuracy 93.950 Loss 0.1479
Epoch:1
LR: 0.0001
* TRAIN - Accuracy 94.750 Loss 0.1367
* VALID - Accuracy 95.350 Loss 0.1223
Epoch:2
LR: 0.0001
* TRAIN - Accuracy 95.220 Loss 0.1269
* VALID - Accuracy 95.600 Loss 0.1120
Epoch:3
LR: 0.0001
* TRAIN - Accuracy 96.450 Loss 0.0985
* VALID - Accuracy 95.850 Loss 0.1014
Epoch:4
LR: 0.0001
* TRAIN - Accuracy 96.470 Loss 0.0962
* VALID - Accuracy 95.950 Loss 0.1044
Epoch:5
LR: 0.0001
* TRAIN - Accuracy 96.620 Loss 0.0870
* VALID - Accuracy 96.350 Loss 0.0947
Epoch:6
LR: 0.0001
* TRAIN - Accuracy 97.020 Loss 0.0798
* VALID - Accuracy 95.800 Loss 0.1116
Epoch:7
LR: 0.0001
* TRAIN - Accuracy 97.150 Loss 0.0795
* VALID - Accuracy 96.800 Loss 0.0919
Epoch:8
LR: 0.0001
* TRAIN - Accuracy 97.410 Loss 0.0713
* VALID - Accuracy 96.450 Loss 0.1009
Epoch:9
LR: 0.0001
* TRAIN - Accuracy 97.580 Loss 0.0662
* VALID - Accuracy 96.550 Loss 0.0940
Epoch:10
LR: 0.0001
* TRAIN - Accuracy 97.620 Loss 0.0620
* VALID - Accuracy 96.350 Loss 0.1092
Epoch:11
LR: 0.0001
* TRAIN - Accuracy 97.820 Loss 0.0649
* VALID - Accuracy 96.050 Loss 0.1118
validation split name: 1
* VALID - Accuracy 78.550 Loss 0.7330
validation split name: 2
* VALID - Accuracy 61.450 Loss 1.1443
validation split name: 3
* VALID - Accuracy 61.900 Loss 1.1696
validation split name: 4
* VALID - Accuracy 65.250 Loss 1.1233
validation split name: 5
* VALID - Accuracy 96.050 Loss 0.1108
OrderedDict([('1', OrderedDict([('1', 98.15), ('2', 78.05), ('3', 77.55), ('4', 56.2), ('5', 78.55)])), ('2', OrderedDict([('2', 87.4), ('3', 71.65), ('4', 54.15), ('5', 61.45)])), ('3', OrderedDict([('3', 93.95), ('4', 68.35), ('5', 61.9)])), ('4', OrderedDict([('4', 97.25), ('5', 65.25)])), ('5', OrderedDict([('5', 96.05)]))])
Task 1 average acc: 98.15
Task 2 average acc: 82.725
Task 3 average acc: 81.05
Task 4 average acc: 68.9875
Task 5 average acc: 72.64
===Summary of experiment repeats: 6 / 10 ===
The regularization coefficient: 0.0001
The last avg acc of all repeats: [73.21 72.51 74.69 75.56 69.31 72.64  0.    0.    0.    0.  ]
mean: 43.792 std: 35.788778911832125
Files already downloaded and verified
Files already downloaded and verified
split_boundaries: [0, 2, 4, 6, 8, 10]
{'1': [0, 1], '2': [2, 3], '3': [4, 5], '4': [6, 7], '5': [8, 9]}
CNN(
  (c1): Sequential(
    (0): Conv2d(3, 32, kernel_size=(3, 3), stride=(1, 1), padding=(1, 1))
    (1): BatchNorm2d(32, eps=1e-05, momentum=0.1, affine=True, track_running_stats=True)
    (2): ReLU()
    (3): Conv2d(32, 32, kernel_size=(3, 3), stride=(1, 1), padding=(1, 1))
    (4): BatchNorm2d(32, eps=1e-05, momentum=0.1, affine=True, track_running_stats=True)
    (5): ReLU()
    (6): Conv2d(32, 64, kernel_size=(3, 3), stride=(1, 1), padding=(1, 1))
    (7): BatchNorm2d(64, eps=1e-05, momentum=0.1, affine=True, track_running_stats=True)
    (8): ReLU()
    (9): MaxPool2d(kernel_size=2, stride=2, padding=0, dilation=1, ceil_mode=False)
  )
  (c2): Sequential(
    (0): Conv2d(64, 64, kernel_size=(3, 3), stride=(1, 1), padding=(1, 1))
    (1): BatchNorm2d(64, eps=1e-05, momentum=0.1, affine=True, track_running_stats=True)
    (2): ReLU()
    (3): Conv2d(64, 128, kernel_size=(3, 3), stride=(1, 1), padding=(1, 1))
    (4): BatchNorm2d(128, eps=1e-05, momentum=0.1, affine=True, track_running_stats=True)
    (5): ReLU()
    (6): MaxPool2d(kernel_size=2, stride=2, padding=0, dilation=1, ceil_mode=False)
  )
  (c3): Sequential(
    (0): Conv2d(128, 128, kernel_size=(3, 3), stride=(1, 1), padding=(1, 1))
    (1): BatchNorm2d(128, eps=1e-05, momentum=0.1, affine=True, track_running_stats=True)
    (2): ReLU()
    (3): Conv2d(128, 128, kernel_size=(3, 3), stride=(1, 1), padding=(1, 1))
    (4): BatchNorm2d(128, eps=1e-05, momentum=0.1, affine=True, track_running_stats=True)
    (5): ReLU()
    (6): MaxPool2d(kernel_size=2, stride=2, padding=0, dilation=1, ceil_mode=False)
  )
  (fc1): Sequential(
    (0): Linear(in_features=2048, out_features=256, bias=True)
    (1): ReLU()
  )
  (last): ModuleDict(
    (All): Linear(in_features=256, out_features=2, bias=True)
  )
)
#parameter of model: 960802
Task order: ['1', '2', '3', '4', '5']
============================== Task: 1 ==============================
#reg_term: 0
Epoch:0
LR: 0.001
* TRAIN - Accuracy 80.200 Loss 0.4567
* VALID - Accuracy 87.900 Loss 0.3024
Epoch:1
LR: 0.001
* TRAIN - Accuracy 89.250 Loss 0.2679
* VALID - Accuracy 90.750 Loss 0.2231
Epoch:2
LR: 0.001
* TRAIN - Accuracy 91.520 Loss 0.2117
* VALID - Accuracy 90.100 Loss 0.2386
Epoch:3
LR: 0.001
* TRAIN - Accuracy 93.120 Loss 0.1740
* VALID - Accuracy 93.750 Loss 0.1614
Epoch:4
LR: 0.001
* TRAIN - Accuracy 95.250 Loss 0.1285
* VALID - Accuracy 95.600 Loss 0.1236
Epoch:5
LR: 0.001
* TRAIN - Accuracy 95.860 Loss 0.1043
* VALID - Accuracy 96.500 Loss 0.0881
Epoch:6
LR: 0.001
* TRAIN - Accuracy 96.630 Loss 0.0877
* VALID - Accuracy 96.550 Loss 0.0929
Epoch:7
LR: 0.001
* TRAIN - Accuracy 97.180 Loss 0.0756
* VALID - Accuracy 95.450 Loss 0.1147
Epoch:8
LR: 0.001
* TRAIN - Accuracy 97.590 Loss 0.0619
* VALID - Accuracy 96.550 Loss 0.1122
Epoch:9
LR: 0.001
* TRAIN - Accuracy 97.810 Loss 0.0616
* VALID - Accuracy 97.800 Loss 0.0660
Epoch:10
LR: 0.001
* TRAIN - Accuracy 97.950 Loss 0.0549
* VALID - Accuracy 98.300 Loss 0.0575
Epoch:11
LR: 0.001
* TRAIN - Accuracy 97.580 Loss 0.0643
* VALID - Accuracy 97.800 Loss 0.0616
validation split name: 1
* VALID - Accuracy 97.800 Loss 0.0616
============================== Task: 2 ==============================
#reg_term: 1
Epoch:0
LR: 0.0001
* TRAIN - Accuracy 73.650 Loss 0.6144
* VALID - Accuracy 78.200 Loss 0.4606
Epoch:1
LR: 0.0001
* TRAIN - Accuracy 80.810 Loss 0.4282
* VALID - Accuracy 80.200 Loss 0.4238
Epoch:2
LR: 0.0001
* TRAIN - Accuracy 82.350 Loss 0.3942
* VALID - Accuracy 80.900 Loss 0.4072
Epoch:3
LR: 0.0001
* TRAIN - Accuracy 83.440 Loss 0.3688
* VALID - Accuracy 83.200 Loss 0.3823
Epoch:4
LR: 0.0001
* TRAIN - Accuracy 84.880 Loss 0.3433
* VALID - Accuracy 83.650 Loss 0.3702
Epoch:5
LR: 0.0001
* TRAIN - Accuracy 85.510 Loss 0.3303
* VALID - Accuracy 84.850 Loss 0.3483
Epoch:6
LR: 0.0001
* TRAIN - Accuracy 87.030 Loss 0.3062
* VALID - Accuracy 84.850 Loss 0.3481
Epoch:7
LR: 0.0001
* TRAIN - Accuracy 87.400 Loss 0.2950
* VALID - Accuracy 85.800 Loss 0.3356
Epoch:8
LR: 0.0001
* TRAIN - Accuracy 88.290 Loss 0.2851
* VALID - Accuracy 87.100 Loss 0.3160
Epoch:9
LR: 0.0001
* TRAIN - Accuracy 88.920 Loss 0.2707
* VALID - Accuracy 86.550 Loss 0.3273
Epoch:10
LR: 0.0001
* TRAIN - Accuracy 89.000 Loss 0.2664
* VALID - Accuracy 87.400 Loss 0.3126
Epoch:11
LR: 0.0001
* TRAIN - Accuracy 89.510 Loss 0.2535
* VALID - Accuracy 88.150 Loss 0.3036
validation split name: 1
* VALID - Accuracy 84.650 Loss 0.3665
validation split name: 2
* VALID - Accuracy 88.150 Loss 0.3016
============================== Task: 3 ==============================
#reg_term: 1
Epoch:0
LR: 0.0001
* TRAIN - Accuracy 84.870 Loss 0.3613
* VALID - Accuracy 88.000 Loss 0.2887
Epoch:1
LR: 0.0001
* TRAIN - Accuracy 88.890 Loss 0.2716
* VALID - Accuracy 89.800 Loss 0.2478
Epoch:2
LR: 0.0001
* TRAIN - Accuracy 90.120 Loss 0.2423
* VALID - Accuracy 90.450 Loss 0.2291
Epoch:3
LR: 0.0001
* TRAIN - Accuracy 90.880 Loss 0.2269
* VALID - Accuracy 90.850 Loss 0.2181
Epoch:4
LR: 0.0001
* TRAIN - Accuracy 91.590 Loss 0.2086
* VALID - Accuracy 91.150 Loss 0.2149
Epoch:5
LR: 0.0001
* TRAIN - Accuracy 91.840 Loss 0.2029
* VALID - Accuracy 91.300 Loss 0.2139
Epoch:6
LR: 0.0001
* TRAIN - Accuracy 92.730 Loss 0.1916
* VALID - Accuracy 91.850 Loss 0.2001
Epoch:7
LR: 0.0001
* TRAIN - Accuracy 93.150 Loss 0.1795
* VALID - Accuracy 93.050 Loss 0.1865
Epoch:8
LR: 0.0001
* TRAIN - Accuracy 93.570 Loss 0.1724
* VALID - Accuracy 92.700 Loss 0.1852
Epoch:9
LR: 0.0001
* TRAIN - Accuracy 93.560 Loss 0.1665
* VALID - Accuracy 93.400 Loss 0.1756
Epoch:10
LR: 0.0001
* TRAIN - Accuracy 94.160 Loss 0.1552
* VALID - Accuracy 93.100 Loss 0.1832
Epoch:11
LR: 0.0001
* TRAIN - Accuracy 94.210 Loss 0.1517
* VALID - Accuracy 93.550 Loss 0.1782
validation split name: 1
* VALID - Accuracy 78.900 Loss 0.5344
validation split name: 2
* VALID - Accuracy 71.750 Loss 0.8300
validation split name: 3
* VALID - Accuracy 93.550 Loss 0.1768
============================== Task: 4 ==============================
#reg_term: 1
Epoch:0
LR: 0.0001
* TRAIN - Accuracy 89.760 Loss 0.2651
* VALID - Accuracy 94.750 Loss 0.1331
Epoch:1
LR: 0.0001
* TRAIN - Accuracy 95.250 Loss 0.1265
* VALID - Accuracy 95.900 Loss 0.1058
Epoch:2
LR: 0.0001
* TRAIN - Accuracy 96.250 Loss 0.1033
* VALID - Accuracy 96.750 Loss 0.0862
Epoch:3
LR: 0.0001
* TRAIN - Accuracy 96.710 Loss 0.0871
* VALID - Accuracy 97.300 Loss 0.0798
Epoch:4
LR: 0.0001
* TRAIN - Accuracy 97.030 Loss 0.0796
* VALID - Accuracy 96.450 Loss 0.0847
Epoch:5
LR: 0.0001
* TRAIN - Accuracy 97.230 Loss 0.0728
* VALID - Accuracy 97.200 Loss 0.0717
Epoch:6
LR: 0.0001
* TRAIN - Accuracy 97.570 Loss 0.0673
* VALID - Accuracy 97.500 Loss 0.0626
Epoch:7
LR: 0.0001
* TRAIN - Accuracy 97.650 Loss 0.0613
* VALID - Accuracy 97.300 Loss 0.0677
Epoch:8
LR: 0.0001
* TRAIN - Accuracy 97.670 Loss 0.0603
* VALID - Accuracy 97.600 Loss 0.0656
Epoch:9
LR: 0.0001
* TRAIN - Accuracy 97.860 Loss 0.0564
* VALID - Accuracy 97.650 Loss 0.0604
Epoch:10
LR: 0.0001
* TRAIN - Accuracy 98.060 Loss 0.0513
* VALID - Accuracy 97.400 Loss 0.0614
Epoch:11
LR: 0.0001
* TRAIN - Accuracy 98.300 Loss 0.0485
* VALID - Accuracy 97.850 Loss 0.0630
validation split name: 1
* VALID - Accuracy 51.400 Loss 1.7164
validation split name: 2
* VALID - Accuracy 53.350 Loss 1.9634
validation split name: 3
* VALID - Accuracy 64.350 Loss 1.3707
validation split name: 4
* VALID - Accuracy 97.850 Loss 0.0618
============================== Task: 5 ==============================
#reg_term: 1
Epoch:0
LR: 0.0001
* TRAIN - Accuracy 89.630 Loss 0.2856
* VALID - Accuracy 93.250 Loss 0.1757
Epoch:1
LR: 0.0001
* TRAIN - Accuracy 94.540 Loss 0.1421
* VALID - Accuracy 94.500 Loss 0.1482
Epoch:2
LR: 0.0001
* TRAIN - Accuracy 95.700 Loss 0.1181
* VALID - Accuracy 95.450 Loss 0.1163
Epoch:3
LR: 0.0001
* TRAIN - Accuracy 96.180 Loss 0.1056
* VALID - Accuracy 95.850 Loss 0.1119
Epoch:4
LR: 0.0001
* TRAIN - Accuracy 96.750 Loss 0.0916
* VALID - Accuracy 96.200 Loss 0.1010
Epoch:5
LR: 0.0001
* TRAIN - Accuracy 97.100 Loss 0.0808
* VALID - Accuracy 96.250 Loss 0.0990
Epoch:6
LR: 0.0001
* TRAIN - Accuracy 97.010 Loss 0.0821
* VALID - Accuracy 96.400 Loss 0.0929
Epoch:7
LR: 0.0001
* TRAIN - Accuracy 97.050 Loss 0.0808
* VALID - Accuracy 96.500 Loss 0.1005
Epoch:8
LR: 0.0001
* TRAIN - Accuracy 97.430 Loss 0.0668
* VALID - Accuracy 96.850 Loss 0.0894
Epoch:9
LR: 0.0001
* TRAIN - Accuracy 97.690 Loss 0.0635
* VALID - Accuracy 96.400 Loss 0.0922
Epoch:10
LR: 0.0001
* TRAIN - Accuracy 97.860 Loss 0.0581
* VALID - Accuracy 96.650 Loss 0.0918
Epoch:11
LR: 0.0001
* TRAIN - Accuracy 97.910 Loss 0.0581
* VALID - Accuracy 97.000 Loss 0.0873
validation split name: 1
* VALID - Accuracy 84.200 Loss 0.4802
validation split name: 2
* VALID - Accuracy 57.750 Loss 1.2988
validation split name: 3
* VALID - Accuracy 56.700 Loss 1.2922
validation split name: 4
* VALID - Accuracy 70.100 Loss 0.8733
validation split name: 5
* VALID - Accuracy 97.000 Loss 0.0862
OrderedDict([('1', OrderedDict([('1', 97.8), ('2', 84.65), ('3', 78.9), ('4', 51.4), ('5', 84.2)])), ('2', OrderedDict([('2', 88.15), ('3', 71.75), ('4', 53.35), ('5', 57.75)])), ('3', OrderedDict([('3', 93.55), ('4', 64.35), ('5', 56.7)])), ('4', OrderedDict([('4', 97.85), ('5', 70.1)])), ('5', OrderedDict([('5', 97.0)]))])
Task 1 average acc: 97.8
Task 2 average acc: 86.4
Task 3 average acc: 81.39999999999999
Task 4 average acc: 66.7375
Task 5 average acc: 73.15
===Summary of experiment repeats: 7 / 10 ===
The regularization coefficient: 0.0001
The last avg acc of all repeats: [73.21 72.51 74.69 75.56 69.31 72.64 73.15  0.    0.    0.  ]
mean: 51.107000000000006 std: 33.49242841300105
Files already downloaded and verified
Files already downloaded and verified
split_boundaries: [0, 2, 4, 6, 8, 10]
{'1': [0, 1], '2': [2, 3], '3': [4, 5], '4': [6, 7], '5': [8, 9]}
CNN(
  (c1): Sequential(
    (0): Conv2d(3, 32, kernel_size=(3, 3), stride=(1, 1), padding=(1, 1))
    (1): BatchNorm2d(32, eps=1e-05, momentum=0.1, affine=True, track_running_stats=True)
    (2): ReLU()
    (3): Conv2d(32, 32, kernel_size=(3, 3), stride=(1, 1), padding=(1, 1))
    (4): BatchNorm2d(32, eps=1e-05, momentum=0.1, affine=True, track_running_stats=True)
    (5): ReLU()
    (6): Conv2d(32, 64, kernel_size=(3, 3), stride=(1, 1), padding=(1, 1))
    (7): BatchNorm2d(64, eps=1e-05, momentum=0.1, affine=True, track_running_stats=True)
    (8): ReLU()
    (9): MaxPool2d(kernel_size=2, stride=2, padding=0, dilation=1, ceil_mode=False)
  )
  (c2): Sequential(
    (0): Conv2d(64, 64, kernel_size=(3, 3), stride=(1, 1), padding=(1, 1))
    (1): BatchNorm2d(64, eps=1e-05, momentum=0.1, affine=True, track_running_stats=True)
    (2): ReLU()
    (3): Conv2d(64, 128, kernel_size=(3, 3), stride=(1, 1), padding=(1, 1))
    (4): BatchNorm2d(128, eps=1e-05, momentum=0.1, affine=True, track_running_stats=True)
    (5): ReLU()
    (6): MaxPool2d(kernel_size=2, stride=2, padding=0, dilation=1, ceil_mode=False)
  )
  (c3): Sequential(
    (0): Conv2d(128, 128, kernel_size=(3, 3), stride=(1, 1), padding=(1, 1))
    (1): BatchNorm2d(128, eps=1e-05, momentum=0.1, affine=True, track_running_stats=True)
    (2): ReLU()
    (3): Conv2d(128, 128, kernel_size=(3, 3), stride=(1, 1), padding=(1, 1))
    (4): BatchNorm2d(128, eps=1e-05, momentum=0.1, affine=True, track_running_stats=True)
    (5): ReLU()
    (6): MaxPool2d(kernel_size=2, stride=2, padding=0, dilation=1, ceil_mode=False)
  )
  (fc1): Sequential(
    (0): Linear(in_features=2048, out_features=256, bias=True)
    (1): ReLU()
  )
  (last): ModuleDict(
    (All): Linear(in_features=256, out_features=2, bias=True)
  )
)
#parameter of model: 960802
Task order: ['1', '2', '3', '4', '5']
============================== Task: 1 ==============================
#reg_term: 0
Epoch:0
LR: 0.001
* TRAIN - Accuracy 79.250 Loss 0.4557
* VALID - Accuracy 84.750 Loss 0.3474
Epoch:1
LR: 0.001
* TRAIN - Accuracy 89.380 Loss 0.2576
* VALID - Accuracy 83.900 Loss 0.3603
Epoch:2
LR: 0.001
* TRAIN - Accuracy 92.370 Loss 0.1937
* VALID - Accuracy 91.450 Loss 0.2339
Epoch:3
LR: 0.001
* TRAIN - Accuracy 94.270 Loss 0.1487
* VALID - Accuracy 85.200 Loss 0.3626
Epoch:4
LR: 0.001
* TRAIN - Accuracy 95.250 Loss 0.1222
* VALID - Accuracy 94.750 Loss 0.1655
Epoch:5
LR: 0.001
* TRAIN - Accuracy 96.020 Loss 0.0989
* VALID - Accuracy 97.150 Loss 0.0730
Epoch:6
LR: 0.001
* TRAIN - Accuracy 97.050 Loss 0.0783
* VALID - Accuracy 97.300 Loss 0.0717
Epoch:7
LR: 0.001
* TRAIN - Accuracy 97.480 Loss 0.0702
* VALID - Accuracy 95.400 Loss 0.1105
Epoch:8
LR: 0.001
* TRAIN - Accuracy 97.460 Loss 0.0651
* VALID - Accuracy 97.800 Loss 0.0573
Epoch:9
LR: 0.001
* TRAIN - Accuracy 97.840 Loss 0.0568
* VALID - Accuracy 97.650 Loss 0.0636
Epoch:10
LR: 0.001
* TRAIN - Accuracy 98.230 Loss 0.0493
* VALID - Accuracy 96.800 Loss 0.0766
Epoch:11
LR: 0.001
* TRAIN - Accuracy 98.140 Loss 0.0521
* VALID - Accuracy 97.850 Loss 0.0692
validation split name: 1
* VALID - Accuracy 97.850 Loss 0.0692
============================== Task: 2 ==============================
#reg_term: 1
Epoch:0
LR: 0.0001
* TRAIN - Accuracy 73.230 Loss 0.6041
* VALID - Accuracy 76.200 Loss 0.4829
Epoch:1
LR: 0.0001
* TRAIN - Accuracy 79.370 Loss 0.4376
* VALID - Accuracy 79.700 Loss 0.4246
Epoch:2
LR: 0.0001
* TRAIN - Accuracy 81.310 Loss 0.4080
* VALID - Accuracy 81.150 Loss 0.4031
Epoch:3
LR: 0.0001
* TRAIN - Accuracy 83.290 Loss 0.3740
* VALID - Accuracy 83.200 Loss 0.3814
Epoch:4
LR: 0.0001
* TRAIN - Accuracy 84.480 Loss 0.3572
* VALID - Accuracy 84.050 Loss 0.3663
Epoch:5
LR: 0.0001
* TRAIN - Accuracy 85.500 Loss 0.3367
* VALID - Accuracy 83.100 Loss 0.3716
Epoch:6
LR: 0.0001
* TRAIN - Accuracy 86.250 Loss 0.3199
* VALID - Accuracy 85.000 Loss 0.3450
Epoch:7
LR: 0.0001
* TRAIN - Accuracy 87.120 Loss 0.3053
* VALID - Accuracy 85.800 Loss 0.3355
Epoch:8
LR: 0.0001
* TRAIN - Accuracy 87.670 Loss 0.2937
* VALID - Accuracy 85.650 Loss 0.3393
Epoch:9
LR: 0.0001
* TRAIN - Accuracy 87.970 Loss 0.2822
* VALID - Accuracy 85.100 Loss 0.3504
Epoch:10
LR: 0.0001
* TRAIN - Accuracy 88.830 Loss 0.2696
* VALID - Accuracy 86.650 Loss 0.3208
Epoch:11
LR: 0.0001
* TRAIN - Accuracy 89.440 Loss 0.2553
* VALID - Accuracy 84.750 Loss 0.3671
validation split name: 1
* VALID - Accuracy 82.250 Loss 0.4236
validation split name: 2
* VALID - Accuracy 84.750 Loss 0.3654
============================== Task: 3 ==============================
#reg_term: 1
Epoch:0
LR: 0.0001
* TRAIN - Accuracy 84.410 Loss 0.3740
* VALID - Accuracy 86.950 Loss 0.3217
Epoch:1
LR: 0.0001
* TRAIN - Accuracy 88.460 Loss 0.2798
* VALID - Accuracy 89.150 Loss 0.2680
Epoch:2
LR: 0.0001
* TRAIN - Accuracy 89.890 Loss 0.2447
* VALID - Accuracy 89.950 Loss 0.2625
Epoch:3
LR: 0.0001
* TRAIN - Accuracy 91.210 Loss 0.2192
* VALID - Accuracy 90.800 Loss 0.2337
Epoch:4
LR: 0.0001
* TRAIN - Accuracy 92.190 Loss 0.1989
* VALID - Accuracy 91.550 Loss 0.2156
Epoch:5
LR: 0.0001
* TRAIN - Accuracy 92.660 Loss 0.1933
* VALID - Accuracy 92.650 Loss 0.1952
Epoch:6
LR: 0.0001
* TRAIN - Accuracy 93.160 Loss 0.1793
* VALID - Accuracy 92.700 Loss 0.1926
Epoch:7
LR: 0.0001
* TRAIN - Accuracy 93.580 Loss 0.1694
* VALID - Accuracy 92.150 Loss 0.2001
Epoch:8
LR: 0.0001
* TRAIN - Accuracy 93.810 Loss 0.1632
* VALID - Accuracy 92.100 Loss 0.2125
Epoch:9
LR: 0.0001
* TRAIN - Accuracy 94.020 Loss 0.1539
* VALID - Accuracy 92.750 Loss 0.1851
Epoch:10
LR: 0.0001
* TRAIN - Accuracy 94.340 Loss 0.1496
* VALID - Accuracy 92.750 Loss 0.2021
Epoch:11
LR: 0.0001
* TRAIN - Accuracy 94.380 Loss 0.1509
* VALID - Accuracy 93.000 Loss 0.1847
validation split name: 1
* VALID - Accuracy 72.500 Loss 0.6496
validation split name: 2
* VALID - Accuracy 67.350 Loss 0.8915
validation split name: 3
* VALID - Accuracy 93.000 Loss 0.1833
============================== Task: 4 ==============================
#reg_term: 1
Epoch:0
LR: 0.0001
* TRAIN - Accuracy 87.890 Loss 0.2949
* VALID - Accuracy 94.050 Loss 0.1477
Epoch:1
LR: 0.0001
* TRAIN - Accuracy 94.360 Loss 0.1446
* VALID - Accuracy 95.250 Loss 0.1218
Epoch:2
LR: 0.0001
* TRAIN - Accuracy 95.350 Loss 0.1177
* VALID - Accuracy 96.050 Loss 0.1026
Epoch:3
LR: 0.0001
* TRAIN - Accuracy 96.130 Loss 0.1005
* VALID - Accuracy 95.950 Loss 0.0913
Epoch:4
LR: 0.0001
* TRAIN - Accuracy 97.020 Loss 0.0840
* VALID - Accuracy 96.850 Loss 0.0841
Epoch:5
LR: 0.0001
* TRAIN - Accuracy 96.920 Loss 0.0799
* VALID - Accuracy 96.600 Loss 0.0879
Epoch:6
LR: 0.0001
* TRAIN - Accuracy 97.030 Loss 0.0756
* VALID - Accuracy 97.700 Loss 0.0678
Epoch:7
LR: 0.0001
* TRAIN - Accuracy 97.160 Loss 0.0743
* VALID - Accuracy 96.850 Loss 0.0770
Epoch:8
LR: 0.0001
* TRAIN - Accuracy 97.600 Loss 0.0658
* VALID - Accuracy 95.800 Loss 0.1113
Epoch:9
LR: 0.0001
* TRAIN - Accuracy 97.650 Loss 0.0615
* VALID - Accuracy 97.500 Loss 0.0639
Epoch:10
LR: 0.0001
* TRAIN - Accuracy 97.890 Loss 0.0557
* VALID - Accuracy 97.400 Loss 0.0672
Epoch:11
LR: 0.0001
* TRAIN - Accuracy 98.120 Loss 0.0518
* VALID - Accuracy 97.750 Loss 0.0602
validation split name: 1
* VALID - Accuracy 47.550 Loss 1.8333
validation split name: 2
* VALID - Accuracy 52.750 Loss 1.8217
validation split name: 3
* VALID - Accuracy 64.100 Loss 1.3869
validation split name: 4
* VALID - Accuracy 97.750 Loss 0.0590
============================== Task: 5 ==============================
#reg_term: 1
Epoch:0
LR: 0.0001
* TRAIN - Accuracy 89.880 Loss 0.2751
* VALID - Accuracy 93.200 Loss 0.1628
Epoch:1
LR: 0.0001
* TRAIN - Accuracy 94.340 Loss 0.1515
* VALID - Accuracy 94.950 Loss 0.1369
Epoch:2
LR: 0.0001
* TRAIN - Accuracy 95.160 Loss 0.1271
* VALID - Accuracy 95.500 Loss 0.1257
Epoch:3
LR: 0.0001
* TRAIN - Accuracy 96.100 Loss 0.1069
* VALID - Accuracy 95.350 Loss 0.1254
Epoch:4
LR: 0.0001
* TRAIN - Accuracy 96.470 Loss 0.0964
* VALID - Accuracy 95.750 Loss 0.1136
Epoch:5
LR: 0.0001
* TRAIN - Accuracy 96.530 Loss 0.0908
* VALID - Accuracy 95.950 Loss 0.1056
Epoch:6
LR: 0.0001
* TRAIN - Accuracy 96.810 Loss 0.0864
* VALID - Accuracy 96.250 Loss 0.1040
Epoch:7
LR: 0.0001
* TRAIN - Accuracy 97.130 Loss 0.0784
* VALID - Accuracy 96.350 Loss 0.0965
Epoch:8
LR: 0.0001
* TRAIN - Accuracy 97.370 Loss 0.0736
* VALID - Accuracy 95.550 Loss 0.1083
Epoch:9
LR: 0.0001
* TRAIN - Accuracy 97.460 Loss 0.0704
* VALID - Accuracy 96.650 Loss 0.0914
Epoch:10
LR: 0.0001
* TRAIN - Accuracy 97.620 Loss 0.0660
* VALID - Accuracy 96.550 Loss 0.0914
Epoch:11
LR: 0.0001
* TRAIN - Accuracy 97.920 Loss 0.0593
* VALID - Accuracy 96.150 Loss 0.0961
validation split name: 1
* VALID - Accuracy 81.450 Loss 0.5633
validation split name: 2
* VALID - Accuracy 56.800 Loss 1.3063
validation split name: 3
* VALID - Accuracy 55.950 Loss 1.2115
validation split name: 4
* VALID - Accuracy 75.650 Loss 0.6552
validation split name: 5
* VALID - Accuracy 96.150 Loss 0.0951
OrderedDict([('1', OrderedDict([('1', 97.85), ('2', 82.25), ('3', 72.5), ('4', 47.55), ('5', 81.45)])), ('2', OrderedDict([('2', 84.75), ('3', 67.35), ('4', 52.75), ('5', 56.8)])), ('3', OrderedDict([('3', 93.0), ('4', 64.1), ('5', 55.95)])), ('4', OrderedDict([('4', 97.75), ('5', 75.65)])), ('5', OrderedDict([('5', 96.15)]))])
Task 1 average acc: 97.85
Task 2 average acc: 83.5
Task 3 average acc: 77.61666666666666
Task 4 average acc: 65.5375
Task 5 average acc: 73.2
===Summary of experiment repeats: 8 / 10 ===
The regularization coefficient: 0.0001
The last avg acc of all repeats: [73.21 72.51 74.69 75.56 69.31 72.64 73.15 73.2   0.    0.  ]
mean: 58.427 std: 29.25368149481361
Files already downloaded and verified
Files already downloaded and verified
split_boundaries: [0, 2, 4, 6, 8, 10]
{'1': [0, 1], '2': [2, 3], '3': [4, 5], '4': [6, 7], '5': [8, 9]}
CNN(
  (c1): Sequential(
    (0): Conv2d(3, 32, kernel_size=(3, 3), stride=(1, 1), padding=(1, 1))
    (1): BatchNorm2d(32, eps=1e-05, momentum=0.1, affine=True, track_running_stats=True)
    (2): ReLU()
    (3): Conv2d(32, 32, kernel_size=(3, 3), stride=(1, 1), padding=(1, 1))
    (4): BatchNorm2d(32, eps=1e-05, momentum=0.1, affine=True, track_running_stats=True)
    (5): ReLU()
    (6): Conv2d(32, 64, kernel_size=(3, 3), stride=(1, 1), padding=(1, 1))
    (7): BatchNorm2d(64, eps=1e-05, momentum=0.1, affine=True, track_running_stats=True)
    (8): ReLU()
    (9): MaxPool2d(kernel_size=2, stride=2, padding=0, dilation=1, ceil_mode=False)
  )
  (c2): Sequential(
    (0): Conv2d(64, 64, kernel_size=(3, 3), stride=(1, 1), padding=(1, 1))
    (1): BatchNorm2d(64, eps=1e-05, momentum=0.1, affine=True, track_running_stats=True)
    (2): ReLU()
    (3): Conv2d(64, 128, kernel_size=(3, 3), stride=(1, 1), padding=(1, 1))
    (4): BatchNorm2d(128, eps=1e-05, momentum=0.1, affine=True, track_running_stats=True)
    (5): ReLU()
    (6): MaxPool2d(kernel_size=2, stride=2, padding=0, dilation=1, ceil_mode=False)
  )
  (c3): Sequential(
    (0): Conv2d(128, 128, kernel_size=(3, 3), stride=(1, 1), padding=(1, 1))
    (1): BatchNorm2d(128, eps=1e-05, momentum=0.1, affine=True, track_running_stats=True)
    (2): ReLU()
    (3): Conv2d(128, 128, kernel_size=(3, 3), stride=(1, 1), padding=(1, 1))
    (4): BatchNorm2d(128, eps=1e-05, momentum=0.1, affine=True, track_running_stats=True)
    (5): ReLU()
    (6): MaxPool2d(kernel_size=2, stride=2, padding=0, dilation=1, ceil_mode=False)
  )
  (fc1): Sequential(
    (0): Linear(in_features=2048, out_features=256, bias=True)
    (1): ReLU()
  )
  (last): ModuleDict(
    (All): Linear(in_features=256, out_features=2, bias=True)
  )
)
#parameter of model: 960802
Task order: ['1', '2', '3', '4', '5']
============================== Task: 1 ==============================
#reg_term: 0
Epoch:0
LR: 0.001
* TRAIN - Accuracy 82.990 Loss 0.4115
* VALID - Accuracy 82.100 Loss 0.4227
Epoch:1
LR: 0.001
* TRAIN - Accuracy 90.500 Loss 0.2332
* VALID - Accuracy 92.500 Loss 0.1890
Epoch:2
LR: 0.001
* TRAIN - Accuracy 92.810 Loss 0.1748
* VALID - Accuracy 87.800 Loss 0.3125
Epoch:3
LR: 0.001
* TRAIN - Accuracy 94.340 Loss 0.1416
* VALID - Accuracy 96.200 Loss 0.0981
Epoch:4
LR: 0.001
* TRAIN - Accuracy 96.300 Loss 0.0993
* VALID - Accuracy 94.100 Loss 0.1645
Epoch:5
LR: 0.001
* TRAIN - Accuracy 96.550 Loss 0.0896
* VALID - Accuracy 96.650 Loss 0.0830
Epoch:6
LR: 0.001
* TRAIN - Accuracy 97.370 Loss 0.0719
* VALID - Accuracy 95.550 Loss 0.1317
Epoch:7
LR: 0.001
* TRAIN - Accuracy 97.150 Loss 0.0745
* VALID - Accuracy 97.850 Loss 0.0658
Epoch:8
LR: 0.001
* TRAIN - Accuracy 97.780 Loss 0.0588
* VALID - Accuracy 97.200 Loss 0.0822
Epoch:9
LR: 0.001
* TRAIN - Accuracy 97.830 Loss 0.0596
* VALID - Accuracy 98.000 Loss 0.0541
Epoch:10
LR: 0.001
* TRAIN - Accuracy 98.350 Loss 0.0453
* VALID - Accuracy 98.050 Loss 0.0542
Epoch:11
LR: 0.001
* TRAIN - Accuracy 97.410 Loss 0.0658
* VALID - Accuracy 96.800 Loss 0.0809
validation split name: 1
* VALID - Accuracy 96.800 Loss 0.0809
============================== Task: 2 ==============================
#reg_term: 1
Epoch:0
LR: 0.0001
* TRAIN - Accuracy 73.610 Loss 0.6150
* VALID - Accuracy 78.350 Loss 0.4656
Epoch:1
LR: 0.0001
* TRAIN - Accuracy 79.460 Loss 0.4402
* VALID - Accuracy 80.000 Loss 0.4331
Epoch:2
LR: 0.0001
* TRAIN - Accuracy 81.900 Loss 0.3994
* VALID - Accuracy 82.150 Loss 0.4112
Epoch:3
LR: 0.0001
* TRAIN - Accuracy 83.380 Loss 0.3773
* VALID - Accuracy 83.100 Loss 0.4003
Epoch:4
LR: 0.0001
* TRAIN - Accuracy 84.430 Loss 0.3536
* VALID - Accuracy 83.800 Loss 0.3772
Epoch:5
LR: 0.0001
* TRAIN - Accuracy 85.790 Loss 0.3292
* VALID - Accuracy 83.650 Loss 0.3805
Epoch:6
LR: 0.0001
* TRAIN - Accuracy 86.080 Loss 0.3193
* VALID - Accuracy 84.550 Loss 0.3577
Epoch:7
LR: 0.0001
* TRAIN - Accuracy 87.230 Loss 0.3044
* VALID - Accuracy 84.700 Loss 0.3718
Epoch:8
LR: 0.0001
* TRAIN - Accuracy 87.740 Loss 0.2899
* VALID - Accuracy 85.650 Loss 0.3294
Epoch:9
LR: 0.0001
* TRAIN - Accuracy 88.570 Loss 0.2800
* VALID - Accuracy 85.650 Loss 0.3435
Epoch:10
LR: 0.0001
* TRAIN - Accuracy 88.850 Loss 0.2673
* VALID - Accuracy 87.150 Loss 0.3175
Epoch:11
LR: 0.0001
* TRAIN - Accuracy 89.270 Loss 0.2600
* VALID - Accuracy 86.600 Loss 0.3124
validation split name: 1
* VALID - Accuracy 85.600 Loss 0.3414
validation split name: 2
* VALID - Accuracy 86.600 Loss 0.3105
============================== Task: 3 ==============================
#reg_term: 1
Epoch:0
LR: 0.0001
* TRAIN - Accuracy 83.860 Loss 0.3756
* VALID - Accuracy 87.700 Loss 0.2998
Epoch:1
LR: 0.0001
* TRAIN - Accuracy 88.310 Loss 0.2828
* VALID - Accuracy 89.600 Loss 0.2610
Epoch:2
LR: 0.0001
* TRAIN - Accuracy 90.150 Loss 0.2447
* VALID - Accuracy 90.700 Loss 0.2498
Epoch:3
LR: 0.0001
* TRAIN - Accuracy 90.600 Loss 0.2268
* VALID - Accuracy 91.000 Loss 0.2459
Epoch:4
LR: 0.0001
* TRAIN - Accuracy 91.670 Loss 0.2123
* VALID - Accuracy 92.250 Loss 0.2113
Epoch:5
LR: 0.0001
* TRAIN - Accuracy 91.710 Loss 0.2070
* VALID - Accuracy 92.550 Loss 0.1959
Epoch:6
LR: 0.0001
* TRAIN - Accuracy 92.940 Loss 0.1814
* VALID - Accuracy 91.950 Loss 0.2176
Epoch:7
LR: 0.0001
* TRAIN - Accuracy 93.050 Loss 0.1785
* VALID - Accuracy 93.100 Loss 0.1920
Epoch:8
LR: 0.0001
* TRAIN - Accuracy 93.540 Loss 0.1663
* VALID - Accuracy 92.900 Loss 0.1946
Epoch:9
LR: 0.0001
* TRAIN - Accuracy 93.720 Loss 0.1660
* VALID - Accuracy 93.300 Loss 0.1821
Epoch:10
LR: 0.0001
* TRAIN - Accuracy 94.150 Loss 0.1561
* VALID - Accuracy 93.200 Loss 0.1776
Epoch:11
LR: 0.0001
* TRAIN - Accuracy 93.790 Loss 0.1599
* VALID - Accuracy 93.500 Loss 0.1744
validation split name: 1
* VALID - Accuracy 78.750 Loss 0.5185
validation split name: 2
* VALID - Accuracy 73.250 Loss 0.8525
validation split name: 3
* VALID - Accuracy 93.500 Loss 0.1730
============================== Task: 4 ==============================
#reg_term: 1
Epoch:0
LR: 0.0001
* TRAIN - Accuracy 87.990 Loss 0.2969
* VALID - Accuracy 93.300 Loss 0.1643
Epoch:1
LR: 0.0001
* TRAIN - Accuracy 94.610 Loss 0.1397
* VALID - Accuracy 96.100 Loss 0.1046
Epoch:2
LR: 0.0001
* TRAIN - Accuracy 95.410 Loss 0.1190
* VALID - Accuracy 96.600 Loss 0.0869
Epoch:3
LR: 0.0001
* TRAIN - Accuracy 96.260 Loss 0.0993
* VALID - Accuracy 97.000 Loss 0.0856
Epoch:4
LR: 0.0001
* TRAIN - Accuracy 96.410 Loss 0.0942
* VALID - Accuracy 96.950 Loss 0.0742
Epoch:5
LR: 0.0001
* TRAIN - Accuracy 96.740 Loss 0.0815
* VALID - Accuracy 96.850 Loss 0.0820
Epoch:6
LR: 0.0001
* TRAIN - Accuracy 97.030 Loss 0.0744
* VALID - Accuracy 97.150 Loss 0.0667
Epoch:7
LR: 0.0001
* TRAIN - Accuracy 97.560 Loss 0.0662
* VALID - Accuracy 97.250 Loss 0.0686
Epoch:8
LR: 0.0001
* TRAIN - Accuracy 97.710 Loss 0.0609
* VALID - Accuracy 97.300 Loss 0.0744
Epoch:9
LR: 0.0001
* TRAIN - Accuracy 97.640 Loss 0.0597
* VALID - Accuracy 97.650 Loss 0.0636
Epoch:10
LR: 0.0001
* TRAIN - Accuracy 98.010 Loss 0.0545
* VALID - Accuracy 97.900 Loss 0.0562
Epoch:11
LR: 0.0001
* TRAIN - Accuracy 98.180 Loss 0.0528
* VALID - Accuracy 97.600 Loss 0.0556
validation split name: 1
* VALID - Accuracy 51.600 Loss 1.7173
validation split name: 2
* VALID - Accuracy 52.900 Loss 1.7909
validation split name: 3
* VALID - Accuracy 64.000 Loss 1.3666
validation split name: 4
* VALID - Accuracy 97.600 Loss 0.0544
============================== Task: 5 ==============================
#reg_term: 1
Epoch:0
LR: 0.0001
* TRAIN - Accuracy 89.760 Loss 0.2764
* VALID - Accuracy 93.150 Loss 0.1715
Epoch:1
LR: 0.0001
* TRAIN - Accuracy 94.390 Loss 0.1470
* VALID - Accuracy 93.450 Loss 0.1495
Epoch:2
LR: 0.0001
* TRAIN - Accuracy 95.230 Loss 0.1266
* VALID - Accuracy 95.100 Loss 0.1361
Epoch:3
LR: 0.0001
* TRAIN - Accuracy 95.640 Loss 0.1100
* VALID - Accuracy 95.450 Loss 0.1153
Epoch:4
LR: 0.0001
* TRAIN - Accuracy 96.160 Loss 0.1029
* VALID - Accuracy 96.100 Loss 0.1165
Epoch:5
LR: 0.0001
* TRAIN - Accuracy 96.670 Loss 0.0908
* VALID - Accuracy 96.150 Loss 0.1128
Epoch:6
LR: 0.0001
* TRAIN - Accuracy 96.780 Loss 0.0850
* VALID - Accuracy 96.700 Loss 0.0984
Epoch:7
LR: 0.0001
* TRAIN - Accuracy 96.990 Loss 0.0777
* VALID - Accuracy 96.450 Loss 0.0985
Epoch:8
LR: 0.0001
* TRAIN - Accuracy 97.410 Loss 0.0745
* VALID - Accuracy 96.550 Loss 0.0993
Epoch:9
LR: 0.0001
* TRAIN - Accuracy 97.520 Loss 0.0694
* VALID - Accuracy 96.850 Loss 0.0886
Epoch:10
LR: 0.0001
* TRAIN - Accuracy 97.680 Loss 0.0652
* VALID - Accuracy 97.150 Loss 0.0863
Epoch:11
LR: 0.0001
* TRAIN - Accuracy 97.760 Loss 0.0585
* VALID - Accuracy 96.450 Loss 0.0812
validation split name: 1
* VALID - Accuracy 82.050 Loss 0.5852
validation split name: 2
* VALID - Accuracy 59.350 Loss 1.1426
validation split name: 3
* VALID - Accuracy 61.500 Loss 1.0372
validation split name: 4
* VALID - Accuracy 77.300 Loss 0.5881
validation split name: 5
* VALID - Accuracy 96.450 Loss 0.0800
OrderedDict([('1', OrderedDict([('1', 96.8), ('2', 85.6), ('3', 78.75), ('4', 51.6), ('5', 82.05)])), ('2', OrderedDict([('2', 86.6), ('3', 73.25), ('4', 52.9), ('5', 59.35)])), ('3', OrderedDict([('3', 93.5), ('4', 64.0), ('5', 61.5)])), ('4', OrderedDict([('4', 97.6), ('5', 77.3)])), ('5', OrderedDict([('5', 96.45)]))])
Task 1 average acc: 96.8
Task 2 average acc: 86.1
Task 3 average acc: 81.83333333333333
Task 4 average acc: 66.525
Task 5 average acc: 75.33
===Summary of experiment repeats: 9 / 10 ===
The regularization coefficient: 0.0001
The last avg acc of all repeats: [73.21 72.51 74.69 75.56 69.31 72.64 73.15 73.2  75.33  0.  ]
mean: 65.96000000000001 std: 22.050657586566437
Files already downloaded and verified
Files already downloaded and verified
split_boundaries: [0, 2, 4, 6, 8, 10]
{'1': [0, 1], '2': [2, 3], '3': [4, 5], '4': [6, 7], '5': [8, 9]}
CNN(
  (c1): Sequential(
    (0): Conv2d(3, 32, kernel_size=(3, 3), stride=(1, 1), padding=(1, 1))
    (1): BatchNorm2d(32, eps=1e-05, momentum=0.1, affine=True, track_running_stats=True)
    (2): ReLU()
    (3): Conv2d(32, 32, kernel_size=(3, 3), stride=(1, 1), padding=(1, 1))
    (4): BatchNorm2d(32, eps=1e-05, momentum=0.1, affine=True, track_running_stats=True)
    (5): ReLU()
    (6): Conv2d(32, 64, kernel_size=(3, 3), stride=(1, 1), padding=(1, 1))
    (7): BatchNorm2d(64, eps=1e-05, momentum=0.1, affine=True, track_running_stats=True)
    (8): ReLU()
    (9): MaxPool2d(kernel_size=2, stride=2, padding=0, dilation=1, ceil_mode=False)
  )
  (c2): Sequential(
    (0): Conv2d(64, 64, kernel_size=(3, 3), stride=(1, 1), padding=(1, 1))
    (1): BatchNorm2d(64, eps=1e-05, momentum=0.1, affine=True, track_running_stats=True)
    (2): ReLU()
    (3): Conv2d(64, 128, kernel_size=(3, 3), stride=(1, 1), padding=(1, 1))
    (4): BatchNorm2d(128, eps=1e-05, momentum=0.1, affine=True, track_running_stats=True)
    (5): ReLU()
    (6): MaxPool2d(kernel_size=2, stride=2, padding=0, dilation=1, ceil_mode=False)
  )
  (c3): Sequential(
    (0): Conv2d(128, 128, kernel_size=(3, 3), stride=(1, 1), padding=(1, 1))
    (1): BatchNorm2d(128, eps=1e-05, momentum=0.1, affine=True, track_running_stats=True)
    (2): ReLU()
    (3): Conv2d(128, 128, kernel_size=(3, 3), stride=(1, 1), padding=(1, 1))
    (4): BatchNorm2d(128, eps=1e-05, momentum=0.1, affine=True, track_running_stats=True)
    (5): ReLU()
    (6): MaxPool2d(kernel_size=2, stride=2, padding=0, dilation=1, ceil_mode=False)
  )
  (fc1): Sequential(
    (0): Linear(in_features=2048, out_features=256, bias=True)
    (1): ReLU()
  )
  (last): ModuleDict(
    (All): Linear(in_features=256, out_features=2, bias=True)
  )
)
#parameter of model: 960802
Task order: ['1', '2', '3', '4', '5']
============================== Task: 1 ==============================
#reg_term: 0
Epoch:0
LR: 0.001
* TRAIN - Accuracy 80.130 Loss 0.4368
* VALID - Accuracy 90.400 Loss 0.2369
Epoch:1
LR: 0.001
* TRAIN - Accuracy 89.310 Loss 0.2544
* VALID - Accuracy 91.650 Loss 0.2022
Epoch:2
LR: 0.001
* TRAIN - Accuracy 92.160 Loss 0.1975
* VALID - Accuracy 93.850 Loss 0.1570
Epoch:3
LR: 0.001
* TRAIN - Accuracy 93.230 Loss 0.1633
* VALID - Accuracy 95.700 Loss 0.1141
Epoch:4
LR: 0.001
* TRAIN - Accuracy 95.290 Loss 0.1219
* VALID - Accuracy 96.750 Loss 0.0873
Epoch:5
LR: 0.001
* TRAIN - Accuracy 96.480 Loss 0.0956
* VALID - Accuracy 96.050 Loss 0.1001
Epoch:6
LR: 0.001
* TRAIN - Accuracy 96.510 Loss 0.0914
* VALID - Accuracy 97.000 Loss 0.0792
Epoch:7
LR: 0.001
* TRAIN - Accuracy 96.770 Loss 0.0876
* VALID - Accuracy 96.400 Loss 0.0929
Epoch:8
LR: 0.001
* TRAIN - Accuracy 97.430 Loss 0.0684
* VALID - Accuracy 96.550 Loss 0.0909
Epoch:9
LR: 0.001
* TRAIN - Accuracy 97.770 Loss 0.0593
* VALID - Accuracy 97.500 Loss 0.0698
Epoch:10
LR: 0.001
* TRAIN - Accuracy 97.770 Loss 0.0618
* VALID - Accuracy 98.050 Loss 0.0535
Epoch:11
LR: 0.001
* TRAIN - Accuracy 98.060 Loss 0.0538
* VALID - Accuracy 97.450 Loss 0.0662
validation split name: 1
* VALID - Accuracy 97.450 Loss 0.0662
============================== Task: 2 ==============================
#reg_term: 1
Epoch:0
LR: 0.0001
* TRAIN - Accuracy 73.840 Loss 0.6096
* VALID - Accuracy 76.400 Loss 0.4810
Epoch:1
LR: 0.0001
* TRAIN - Accuracy 79.720 Loss 0.4434
* VALID - Accuracy 79.950 Loss 0.4422
Epoch:2
LR: 0.0001
* TRAIN - Accuracy 81.860 Loss 0.4078
* VALID - Accuracy 81.550 Loss 0.4168
Epoch:3
LR: 0.0001
* TRAIN - Accuracy 83.170 Loss 0.3835
* VALID - Accuracy 81.700 Loss 0.4139
Epoch:4
LR: 0.0001
* TRAIN - Accuracy 84.040 Loss 0.3653
* VALID - Accuracy 82.800 Loss 0.3911
Epoch:5
LR: 0.0001
* TRAIN - Accuracy 85.370 Loss 0.3440
* VALID - Accuracy 83.450 Loss 0.3707
Epoch:6
LR: 0.0001
* TRAIN - Accuracy 85.580 Loss 0.3316
* VALID - Accuracy 83.950 Loss 0.3848
Epoch:7
LR: 0.0001
* TRAIN - Accuracy 86.430 Loss 0.3204
* VALID - Accuracy 83.450 Loss 0.3833
Epoch:8
LR: 0.0001
* TRAIN - Accuracy 87.230 Loss 0.3030
* VALID - Accuracy 85.500 Loss 0.3438
Epoch:9
LR: 0.0001
* TRAIN - Accuracy 87.320 Loss 0.2966
* VALID - Accuracy 85.500 Loss 0.3468
Epoch:10
LR: 0.0001
* TRAIN - Accuracy 87.700 Loss 0.2865
* VALID - Accuracy 85.700 Loss 0.3383
Epoch:11
LR: 0.0001
* TRAIN - Accuracy 88.640 Loss 0.2727
* VALID - Accuracy 85.850 Loss 0.3510
validation split name: 1
* VALID - Accuracy 77.700 Loss 0.5397
validation split name: 2
* VALID - Accuracy 85.850 Loss 0.3491
============================== Task: 3 ==============================
#reg_term: 1
Epoch:0
LR: 0.0001
* TRAIN - Accuracy 83.140 Loss 0.3867
* VALID - Accuracy 86.650 Loss 0.3121
Epoch:1
LR: 0.0001
* TRAIN - Accuracy 88.060 Loss 0.2851
* VALID - Accuracy 88.900 Loss 0.2790
Epoch:2
LR: 0.0001
* TRAIN - Accuracy 89.730 Loss 0.2525
* VALID - Accuracy 90.650 Loss 0.2327
Epoch:3
LR: 0.0001
* TRAIN - Accuracy 91.060 Loss 0.2242
* VALID - Accuracy 91.600 Loss 0.2197
Epoch:4
LR: 0.0001
* TRAIN - Accuracy 91.350 Loss 0.2163
* VALID - Accuracy 92.000 Loss 0.2045
Epoch:5
LR: 0.0001
* TRAIN - Accuracy 92.280 Loss 0.1984
* VALID - Accuracy 92.250 Loss 0.2026
Epoch:6
LR: 0.0001
* TRAIN - Accuracy 92.430 Loss 0.1897
* VALID - Accuracy 91.950 Loss 0.2152
Epoch:7
LR: 0.0001
* TRAIN - Accuracy 92.890 Loss 0.1797
* VALID - Accuracy 93.000 Loss 0.1857
Epoch:8
LR: 0.0001
* TRAIN - Accuracy 93.270 Loss 0.1769
* VALID - Accuracy 92.850 Loss 0.1849
Epoch:9
LR: 0.0001
* TRAIN - Accuracy 93.310 Loss 0.1693
* VALID - Accuracy 93.800 Loss 0.1746
Epoch:10
LR: 0.0001
* TRAIN - Accuracy 93.700 Loss 0.1633
* VALID - Accuracy 93.650 Loss 0.1728
Epoch:11
LR: 0.0001
* TRAIN - Accuracy 93.800 Loss 0.1624
* VALID - Accuracy 93.650 Loss 0.1725
validation split name: 1
* VALID - Accuracy 80.750 Loss 0.4797
validation split name: 2
* VALID - Accuracy 71.050 Loss 0.8074
validation split name: 3
* VALID - Accuracy 93.650 Loss 0.1710
============================== Task: 4 ==============================
#reg_term: 1
Epoch:0
LR: 0.0001
* TRAIN - Accuracy 87.060 Loss 0.3210
* VALID - Accuracy 93.750 Loss 0.1537
Epoch:1
LR: 0.0001
* TRAIN - Accuracy 94.520 Loss 0.1415
* VALID - Accuracy 95.250 Loss 0.1276
Epoch:2
LR: 0.0001
* TRAIN - Accuracy 95.560 Loss 0.1151
* VALID - Accuracy 95.950 Loss 0.1084
Epoch:3
LR: 0.0001
* TRAIN - Accuracy 95.970 Loss 0.1058
* VALID - Accuracy 95.150 Loss 0.1307
Epoch:4
LR: 0.0001
* TRAIN - Accuracy 96.460 Loss 0.0938
* VALID - Accuracy 96.550 Loss 0.0932
Epoch:5
LR: 0.0001
* TRAIN - Accuracy 97.100 Loss 0.0784
* VALID - Accuracy 97.000 Loss 0.0857
Epoch:6
LR: 0.0001
* TRAIN - Accuracy 96.980 Loss 0.0795
* VALID - Accuracy 97.200 Loss 0.0751
Epoch:7
LR: 0.0001
* TRAIN - Accuracy 97.380 Loss 0.0701
* VALID - Accuracy 96.850 Loss 0.0872
Epoch:8
LR: 0.0001
* TRAIN - Accuracy 97.260 Loss 0.0755
* VALID - Accuracy 97.350 Loss 0.0736
Epoch:9
LR: 0.0001
* TRAIN - Accuracy 97.760 Loss 0.0597
* VALID - Accuracy 97.600 Loss 0.0669
Epoch:10
LR: 0.0001
* TRAIN - Accuracy 97.890 Loss 0.0567
* VALID - Accuracy 96.850 Loss 0.0808
Epoch:11
LR: 0.0001
* TRAIN - Accuracy 97.970 Loss 0.0538
* VALID - Accuracy 97.250 Loss 0.0809
validation split name: 1
* VALID - Accuracy 47.250 Loss 1.9400
validation split name: 2
* VALID - Accuracy 53.550 Loss 1.8963
validation split name: 3
* VALID - Accuracy 65.150 Loss 1.2938
validation split name: 4
* VALID - Accuracy 97.250 Loss 0.0796
============================== Task: 5 ==============================
#reg_term: 1
Epoch:0
LR: 0.0001
* TRAIN - Accuracy 89.210 Loss 0.2998
* VALID - Accuracy 93.150 Loss 0.1688
Epoch:1
LR: 0.0001
* TRAIN - Accuracy 94.240 Loss 0.1543
* VALID - Accuracy 94.750 Loss 0.1348
Epoch:2
LR: 0.0001
* TRAIN - Accuracy 94.890 Loss 0.1299
* VALID - Accuracy 95.450 Loss 0.1189
Epoch:3
LR: 0.0001
* TRAIN - Accuracy 95.510 Loss 0.1161
* VALID - Accuracy 95.750 Loss 0.1115
Epoch:4
LR: 0.0001
* TRAIN - Accuracy 95.940 Loss 0.1045
* VALID - Accuracy 95.950 Loss 0.1047
Epoch:5
LR: 0.0001
* TRAIN - Accuracy 96.480 Loss 0.0977
* VALID - Accuracy 96.550 Loss 0.1021
Epoch:6
LR: 0.0001
* TRAIN - Accuracy 96.760 Loss 0.0868
* VALID - Accuracy 96.400 Loss 0.0945
Epoch:7
LR: 0.0001
* TRAIN - Accuracy 96.890 Loss 0.0830
* VALID - Accuracy 96.450 Loss 0.1024
Epoch:8
LR: 0.0001
* TRAIN - Accuracy 96.990 Loss 0.0789
* VALID - Accuracy 96.450 Loss 0.0955
Epoch:9
LR: 0.0001
* TRAIN - Accuracy 97.430 Loss 0.0688
* VALID - Accuracy 96.700 Loss 0.0884
Epoch:10
LR: 0.0001
* TRAIN - Accuracy 97.430 Loss 0.0669
* VALID - Accuracy 96.850 Loss 0.0885
Epoch:11
LR: 0.0001
* TRAIN - Accuracy 97.650 Loss 0.0638
* VALID - Accuracy 96.500 Loss 0.1021
validation split name: 1
* VALID - Accuracy 79.650 Loss 0.6286
validation split name: 2
* VALID - Accuracy 58.600 Loss 1.2393
validation split name: 3
* VALID - Accuracy 57.750 Loss 1.2080
validation split name: 4
* VALID - Accuracy 79.750 Loss 0.5263
validation split name: 5
* VALID - Accuracy 96.500 Loss 0.1009
OrderedDict([('1', OrderedDict([('1', 97.45), ('2', 77.7), ('3', 80.75), ('4', 47.25), ('5', 79.65)])), ('2', OrderedDict([('2', 85.85), ('3', 71.05), ('4', 53.55), ('5', 58.6)])), ('3', OrderedDict([('3', 93.65), ('4', 65.15), ('5', 57.75)])), ('4', OrderedDict([('4', 97.25), ('5', 79.75)])), ('5', OrderedDict([('5', 96.5)]))])
Task 1 average acc: 97.45
Task 2 average acc: 81.775
Task 3 average acc: 81.81666666666668
Task 4 average acc: 65.8
Task 5 average acc: 74.45
===Summary of experiment repeats: 10 / 10 ===
The regularization coefficient: 0.0001
The last avg acc of all repeats: [73.21 72.51 74.69 75.56 69.31 72.64 73.15 73.2  75.33 74.45]
mean: 73.405 std: 1.714445974651868
reg_coef: 0.0001 mean: 73.405 std: 1.714445974651868
