Files already downloaded and verified
Files already downloaded and verified
split_boundaries: [0, 2, 4, 6, 8, 10]
{'1': [0, 1], '2': [2, 3], '3': [4, 5], '4': [6, 7], '5': [8, 9]}
CNN(
  (c1): Sequential(
    (0): Conv2d(3, 32, kernel_size=(3, 3), stride=(1, 1), padding=(1, 1))
    (1): BatchNorm2d(32, eps=1e-05, momentum=0.1, affine=True, track_running_stats=True)
    (2): ReLU()
    (3): Conv2d(32, 32, kernel_size=(3, 3), stride=(1, 1), padding=(1, 1))
    (4): BatchNorm2d(32, eps=1e-05, momentum=0.1, affine=True, track_running_stats=True)
    (5): ReLU()
    (6): Conv2d(32, 64, kernel_size=(3, 3), stride=(1, 1), padding=(1, 1))
    (7): BatchNorm2d(64, eps=1e-05, momentum=0.1, affine=True, track_running_stats=True)
    (8): ReLU()
    (9): MaxPool2d(kernel_size=2, stride=2, padding=0, dilation=1, ceil_mode=False)
  )
  (c2): Sequential(
    (0): Conv2d(64, 64, kernel_size=(3, 3), stride=(1, 1), padding=(1, 1))
    (1): BatchNorm2d(64, eps=1e-05, momentum=0.1, affine=True, track_running_stats=True)
    (2): ReLU()
    (3): Conv2d(64, 128, kernel_size=(3, 3), stride=(1, 1), padding=(1, 1))
    (4): BatchNorm2d(128, eps=1e-05, momentum=0.1, affine=True, track_running_stats=True)
    (5): ReLU()
    (6): MaxPool2d(kernel_size=2, stride=2, padding=0, dilation=1, ceil_mode=False)
  )
  (c3): Sequential(
    (0): Conv2d(128, 128, kernel_size=(3, 3), stride=(1, 1), padding=(1, 1))
    (1): BatchNorm2d(128, eps=1e-05, momentum=0.1, affine=True, track_running_stats=True)
    (2): ReLU()
    (3): Conv2d(128, 128, kernel_size=(3, 3), stride=(1, 1), padding=(1, 1))
    (4): BatchNorm2d(128, eps=1e-05, momentum=0.1, affine=True, track_running_stats=True)
    (5): ReLU()
    (6): MaxPool2d(kernel_size=2, stride=2, padding=0, dilation=1, ceil_mode=False)
  )
  (fc1): Sequential(
    (0): Linear(in_features=2048, out_features=256, bias=True)
    (1): ReLU()
  )
  (last): ModuleDict(
    (1): Linear(in_features=256, out_features=2, bias=True)
    (2): Linear(in_features=256, out_features=2, bias=True)
    (3): Linear(in_features=256, out_features=2, bias=True)
    (4): Linear(in_features=256, out_features=2, bias=True)
    (5): Linear(in_features=256, out_features=2, bias=True)
  )
)
#parameter of model: 962858
Task order: ['1', '2', '3', '4', '5']
============================== Task: 1 ==============================
Epoch:0
LR: 0.01
* TRAIN - Accuracy 66.720 Loss 1.1456
* VALID - Accuracy 81.000 Loss 0.4320
Epoch:1
LR: 0.01
* TRAIN - Accuracy 83.920 Loss 0.3664
* VALID - Accuracy 73.450 Loss 0.6120
Epoch:2
LR: 0.01
* TRAIN - Accuracy 87.830 Loss 0.2890
* VALID - Accuracy 90.450 Loss 0.2439
Epoch:3
LR: 0.01
* TRAIN - Accuracy 89.200 Loss 0.2553
* VALID - Accuracy 68.400 Loss 0.7464
Epoch:4
LR: 0.01
* TRAIN - Accuracy 90.850 Loss 0.2283
* VALID - Accuracy 84.250 Loss 0.3816
Epoch:5
LR: 0.01
* TRAIN - Accuracy 92.140 Loss 0.1995
* VALID - Accuracy 87.450 Loss 0.2767
Epoch:6
LR: 0.01
* TRAIN - Accuracy 93.180 Loss 0.1735
* VALID - Accuracy 93.950 Loss 0.1633
Epoch:7
LR: 0.01
* TRAIN - Accuracy 93.770 Loss 0.1583
* VALID - Accuracy 62.300 Loss 1.1512
Epoch:8
LR: 0.01
* TRAIN - Accuracy 93.610 Loss 0.1655
* VALID - Accuracy 60.200 Loss 4.1064
Epoch:9
LR: 0.01
* TRAIN - Accuracy 94.200 Loss 0.1512
* VALID - Accuracy 93.000 Loss 0.1880
Epoch:10
LR: 0.01
* TRAIN - Accuracy 95.610 Loss 0.1158
* VALID - Accuracy 92.850 Loss 0.1857
Epoch:11
LR: 0.01
* TRAIN - Accuracy 95.840 Loss 0.1094
* VALID - Accuracy 95.800 Loss 0.1006
validation split name: 1
* VALID - Accuracy 95.800 Loss 0.1006
============================== Task: 2 ==============================
Epoch:0
LR: 0.001
* TRAIN - Accuracy 68.290 Loss 0.5939
* VALID - Accuracy 73.150 Loss 0.5336
Epoch:1
LR: 0.001
* TRAIN - Accuracy 74.200 Loss 0.5217
* VALID - Accuracy 77.100 Loss 0.4989
Epoch:2
LR: 0.001
* TRAIN - Accuracy 76.550 Loss 0.4909
* VALID - Accuracy 77.750 Loss 0.4762
Epoch:3
LR: 0.001
* TRAIN - Accuracy 77.780 Loss 0.4735
* VALID - Accuracy 76.250 Loss 0.5091
Epoch:4
LR: 0.001
* TRAIN - Accuracy 78.080 Loss 0.4660
* VALID - Accuracy 78.400 Loss 0.4652
Epoch:5
LR: 0.001
* TRAIN - Accuracy 78.360 Loss 0.4607
* VALID - Accuracy 79.000 Loss 0.4534
Epoch:6
LR: 0.001
* TRAIN - Accuracy 79.020 Loss 0.4508
* VALID - Accuracy 79.550 Loss 0.4417
Epoch:7
LR: 0.001
* TRAIN - Accuracy 79.910 Loss 0.4397
* VALID - Accuracy 80.400 Loss 0.4350
Epoch:8
LR: 0.001
* TRAIN - Accuracy 79.890 Loss 0.4374
* VALID - Accuracy 80.200 Loss 0.4321
Epoch:9
LR: 0.001
* TRAIN - Accuracy 80.760 Loss 0.4262
* VALID - Accuracy 80.100 Loss 0.4450
Epoch:10
LR: 0.001
* TRAIN - Accuracy 80.950 Loss 0.4175
* VALID - Accuracy 81.200 Loss 0.4191
Epoch:11
LR: 0.001
* TRAIN - Accuracy 80.920 Loss 0.4149
* VALID - Accuracy 80.450 Loss 0.4306
validation split name: 1
* VALID - Accuracy 90.450 Loss 0.3133
validation split name: 2
* VALID - Accuracy 80.450 Loss 0.4306
============================== Task: 3 ==============================
Epoch:0
LR: 0.001
* TRAIN - Accuracy 74.640 Loss 0.5254
* VALID - Accuracy 76.000 Loss 0.4946
Epoch:1
LR: 0.001
* TRAIN - Accuracy 78.130 Loss 0.4661
* VALID - Accuracy 77.800 Loss 0.4636
Epoch:2
LR: 0.001
* TRAIN - Accuracy 80.060 Loss 0.4323
* VALID - Accuracy 80.550 Loss 0.4206
Epoch:3
LR: 0.001
* TRAIN - Accuracy 81.000 Loss 0.4115
* VALID - Accuracy 81.950 Loss 0.4083
Epoch:4
LR: 0.001
* TRAIN - Accuracy 82.480 Loss 0.3872
* VALID - Accuracy 82.400 Loss 0.3950
Epoch:5
LR: 0.001
* TRAIN - Accuracy 83.740 Loss 0.3662
* VALID - Accuracy 83.500 Loss 0.3604
Epoch:6
LR: 0.001
* TRAIN - Accuracy 84.840 Loss 0.3505
* VALID - Accuracy 84.550 Loss 0.3397
Epoch:7
LR: 0.001
* TRAIN - Accuracy 86.030 Loss 0.3306
* VALID - Accuracy 83.900 Loss 0.3799
Epoch:8
LR: 0.001
* TRAIN - Accuracy 86.370 Loss 0.3198
* VALID - Accuracy 86.750 Loss 0.3143
Epoch:9
LR: 0.001
* TRAIN - Accuracy 86.770 Loss 0.3106
* VALID - Accuracy 86.600 Loss 0.3046
Epoch:10
LR: 0.001
* TRAIN - Accuracy 87.760 Loss 0.2980
* VALID - Accuracy 86.950 Loss 0.3092
Epoch:11
LR: 0.001
* TRAIN - Accuracy 88.060 Loss 0.2939
* VALID - Accuracy 87.400 Loss 0.2940
validation split name: 1
* VALID - Accuracy 84.450 Loss 0.4612
validation split name: 2
* VALID - Accuracy 73.400 Loss 0.5551
validation split name: 3
* VALID - Accuracy 87.400 Loss 0.2940
============================== Task: 4 ==============================
Epoch:0
LR: 0.001
* TRAIN - Accuracy 78.480 Loss 0.4710
* VALID - Accuracy 86.900 Loss 0.3093
Epoch:1
LR: 0.001
* TRAIN - Accuracy 87.460 Loss 0.2985
* VALID - Accuracy 90.850 Loss 0.2277
Epoch:2
LR: 0.001
* TRAIN - Accuracy 89.810 Loss 0.2401
* VALID - Accuracy 91.450 Loss 0.2131
Epoch:3
LR: 0.001
* TRAIN - Accuracy 91.310 Loss 0.2113
* VALID - Accuracy 91.100 Loss 0.2182
Epoch:4
LR: 0.001
* TRAIN - Accuracy 92.620 Loss 0.1874
* VALID - Accuracy 91.500 Loss 0.1969
Epoch:5
LR: 0.001
* TRAIN - Accuracy 92.610 Loss 0.1816
* VALID - Accuracy 93.950 Loss 0.1591
Epoch:6
LR: 0.001
* TRAIN - Accuracy 93.680 Loss 0.1649
* VALID - Accuracy 93.550 Loss 0.1634
Epoch:7
LR: 0.001
* TRAIN - Accuracy 93.770 Loss 0.1571
* VALID - Accuracy 93.900 Loss 0.1557
Epoch:8
LR: 0.001
* TRAIN - Accuracy 94.080 Loss 0.1549
* VALID - Accuracy 94.400 Loss 0.1404
Epoch:9
LR: 0.001
* TRAIN - Accuracy 93.960 Loss 0.1472
* VALID - Accuracy 93.800 Loss 0.1510
Epoch:10
LR: 0.001
* TRAIN - Accuracy 94.340 Loss 0.1398
* VALID - Accuracy 94.500 Loss 0.1364
Epoch:11
LR: 0.001
* TRAIN - Accuracy 94.760 Loss 0.1371
* VALID - Accuracy 95.600 Loss 0.1206
validation split name: 1
* VALID - Accuracy 73.500 Loss 0.7563
validation split name: 2
* VALID - Accuracy 60.250 Loss 0.8543
validation split name: 3
* VALID - Accuracy 74.400 Loss 0.5669
validation split name: 4
* VALID - Accuracy 95.600 Loss 0.1206
============================== Task: 5 ==============================
Epoch:0
LR: 0.001
* TRAIN - Accuracy 79.100 Loss 0.4856
* VALID - Accuracy 86.100 Loss 0.3161
Epoch:1
LR: 0.001
* TRAIN - Accuracy 86.250 Loss 0.3210
* VALID - Accuracy 88.600 Loss 0.2830
Epoch:2
LR: 0.001
* TRAIN - Accuracy 87.730 Loss 0.2910
* VALID - Accuracy 90.000 Loss 0.2515
Epoch:3
LR: 0.001
* TRAIN - Accuracy 89.260 Loss 0.2665
* VALID - Accuracy 90.950 Loss 0.2331
Epoch:4
LR: 0.001
* TRAIN - Accuracy 89.990 Loss 0.2476
* VALID - Accuracy 91.650 Loss 0.2162
Epoch:5
LR: 0.001
* TRAIN - Accuracy 90.730 Loss 0.2334
* VALID - Accuracy 91.550 Loss 0.2115
Epoch:6
LR: 0.001
* TRAIN - Accuracy 91.170 Loss 0.2197
* VALID - Accuracy 91.800 Loss 0.1945
Epoch:7
LR: 0.001
* TRAIN - Accuracy 91.690 Loss 0.2071
* VALID - Accuracy 92.100 Loss 0.1884
Epoch:8
LR: 0.001
* TRAIN - Accuracy 91.910 Loss 0.2007
* VALID - Accuracy 92.550 Loss 0.1807
Epoch:9
LR: 0.001
* TRAIN - Accuracy 92.200 Loss 0.1958
* VALID - Accuracy 92.750 Loss 0.1821
Epoch:10
LR: 0.001
* TRAIN - Accuracy 92.770 Loss 0.1841
* VALID - Accuracy 93.400 Loss 0.1639
Epoch:11
LR: 0.001
* TRAIN - Accuracy 92.740 Loss 0.1809
* VALID - Accuracy 93.200 Loss 0.1597
validation split name: 1
* VALID - Accuracy 89.750 Loss 0.3750
validation split name: 2
* VALID - Accuracy 58.350 Loss 1.0303
validation split name: 3
* VALID - Accuracy 55.050 Loss 1.1985
validation split name: 4
* VALID - Accuracy 66.300 Loss 0.9829
validation split name: 5
* VALID - Accuracy 93.200 Loss 0.1597
OrderedDict([('1', OrderedDict([('1', 95.8), ('2', 90.45), ('3', 84.45), ('4', 73.5), ('5', 89.75)])), ('2', OrderedDict([('2', 80.45), ('3', 73.4), ('4', 60.25), ('5', 58.35)])), ('3', OrderedDict([('3', 87.4), ('4', 74.4), ('5', 55.05)])), ('4', OrderedDict([('4', 95.6), ('5', 66.3)])), ('5', OrderedDict([('5', 93.2)]))])
Task 1 average acc: 95.8
Task 2 average acc: 85.45
Task 3 average acc: 81.75000000000001
Task 4 average acc: 75.9375
Task 5 average acc: 72.53
===Summary of experiment repeats: 1 / 10 ===
The regularization coefficient: 0.0
The last avg acc of all repeats: [72.53  0.    0.    0.    0.    0.    0.    0.    0.    0.  ]
mean: 7.253 std: 21.759000000000004
Files already downloaded and verified
Files already downloaded and verified
split_boundaries: [0, 2, 4, 6, 8, 10]
{'1': [0, 1], '2': [2, 3], '3': [4, 5], '4': [6, 7], '5': [8, 9]}
CNN(
  (c1): Sequential(
    (0): Conv2d(3, 32, kernel_size=(3, 3), stride=(1, 1), padding=(1, 1))
    (1): BatchNorm2d(32, eps=1e-05, momentum=0.1, affine=True, track_running_stats=True)
    (2): ReLU()
    (3): Conv2d(32, 32, kernel_size=(3, 3), stride=(1, 1), padding=(1, 1))
    (4): BatchNorm2d(32, eps=1e-05, momentum=0.1, affine=True, track_running_stats=True)
    (5): ReLU()
    (6): Conv2d(32, 64, kernel_size=(3, 3), stride=(1, 1), padding=(1, 1))
    (7): BatchNorm2d(64, eps=1e-05, momentum=0.1, affine=True, track_running_stats=True)
    (8): ReLU()
    (9): MaxPool2d(kernel_size=2, stride=2, padding=0, dilation=1, ceil_mode=False)
  )
  (c2): Sequential(
    (0): Conv2d(64, 64, kernel_size=(3, 3), stride=(1, 1), padding=(1, 1))
    (1): BatchNorm2d(64, eps=1e-05, momentum=0.1, affine=True, track_running_stats=True)
    (2): ReLU()
    (3): Conv2d(64, 128, kernel_size=(3, 3), stride=(1, 1), padding=(1, 1))
    (4): BatchNorm2d(128, eps=1e-05, momentum=0.1, affine=True, track_running_stats=True)
    (5): ReLU()
    (6): MaxPool2d(kernel_size=2, stride=2, padding=0, dilation=1, ceil_mode=False)
  )
  (c3): Sequential(
    (0): Conv2d(128, 128, kernel_size=(3, 3), stride=(1, 1), padding=(1, 1))
    (1): BatchNorm2d(128, eps=1e-05, momentum=0.1, affine=True, track_running_stats=True)
    (2): ReLU()
    (3): Conv2d(128, 128, kernel_size=(3, 3), stride=(1, 1), padding=(1, 1))
    (4): BatchNorm2d(128, eps=1e-05, momentum=0.1, affine=True, track_running_stats=True)
    (5): ReLU()
    (6): MaxPool2d(kernel_size=2, stride=2, padding=0, dilation=1, ceil_mode=False)
  )
  (fc1): Sequential(
    (0): Linear(in_features=2048, out_features=256, bias=True)
    (1): ReLU()
  )
  (last): ModuleDict(
    (1): Linear(in_features=256, out_features=2, bias=True)
    (2): Linear(in_features=256, out_features=2, bias=True)
    (3): Linear(in_features=256, out_features=2, bias=True)
    (4): Linear(in_features=256, out_features=2, bias=True)
    (5): Linear(in_features=256, out_features=2, bias=True)
  )
)
#parameter of model: 962858
Task order: ['1', '2', '3', '4', '5']
============================== Task: 1 ==============================
Epoch:0
LR: 0.01
* TRAIN - Accuracy 68.260 Loss 1.1510
* VALID - Accuracy 64.200 Loss 0.8921
Epoch:1
LR: 0.01
* TRAIN - Accuracy 80.850 Loss 0.4223
* VALID - Accuracy 82.000 Loss 0.4202
Epoch:2
LR: 0.01
* TRAIN - Accuracy 86.150 Loss 0.3239
* VALID - Accuracy 74.600 Loss 0.5761
Epoch:3
LR: 0.01
* TRAIN - Accuracy 88.660 Loss 0.2736
* VALID - Accuracy 77.550 Loss 0.4456
Epoch:4
LR: 0.01
* TRAIN - Accuracy 90.380 Loss 0.2315
* VALID - Accuracy 89.500 Loss 0.2783
Epoch:5
LR: 0.01
* TRAIN - Accuracy 91.910 Loss 0.2012
* VALID - Accuracy 87.200 Loss 0.4192
Epoch:6
LR: 0.01
* TRAIN - Accuracy 92.800 Loss 0.1821
* VALID - Accuracy 86.950 Loss 0.3075
Epoch:7
LR: 0.01
* TRAIN - Accuracy 93.630 Loss 0.1607
* VALID - Accuracy 66.300 Loss 1.2016
Epoch:8
LR: 0.01
* TRAIN - Accuracy 94.040 Loss 0.1556
* VALID - Accuracy 70.800 Loss 1.3648
Epoch:9
LR: 0.01
* TRAIN - Accuracy 94.540 Loss 0.1425
* VALID - Accuracy 87.500 Loss 0.3420
Epoch:10
LR: 0.01
* TRAIN - Accuracy 95.560 Loss 0.1159
* VALID - Accuracy 90.250 Loss 0.2837
Epoch:11
LR: 0.01
* TRAIN - Accuracy 95.770 Loss 0.1090
* VALID - Accuracy 95.850 Loss 0.1039
validation split name: 1
* VALID - Accuracy 95.850 Loss 0.1039
============================== Task: 2 ==============================
Epoch:0
LR: 0.001
* TRAIN - Accuracy 64.630 Loss 0.6435
* VALID - Accuracy 72.050 Loss 0.5448
Epoch:1
LR: 0.001
* TRAIN - Accuracy 73.260 Loss 0.5327
* VALID - Accuracy 73.550 Loss 0.5066
Epoch:2
LR: 0.001
* TRAIN - Accuracy 75.650 Loss 0.5027
* VALID - Accuracy 74.400 Loss 0.5113
Epoch:3
LR: 0.001
* TRAIN - Accuracy 77.130 Loss 0.4848
* VALID - Accuracy 76.300 Loss 0.4686
Epoch:4
LR: 0.001
* TRAIN - Accuracy 78.160 Loss 0.4724
* VALID - Accuracy 77.200 Loss 0.4617
Epoch:5
LR: 0.001
* TRAIN - Accuracy 78.790 Loss 0.4615
* VALID - Accuracy 77.650 Loss 0.4535
Epoch:6
LR: 0.001
* TRAIN - Accuracy 79.070 Loss 0.4530
* VALID - Accuracy 78.850 Loss 0.4467
Epoch:7
LR: 0.001
* TRAIN - Accuracy 79.770 Loss 0.4443
* VALID - Accuracy 79.900 Loss 0.4293
Epoch:8
LR: 0.001
* TRAIN - Accuracy 80.380 Loss 0.4343
* VALID - Accuracy 80.200 Loss 0.4225
Epoch:9
LR: 0.001
* TRAIN - Accuracy 80.940 Loss 0.4267
* VALID - Accuracy 80.750 Loss 0.4204
Epoch:10
LR: 0.001
* TRAIN - Accuracy 81.360 Loss 0.4125
* VALID - Accuracy 79.150 Loss 0.4299
Epoch:11
LR: 0.001
* TRAIN - Accuracy 82.090 Loss 0.4112
* VALID - Accuracy 81.700 Loss 0.4066
validation split name: 1
* VALID - Accuracy 89.750 Loss 0.3070
validation split name: 2
* VALID - Accuracy 81.700 Loss 0.4066
============================== Task: 3 ==============================
Epoch:0
LR: 0.001
* TRAIN - Accuracy 73.120 Loss 0.5364
* VALID - Accuracy 78.450 Loss 0.4690
Epoch:1
LR: 0.001
* TRAIN - Accuracy 78.820 Loss 0.4577
* VALID - Accuracy 77.750 Loss 0.4630
Epoch:2
LR: 0.001
* TRAIN - Accuracy 79.920 Loss 0.4293
* VALID - Accuracy 81.400 Loss 0.3963
Epoch:3
LR: 0.001
* TRAIN - Accuracy 81.820 Loss 0.3991
* VALID - Accuracy 81.450 Loss 0.4103
Epoch:4
LR: 0.001
* TRAIN - Accuracy 83.610 Loss 0.3728
* VALID - Accuracy 80.250 Loss 0.4350
Epoch:5
LR: 0.001
* TRAIN - Accuracy 84.390 Loss 0.3566
* VALID - Accuracy 84.050 Loss 0.3486
Epoch:6
LR: 0.001
* TRAIN - Accuracy 85.670 Loss 0.3375
* VALID - Accuracy 83.800 Loss 0.3711
Epoch:7
LR: 0.001
* TRAIN - Accuracy 86.320 Loss 0.3305
* VALID - Accuracy 80.750 Loss 0.4364
Epoch:8
LR: 0.001
* TRAIN - Accuracy 86.470 Loss 0.3176
* VALID - Accuracy 85.150 Loss 0.3443
Epoch:9
LR: 0.001
* TRAIN - Accuracy 86.650 Loss 0.3138
* VALID - Accuracy 82.850 Loss 0.4754
Epoch:10
LR: 0.001
* TRAIN - Accuracy 87.390 Loss 0.3039
* VALID - Accuracy 78.700 Loss 0.5218
Epoch:11
LR: 0.001
* TRAIN - Accuracy 87.720 Loss 0.2962
* VALID - Accuracy 86.700 Loss 0.2970
validation split name: 1
* VALID - Accuracy 84.350 Loss 0.4456
validation split name: 2
* VALID - Accuracy 74.700 Loss 0.5252
validation split name: 3
* VALID - Accuracy 86.700 Loss 0.2970
============================== Task: 4 ==============================
Epoch:0
LR: 0.001
* TRAIN - Accuracy 77.740 Loss 0.5106
* VALID - Accuracy 86.050 Loss 0.3529
Epoch:1
LR: 0.001
* TRAIN - Accuracy 84.990 Loss 0.3586
* VALID - Accuracy 88.700 Loss 0.2853
Epoch:2
LR: 0.001
* TRAIN - Accuracy 87.750 Loss 0.2950
* VALID - Accuracy 90.550 Loss 0.2430
Epoch:3
LR: 0.001
* TRAIN - Accuracy 89.070 Loss 0.2599
* VALID - Accuracy 88.500 Loss 0.2672
Epoch:4
LR: 0.001
* TRAIN - Accuracy 90.450 Loss 0.2277
* VALID - Accuracy 92.600 Loss 0.1954
Epoch:5
LR: 0.001
* TRAIN - Accuracy 91.470 Loss 0.2075
* VALID - Accuracy 91.800 Loss 0.1910
Epoch:6
LR: 0.001
* TRAIN - Accuracy 92.310 Loss 0.1908
* VALID - Accuracy 91.850 Loss 0.1902
Epoch:7
LR: 0.001
* TRAIN - Accuracy 92.980 Loss 0.1786
* VALID - Accuracy 94.100 Loss 0.1572
Epoch:8
LR: 0.001
* TRAIN - Accuracy 93.320 Loss 0.1659
* VALID - Accuracy 94.200 Loss 0.1517
Epoch:9
LR: 0.001
* TRAIN - Accuracy 93.830 Loss 0.1579
* VALID - Accuracy 94.300 Loss 0.1472
Epoch:10
LR: 0.001
* TRAIN - Accuracy 94.120 Loss 0.1467
* VALID - Accuracy 94.150 Loss 0.1541
Epoch:11
LR: 0.001
* TRAIN - Accuracy 94.390 Loss 0.1430
* VALID - Accuracy 94.850 Loss 0.1377
validation split name: 1
* VALID - Accuracy 57.600 Loss 2.7055
validation split name: 2
* VALID - Accuracy 68.100 Loss 0.7503
validation split name: 3
* VALID - Accuracy 75.600 Loss 0.6309
validation split name: 4
* VALID - Accuracy 94.850 Loss 0.1377
============================== Task: 5 ==============================
Epoch:0
LR: 0.001
* TRAIN - Accuracy 81.620 Loss 0.4000
* VALID - Accuracy 88.350 Loss 0.2790
Epoch:1
LR: 0.001
* TRAIN - Accuracy 89.020 Loss 0.2655
* VALID - Accuracy 90.800 Loss 0.2332
Epoch:2
LR: 0.001
* TRAIN - Accuracy 90.720 Loss 0.2354
* VALID - Accuracy 91.500 Loss 0.2038
Epoch:3
LR: 0.001
* TRAIN - Accuracy 91.220 Loss 0.2162
* VALID - Accuracy 91.900 Loss 0.1944
Epoch:4
LR: 0.001
* TRAIN - Accuracy 92.030 Loss 0.2009
* VALID - Accuracy 92.150 Loss 0.1840
Epoch:5
LR: 0.001
* TRAIN - Accuracy 92.530 Loss 0.1907
* VALID - Accuracy 92.500 Loss 0.1790
Epoch:6
LR: 0.001
* TRAIN - Accuracy 92.680 Loss 0.1831
* VALID - Accuracy 92.900 Loss 0.1745
Epoch:7
LR: 0.001
* TRAIN - Accuracy 92.850 Loss 0.1777
* VALID - Accuracy 93.350 Loss 0.1685
Epoch:8
LR: 0.001
* TRAIN - Accuracy 92.860 Loss 0.1761
* VALID - Accuracy 93.000 Loss 0.1810
Epoch:9
LR: 0.001
* TRAIN - Accuracy 93.420 Loss 0.1669
* VALID - Accuracy 93.750 Loss 0.1637
Epoch:10
LR: 0.001
* TRAIN - Accuracy 93.490 Loss 0.1655
* VALID - Accuracy 93.800 Loss 0.1604
Epoch:11
LR: 0.001
* TRAIN - Accuracy 93.870 Loss 0.1596
* VALID - Accuracy 93.800 Loss 0.1592
validation split name: 1
* VALID - Accuracy 86.950 Loss 0.4143
validation split name: 2
* VALID - Accuracy 68.700 Loss 0.6329
validation split name: 3
* VALID - Accuracy 60.050 Loss 0.9848
validation split name: 4
* VALID - Accuracy 79.300 Loss 0.4770
validation split name: 5
* VALID - Accuracy 93.800 Loss 0.1592
OrderedDict([('1', OrderedDict([('1', 95.85), ('2', 89.75), ('3', 84.35), ('4', 57.6), ('5', 86.95)])), ('2', OrderedDict([('2', 81.7), ('3', 74.7), ('4', 68.1), ('5', 68.7)])), ('3', OrderedDict([('3', 86.7), ('4', 75.6), ('5', 60.05)])), ('4', OrderedDict([('4', 94.85), ('5', 79.3)])), ('5', OrderedDict([('5', 93.8)]))])
Task 1 average acc: 95.85
Task 2 average acc: 85.725
Task 3 average acc: 81.91666666666667
Task 4 average acc: 74.0375
Task 5 average acc: 77.76
===Summary of experiment repeats: 2 / 10 ===
The regularization coefficient: 0.0
The last avg acc of all repeats: [72.53 77.76  0.    0.    0.    0.    0.    0.    0.    0.  ]
mean: 15.029000000000002 std: 30.080741496844787
Files already downloaded and verified
Files already downloaded and verified
split_boundaries: [0, 2, 4, 6, 8, 10]
{'1': [0, 1], '2': [2, 3], '3': [4, 5], '4': [6, 7], '5': [8, 9]}
CNN(
  (c1): Sequential(
    (0): Conv2d(3, 32, kernel_size=(3, 3), stride=(1, 1), padding=(1, 1))
    (1): BatchNorm2d(32, eps=1e-05, momentum=0.1, affine=True, track_running_stats=True)
    (2): ReLU()
    (3): Conv2d(32, 32, kernel_size=(3, 3), stride=(1, 1), padding=(1, 1))
    (4): BatchNorm2d(32, eps=1e-05, momentum=0.1, affine=True, track_running_stats=True)
    (5): ReLU()
    (6): Conv2d(32, 64, kernel_size=(3, 3), stride=(1, 1), padding=(1, 1))
    (7): BatchNorm2d(64, eps=1e-05, momentum=0.1, affine=True, track_running_stats=True)
    (8): ReLU()
    (9): MaxPool2d(kernel_size=2, stride=2, padding=0, dilation=1, ceil_mode=False)
  )
  (c2): Sequential(
    (0): Conv2d(64, 64, kernel_size=(3, 3), stride=(1, 1), padding=(1, 1))
    (1): BatchNorm2d(64, eps=1e-05, momentum=0.1, affine=True, track_running_stats=True)
    (2): ReLU()
    (3): Conv2d(64, 128, kernel_size=(3, 3), stride=(1, 1), padding=(1, 1))
    (4): BatchNorm2d(128, eps=1e-05, momentum=0.1, affine=True, track_running_stats=True)
    (5): ReLU()
    (6): MaxPool2d(kernel_size=2, stride=2, padding=0, dilation=1, ceil_mode=False)
  )
  (c3): Sequential(
    (0): Conv2d(128, 128, kernel_size=(3, 3), stride=(1, 1), padding=(1, 1))
    (1): BatchNorm2d(128, eps=1e-05, momentum=0.1, affine=True, track_running_stats=True)
    (2): ReLU()
    (3): Conv2d(128, 128, kernel_size=(3, 3), stride=(1, 1), padding=(1, 1))
    (4): BatchNorm2d(128, eps=1e-05, momentum=0.1, affine=True, track_running_stats=True)
    (5): ReLU()
    (6): MaxPool2d(kernel_size=2, stride=2, padding=0, dilation=1, ceil_mode=False)
  )
  (fc1): Sequential(
    (0): Linear(in_features=2048, out_features=256, bias=True)
    (1): ReLU()
  )
  (last): ModuleDict(
    (1): Linear(in_features=256, out_features=2, bias=True)
    (2): Linear(in_features=256, out_features=2, bias=True)
    (3): Linear(in_features=256, out_features=2, bias=True)
    (4): Linear(in_features=256, out_features=2, bias=True)
    (5): Linear(in_features=256, out_features=2, bias=True)
  )
)
#parameter of model: 962858
Task order: ['1', '2', '3', '4', '5']
============================== Task: 1 ==============================
Epoch:0
LR: 0.01
* TRAIN - Accuracy 71.870 Loss 0.9861
* VALID - Accuracy 73.950 Loss 0.7556
Epoch:1
LR: 0.01
* TRAIN - Accuracy 83.870 Loss 0.3741
* VALID - Accuracy 84.900 Loss 0.3508
Epoch:2
LR: 0.01
* TRAIN - Accuracy 87.720 Loss 0.2945
* VALID - Accuracy 87.300 Loss 0.3171
Epoch:3
LR: 0.01
* TRAIN - Accuracy 89.470 Loss 0.2540
* VALID - Accuracy 88.500 Loss 0.3281
Epoch:4
LR: 0.01
* TRAIN - Accuracy 91.040 Loss 0.2208
* VALID - Accuracy 93.000 Loss 0.1836
Epoch:5
LR: 0.01
* TRAIN - Accuracy 92.140 Loss 0.1965
* VALID - Accuracy 87.200 Loss 0.3071
Epoch:6
LR: 0.01
* TRAIN - Accuracy 92.010 Loss 0.1958
* VALID - Accuracy 93.850 Loss 0.1804
Epoch:7
LR: 0.01
* TRAIN - Accuracy 93.280 Loss 0.1691
* VALID - Accuracy 61.750 Loss 3.0613
Epoch:8
LR: 0.01
* TRAIN - Accuracy 93.770 Loss 0.1577
* VALID - Accuracy 56.400 Loss 3.1277
Epoch:9
LR: 0.01
* TRAIN - Accuracy 93.530 Loss 0.1611
* VALID - Accuracy 87.650 Loss 0.3312
Epoch:10
LR: 0.01
* TRAIN - Accuracy 94.780 Loss 0.1337
* VALID - Accuracy 93.750 Loss 0.1767
Epoch:11
LR: 0.01
* TRAIN - Accuracy 95.230 Loss 0.1179
* VALID - Accuracy 69.200 Loss 1.6704
validation split name: 1
* VALID - Accuracy 69.200 Loss 1.6704
============================== Task: 2 ==============================
Epoch:0
LR: 0.001
* TRAIN - Accuracy 55.460 Loss 0.7030
* VALID - Accuracy 60.850 Loss 0.6589
Epoch:1
LR: 0.001
* TRAIN - Accuracy 62.800 Loss 0.6426
* VALID - Accuracy 66.250 Loss 0.6163
Epoch:2
LR: 0.001
* TRAIN - Accuracy 68.470 Loss 0.5912
* VALID - Accuracy 68.500 Loss 0.5782
Epoch:3
LR: 0.001
* TRAIN - Accuracy 72.400 Loss 0.5522
* VALID - Accuracy 69.650 Loss 0.5623
Epoch:4
LR: 0.001
* TRAIN - Accuracy 74.360 Loss 0.5258
* VALID - Accuracy 74.650 Loss 0.5186
Epoch:5
LR: 0.001
* TRAIN - Accuracy 75.950 Loss 0.5100
* VALID - Accuracy 74.200 Loss 0.5110
Epoch:6
LR: 0.001
* TRAIN - Accuracy 76.210 Loss 0.4971
* VALID - Accuracy 75.600 Loss 0.4983
Epoch:7
LR: 0.001
* TRAIN - Accuracy 76.760 Loss 0.4855
* VALID - Accuracy 75.300 Loss 0.5014
Epoch:8
LR: 0.001
* TRAIN - Accuracy 77.110 Loss 0.4781
* VALID - Accuracy 75.600 Loss 0.4935
Epoch:9
LR: 0.001
* TRAIN - Accuracy 77.930 Loss 0.4686
* VALID - Accuracy 76.400 Loss 0.4742
Epoch:10
LR: 0.001
* TRAIN - Accuracy 77.740 Loss 0.4668
* VALID - Accuracy 75.850 Loss 0.4888
Epoch:11
LR: 0.001
* TRAIN - Accuracy 79.170 Loss 0.4519
* VALID - Accuracy 77.400 Loss 0.4692
validation split name: 1
* VALID - Accuracy 53.800 Loss 2.7405
validation split name: 2
* VALID - Accuracy 77.400 Loss 0.4692
============================== Task: 3 ==============================
Epoch:0
LR: 0.001
* TRAIN - Accuracy 71.310 Loss 0.5599
* VALID - Accuracy 74.250 Loss 0.5200
Epoch:1
LR: 0.001
* TRAIN - Accuracy 74.680 Loss 0.5094
* VALID - Accuracy 75.000 Loss 0.5058
Epoch:2
LR: 0.001
* TRAIN - Accuracy 77.030 Loss 0.4774
* VALID - Accuracy 79.300 Loss 0.4509
Epoch:3
LR: 0.001
* TRAIN - Accuracy 79.190 Loss 0.4476
* VALID - Accuracy 79.650 Loss 0.4361
Epoch:4
LR: 0.001
* TRAIN - Accuracy 80.580 Loss 0.4253
* VALID - Accuracy 81.650 Loss 0.4173
Epoch:5
LR: 0.001
* TRAIN - Accuracy 81.720 Loss 0.4078
* VALID - Accuracy 81.450 Loss 0.4245
Epoch:6
LR: 0.001
* TRAIN - Accuracy 82.530 Loss 0.3959
* VALID - Accuracy 83.300 Loss 0.3821
Epoch:7
LR: 0.001
* TRAIN - Accuracy 83.540 Loss 0.3771
* VALID - Accuracy 83.300 Loss 0.3788
Epoch:8
LR: 0.001
* TRAIN - Accuracy 83.970 Loss 0.3655
* VALID - Accuracy 85.200 Loss 0.3584
Epoch:9
LR: 0.001
* TRAIN - Accuracy 84.810 Loss 0.3539
* VALID - Accuracy 85.200 Loss 0.3418
Epoch:10
LR: 0.001
* TRAIN - Accuracy 85.500 Loss 0.3408
* VALID - Accuracy 83.100 Loss 0.3924
Epoch:11
LR: 0.001
* TRAIN - Accuracy 85.780 Loss 0.3384
* VALID - Accuracy 85.400 Loss 0.3429
validation split name: 1
* VALID - Accuracy 57.600 Loss 2.0217
validation split name: 2
* VALID - Accuracy 70.650 Loss 0.6307
validation split name: 3
* VALID - Accuracy 85.400 Loss 0.3429
============================== Task: 4 ==============================
Epoch:0
LR: 0.001
* TRAIN - Accuracy 75.020 Loss 0.5131
* VALID - Accuracy 84.150 Loss 0.3638
Epoch:1
LR: 0.001
* TRAIN - Accuracy 86.230 Loss 0.3151
* VALID - Accuracy 86.550 Loss 0.3163
Epoch:2
LR: 0.001
* TRAIN - Accuracy 89.110 Loss 0.2583
* VALID - Accuracy 89.300 Loss 0.2582
Epoch:3
LR: 0.001
* TRAIN - Accuracy 90.710 Loss 0.2207
* VALID - Accuracy 91.300 Loss 0.2094
Epoch:4
LR: 0.001
* TRAIN - Accuracy 91.750 Loss 0.1998
* VALID - Accuracy 91.900 Loss 0.1962
Epoch:5
LR: 0.001
* TRAIN - Accuracy 92.200 Loss 0.1876
* VALID - Accuracy 89.700 Loss 0.2396
Epoch:6
LR: 0.001
* TRAIN - Accuracy 92.890 Loss 0.1766
* VALID - Accuracy 91.400 Loss 0.1975
Epoch:7
LR: 0.001
* TRAIN - Accuracy 93.130 Loss 0.1663
* VALID - Accuracy 92.300 Loss 0.1929
Epoch:8
LR: 0.001
* TRAIN - Accuracy 93.590 Loss 0.1607
* VALID - Accuracy 91.950 Loss 0.2034
Epoch:9
LR: 0.001
* TRAIN - Accuracy 93.890 Loss 0.1565
* VALID - Accuracy 93.600 Loss 0.1577
Epoch:10
LR: 0.001
* TRAIN - Accuracy 94.200 Loss 0.1477
* VALID - Accuracy 93.200 Loss 0.1640
Epoch:11
LR: 0.001
* TRAIN - Accuracy 94.280 Loss 0.1458
* VALID - Accuracy 94.250 Loss 0.1525
validation split name: 1
* VALID - Accuracy 55.550 Loss 1.4333
validation split name: 2
* VALID - Accuracy 50.600 Loss 0.9944
validation split name: 3
* VALID - Accuracy 50.750 Loss 1.1233
validation split name: 4
* VALID - Accuracy 94.250 Loss 0.1525
============================== Task: 5 ==============================
Epoch:0
LR: 0.001
* TRAIN - Accuracy 84.090 Loss 0.3688
* VALID - Accuracy 87.750 Loss 0.2952
Epoch:1
LR: 0.001
* TRAIN - Accuracy 88.350 Loss 0.2856
* VALID - Accuracy 89.600 Loss 0.2473
Epoch:2
LR: 0.001
* TRAIN - Accuracy 89.790 Loss 0.2585
* VALID - Accuracy 90.700 Loss 0.2267
Epoch:3
LR: 0.001
* TRAIN - Accuracy 90.370 Loss 0.2391
* VALID - Accuracy 91.750 Loss 0.2156
Epoch:4
LR: 0.001
* TRAIN - Accuracy 90.910 Loss 0.2261
* VALID - Accuracy 91.800 Loss 0.2023
Epoch:5
LR: 0.001
* TRAIN - Accuracy 91.470 Loss 0.2156
* VALID - Accuracy 92.300 Loss 0.1935
Epoch:6
LR: 0.001
* TRAIN - Accuracy 92.030 Loss 0.2030
* VALID - Accuracy 92.350 Loss 0.1878
Epoch:7
LR: 0.001
* TRAIN - Accuracy 92.280 Loss 0.1963
* VALID - Accuracy 92.500 Loss 0.1823
Epoch:8
LR: 0.001
* TRAIN - Accuracy 92.550 Loss 0.1914
* VALID - Accuracy 92.450 Loss 0.1836
Epoch:9
LR: 0.001
* TRAIN - Accuracy 92.870 Loss 0.1835
* VALID - Accuracy 92.450 Loss 0.1875
Epoch:10
LR: 0.001
* TRAIN - Accuracy 92.900 Loss 0.1773
* VALID - Accuracy 92.750 Loss 0.1748
Epoch:11
LR: 0.001
* TRAIN - Accuracy 93.160 Loss 0.1722
* VALID - Accuracy 92.900 Loss 0.1762
validation split name: 1
* VALID - Accuracy 86.600 Loss 0.4440
validation split name: 2
* VALID - Accuracy 48.050 Loss 1.0671
validation split name: 3
* VALID - Accuracy 50.600 Loss 1.2138
validation split name: 4
* VALID - Accuracy 72.500 Loss 0.7777
validation split name: 5
* VALID - Accuracy 92.900 Loss 0.1762
OrderedDict([('1', OrderedDict([('1', 69.2), ('2', 53.8), ('3', 57.6), ('4', 55.55), ('5', 86.6)])), ('2', OrderedDict([('2', 77.4), ('3', 70.65), ('4', 50.6), ('5', 48.05)])), ('3', OrderedDict([('3', 85.4), ('4', 50.75), ('5', 50.6)])), ('4', OrderedDict([('4', 94.25), ('5', 72.5)])), ('5', OrderedDict([('5', 92.9)]))])
Task 1 average acc: 69.2
Task 2 average acc: 65.6
Task 3 average acc: 71.21666666666667
Task 4 average acc: 62.7875
Task 5 average acc: 70.13
===Summary of experiment repeats: 3 / 10 ===
The regularization coefficient: 0.0
The last avg acc of all repeats: [72.53 77.76 70.13  0.    0.    0.    0.    0.    0.    0.  ]
mean: 22.042 std: 33.71488952970186
Files already downloaded and verified
Files already downloaded and verified
split_boundaries: [0, 2, 4, 6, 8, 10]
{'1': [0, 1], '2': [2, 3], '3': [4, 5], '4': [6, 7], '5': [8, 9]}
CNN(
  (c1): Sequential(
    (0): Conv2d(3, 32, kernel_size=(3, 3), stride=(1, 1), padding=(1, 1))
    (1): BatchNorm2d(32, eps=1e-05, momentum=0.1, affine=True, track_running_stats=True)
    (2): ReLU()
    (3): Conv2d(32, 32, kernel_size=(3, 3), stride=(1, 1), padding=(1, 1))
    (4): BatchNorm2d(32, eps=1e-05, momentum=0.1, affine=True, track_running_stats=True)
    (5): ReLU()
    (6): Conv2d(32, 64, kernel_size=(3, 3), stride=(1, 1), padding=(1, 1))
    (7): BatchNorm2d(64, eps=1e-05, momentum=0.1, affine=True, track_running_stats=True)
    (8): ReLU()
    (9): MaxPool2d(kernel_size=2, stride=2, padding=0, dilation=1, ceil_mode=False)
  )
  (c2): Sequential(
    (0): Conv2d(64, 64, kernel_size=(3, 3), stride=(1, 1), padding=(1, 1))
    (1): BatchNorm2d(64, eps=1e-05, momentum=0.1, affine=True, track_running_stats=True)
    (2): ReLU()
    (3): Conv2d(64, 128, kernel_size=(3, 3), stride=(1, 1), padding=(1, 1))
    (4): BatchNorm2d(128, eps=1e-05, momentum=0.1, affine=True, track_running_stats=True)
    (5): ReLU()
    (6): MaxPool2d(kernel_size=2, stride=2, padding=0, dilation=1, ceil_mode=False)
  )
  (c3): Sequential(
    (0): Conv2d(128, 128, kernel_size=(3, 3), stride=(1, 1), padding=(1, 1))
    (1): BatchNorm2d(128, eps=1e-05, momentum=0.1, affine=True, track_running_stats=True)
    (2): ReLU()
    (3): Conv2d(128, 128, kernel_size=(3, 3), stride=(1, 1), padding=(1, 1))
    (4): BatchNorm2d(128, eps=1e-05, momentum=0.1, affine=True, track_running_stats=True)
    (5): ReLU()
    (6): MaxPool2d(kernel_size=2, stride=2, padding=0, dilation=1, ceil_mode=False)
  )
  (fc1): Sequential(
    (0): Linear(in_features=2048, out_features=256, bias=True)
    (1): ReLU()
  )
  (last): ModuleDict(
    (1): Linear(in_features=256, out_features=2, bias=True)
    (2): Linear(in_features=256, out_features=2, bias=True)
    (3): Linear(in_features=256, out_features=2, bias=True)
    (4): Linear(in_features=256, out_features=2, bias=True)
    (5): Linear(in_features=256, out_features=2, bias=True)
  )
)
#parameter of model: 962858
Task order: ['1', '2', '3', '4', '5']
============================== Task: 1 ==============================
Epoch:0
LR: 0.01
* TRAIN - Accuracy 70.050 Loss 1.2169
* VALID - Accuracy 82.200 Loss 0.4164
Epoch:1
LR: 0.01
* TRAIN - Accuracy 83.220 Loss 0.3810
* VALID - Accuracy 82.100 Loss 0.4507
Epoch:2
LR: 0.01
* TRAIN - Accuracy 87.410 Loss 0.2996
* VALID - Accuracy 84.000 Loss 0.4573
Epoch:3
LR: 0.01
* TRAIN - Accuracy 89.140 Loss 0.2609
* VALID - Accuracy 90.250 Loss 0.2489
Epoch:4
LR: 0.01
* TRAIN - Accuracy 90.610 Loss 0.2264
* VALID - Accuracy 88.050 Loss 0.3109
Epoch:5
LR: 0.01
* TRAIN - Accuracy 92.240 Loss 0.1981
* VALID - Accuracy 77.350 Loss 0.6027
Epoch:6
LR: 0.01
* TRAIN - Accuracy 92.910 Loss 0.1802
* VALID - Accuracy 67.950 Loss 2.8096
Epoch:7
LR: 0.01
* TRAIN - Accuracy 93.570 Loss 0.1668
* VALID - Accuracy 81.600 Loss 0.6074
Epoch:8
LR: 0.01
* TRAIN - Accuracy 94.570 Loss 0.1427
* VALID - Accuracy 94.900 Loss 0.1353
Epoch:9
LR: 0.01
* TRAIN - Accuracy 95.220 Loss 0.1223
* VALID - Accuracy 95.000 Loss 0.1356
Epoch:10
LR: 0.01
* TRAIN - Accuracy 95.750 Loss 0.1121
* VALID - Accuracy 69.500 Loss 1.1099
Epoch:11
LR: 0.01
* TRAIN - Accuracy 95.790 Loss 0.1121
* VALID - Accuracy 95.150 Loss 0.1347
validation split name: 1
* VALID - Accuracy 95.150 Loss 0.1347
============================== Task: 2 ==============================
Epoch:0
LR: 0.001
* TRAIN - Accuracy 64.320 Loss 0.6317
* VALID - Accuracy 69.150 Loss 0.5874
Epoch:1
LR: 0.001
* TRAIN - Accuracy 71.770 Loss 0.5491
* VALID - Accuracy 72.450 Loss 0.5328
Epoch:2
LR: 0.001
* TRAIN - Accuracy 74.400 Loss 0.5181
* VALID - Accuracy 74.650 Loss 0.5114
Epoch:3
LR: 0.001
* TRAIN - Accuracy 75.690 Loss 0.5034
* VALID - Accuracy 75.700 Loss 0.4976
Epoch:4
LR: 0.001
* TRAIN - Accuracy 76.320 Loss 0.4912
* VALID - Accuracy 76.900 Loss 0.4870
Epoch:5
LR: 0.001
* TRAIN - Accuracy 77.570 Loss 0.4761
* VALID - Accuracy 76.950 Loss 0.4837
Epoch:6
LR: 0.001
* TRAIN - Accuracy 78.330 Loss 0.4622
* VALID - Accuracy 77.400 Loss 0.4603
Epoch:7
LR: 0.001
* TRAIN - Accuracy 78.910 Loss 0.4525
* VALID - Accuracy 78.250 Loss 0.4531
Epoch:8
LR: 0.001
* TRAIN - Accuracy 79.570 Loss 0.4432
* VALID - Accuracy 79.250 Loss 0.4419
Epoch:9
LR: 0.001
* TRAIN - Accuracy 80.120 Loss 0.4311
* VALID - Accuracy 79.550 Loss 0.4381
Epoch:10
LR: 0.001
* TRAIN - Accuracy 80.690 Loss 0.4210
* VALID - Accuracy 80.100 Loss 0.4267
Epoch:11
LR: 0.001
* TRAIN - Accuracy 81.140 Loss 0.4110
* VALID - Accuracy 78.650 Loss 0.4517
validation split name: 1
* VALID - Accuracy 87.550 Loss 0.3689
validation split name: 2
* VALID - Accuracy 78.650 Loss 0.4517
============================== Task: 3 ==============================
Epoch:0
LR: 0.001
* TRAIN - Accuracy 72.880 Loss 0.5476
* VALID - Accuracy 77.100 Loss 0.4837
Epoch:1
LR: 0.001
* TRAIN - Accuracy 78.870 Loss 0.4536
* VALID - Accuracy 80.950 Loss 0.4184
Epoch:2
LR: 0.001
* TRAIN - Accuracy 81.130 Loss 0.4129
* VALID - Accuracy 82.450 Loss 0.3941
Epoch:3
LR: 0.001
* TRAIN - Accuracy 82.940 Loss 0.3895
* VALID - Accuracy 84.050 Loss 0.3651
Epoch:4
LR: 0.001
* TRAIN - Accuracy 84.070 Loss 0.3617
* VALID - Accuracy 83.900 Loss 0.3782
Epoch:5
LR: 0.001
* TRAIN - Accuracy 84.990 Loss 0.3482
* VALID - Accuracy 85.850 Loss 0.3533
Epoch:6
LR: 0.001
* TRAIN - Accuracy 85.550 Loss 0.3375
* VALID - Accuracy 86.900 Loss 0.3159
Epoch:7
LR: 0.001
* TRAIN - Accuracy 86.410 Loss 0.3237
* VALID - Accuracy 85.800 Loss 0.3429
Epoch:8
LR: 0.001
* TRAIN - Accuracy 86.860 Loss 0.3142
* VALID - Accuracy 87.950 Loss 0.3049
Epoch:9
LR: 0.001
* TRAIN - Accuracy 87.240 Loss 0.3078
* VALID - Accuracy 87.450 Loss 0.3031
Epoch:10
LR: 0.001
* TRAIN - Accuracy 87.580 Loss 0.3035
* VALID - Accuracy 87.300 Loss 0.3085
Epoch:11
LR: 0.001
* TRAIN - Accuracy 87.750 Loss 0.2932
* VALID - Accuracy 87.950 Loss 0.2969
validation split name: 1
* VALID - Accuracy 87.600 Loss 0.3781
validation split name: 2
* VALID - Accuracy 71.900 Loss 0.5598
validation split name: 3
* VALID - Accuracy 87.950 Loss 0.2969
============================== Task: 4 ==============================
Epoch:0
LR: 0.001
* TRAIN - Accuracy 80.420 Loss 0.4331
* VALID - Accuracy 88.950 Loss 0.2772
Epoch:1
LR: 0.001
* TRAIN - Accuracy 88.540 Loss 0.2729
* VALID - Accuracy 89.400 Loss 0.2490
Epoch:2
LR: 0.001
* TRAIN - Accuracy 91.070 Loss 0.2237
* VALID - Accuracy 91.500 Loss 0.2085
Epoch:3
LR: 0.001
* TRAIN - Accuracy 91.800 Loss 0.1999
* VALID - Accuracy 89.400 Loss 0.2655
Epoch:4
LR: 0.001
* TRAIN - Accuracy 92.850 Loss 0.1839
* VALID - Accuracy 93.200 Loss 0.1655
Epoch:5
LR: 0.001
* TRAIN - Accuracy 93.160 Loss 0.1685
* VALID - Accuracy 91.800 Loss 0.2036
Epoch:6
LR: 0.001
* TRAIN - Accuracy 93.520 Loss 0.1607
* VALID - Accuracy 91.300 Loss 0.2127
Epoch:7
LR: 0.001
* TRAIN - Accuracy 93.870 Loss 0.1533
* VALID - Accuracy 92.100 Loss 0.1998
Epoch:8
LR: 0.001
* TRAIN - Accuracy 94.200 Loss 0.1484
* VALID - Accuracy 95.000 Loss 0.1312
Epoch:9
LR: 0.001
* TRAIN - Accuracy 94.520 Loss 0.1360
* VALID - Accuracy 94.050 Loss 0.1543
Epoch:10
LR: 0.001
* TRAIN - Accuracy 94.390 Loss 0.1372
* VALID - Accuracy 94.400 Loss 0.1434
Epoch:11
LR: 0.001
* TRAIN - Accuracy 94.940 Loss 0.1295
* VALID - Accuracy 95.100 Loss 0.1233
validation split name: 1
* VALID - Accuracy 65.250 Loss 1.0868
validation split name: 2
* VALID - Accuracy 55.900 Loss 1.0748
validation split name: 3
* VALID - Accuracy 64.400 Loss 0.8419
validation split name: 4
* VALID - Accuracy 95.100 Loss 0.1233
============================== Task: 5 ==============================
Epoch:0
LR: 0.001
* TRAIN - Accuracy 80.470 Loss 0.4346
* VALID - Accuracy 83.350 Loss 0.3989
Epoch:1
LR: 0.001
* TRAIN - Accuracy 86.080 Loss 0.3263
* VALID - Accuracy 85.350 Loss 0.3366
Epoch:2
LR: 0.001
* TRAIN - Accuracy 87.640 Loss 0.2922
* VALID - Accuracy 86.350 Loss 0.3186
Epoch:3
LR: 0.001
* TRAIN - Accuracy 89.230 Loss 0.2610
* VALID - Accuracy 87.800 Loss 0.2883
Epoch:4
LR: 0.001
* TRAIN - Accuracy 90.080 Loss 0.2470
* VALID - Accuracy 87.900 Loss 0.2803
Epoch:5
LR: 0.001
* TRAIN - Accuracy 91.140 Loss 0.2261
* VALID - Accuracy 89.950 Loss 0.2445
Epoch:6
LR: 0.001
* TRAIN - Accuracy 91.100 Loss 0.2175
* VALID - Accuracy 90.250 Loss 0.2320
Epoch:7
LR: 0.001
* TRAIN - Accuracy 92.040 Loss 0.2038
* VALID - Accuracy 91.050 Loss 0.2207
Epoch:8
LR: 0.001
* TRAIN - Accuracy 92.020 Loss 0.2005
* VALID - Accuracy 90.600 Loss 0.2213
Epoch:9
LR: 0.001
* TRAIN - Accuracy 92.530 Loss 0.1856
* VALID - Accuracy 91.350 Loss 0.2117
Epoch:10
LR: 0.001
* TRAIN - Accuracy 93.060 Loss 0.1812
* VALID - Accuracy 92.450 Loss 0.1953
Epoch:11
LR: 0.001
* TRAIN - Accuracy 93.170 Loss 0.1756
* VALID - Accuracy 92.700 Loss 0.1862
validation split name: 1
* VALID - Accuracy 33.200 Loss 3.3967
validation split name: 2
* VALID - Accuracy 46.750 Loss 1.2897
validation split name: 3
* VALID - Accuracy 54.200 Loss 1.0894
validation split name: 4
* VALID - Accuracy 65.400 Loss 1.3650
validation split name: 5
* VALID - Accuracy 92.700 Loss 0.1862
OrderedDict([('1', OrderedDict([('1', 95.15), ('2', 87.55), ('3', 87.6), ('4', 65.25), ('5', 33.2)])), ('2', OrderedDict([('2', 78.65), ('3', 71.9), ('4', 55.9), ('5', 46.75)])), ('3', OrderedDict([('3', 87.95), ('4', 64.4), ('5', 54.2)])), ('4', OrderedDict([('4', 95.1), ('5', 65.4)])), ('5', OrderedDict([('5', 92.7)]))])
Task 1 average acc: 95.15
Task 2 average acc: 83.1
Task 3 average acc: 82.48333333333333
Task 4 average acc: 70.1625
Task 5 average acc: 58.45
===Summary of experiment repeats: 4 / 10 ===
The regularization coefficient: 0.0
The last avg acc of all repeats: [72.53 77.76 70.13 58.45  0.    0.    0.    0.    0.    0.  ]
mean: 27.887 std: 34.445595088487
Files already downloaded and verified
Files already downloaded and verified
split_boundaries: [0, 2, 4, 6, 8, 10]
{'1': [0, 1], '2': [2, 3], '3': [4, 5], '4': [6, 7], '5': [8, 9]}
CNN(
  (c1): Sequential(
    (0): Conv2d(3, 32, kernel_size=(3, 3), stride=(1, 1), padding=(1, 1))
    (1): BatchNorm2d(32, eps=1e-05, momentum=0.1, affine=True, track_running_stats=True)
    (2): ReLU()
    (3): Conv2d(32, 32, kernel_size=(3, 3), stride=(1, 1), padding=(1, 1))
    (4): BatchNorm2d(32, eps=1e-05, momentum=0.1, affine=True, track_running_stats=True)
    (5): ReLU()
    (6): Conv2d(32, 64, kernel_size=(3, 3), stride=(1, 1), padding=(1, 1))
    (7): BatchNorm2d(64, eps=1e-05, momentum=0.1, affine=True, track_running_stats=True)
    (8): ReLU()
    (9): MaxPool2d(kernel_size=2, stride=2, padding=0, dilation=1, ceil_mode=False)
  )
  (c2): Sequential(
    (0): Conv2d(64, 64, kernel_size=(3, 3), stride=(1, 1), padding=(1, 1))
    (1): BatchNorm2d(64, eps=1e-05, momentum=0.1, affine=True, track_running_stats=True)
    (2): ReLU()
    (3): Conv2d(64, 128, kernel_size=(3, 3), stride=(1, 1), padding=(1, 1))
    (4): BatchNorm2d(128, eps=1e-05, momentum=0.1, affine=True, track_running_stats=True)
    (5): ReLU()
    (6): MaxPool2d(kernel_size=2, stride=2, padding=0, dilation=1, ceil_mode=False)
  )
  (c3): Sequential(
    (0): Conv2d(128, 128, kernel_size=(3, 3), stride=(1, 1), padding=(1, 1))
    (1): BatchNorm2d(128, eps=1e-05, momentum=0.1, affine=True, track_running_stats=True)
    (2): ReLU()
    (3): Conv2d(128, 128, kernel_size=(3, 3), stride=(1, 1), padding=(1, 1))
    (4): BatchNorm2d(128, eps=1e-05, momentum=0.1, affine=True, track_running_stats=True)
    (5): ReLU()
    (6): MaxPool2d(kernel_size=2, stride=2, padding=0, dilation=1, ceil_mode=False)
  )
  (fc1): Sequential(
    (0): Linear(in_features=2048, out_features=256, bias=True)
    (1): ReLU()
  )
  (last): ModuleDict(
    (1): Linear(in_features=256, out_features=2, bias=True)
    (2): Linear(in_features=256, out_features=2, bias=True)
    (3): Linear(in_features=256, out_features=2, bias=True)
    (4): Linear(in_features=256, out_features=2, bias=True)
    (5): Linear(in_features=256, out_features=2, bias=True)
  )
)
#parameter of model: 962858
Task order: ['1', '2', '3', '4', '5']
============================== Task: 1 ==============================
Epoch:0
LR: 0.01
* TRAIN - Accuracy 66.050 Loss 1.2056
* VALID - Accuracy 68.700 Loss 0.5960
Epoch:1
LR: 0.01
* TRAIN - Accuracy 82.660 Loss 0.3935
* VALID - Accuracy 84.850 Loss 0.3860
Epoch:2
LR: 0.01
* TRAIN - Accuracy 86.990 Loss 0.3146
* VALID - Accuracy 85.900 Loss 0.3386
Epoch:3
LR: 0.01
* TRAIN - Accuracy 89.120 Loss 0.2621
* VALID - Accuracy 75.000 Loss 0.5574
Epoch:4
LR: 0.01
* TRAIN - Accuracy 90.400 Loss 0.2361
* VALID - Accuracy 81.500 Loss 0.5592
Epoch:5
LR: 0.01
* TRAIN - Accuracy 91.550 Loss 0.2134
* VALID - Accuracy 85.050 Loss 0.4837
Epoch:6
LR: 0.01
* TRAIN - Accuracy 92.250 Loss 0.1974
* VALID - Accuracy 83.700 Loss 0.4416
Epoch:7
LR: 0.01
* TRAIN - Accuracy 92.870 Loss 0.1815
* VALID - Accuracy 89.850 Loss 0.5982
Epoch:8
LR: 0.01
* TRAIN - Accuracy 93.620 Loss 0.1658
* VALID - Accuracy 89.050 Loss 0.2761
Epoch:9
LR: 0.01
* TRAIN - Accuracy 94.320 Loss 0.1438
* VALID - Accuracy 69.300 Loss 1.3209
Epoch:10
LR: 0.01
* TRAIN - Accuracy 94.500 Loss 0.1368
* VALID - Accuracy 90.850 Loss 0.2530
Epoch:11
LR: 0.01
* TRAIN - Accuracy 95.420 Loss 0.1196
* VALID - Accuracy 86.950 Loss 0.5472
validation split name: 1
* VALID - Accuracy 86.950 Loss 0.5472
============================== Task: 2 ==============================
Epoch:0
LR: 0.001
* TRAIN - Accuracy 59.470 Loss 0.7517
* VALID - Accuracy 68.450 Loss 0.6083
Epoch:1
LR: 0.001
* TRAIN - Accuracy 72.290 Loss 0.5684
* VALID - Accuracy 72.150 Loss 0.5465
Epoch:2
LR: 0.001
* TRAIN - Accuracy 74.510 Loss 0.5304
* VALID - Accuracy 74.700 Loss 0.5154
Epoch:3
LR: 0.001
* TRAIN - Accuracy 75.320 Loss 0.5127
* VALID - Accuracy 75.550 Loss 0.5042
Epoch:4
LR: 0.001
* TRAIN - Accuracy 76.570 Loss 0.4975
* VALID - Accuracy 75.750 Loss 0.4919
Epoch:5
LR: 0.001
* TRAIN - Accuracy 77.110 Loss 0.4843
* VALID - Accuracy 76.050 Loss 0.5024
Epoch:6
LR: 0.001
* TRAIN - Accuracy 78.240 Loss 0.4733
* VALID - Accuracy 76.950 Loss 0.4736
Epoch:7
LR: 0.001
* TRAIN - Accuracy 78.120 Loss 0.4631
* VALID - Accuracy 77.500 Loss 0.4635
Epoch:8
LR: 0.001
* TRAIN - Accuracy 78.820 Loss 0.4537
* VALID - Accuracy 77.250 Loss 0.4716
Epoch:9
LR: 0.001
* TRAIN - Accuracy 79.320 Loss 0.4434
* VALID - Accuracy 78.750 Loss 0.4473
Epoch:10
LR: 0.001
* TRAIN - Accuracy 80.230 Loss 0.4359
* VALID - Accuracy 77.900 Loss 0.4680
Epoch:11
LR: 0.001
* TRAIN - Accuracy 79.960 Loss 0.4290
* VALID - Accuracy 78.700 Loss 0.4504
validation split name: 1
* VALID - Accuracy 66.400 Loss 1.6814
validation split name: 2
* VALID - Accuracy 78.700 Loss 0.4504
============================== Task: 3 ==============================
Epoch:0
LR: 0.001
* TRAIN - Accuracy 70.810 Loss 0.5707
* VALID - Accuracy 74.200 Loss 0.5201
Epoch:1
LR: 0.001
* TRAIN - Accuracy 75.380 Loss 0.5081
* VALID - Accuracy 76.500 Loss 0.4915
Epoch:2
LR: 0.001
* TRAIN - Accuracy 77.240 Loss 0.4771
* VALID - Accuracy 77.100 Loss 0.4794
Epoch:3
LR: 0.001
* TRAIN - Accuracy 79.400 Loss 0.4490
* VALID - Accuracy 80.300 Loss 0.4360
Epoch:4
LR: 0.001
* TRAIN - Accuracy 80.310 Loss 0.4337
* VALID - Accuracy 81.250 Loss 0.4245
Epoch:5
LR: 0.001
* TRAIN - Accuracy 81.500 Loss 0.4146
* VALID - Accuracy 81.400 Loss 0.4115
Epoch:6
LR: 0.001
* TRAIN - Accuracy 82.050 Loss 0.4029
* VALID - Accuracy 82.350 Loss 0.4013
Epoch:7
LR: 0.001
* TRAIN - Accuracy 82.840 Loss 0.3877
* VALID - Accuracy 83.600 Loss 0.3724
Epoch:8
LR: 0.001
* TRAIN - Accuracy 83.680 Loss 0.3715
* VALID - Accuracy 83.200 Loss 0.3882
Epoch:9
LR: 0.001
* TRAIN - Accuracy 83.840 Loss 0.3650
* VALID - Accuracy 83.550 Loss 0.3713
Epoch:10
LR: 0.001
* TRAIN - Accuracy 84.430 Loss 0.3532
* VALID - Accuracy 84.050 Loss 0.3743
Epoch:11
LR: 0.001
* TRAIN - Accuracy 85.160 Loss 0.3467
* VALID - Accuracy 85.500 Loss 0.3452
validation split name: 1
* VALID - Accuracy 65.600 Loss 1.3243
validation split name: 2
* VALID - Accuracy 73.300 Loss 0.6061
validation split name: 3
* VALID - Accuracy 85.500 Loss 0.3452
============================== Task: 4 ==============================
Epoch:0
LR: 0.001
* TRAIN - Accuracy 73.330 Loss 0.5429
* VALID - Accuracy 82.450 Loss 0.4040
Epoch:1
LR: 0.001
* TRAIN - Accuracy 82.360 Loss 0.3999
* VALID - Accuracy 85.400 Loss 0.3363
Epoch:2
LR: 0.001
* TRAIN - Accuracy 86.060 Loss 0.3321
* VALID - Accuracy 87.250 Loss 0.3013
Epoch:3
LR: 0.001
* TRAIN - Accuracy 88.140 Loss 0.2836
* VALID - Accuracy 88.400 Loss 0.2619
Epoch:4
LR: 0.001
* TRAIN - Accuracy 89.510 Loss 0.2555
* VALID - Accuracy 90.600 Loss 0.2271
Epoch:5
LR: 0.001
* TRAIN - Accuracy 90.280 Loss 0.2296
* VALID - Accuracy 90.100 Loss 0.2325
Epoch:6
LR: 0.001
* TRAIN - Accuracy 91.610 Loss 0.2103
* VALID - Accuracy 91.850 Loss 0.2138
Epoch:7
LR: 0.001
* TRAIN - Accuracy 92.110 Loss 0.1968
* VALID - Accuracy 92.900 Loss 0.1829
Epoch:8
LR: 0.001
* TRAIN - Accuracy 92.640 Loss 0.1843
* VALID - Accuracy 91.950 Loss 0.2019
Epoch:9
LR: 0.001
* TRAIN - Accuracy 93.330 Loss 0.1719
* VALID - Accuracy 92.700 Loss 0.1813
Epoch:10
LR: 0.001
* TRAIN - Accuracy 93.240 Loss 0.1674
* VALID - Accuracy 92.700 Loss 0.1845
Epoch:11
LR: 0.001
* TRAIN - Accuracy 93.820 Loss 0.1587
* VALID - Accuracy 93.650 Loss 0.1628
validation split name: 1
* VALID - Accuracy 63.900 Loss 1.1812
validation split name: 2
* VALID - Accuracy 64.900 Loss 0.7815
validation split name: 3
* VALID - Accuracy 69.600 Loss 0.7778
validation split name: 4
* VALID - Accuracy 93.650 Loss 0.1628
============================== Task: 5 ==============================
Epoch:0
LR: 0.001
* TRAIN - Accuracy 78.010 Loss 0.4815
* VALID - Accuracy 83.950 Loss 0.3660
Epoch:1
LR: 0.001
* TRAIN - Accuracy 85.750 Loss 0.3344
* VALID - Accuracy 87.300 Loss 0.3000
Epoch:2
LR: 0.001
* TRAIN - Accuracy 87.980 Loss 0.2895
* VALID - Accuracy 88.900 Loss 0.2671
Epoch:3
LR: 0.001
* TRAIN - Accuracy 89.220 Loss 0.2654
* VALID - Accuracy 90.400 Loss 0.2398
Epoch:4
LR: 0.001
* TRAIN - Accuracy 90.100 Loss 0.2440
* VALID - Accuracy 91.750 Loss 0.2132
Epoch:5
LR: 0.001
* TRAIN - Accuracy 91.260 Loss 0.2244
* VALID - Accuracy 92.450 Loss 0.2006
Epoch:6
LR: 0.001
* TRAIN - Accuracy 91.710 Loss 0.2108
* VALID - Accuracy 92.400 Loss 0.1905
Epoch:7
LR: 0.001
* TRAIN - Accuracy 92.110 Loss 0.2034
* VALID - Accuracy 91.800 Loss 0.2095
Epoch:8
LR: 0.001
* TRAIN - Accuracy 92.460 Loss 0.1922
* VALID - Accuracy 93.350 Loss 0.1726
Epoch:9
LR: 0.001
* TRAIN - Accuracy 92.480 Loss 0.1851
* VALID - Accuracy 92.900 Loss 0.1861
Epoch:10
LR: 0.001
* TRAIN - Accuracy 93.040 Loss 0.1766
* VALID - Accuracy 93.750 Loss 0.1628
Epoch:11
LR: 0.001
* TRAIN - Accuracy 93.060 Loss 0.1739
* VALID - Accuracy 92.550 Loss 0.1935
validation split name: 1
* VALID - Accuracy 51.600 Loss 1.6218
validation split name: 2
* VALID - Accuracy 62.400 Loss 0.8389
validation split name: 3
* VALID - Accuracy 59.750 Loss 0.8965
validation split name: 4
* VALID - Accuracy 81.850 Loss 0.3941
validation split name: 5
* VALID - Accuracy 92.550 Loss 0.1935
OrderedDict([('1', OrderedDict([('1', 86.95), ('2', 66.4), ('3', 65.6), ('4', 63.9), ('5', 51.6)])), ('2', OrderedDict([('2', 78.7), ('3', 73.3), ('4', 64.9), ('5', 62.4)])), ('3', OrderedDict([('3', 85.5), ('4', 69.6), ('5', 59.75)])), ('4', OrderedDict([('4', 93.65), ('5', 81.85)])), ('5', OrderedDict([('5', 92.55)]))])
Task 1 average acc: 86.95
Task 2 average acc: 72.55000000000001
Task 3 average acc: 74.8
Task 4 average acc: 73.0125
Task 5 average acc: 69.63
===Summary of experiment repeats: 5 / 10 ===
The regularization coefficient: 0.0
The last avg acc of all repeats: [72.53 77.76 70.13 58.45 69.63  0.    0.    0.    0.    0.  ]
mean: 34.85 std: 35.13538074363219
Files already downloaded and verified
Files already downloaded and verified
split_boundaries: [0, 2, 4, 6, 8, 10]
{'1': [0, 1], '2': [2, 3], '3': [4, 5], '4': [6, 7], '5': [8, 9]}
CNN(
  (c1): Sequential(
    (0): Conv2d(3, 32, kernel_size=(3, 3), stride=(1, 1), padding=(1, 1))
    (1): BatchNorm2d(32, eps=1e-05, momentum=0.1, affine=True, track_running_stats=True)
    (2): ReLU()
    (3): Conv2d(32, 32, kernel_size=(3, 3), stride=(1, 1), padding=(1, 1))
    (4): BatchNorm2d(32, eps=1e-05, momentum=0.1, affine=True, track_running_stats=True)
    (5): ReLU()
    (6): Conv2d(32, 64, kernel_size=(3, 3), stride=(1, 1), padding=(1, 1))
    (7): BatchNorm2d(64, eps=1e-05, momentum=0.1, affine=True, track_running_stats=True)
    (8): ReLU()
    (9): MaxPool2d(kernel_size=2, stride=2, padding=0, dilation=1, ceil_mode=False)
  )
  (c2): Sequential(
    (0): Conv2d(64, 64, kernel_size=(3, 3), stride=(1, 1), padding=(1, 1))
    (1): BatchNorm2d(64, eps=1e-05, momentum=0.1, affine=True, track_running_stats=True)
    (2): ReLU()
    (3): Conv2d(64, 128, kernel_size=(3, 3), stride=(1, 1), padding=(1, 1))
    (4): BatchNorm2d(128, eps=1e-05, momentum=0.1, affine=True, track_running_stats=True)
    (5): ReLU()
    (6): MaxPool2d(kernel_size=2, stride=2, padding=0, dilation=1, ceil_mode=False)
  )
  (c3): Sequential(
    (0): Conv2d(128, 128, kernel_size=(3, 3), stride=(1, 1), padding=(1, 1))
    (1): BatchNorm2d(128, eps=1e-05, momentum=0.1, affine=True, track_running_stats=True)
    (2): ReLU()
    (3): Conv2d(128, 128, kernel_size=(3, 3), stride=(1, 1), padding=(1, 1))
    (4): BatchNorm2d(128, eps=1e-05, momentum=0.1, affine=True, track_running_stats=True)
    (5): ReLU()
    (6): MaxPool2d(kernel_size=2, stride=2, padding=0, dilation=1, ceil_mode=False)
  )
  (fc1): Sequential(
    (0): Linear(in_features=2048, out_features=256, bias=True)
    (1): ReLU()
  )
  (last): ModuleDict(
    (1): Linear(in_features=256, out_features=2, bias=True)
    (2): Linear(in_features=256, out_features=2, bias=True)
    (3): Linear(in_features=256, out_features=2, bias=True)
    (4): Linear(in_features=256, out_features=2, bias=True)
    (5): Linear(in_features=256, out_features=2, bias=True)
  )
)
#parameter of model: 962858
Task order: ['1', '2', '3', '4', '5']
============================== Task: 1 ==============================
Epoch:0
LR: 0.01
* TRAIN - Accuracy 66.170 Loss 1.2686
* VALID - Accuracy 51.900 Loss 1.5859
Epoch:1
LR: 0.01
* TRAIN - Accuracy 82.690 Loss 0.4050
* VALID - Accuracy 65.100 Loss 1.6552
Epoch:2
LR: 0.01
* TRAIN - Accuracy 86.650 Loss 0.3141
* VALID - Accuracy 87.500 Loss 0.2916
Epoch:3
LR: 0.01
* TRAIN - Accuracy 88.890 Loss 0.2669
* VALID - Accuracy 82.250 Loss 0.6606
Epoch:4
LR: 0.01
* TRAIN - Accuracy 90.320 Loss 0.2395
* VALID - Accuracy 89.650 Loss 0.2757
Epoch:5
LR: 0.01
* TRAIN - Accuracy 91.220 Loss 0.2183
* VALID - Accuracy 88.600 Loss 0.2782
Epoch:6
LR: 0.01
* TRAIN - Accuracy 92.570 Loss 0.1942
* VALID - Accuracy 93.950 Loss 0.1639
Epoch:7
LR: 0.01
* TRAIN - Accuracy 93.170 Loss 0.1705
* VALID - Accuracy 89.350 Loss 0.2994
Epoch:8
LR: 0.01
* TRAIN - Accuracy 93.280 Loss 0.1677
* VALID - Accuracy 83.750 Loss 0.5841
Epoch:9
LR: 0.01
* TRAIN - Accuracy 94.260 Loss 0.1442
* VALID - Accuracy 94.850 Loss 0.1354
Epoch:10
LR: 0.01
* TRAIN - Accuracy 95.130 Loss 0.1257
* VALID - Accuracy 87.100 Loss 0.3388
Epoch:11
LR: 0.01
* TRAIN - Accuracy 95.230 Loss 0.1267
* VALID - Accuracy 61.100 Loss 1.1720
validation split name: 1
* VALID - Accuracy 61.100 Loss 1.1720
============================== Task: 2 ==============================
Epoch:0
LR: 0.001
* TRAIN - Accuracy 61.760 Loss 0.6495
* VALID - Accuracy 65.400 Loss 0.6208
Epoch:1
LR: 0.001
* TRAIN - Accuracy 67.550 Loss 0.5979
* VALID - Accuracy 66.100 Loss 0.6204
Epoch:2
LR: 0.001
* TRAIN - Accuracy 69.950 Loss 0.5741
* VALID - Accuracy 71.700 Loss 0.5547
Epoch:3
LR: 0.001
* TRAIN - Accuracy 72.450 Loss 0.5471
* VALID - Accuracy 71.600 Loss 0.5687
Epoch:4
LR: 0.001
* TRAIN - Accuracy 73.550 Loss 0.5275
* VALID - Accuracy 73.450 Loss 0.5254
Epoch:5
LR: 0.001
* TRAIN - Accuracy 75.270 Loss 0.5100
* VALID - Accuracy 75.300 Loss 0.5149
Epoch:6
LR: 0.001
* TRAIN - Accuracy 76.170 Loss 0.4985
* VALID - Accuracy 75.600 Loss 0.5041
Epoch:7
LR: 0.001
* TRAIN - Accuracy 77.430 Loss 0.4837
* VALID - Accuracy 76.050 Loss 0.4909
Epoch:8
LR: 0.001
* TRAIN - Accuracy 77.610 Loss 0.4759
* VALID - Accuracy 76.150 Loss 0.5037
Epoch:9
LR: 0.001
* TRAIN - Accuracy 78.670 Loss 0.4659
* VALID - Accuracy 77.300 Loss 0.4823
Epoch:10
LR: 0.001
* TRAIN - Accuracy 78.570 Loss 0.4577
* VALID - Accuracy 78.200 Loss 0.4602
Epoch:11
LR: 0.001
* TRAIN - Accuracy 78.630 Loss 0.4504
* VALID - Accuracy 78.800 Loss 0.4561
validation split name: 1
* VALID - Accuracy 85.950 Loss 0.4032
validation split name: 2
* VALID - Accuracy 78.800 Loss 0.4561
============================== Task: 3 ==============================
Epoch:0
LR: 0.001
* TRAIN - Accuracy 70.370 Loss 0.5876
* VALID - Accuracy 75.550 Loss 0.5057
Epoch:1
LR: 0.001
* TRAIN - Accuracy 75.870 Loss 0.4926
* VALID - Accuracy 71.000 Loss 0.5590
Epoch:2
LR: 0.001
* TRAIN - Accuracy 79.030 Loss 0.4490
* VALID - Accuracy 80.800 Loss 0.4282
Epoch:3
LR: 0.001
* TRAIN - Accuracy 81.390 Loss 0.4148
* VALID - Accuracy 82.000 Loss 0.4011
Epoch:4
LR: 0.001
* TRAIN - Accuracy 83.140 Loss 0.3882
* VALID - Accuracy 81.900 Loss 0.4394
Epoch:5
LR: 0.001
* TRAIN - Accuracy 83.530 Loss 0.3736
* VALID - Accuracy 85.150 Loss 0.3591
Epoch:6
LR: 0.001
* TRAIN - Accuracy 84.640 Loss 0.3566
* VALID - Accuracy 85.750 Loss 0.3280
Epoch:7
LR: 0.001
* TRAIN - Accuracy 85.140 Loss 0.3429
* VALID - Accuracy 85.450 Loss 0.3383
Epoch:8
LR: 0.001
* TRAIN - Accuracy 85.500 Loss 0.3327
* VALID - Accuracy 82.650 Loss 0.4170
Epoch:9
LR: 0.001
* TRAIN - Accuracy 85.960 Loss 0.3251
* VALID - Accuracy 85.250 Loss 0.3652
Epoch:10
LR: 0.001
* TRAIN - Accuracy 86.750 Loss 0.3127
* VALID - Accuracy 86.950 Loss 0.3249
Epoch:11
LR: 0.001
* TRAIN - Accuracy 86.680 Loss 0.3118
* VALID - Accuracy 87.000 Loss 0.3176
validation split name: 1
* VALID - Accuracy 78.050 Loss 0.6067
validation split name: 2
* VALID - Accuracy 67.100 Loss 0.6242
validation split name: 3
* VALID - Accuracy 87.000 Loss 0.3176
============================== Task: 4 ==============================
Epoch:0
LR: 0.001
* TRAIN - Accuracy 80.230 Loss 0.4664
* VALID - Accuracy 84.950 Loss 0.3587
Epoch:1
LR: 0.001
* TRAIN - Accuracy 87.190 Loss 0.3160
* VALID - Accuracy 86.250 Loss 0.3370
Epoch:2
LR: 0.001
* TRAIN - Accuracy 89.290 Loss 0.2645
* VALID - Accuracy 88.850 Loss 0.2723
Epoch:3
LR: 0.001
* TRAIN - Accuracy 90.630 Loss 0.2368
* VALID - Accuracy 87.050 Loss 0.3543
Epoch:4
LR: 0.001
* TRAIN - Accuracy 91.230 Loss 0.2136
* VALID - Accuracy 89.150 Loss 0.2783
Epoch:5
LR: 0.001
* TRAIN - Accuracy 92.190 Loss 0.1991
* VALID - Accuracy 92.200 Loss 0.1912
Epoch:6
LR: 0.001
* TRAIN - Accuracy 92.630 Loss 0.1836
* VALID - Accuracy 93.350 Loss 0.1730
Epoch:7
LR: 0.001
* TRAIN - Accuracy 92.630 Loss 0.1794
* VALID - Accuracy 91.900 Loss 0.2247
Epoch:8
LR: 0.001
* TRAIN - Accuracy 93.700 Loss 0.1621
* VALID - Accuracy 94.000 Loss 0.1582
Epoch:9
LR: 0.001
* TRAIN - Accuracy 93.800 Loss 0.1587
* VALID - Accuracy 94.100 Loss 0.1580
Epoch:10
LR: 0.001
* TRAIN - Accuracy 93.850 Loss 0.1510
* VALID - Accuracy 92.850 Loss 0.1889
Epoch:11
LR: 0.001
* TRAIN - Accuracy 94.220 Loss 0.1459
* VALID - Accuracy 93.300 Loss 0.1609
validation split name: 1
* VALID - Accuracy 63.000 Loss 1.4117
validation split name: 2
* VALID - Accuracy 66.150 Loss 0.6877
validation split name: 3
* VALID - Accuracy 73.050 Loss 0.7187
validation split name: 4
* VALID - Accuracy 93.300 Loss 0.1609
============================== Task: 5 ==============================
Epoch:0
LR: 0.001
* TRAIN - Accuracy 82.470 Loss 0.4065
* VALID - Accuracy 87.550 Loss 0.2908
Epoch:1
LR: 0.001
* TRAIN - Accuracy 87.530 Loss 0.2937
* VALID - Accuracy 89.700 Loss 0.2502
Epoch:2
LR: 0.001
* TRAIN - Accuracy 89.220 Loss 0.2607
* VALID - Accuracy 90.150 Loss 0.2332
Epoch:3
LR: 0.001
* TRAIN - Accuracy 90.220 Loss 0.2411
* VALID - Accuracy 91.200 Loss 0.2081
Epoch:4
LR: 0.001
* TRAIN - Accuracy 91.390 Loss 0.2210
* VALID - Accuracy 92.000 Loss 0.2061
Epoch:5
LR: 0.001
* TRAIN - Accuracy 91.520 Loss 0.2123
* VALID - Accuracy 92.700 Loss 0.1884
Epoch:6
LR: 0.001
* TRAIN - Accuracy 91.500 Loss 0.2026
* VALID - Accuracy 92.550 Loss 0.1929
Epoch:7
LR: 0.001
* TRAIN - Accuracy 91.840 Loss 0.1980
* VALID - Accuracy 93.250 Loss 0.1726
Epoch:8
LR: 0.001
* TRAIN - Accuracy 92.410 Loss 0.1896
* VALID - Accuracy 93.200 Loss 0.1691
Epoch:9
LR: 0.001
* TRAIN - Accuracy 92.690 Loss 0.1859
* VALID - Accuracy 93.500 Loss 0.1661
Epoch:10
LR: 0.001
* TRAIN - Accuracy 93.090 Loss 0.1764
* VALID - Accuracy 93.200 Loss 0.1724
Epoch:11
LR: 0.001
* TRAIN - Accuracy 92.580 Loss 0.1787
* VALID - Accuracy 93.450 Loss 0.1625
validation split name: 1
* VALID - Accuracy 87.100 Loss 0.3429
validation split name: 2
* VALID - Accuracy 62.900 Loss 0.7052
validation split name: 3
* VALID - Accuracy 57.950 Loss 1.0854
validation split name: 4
* VALID - Accuracy 83.200 Loss 0.4086
validation split name: 5
* VALID - Accuracy 93.450 Loss 0.1625
OrderedDict([('1', OrderedDict([('1', 61.1), ('2', 85.95), ('3', 78.05), ('4', 63.0), ('5', 87.1)])), ('2', OrderedDict([('2', 78.8), ('3', 67.1), ('4', 66.15), ('5', 62.9)])), ('3', OrderedDict([('3', 87.0), ('4', 73.05), ('5', 57.95)])), ('4', OrderedDict([('4', 93.3), ('5', 83.2)])), ('5', OrderedDict([('5', 93.45)]))])
Task 1 average acc: 61.1
Task 2 average acc: 82.375
Task 3 average acc: 77.38333333333333
Task 4 average acc: 73.875
Task 5 average acc: 76.91999999999999
===Summary of experiment repeats: 6 / 10 ===
The regularization coefficient: 0.0
The last avg acc of all repeats: [72.53 77.76 70.13 58.45 69.63 76.92  0.    0.    0.    0.  ]
mean: 42.541999999999994 std: 35.083676489216465
Files already downloaded and verified
Files already downloaded and verified
split_boundaries: [0, 2, 4, 6, 8, 10]
{'1': [0, 1], '2': [2, 3], '3': [4, 5], '4': [6, 7], '5': [8, 9]}
CNN(
  (c1): Sequential(
    (0): Conv2d(3, 32, kernel_size=(3, 3), stride=(1, 1), padding=(1, 1))
    (1): BatchNorm2d(32, eps=1e-05, momentum=0.1, affine=True, track_running_stats=True)
    (2): ReLU()
    (3): Conv2d(32, 32, kernel_size=(3, 3), stride=(1, 1), padding=(1, 1))
    (4): BatchNorm2d(32, eps=1e-05, momentum=0.1, affine=True, track_running_stats=True)
    (5): ReLU()
    (6): Conv2d(32, 64, kernel_size=(3, 3), stride=(1, 1), padding=(1, 1))
    (7): BatchNorm2d(64, eps=1e-05, momentum=0.1, affine=True, track_running_stats=True)
    (8): ReLU()
    (9): MaxPool2d(kernel_size=2, stride=2, padding=0, dilation=1, ceil_mode=False)
  )
  (c2): Sequential(
    (0): Conv2d(64, 64, kernel_size=(3, 3), stride=(1, 1), padding=(1, 1))
    (1): BatchNorm2d(64, eps=1e-05, momentum=0.1, affine=True, track_running_stats=True)
    (2): ReLU()
    (3): Conv2d(64, 128, kernel_size=(3, 3), stride=(1, 1), padding=(1, 1))
    (4): BatchNorm2d(128, eps=1e-05, momentum=0.1, affine=True, track_running_stats=True)
    (5): ReLU()
    (6): MaxPool2d(kernel_size=2, stride=2, padding=0, dilation=1, ceil_mode=False)
  )
  (c3): Sequential(
    (0): Conv2d(128, 128, kernel_size=(3, 3), stride=(1, 1), padding=(1, 1))
    (1): BatchNorm2d(128, eps=1e-05, momentum=0.1, affine=True, track_running_stats=True)
    (2): ReLU()
    (3): Conv2d(128, 128, kernel_size=(3, 3), stride=(1, 1), padding=(1, 1))
    (4): BatchNorm2d(128, eps=1e-05, momentum=0.1, affine=True, track_running_stats=True)
    (5): ReLU()
    (6): MaxPool2d(kernel_size=2, stride=2, padding=0, dilation=1, ceil_mode=False)
  )
  (fc1): Sequential(
    (0): Linear(in_features=2048, out_features=256, bias=True)
    (1): ReLU()
  )
  (last): ModuleDict(
    (1): Linear(in_features=256, out_features=2, bias=True)
    (2): Linear(in_features=256, out_features=2, bias=True)
    (3): Linear(in_features=256, out_features=2, bias=True)
    (4): Linear(in_features=256, out_features=2, bias=True)
    (5): Linear(in_features=256, out_features=2, bias=True)
  )
)
#parameter of model: 962858
Task order: ['1', '2', '3', '4', '5']
============================== Task: 1 ==============================
Epoch:0
LR: 0.01
* TRAIN - Accuracy 69.070 Loss 1.0357
* VALID - Accuracy 64.000 Loss 0.6083
Epoch:1
LR: 0.01
* TRAIN - Accuracy 83.520 Loss 0.3692
* VALID - Accuracy 79.450 Loss 0.6030
Epoch:2
LR: 0.01
* TRAIN - Accuracy 87.180 Loss 0.2995
* VALID - Accuracy 85.600 Loss 0.3684
Epoch:3
LR: 0.01
* TRAIN - Accuracy 89.710 Loss 0.2477
* VALID - Accuracy 89.300 Loss 0.2547
Epoch:4
LR: 0.01
* TRAIN - Accuracy 91.230 Loss 0.2178
* VALID - Accuracy 89.000 Loss 0.3093
Epoch:5
LR: 0.01
* TRAIN - Accuracy 92.180 Loss 0.1885
* VALID - Accuracy 89.000 Loss 0.2619
Epoch:6
LR: 0.01
* TRAIN - Accuracy 93.610 Loss 0.1621
* VALID - Accuracy 91.750 Loss 0.2038
Epoch:7
LR: 0.01
* TRAIN - Accuracy 93.950 Loss 0.1530
* VALID - Accuracy 94.050 Loss 0.1571
Epoch:8
LR: 0.01
* TRAIN - Accuracy 95.050 Loss 0.1288
* VALID - Accuracy 95.650 Loss 0.1250
Epoch:9
LR: 0.01
* TRAIN - Accuracy 95.240 Loss 0.1195
* VALID - Accuracy 92.000 Loss 0.1972
Epoch:10
LR: 0.01
* TRAIN - Accuracy 95.730 Loss 0.1075
* VALID - Accuracy 94.050 Loss 0.1527
Epoch:11
LR: 0.01
* TRAIN - Accuracy 96.530 Loss 0.0927
* VALID - Accuracy 94.150 Loss 0.1889
validation split name: 1
* VALID - Accuracy 94.150 Loss 0.1889
============================== Task: 2 ==============================
Epoch:0
LR: 0.001
* TRAIN - Accuracy 67.510 Loss 0.6035
* VALID - Accuracy 70.200 Loss 0.5729
Epoch:1
LR: 0.001
* TRAIN - Accuracy 73.560 Loss 0.5315
* VALID - Accuracy 73.300 Loss 0.5188
Epoch:2
LR: 0.001
* TRAIN - Accuracy 75.910 Loss 0.5028
* VALID - Accuracy 74.250 Loss 0.5040
Epoch:3
LR: 0.001
* TRAIN - Accuracy 76.830 Loss 0.4863
* VALID - Accuracy 76.500 Loss 0.4889
Epoch:4
LR: 0.001
* TRAIN - Accuracy 77.310 Loss 0.4734
* VALID - Accuracy 76.900 Loss 0.4755
Epoch:5
LR: 0.001
* TRAIN - Accuracy 78.220 Loss 0.4644
* VALID - Accuracy 77.650 Loss 0.4654
Epoch:6
LR: 0.001
* TRAIN - Accuracy 79.080 Loss 0.4504
* VALID - Accuracy 77.350 Loss 0.4797
Epoch:7
LR: 0.001
* TRAIN - Accuracy 79.480 Loss 0.4473
* VALID - Accuracy 78.000 Loss 0.4622
Epoch:8
LR: 0.001
* TRAIN - Accuracy 79.950 Loss 0.4346
* VALID - Accuracy 78.600 Loss 0.4595
Epoch:9
LR: 0.001
* TRAIN - Accuracy 80.520 Loss 0.4275
* VALID - Accuracy 80.350 Loss 0.4325
Epoch:10
LR: 0.001
* TRAIN - Accuracy 81.230 Loss 0.4191
* VALID - Accuracy 80.050 Loss 0.4279
Epoch:11
LR: 0.001
* TRAIN - Accuracy 81.390 Loss 0.4134
* VALID - Accuracy 80.800 Loss 0.4203
validation split name: 1
* VALID - Accuracy 91.200 Loss 0.3007
validation split name: 2
* VALID - Accuracy 80.800 Loss 0.4203
============================== Task: 3 ==============================
Epoch:0
LR: 0.001
* TRAIN - Accuracy 70.690 Loss 0.5663
* VALID - Accuracy 78.350 Loss 0.4807
Epoch:1
LR: 0.001
* TRAIN - Accuracy 78.090 Loss 0.4595
* VALID - Accuracy 80.700 Loss 0.4336
Epoch:2
LR: 0.001
* TRAIN - Accuracy 80.550 Loss 0.4264
* VALID - Accuracy 81.300 Loss 0.4201
Epoch:3
LR: 0.001
* TRAIN - Accuracy 81.560 Loss 0.4075
* VALID - Accuracy 82.400 Loss 0.3880
Epoch:4
LR: 0.001
* TRAIN - Accuracy 82.720 Loss 0.3815
* VALID - Accuracy 83.350 Loss 0.3748
Epoch:5
LR: 0.001
* TRAIN - Accuracy 83.910 Loss 0.3696
* VALID - Accuracy 82.750 Loss 0.3864
Epoch:6
LR: 0.001
* TRAIN - Accuracy 84.570 Loss 0.3523
* VALID - Accuracy 82.150 Loss 0.4168
Epoch:7
LR: 0.001
* TRAIN - Accuracy 85.550 Loss 0.3393
* VALID - Accuracy 84.800 Loss 0.3521
Epoch:8
LR: 0.001
* TRAIN - Accuracy 85.670 Loss 0.3345
* VALID - Accuracy 85.700 Loss 0.3456
Epoch:9
LR: 0.001
* TRAIN - Accuracy 86.070 Loss 0.3231
* VALID - Accuracy 86.650 Loss 0.3284
Epoch:10
LR: 0.001
* TRAIN - Accuracy 86.790 Loss 0.3158
* VALID - Accuracy 85.950 Loss 0.3270
Epoch:11
LR: 0.001
* TRAIN - Accuracy 87.030 Loss 0.3091
* VALID - Accuracy 87.900 Loss 0.3091
validation split name: 1
* VALID - Accuracy 75.700 Loss 0.8000
validation split name: 2
* VALID - Accuracy 72.200 Loss 0.5465
validation split name: 3
* VALID - Accuracy 87.900 Loss 0.3091
============================== Task: 4 ==============================
Epoch:0
LR: 0.001
* TRAIN - Accuracy 76.890 Loss 0.5088
* VALID - Accuracy 83.500 Loss 0.3702
Epoch:1
LR: 0.001
* TRAIN - Accuracy 86.900 Loss 0.3180
* VALID - Accuracy 88.450 Loss 0.2843
Epoch:2
LR: 0.001
* TRAIN - Accuracy 90.620 Loss 0.2347
* VALID - Accuracy 91.000 Loss 0.2191
Epoch:3
LR: 0.001
* TRAIN - Accuracy 91.890 Loss 0.1972
* VALID - Accuracy 87.150 Loss 0.2951
Epoch:4
LR: 0.001
* TRAIN - Accuracy 93.120 Loss 0.1764
* VALID - Accuracy 93.750 Loss 0.1663
Epoch:5
LR: 0.001
* TRAIN - Accuracy 93.480 Loss 0.1628
* VALID - Accuracy 92.300 Loss 0.1844
Epoch:6
LR: 0.001
* TRAIN - Accuracy 93.760 Loss 0.1552
* VALID - Accuracy 94.150 Loss 0.1389
Epoch:7
LR: 0.001
* TRAIN - Accuracy 94.270 Loss 0.1420
* VALID - Accuracy 94.800 Loss 0.1258
Epoch:8
LR: 0.001
* TRAIN - Accuracy 94.730 Loss 0.1374
* VALID - Accuracy 94.850 Loss 0.1211
Epoch:9
LR: 0.001
* TRAIN - Accuracy 94.770 Loss 0.1296
* VALID - Accuracy 95.400 Loss 0.1146
Epoch:10
LR: 0.001
* TRAIN - Accuracy 95.160 Loss 0.1255
* VALID - Accuracy 95.350 Loss 0.1121
Epoch:11
LR: 0.001
* TRAIN - Accuracy 95.300 Loss 0.1196
* VALID - Accuracy 95.000 Loss 0.1213
validation split name: 1
* VALID - Accuracy 71.300 Loss 0.9785
validation split name: 2
* VALID - Accuracy 65.050 Loss 0.7164
validation split name: 3
* VALID - Accuracy 76.350 Loss 0.5708
validation split name: 4
* VALID - Accuracy 95.000 Loss 0.1213
============================== Task: 5 ==============================
Epoch:0
LR: 0.001
* TRAIN - Accuracy 77.650 Loss 0.4725
* VALID - Accuracy 85.500 Loss 0.3343
Epoch:1
LR: 0.001
* TRAIN - Accuracy 87.440 Loss 0.3052
* VALID - Accuracy 88.750 Loss 0.2678
Epoch:2
LR: 0.001
* TRAIN - Accuracy 89.450 Loss 0.2592
* VALID - Accuracy 89.100 Loss 0.2613
Epoch:3
LR: 0.001
* TRAIN - Accuracy 90.370 Loss 0.2345
* VALID - Accuracy 90.700 Loss 0.2229
Epoch:4
LR: 0.001
* TRAIN - Accuracy 91.090 Loss 0.2190
* VALID - Accuracy 91.150 Loss 0.2125
Epoch:5
LR: 0.001
* TRAIN - Accuracy 92.180 Loss 0.2022
* VALID - Accuracy 91.700 Loss 0.2077
Epoch:6
LR: 0.001
* TRAIN - Accuracy 92.240 Loss 0.1940
* VALID - Accuracy 92.400 Loss 0.1897
Epoch:7
LR: 0.001
* TRAIN - Accuracy 92.660 Loss 0.1859
* VALID - Accuracy 92.900 Loss 0.1814
Epoch:8
LR: 0.001
* TRAIN - Accuracy 92.940 Loss 0.1771
* VALID - Accuracy 91.550 Loss 0.2075
Epoch:9
LR: 0.001
* TRAIN - Accuracy 93.260 Loss 0.1723
* VALID - Accuracy 93.300 Loss 0.1716
Epoch:10
LR: 0.001
* TRAIN - Accuracy 93.300 Loss 0.1680
* VALID - Accuracy 92.950 Loss 0.1770
Epoch:11
LR: 0.001
* TRAIN - Accuracy 93.810 Loss 0.1584
* VALID - Accuracy 93.550 Loss 0.1630
validation split name: 1
* VALID - Accuracy 63.700 Loss 1.1523
validation split name: 2
* VALID - Accuracy 62.150 Loss 0.7254
validation split name: 3
* VALID - Accuracy 63.250 Loss 0.7159
validation split name: 4
* VALID - Accuracy 87.400 Loss 0.3240
validation split name: 5
* VALID - Accuracy 93.550 Loss 0.1630
OrderedDict([('1', OrderedDict([('1', 94.15), ('2', 91.2), ('3', 75.7), ('4', 71.3), ('5', 63.7)])), ('2', OrderedDict([('2', 80.8), ('3', 72.2), ('4', 65.05), ('5', 62.15)])), ('3', OrderedDict([('3', 87.9), ('4', 76.35), ('5', 63.25)])), ('4', OrderedDict([('4', 95.0), ('5', 87.4)])), ('5', OrderedDict([('5', 93.55)]))])
Task 1 average acc: 94.15
Task 2 average acc: 86.0
Task 3 average acc: 78.60000000000001
Task 4 average acc: 76.925
Task 5 average acc: 74.01
===Summary of experiment repeats: 7 / 10 ===
The regularization coefficient: 0.0
The last avg acc of all repeats: [72.53 77.76 70.13 58.45 69.63 76.92 74.01  0.    0.    0.  ]
mean: 49.943 std: 33.077649266536454
Files already downloaded and verified
Files already downloaded and verified
split_boundaries: [0, 2, 4, 6, 8, 10]
{'1': [0, 1], '2': [2, 3], '3': [4, 5], '4': [6, 7], '5': [8, 9]}
CNN(
  (c1): Sequential(
    (0): Conv2d(3, 32, kernel_size=(3, 3), stride=(1, 1), padding=(1, 1))
    (1): BatchNorm2d(32, eps=1e-05, momentum=0.1, affine=True, track_running_stats=True)
    (2): ReLU()
    (3): Conv2d(32, 32, kernel_size=(3, 3), stride=(1, 1), padding=(1, 1))
    (4): BatchNorm2d(32, eps=1e-05, momentum=0.1, affine=True, track_running_stats=True)
    (5): ReLU()
    (6): Conv2d(32, 64, kernel_size=(3, 3), stride=(1, 1), padding=(1, 1))
    (7): BatchNorm2d(64, eps=1e-05, momentum=0.1, affine=True, track_running_stats=True)
    (8): ReLU()
    (9): MaxPool2d(kernel_size=2, stride=2, padding=0, dilation=1, ceil_mode=False)
  )
  (c2): Sequential(
    (0): Conv2d(64, 64, kernel_size=(3, 3), stride=(1, 1), padding=(1, 1))
    (1): BatchNorm2d(64, eps=1e-05, momentum=0.1, affine=True, track_running_stats=True)
    (2): ReLU()
    (3): Conv2d(64, 128, kernel_size=(3, 3), stride=(1, 1), padding=(1, 1))
    (4): BatchNorm2d(128, eps=1e-05, momentum=0.1, affine=True, track_running_stats=True)
    (5): ReLU()
    (6): MaxPool2d(kernel_size=2, stride=2, padding=0, dilation=1, ceil_mode=False)
  )
  (c3): Sequential(
    (0): Conv2d(128, 128, kernel_size=(3, 3), stride=(1, 1), padding=(1, 1))
    (1): BatchNorm2d(128, eps=1e-05, momentum=0.1, affine=True, track_running_stats=True)
    (2): ReLU()
    (3): Conv2d(128, 128, kernel_size=(3, 3), stride=(1, 1), padding=(1, 1))
    (4): BatchNorm2d(128, eps=1e-05, momentum=0.1, affine=True, track_running_stats=True)
    (5): ReLU()
    (6): MaxPool2d(kernel_size=2, stride=2, padding=0, dilation=1, ceil_mode=False)
  )
  (fc1): Sequential(
    (0): Linear(in_features=2048, out_features=256, bias=True)
    (1): ReLU()
  )
  (last): ModuleDict(
    (1): Linear(in_features=256, out_features=2, bias=True)
    (2): Linear(in_features=256, out_features=2, bias=True)
    (3): Linear(in_features=256, out_features=2, bias=True)
    (4): Linear(in_features=256, out_features=2, bias=True)
    (5): Linear(in_features=256, out_features=2, bias=True)
  )
)
#parameter of model: 962858
Task order: ['1', '2', '3', '4', '5']
============================== Task: 1 ==============================
Epoch:0
LR: 0.01
* TRAIN - Accuracy 71.800 Loss 1.0787
* VALID - Accuracy 67.500 Loss 2.1493
Epoch:1
LR: 0.01
* TRAIN - Accuracy 84.080 Loss 0.3914
* VALID - Accuracy 70.800 Loss 1.1219
Epoch:2
LR: 0.01
* TRAIN - Accuracy 87.550 Loss 0.3004
* VALID - Accuracy 88.400 Loss 0.2946
Epoch:3
LR: 0.01
* TRAIN - Accuracy 89.090 Loss 0.2603
* VALID - Accuracy 82.850 Loss 0.4281
Epoch:4
LR: 0.01
* TRAIN - Accuracy 90.320 Loss 0.2356
* VALID - Accuracy 84.050 Loss 0.4017
Epoch:5
LR: 0.01
* TRAIN - Accuracy 91.800 Loss 0.2055
* VALID - Accuracy 90.350 Loss 0.2818
Epoch:6
LR: 0.01
* TRAIN - Accuracy 92.990 Loss 0.1840
* VALID - Accuracy 80.650 Loss 0.7908
Epoch:7
LR: 0.01
* TRAIN - Accuracy 93.380 Loss 0.1688
* VALID - Accuracy 91.400 Loss 0.2117
Epoch:8
LR: 0.01
* TRAIN - Accuracy 93.750 Loss 0.1567
* VALID - Accuracy 92.650 Loss 0.1917
Epoch:9
LR: 0.01
* TRAIN - Accuracy 94.580 Loss 0.1439
* VALID - Accuracy 94.550 Loss 0.1409
Epoch:10
LR: 0.01
* TRAIN - Accuracy 94.770 Loss 0.1323
* VALID - Accuracy 91.950 Loss 0.2026
Epoch:11
LR: 0.01
* TRAIN - Accuracy 94.960 Loss 0.1283
* VALID - Accuracy 87.850 Loss 0.3448
validation split name: 1
* VALID - Accuracy 87.850 Loss 0.3448
============================== Task: 2 ==============================
Epoch:0
LR: 0.001
* TRAIN - Accuracy 65.930 Loss 0.6506
* VALID - Accuracy 70.900 Loss 0.5659
Epoch:1
LR: 0.001
* TRAIN - Accuracy 73.340 Loss 0.5411
* VALID - Accuracy 74.250 Loss 0.5213
Epoch:2
LR: 0.001
* TRAIN - Accuracy 75.240 Loss 0.5084
* VALID - Accuracy 76.650 Loss 0.5013
Epoch:3
LR: 0.001
* TRAIN - Accuracy 77.000 Loss 0.4856
* VALID - Accuracy 75.900 Loss 0.4965
Epoch:4
LR: 0.001
* TRAIN - Accuracy 77.390 Loss 0.4768
* VALID - Accuracy 75.400 Loss 0.5070
Epoch:5
LR: 0.001
* TRAIN - Accuracy 78.440 Loss 0.4662
* VALID - Accuracy 77.750 Loss 0.4701
Epoch:6
LR: 0.001
* TRAIN - Accuracy 78.520 Loss 0.4608
* VALID - Accuracy 78.000 Loss 0.4595
Epoch:7
LR: 0.001
* TRAIN - Accuracy 79.330 Loss 0.4506
* VALID - Accuracy 78.250 Loss 0.4600
Epoch:8
LR: 0.001
* TRAIN - Accuracy 79.870 Loss 0.4441
* VALID - Accuracy 79.700 Loss 0.4464
Epoch:9
LR: 0.001
* TRAIN - Accuracy 80.030 Loss 0.4388
* VALID - Accuracy 79.750 Loss 0.4456
Epoch:10
LR: 0.001
* TRAIN - Accuracy 80.660 Loss 0.4285
* VALID - Accuracy 77.000 Loss 0.4916
Epoch:11
LR: 0.001
* TRAIN - Accuracy 80.370 Loss 0.4281
* VALID - Accuracy 79.700 Loss 0.4381
validation split name: 1
* VALID - Accuracy 84.600 Loss 0.4945
validation split name: 2
* VALID - Accuracy 79.700 Loss 0.4381
============================== Task: 3 ==============================
Epoch:0
LR: 0.001
* TRAIN - Accuracy 68.700 Loss 0.5840
* VALID - Accuracy 77.050 Loss 0.4773
Epoch:1
LR: 0.001
* TRAIN - Accuracy 78.560 Loss 0.4672
* VALID - Accuracy 80.450 Loss 0.4183
Epoch:2
LR: 0.001
* TRAIN - Accuracy 81.130 Loss 0.4272
* VALID - Accuracy 81.100 Loss 0.4250
Epoch:3
LR: 0.001
* TRAIN - Accuracy 81.720 Loss 0.4106
* VALID - Accuracy 84.050 Loss 0.3729
Epoch:4
LR: 0.001
* TRAIN - Accuracy 82.670 Loss 0.3885
* VALID - Accuracy 80.450 Loss 0.4377
Epoch:5
LR: 0.001
* TRAIN - Accuracy 83.170 Loss 0.3823
* VALID - Accuracy 84.000 Loss 0.3622
Epoch:6
LR: 0.001
* TRAIN - Accuracy 83.990 Loss 0.3711
* VALID - Accuracy 84.350 Loss 0.3538
Epoch:7
LR: 0.001
* TRAIN - Accuracy 84.240 Loss 0.3614
* VALID - Accuracy 84.600 Loss 0.3432
Epoch:8
LR: 0.001
* TRAIN - Accuracy 85.070 Loss 0.3497
* VALID - Accuracy 84.750 Loss 0.3506
Epoch:9
LR: 0.001
* TRAIN - Accuracy 85.270 Loss 0.3441
* VALID - Accuracy 86.000 Loss 0.3204
Epoch:10
LR: 0.001
* TRAIN - Accuracy 85.420 Loss 0.3384
* VALID - Accuracy 85.050 Loss 0.3406
Epoch:11
LR: 0.001
* TRAIN - Accuracy 86.030 Loss 0.3301
* VALID - Accuracy 86.500 Loss 0.3158
validation split name: 1
* VALID - Accuracy 78.000 Loss 0.9054
validation split name: 2
* VALID - Accuracy 73.850 Loss 0.6064
validation split name: 3
* VALID - Accuracy 86.500 Loss 0.3158
============================== Task: 4 ==============================
Epoch:0
LR: 0.001
* TRAIN - Accuracy 72.310 Loss 0.5735
* VALID - Accuracy 81.550 Loss 0.4523
Epoch:1
LR: 0.001
* TRAIN - Accuracy 81.090 Loss 0.4318
* VALID - Accuracy 85.650 Loss 0.3436
Epoch:2
LR: 0.001
* TRAIN - Accuracy 84.160 Loss 0.3636
* VALID - Accuracy 86.800 Loss 0.3235
Epoch:3
LR: 0.001
* TRAIN - Accuracy 86.320 Loss 0.3218
* VALID - Accuracy 88.600 Loss 0.2703
Epoch:4
LR: 0.001
* TRAIN - Accuracy 87.920 Loss 0.2860
* VALID - Accuracy 90.550 Loss 0.2381
Epoch:5
LR: 0.001
* TRAIN - Accuracy 89.200 Loss 0.2604
* VALID - Accuracy 90.450 Loss 0.2343
Epoch:6
LR: 0.001
* TRAIN - Accuracy 90.600 Loss 0.2325
* VALID - Accuracy 91.050 Loss 0.2246
Epoch:7
LR: 0.001
* TRAIN - Accuracy 91.260 Loss 0.2164
* VALID - Accuracy 91.550 Loss 0.2081
Epoch:8
LR: 0.001
* TRAIN - Accuracy 91.740 Loss 0.2010
* VALID - Accuracy 92.100 Loss 0.1900
Epoch:9
LR: 0.001
* TRAIN - Accuracy 92.570 Loss 0.1822
* VALID - Accuracy 92.200 Loss 0.2025
Epoch:10
LR: 0.001
* TRAIN - Accuracy 93.120 Loss 0.1707
* VALID - Accuracy 92.850 Loss 0.1871
Epoch:11
LR: 0.001
* TRAIN - Accuracy 93.150 Loss 0.1716
* VALID - Accuracy 93.300 Loss 0.1723
validation split name: 1
* VALID - Accuracy 81.150 Loss 0.8496
validation split name: 2
* VALID - Accuracy 71.150 Loss 0.6951
validation split name: 3
* VALID - Accuracy 81.350 Loss 0.4506
validation split name: 4
* VALID - Accuracy 93.300 Loss 0.1723
============================== Task: 5 ==============================
Epoch:0
LR: 0.001
* TRAIN - Accuracy 72.070 Loss 0.5547
* VALID - Accuracy 82.100 Loss 0.4055
Epoch:1
LR: 0.001
* TRAIN - Accuracy 85.160 Loss 0.3553
* VALID - Accuracy 85.250 Loss 0.3298
Epoch:2
LR: 0.001
* TRAIN - Accuracy 87.660 Loss 0.2973
* VALID - Accuracy 87.550 Loss 0.2820
Epoch:3
LR: 0.001
* TRAIN - Accuracy 89.430 Loss 0.2626
* VALID - Accuracy 89.650 Loss 0.2508
Epoch:4
LR: 0.001
* TRAIN - Accuracy 90.330 Loss 0.2414
* VALID - Accuracy 89.650 Loss 0.2447
Epoch:5
LR: 0.001
* TRAIN - Accuracy 90.890 Loss 0.2288
* VALID - Accuracy 91.250 Loss 0.2179
Epoch:6
LR: 0.001
* TRAIN - Accuracy 91.560 Loss 0.2138
* VALID - Accuracy 91.150 Loss 0.2200
Epoch:7
LR: 0.001
* TRAIN - Accuracy 92.010 Loss 0.2007
* VALID - Accuracy 92.400 Loss 0.1919
Epoch:8
LR: 0.001
* TRAIN - Accuracy 92.480 Loss 0.1927
* VALID - Accuracy 92.550 Loss 0.1850
Epoch:9
LR: 0.001
* TRAIN - Accuracy 92.720 Loss 0.1888
* VALID - Accuracy 92.800 Loss 0.1797
Epoch:10
LR: 0.001
* TRAIN - Accuracy 92.980 Loss 0.1811
* VALID - Accuracy 93.050 Loss 0.1736
Epoch:11
LR: 0.001
* TRAIN - Accuracy 93.060 Loss 0.1759
* VALID - Accuracy 93.250 Loss 0.1688
validation split name: 1
* VALID - Accuracy 35.700 Loss 3.0200
validation split name: 2
* VALID - Accuracy 50.800 Loss 1.4324
validation split name: 3
* VALID - Accuracy 63.850 Loss 0.8760
validation split name: 4
* VALID - Accuracy 69.350 Loss 0.7680
validation split name: 5
* VALID - Accuracy 93.250 Loss 0.1688
OrderedDict([('1', OrderedDict([('1', 87.85), ('2', 84.6), ('3', 78.0), ('4', 81.15), ('5', 35.7)])), ('2', OrderedDict([('2', 79.7), ('3', 73.85), ('4', 71.15), ('5', 50.8)])), ('3', OrderedDict([('3', 86.5), ('4', 81.35), ('5', 63.85)])), ('4', OrderedDict([('4', 93.3), ('5', 69.35)])), ('5', OrderedDict([('5', 93.25)]))])
Task 1 average acc: 87.85
Task 2 average acc: 82.15
Task 3 average acc: 79.45
Task 4 average acc: 81.7375
Task 5 average acc: 62.589999999999996
===Summary of experiment repeats: 8 / 10 ===
The regularization coefficient: 0.0
The last avg acc of all repeats: [72.53 77.76 70.13 58.45 69.63 76.92 74.01 62.59  0.    0.  ]
mean: 56.202 std: 28.6621725624559
Files already downloaded and verified
Files already downloaded and verified
split_boundaries: [0, 2, 4, 6, 8, 10]
{'1': [0, 1], '2': [2, 3], '3': [4, 5], '4': [6, 7], '5': [8, 9]}
CNN(
  (c1): Sequential(
    (0): Conv2d(3, 32, kernel_size=(3, 3), stride=(1, 1), padding=(1, 1))
    (1): BatchNorm2d(32, eps=1e-05, momentum=0.1, affine=True, track_running_stats=True)
    (2): ReLU()
    (3): Conv2d(32, 32, kernel_size=(3, 3), stride=(1, 1), padding=(1, 1))
    (4): BatchNorm2d(32, eps=1e-05, momentum=0.1, affine=True, track_running_stats=True)
    (5): ReLU()
    (6): Conv2d(32, 64, kernel_size=(3, 3), stride=(1, 1), padding=(1, 1))
    (7): BatchNorm2d(64, eps=1e-05, momentum=0.1, affine=True, track_running_stats=True)
    (8): ReLU()
    (9): MaxPool2d(kernel_size=2, stride=2, padding=0, dilation=1, ceil_mode=False)
  )
  (c2): Sequential(
    (0): Conv2d(64, 64, kernel_size=(3, 3), stride=(1, 1), padding=(1, 1))
    (1): BatchNorm2d(64, eps=1e-05, momentum=0.1, affine=True, track_running_stats=True)
    (2): ReLU()
    (3): Conv2d(64, 128, kernel_size=(3, 3), stride=(1, 1), padding=(1, 1))
    (4): BatchNorm2d(128, eps=1e-05, momentum=0.1, affine=True, track_running_stats=True)
    (5): ReLU()
    (6): MaxPool2d(kernel_size=2, stride=2, padding=0, dilation=1, ceil_mode=False)
  )
  (c3): Sequential(
    (0): Conv2d(128, 128, kernel_size=(3, 3), stride=(1, 1), padding=(1, 1))
    (1): BatchNorm2d(128, eps=1e-05, momentum=0.1, affine=True, track_running_stats=True)
    (2): ReLU()
    (3): Conv2d(128, 128, kernel_size=(3, 3), stride=(1, 1), padding=(1, 1))
    (4): BatchNorm2d(128, eps=1e-05, momentum=0.1, affine=True, track_running_stats=True)
    (5): ReLU()
    (6): MaxPool2d(kernel_size=2, stride=2, padding=0, dilation=1, ceil_mode=False)
  )
  (fc1): Sequential(
    (0): Linear(in_features=2048, out_features=256, bias=True)
    (1): ReLU()
  )
  (last): ModuleDict(
    (1): Linear(in_features=256, out_features=2, bias=True)
    (2): Linear(in_features=256, out_features=2, bias=True)
    (3): Linear(in_features=256, out_features=2, bias=True)
    (4): Linear(in_features=256, out_features=2, bias=True)
    (5): Linear(in_features=256, out_features=2, bias=True)
  )
)
#parameter of model: 962858
Task order: ['1', '2', '3', '4', '5']
============================== Task: 1 ==============================
Epoch:0
LR: 0.01
* TRAIN - Accuracy 67.480 Loss 1.2596
* VALID - Accuracy 65.450 Loss 0.6880
Epoch:1
LR: 0.01
* TRAIN - Accuracy 81.650 Loss 0.4055
* VALID - Accuracy 77.000 Loss 0.5433
Epoch:2
LR: 0.01
* TRAIN - Accuracy 85.370 Loss 0.3414
* VALID - Accuracy 53.000 Loss 1.0765
Epoch:3
LR: 0.01
* TRAIN - Accuracy 87.210 Loss 0.3043
* VALID - Accuracy 82.000 Loss 0.4994
Epoch:4
LR: 0.01
* TRAIN - Accuracy 88.730 Loss 0.2696
* VALID - Accuracy 79.300 Loss 0.4650
Epoch:5
LR: 0.01
* TRAIN - Accuracy 90.520 Loss 0.2353
* VALID - Accuracy 64.950 Loss 0.8683
Epoch:6
LR: 0.01
* TRAIN - Accuracy 91.150 Loss 0.2211
* VALID - Accuracy 53.150 Loss 1.8590
Epoch:7
LR: 0.01
* TRAIN - Accuracy 92.020 Loss 0.1989
* VALID - Accuracy 93.150 Loss 0.1878
Epoch:8
LR: 0.01
* TRAIN - Accuracy 93.240 Loss 0.1741
* VALID - Accuracy 54.550 Loss 2.9125
Epoch:9
LR: 0.01
* TRAIN - Accuracy 93.200 Loss 0.1777
* VALID - Accuracy 78.400 Loss 0.6626
Epoch:10
LR: 0.01
* TRAIN - Accuracy 93.380 Loss 0.1623
* VALID - Accuracy 93.450 Loss 0.1717
Epoch:11
LR: 0.01
* TRAIN - Accuracy 94.360 Loss 0.1467
* VALID - Accuracy 89.400 Loss 0.2811
validation split name: 1
* VALID - Accuracy 89.400 Loss 0.2811
============================== Task: 2 ==============================
Epoch:0
LR: 0.001
* TRAIN - Accuracy 65.910 Loss 0.6314
* VALID - Accuracy 71.050 Loss 0.5473
Epoch:1
LR: 0.001
* TRAIN - Accuracy 73.400 Loss 0.5293
* VALID - Accuracy 72.550 Loss 0.5521
Epoch:2
LR: 0.001
* TRAIN - Accuracy 76.070 Loss 0.4998
* VALID - Accuracy 75.000 Loss 0.4992
Epoch:3
LR: 0.001
* TRAIN - Accuracy 76.950 Loss 0.4864
* VALID - Accuracy 77.100 Loss 0.4972
Epoch:4
LR: 0.001
* TRAIN - Accuracy 77.620 Loss 0.4740
* VALID - Accuracy 77.600 Loss 0.4723
Epoch:5
LR: 0.001
* TRAIN - Accuracy 78.600 Loss 0.4612
* VALID - Accuracy 77.550 Loss 0.4637
Epoch:6
LR: 0.001
* TRAIN - Accuracy 79.750 Loss 0.4458
* VALID - Accuracy 78.900 Loss 0.4524
Epoch:7
LR: 0.001
* TRAIN - Accuracy 80.390 Loss 0.4386
* VALID - Accuracy 78.300 Loss 0.4584
Epoch:8
LR: 0.001
* TRAIN - Accuracy 80.440 Loss 0.4290
* VALID - Accuracy 74.900 Loss 0.5757
Epoch:9
LR: 0.001
* TRAIN - Accuracy 80.900 Loss 0.4220
* VALID - Accuracy 78.500 Loss 0.4790
Epoch:10
LR: 0.001
* TRAIN - Accuracy 81.540 Loss 0.4138
* VALID - Accuracy 78.600 Loss 0.4531
Epoch:11
LR: 0.001
* TRAIN - Accuracy 81.680 Loss 0.4071
* VALID - Accuracy 80.750 Loss 0.4210
validation split name: 1
* VALID - Accuracy 87.050 Loss 0.3630
validation split name: 2
* VALID - Accuracy 80.750 Loss 0.4210
============================== Task: 3 ==============================
Epoch:0
LR: 0.001
* TRAIN - Accuracy 74.700 Loss 0.5279
* VALID - Accuracy 77.550 Loss 0.4857
Epoch:1
LR: 0.001
* TRAIN - Accuracy 79.890 Loss 0.4458
* VALID - Accuracy 80.100 Loss 0.4374
Epoch:2
LR: 0.001
* TRAIN - Accuracy 81.710 Loss 0.4134
* VALID - Accuracy 80.050 Loss 0.4298
Epoch:3
LR: 0.001
* TRAIN - Accuracy 82.780 Loss 0.3881
* VALID - Accuracy 81.900 Loss 0.4072
Epoch:4
LR: 0.001
* TRAIN - Accuracy 84.220 Loss 0.3715
* VALID - Accuracy 83.600 Loss 0.3717
Epoch:5
LR: 0.001
* TRAIN - Accuracy 84.550 Loss 0.3596
* VALID - Accuracy 81.700 Loss 0.4265
Epoch:6
LR: 0.001
* TRAIN - Accuracy 84.720 Loss 0.3497
* VALID - Accuracy 84.550 Loss 0.3564
Epoch:7
LR: 0.001
* TRAIN - Accuracy 85.580 Loss 0.3426
* VALID - Accuracy 83.000 Loss 0.4074
Epoch:8
LR: 0.001
* TRAIN - Accuracy 85.780 Loss 0.3347
* VALID - Accuracy 85.850 Loss 0.3330
Epoch:9
LR: 0.001
* TRAIN - Accuracy 86.100 Loss 0.3264
* VALID - Accuracy 85.150 Loss 0.3675
Epoch:10
LR: 0.001
* TRAIN - Accuracy 86.780 Loss 0.3152
* VALID - Accuracy 85.000 Loss 0.3525
Epoch:11
LR: 0.001
* TRAIN - Accuracy 86.720 Loss 0.3155
* VALID - Accuracy 86.800 Loss 0.3177
validation split name: 1
* VALID - Accuracy 79.700 Loss 0.5469
validation split name: 2
* VALID - Accuracy 71.850 Loss 0.5727
validation split name: 3
* VALID - Accuracy 86.800 Loss 0.3177
============================== Task: 4 ==============================
Epoch:0
LR: 0.001
* TRAIN - Accuracy 71.840 Loss 0.5862
* VALID - Accuracy 83.400 Loss 0.4157
Epoch:1
LR: 0.001
* TRAIN - Accuracy 82.150 Loss 0.4135
* VALID - Accuracy 88.250 Loss 0.3098
Epoch:2
LR: 0.001
* TRAIN - Accuracy 85.980 Loss 0.3328
* VALID - Accuracy 88.900 Loss 0.2754
Epoch:3
LR: 0.001
* TRAIN - Accuracy 88.920 Loss 0.2746
* VALID - Accuracy 91.250 Loss 0.2165
Epoch:4
LR: 0.001
* TRAIN - Accuracy 90.210 Loss 0.2354
* VALID - Accuracy 90.200 Loss 0.2367
Epoch:5
LR: 0.001
* TRAIN - Accuracy 91.240 Loss 0.2107
* VALID - Accuracy 90.400 Loss 0.2320
Epoch:6
LR: 0.001
* TRAIN - Accuracy 92.540 Loss 0.1896
* VALID - Accuracy 92.500 Loss 0.1780
Epoch:7
LR: 0.001
* TRAIN - Accuracy 92.770 Loss 0.1765
* VALID - Accuracy 93.100 Loss 0.1634
Epoch:8
LR: 0.001
* TRAIN - Accuracy 93.350 Loss 0.1688
* VALID - Accuracy 91.950 Loss 0.2024
Epoch:9
LR: 0.001
* TRAIN - Accuracy 93.570 Loss 0.1622
* VALID - Accuracy 93.650 Loss 0.1537
Epoch:10
LR: 0.001
* TRAIN - Accuracy 93.850 Loss 0.1551
* VALID - Accuracy 94.500 Loss 0.1375
Epoch:11
LR: 0.001
* TRAIN - Accuracy 93.800 Loss 0.1502
* VALID - Accuracy 94.150 Loss 0.1437
validation split name: 1
* VALID - Accuracy 54.500 Loss 4.2479
validation split name: 2
* VALID - Accuracy 64.050 Loss 1.0001
validation split name: 3
* VALID - Accuracy 76.850 Loss 0.6224
validation split name: 4
* VALID - Accuracy 94.150 Loss 0.1437
============================== Task: 5 ==============================
Epoch:0
LR: 0.001
* TRAIN - Accuracy 77.970 Loss 0.4668
* VALID - Accuracy 79.200 Loss 0.4587
Epoch:1
LR: 0.001
* TRAIN - Accuracy 85.590 Loss 0.3403
* VALID - Accuracy 85.600 Loss 0.3179
Epoch:2
LR: 0.001
* TRAIN - Accuracy 87.840 Loss 0.2977
* VALID - Accuracy 87.850 Loss 0.3004
Epoch:3
LR: 0.001
* TRAIN - Accuracy 88.940 Loss 0.2679
* VALID - Accuracy 88.150 Loss 0.3038
Epoch:4
LR: 0.001
* TRAIN - Accuracy 90.070 Loss 0.2493
* VALID - Accuracy 89.350 Loss 0.2584
Epoch:5
LR: 0.001
* TRAIN - Accuracy 90.380 Loss 0.2390
* VALID - Accuracy 90.150 Loss 0.2485
Epoch:6
LR: 0.001
* TRAIN - Accuracy 91.270 Loss 0.2241
* VALID - Accuracy 90.200 Loss 0.2517
Epoch:7
LR: 0.001
* TRAIN - Accuracy 91.550 Loss 0.2163
* VALID - Accuracy 89.500 Loss 0.2623
Epoch:8
LR: 0.001
* TRAIN - Accuracy 91.830 Loss 0.2072
* VALID - Accuracy 90.500 Loss 0.2370
Epoch:9
LR: 0.001
* TRAIN - Accuracy 92.230 Loss 0.1954
* VALID - Accuracy 91.300 Loss 0.2205
Epoch:10
LR: 0.001
* TRAIN - Accuracy 92.460 Loss 0.1932
* VALID - Accuracy 91.100 Loss 0.2259
Epoch:11
LR: 0.001
* TRAIN - Accuracy 92.710 Loss 0.1884
* VALID - Accuracy 91.500 Loss 0.2132
validation split name: 1
* VALID - Accuracy 47.700 Loss 2.5912
validation split name: 2
* VALID - Accuracy 52.250 Loss 1.1138
validation split name: 3
* VALID - Accuracy 64.800 Loss 0.7856
validation split name: 4
* VALID - Accuracy 78.100 Loss 0.6892
validation split name: 5
* VALID - Accuracy 91.500 Loss 0.2132
OrderedDict([('1', OrderedDict([('1', 89.4), ('2', 87.05), ('3', 79.7), ('4', 54.5), ('5', 47.7)])), ('2', OrderedDict([('2', 80.75), ('3', 71.85), ('4', 64.05), ('5', 52.25)])), ('3', OrderedDict([('3', 86.8), ('4', 76.85), ('5', 64.8)])), ('4', OrderedDict([('4', 94.15), ('5', 78.1)])), ('5', OrderedDict([('5', 91.5)]))])
Task 1 average acc: 89.4
Task 2 average acc: 83.9
Task 3 average acc: 79.45
Task 4 average acc: 72.38749999999999
Task 5 average acc: 66.87
===Summary of experiment repeats: 9 / 10 ===
The regularization coefficient: 0.0
The last avg acc of all repeats: [72.53 77.76 70.13 58.45 69.63 76.92 74.01 62.59 66.87  0.  ]
mean: 62.888999999999996 std: 21.732885427388602
Files already downloaded and verified
Files already downloaded and verified
split_boundaries: [0, 2, 4, 6, 8, 10]
{'1': [0, 1], '2': [2, 3], '3': [4, 5], '4': [6, 7], '5': [8, 9]}
CNN(
  (c1): Sequential(
    (0): Conv2d(3, 32, kernel_size=(3, 3), stride=(1, 1), padding=(1, 1))
    (1): BatchNorm2d(32, eps=1e-05, momentum=0.1, affine=True, track_running_stats=True)
    (2): ReLU()
    (3): Conv2d(32, 32, kernel_size=(3, 3), stride=(1, 1), padding=(1, 1))
    (4): BatchNorm2d(32, eps=1e-05, momentum=0.1, affine=True, track_running_stats=True)
    (5): ReLU()
    (6): Conv2d(32, 64, kernel_size=(3, 3), stride=(1, 1), padding=(1, 1))
    (7): BatchNorm2d(64, eps=1e-05, momentum=0.1, affine=True, track_running_stats=True)
    (8): ReLU()
    (9): MaxPool2d(kernel_size=2, stride=2, padding=0, dilation=1, ceil_mode=False)
  )
  (c2): Sequential(
    (0): Conv2d(64, 64, kernel_size=(3, 3), stride=(1, 1), padding=(1, 1))
    (1): BatchNorm2d(64, eps=1e-05, momentum=0.1, affine=True, track_running_stats=True)
    (2): ReLU()
    (3): Conv2d(64, 128, kernel_size=(3, 3), stride=(1, 1), padding=(1, 1))
    (4): BatchNorm2d(128, eps=1e-05, momentum=0.1, affine=True, track_running_stats=True)
    (5): ReLU()
    (6): MaxPool2d(kernel_size=2, stride=2, padding=0, dilation=1, ceil_mode=False)
  )
  (c3): Sequential(
    (0): Conv2d(128, 128, kernel_size=(3, 3), stride=(1, 1), padding=(1, 1))
    (1): BatchNorm2d(128, eps=1e-05, momentum=0.1, affine=True, track_running_stats=True)
    (2): ReLU()
    (3): Conv2d(128, 128, kernel_size=(3, 3), stride=(1, 1), padding=(1, 1))
    (4): BatchNorm2d(128, eps=1e-05, momentum=0.1, affine=True, track_running_stats=True)
    (5): ReLU()
    (6): MaxPool2d(kernel_size=2, stride=2, padding=0, dilation=1, ceil_mode=False)
  )
  (fc1): Sequential(
    (0): Linear(in_features=2048, out_features=256, bias=True)
    (1): ReLU()
  )
  (last): ModuleDict(
    (1): Linear(in_features=256, out_features=2, bias=True)
    (2): Linear(in_features=256, out_features=2, bias=True)
    (3): Linear(in_features=256, out_features=2, bias=True)
    (4): Linear(in_features=256, out_features=2, bias=True)
    (5): Linear(in_features=256, out_features=2, bias=True)
  )
)
#parameter of model: 962858
Task order: ['1', '2', '3', '4', '5']
============================== Task: 1 ==============================
Epoch:0
LR: 0.01
* TRAIN - Accuracy 76.250 Loss 1.0321
* VALID - Accuracy 86.550 Loss 0.3223
Epoch:1
LR: 0.01
* TRAIN - Accuracy 86.780 Loss 0.3110
* VALID - Accuracy 51.650 Loss 1.4886
Epoch:2
LR: 0.01
* TRAIN - Accuracy 88.630 Loss 0.2784
* VALID - Accuracy 57.550 Loss 2.0917
Epoch:3
LR: 0.01
* TRAIN - Accuracy 90.030 Loss 0.2469
* VALID - Accuracy 90.250 Loss 0.2569
Epoch:4
LR: 0.01
* TRAIN - Accuracy 92.100 Loss 0.1991
* VALID - Accuracy 90.350 Loss 0.2353
Epoch:5
LR: 0.01
* TRAIN - Accuracy 92.540 Loss 0.1852
* VALID - Accuracy 82.900 Loss 0.4390
Epoch:6
LR: 0.01
* TRAIN - Accuracy 93.420 Loss 0.1683
* VALID - Accuracy 91.400 Loss 0.2307
Epoch:7
LR: 0.01
* TRAIN - Accuracy 93.780 Loss 0.1578
* VALID - Accuracy 93.950 Loss 0.1514
Epoch:8
LR: 0.01
* TRAIN - Accuracy 94.500 Loss 0.1462
* VALID - Accuracy 92.650 Loss 0.1800
Epoch:9
LR: 0.01
* TRAIN - Accuracy 94.930 Loss 0.1301
* VALID - Accuracy 86.400 Loss 0.3575
Epoch:10
LR: 0.01
* TRAIN - Accuracy 94.880 Loss 0.1294
* VALID - Accuracy 90.350 Loss 0.2383
Epoch:11
LR: 0.01
* TRAIN - Accuracy 95.540 Loss 0.1158
* VALID - Accuracy 80.350 Loss 0.4838
validation split name: 1
* VALID - Accuracy 80.350 Loss 0.4838
============================== Task: 2 ==============================
Epoch:0
LR: 0.001
* TRAIN - Accuracy 65.620 Loss 0.6173
* VALID - Accuracy 70.250 Loss 0.5659
Epoch:1
LR: 0.001
* TRAIN - Accuracy 72.500 Loss 0.5427
* VALID - Accuracy 73.250 Loss 0.5362
Epoch:2
LR: 0.001
* TRAIN - Accuracy 74.530 Loss 0.5165
* VALID - Accuracy 75.700 Loss 0.5023
Epoch:3
LR: 0.001
* TRAIN - Accuracy 75.540 Loss 0.5028
* VALID - Accuracy 76.200 Loss 0.4861
Epoch:4
LR: 0.001
* TRAIN - Accuracy 77.160 Loss 0.4842
* VALID - Accuracy 76.550 Loss 0.4838
Epoch:5
LR: 0.001
* TRAIN - Accuracy 77.790 Loss 0.4783
* VALID - Accuracy 77.850 Loss 0.4676
Epoch:6
LR: 0.001
* TRAIN - Accuracy 78.270 Loss 0.4667
* VALID - Accuracy 77.950 Loss 0.4629
Epoch:7
LR: 0.001
* TRAIN - Accuracy 78.980 Loss 0.4570
* VALID - Accuracy 78.000 Loss 0.4572
Epoch:8
LR: 0.001
* TRAIN - Accuracy 79.520 Loss 0.4485
* VALID - Accuracy 78.550 Loss 0.4423
Epoch:9
LR: 0.001
* TRAIN - Accuracy 79.330 Loss 0.4429
* VALID - Accuracy 79.200 Loss 0.4382
Epoch:10
LR: 0.001
* TRAIN - Accuracy 80.130 Loss 0.4371
* VALID - Accuracy 79.700 Loss 0.4429
Epoch:11
LR: 0.001
* TRAIN - Accuracy 80.580 Loss 0.4293
* VALID - Accuracy 78.250 Loss 0.4553
validation split name: 1
* VALID - Accuracy 87.500 Loss 0.3962
validation split name: 2
* VALID - Accuracy 78.250 Loss 0.4553
============================== Task: 3 ==============================
Epoch:0
LR: 0.001
* TRAIN - Accuracy 74.130 Loss 0.5243
* VALID - Accuracy 77.300 Loss 0.4694
Epoch:1
LR: 0.001
* TRAIN - Accuracy 78.480 Loss 0.4600
* VALID - Accuracy 77.900 Loss 0.4560
Epoch:2
LR: 0.001
* TRAIN - Accuracy 81.130 Loss 0.4167
* VALID - Accuracy 80.650 Loss 0.4489
Epoch:3
LR: 0.001
* TRAIN - Accuracy 82.350 Loss 0.3997
* VALID - Accuracy 83.350 Loss 0.3808
Epoch:4
LR: 0.001
* TRAIN - Accuracy 82.740 Loss 0.3845
* VALID - Accuracy 84.400 Loss 0.3666
Epoch:5
LR: 0.001
* TRAIN - Accuracy 83.780 Loss 0.3728
* VALID - Accuracy 83.850 Loss 0.4029
Epoch:6
LR: 0.001
* TRAIN - Accuracy 84.350 Loss 0.3607
* VALID - Accuracy 83.400 Loss 0.3951
Epoch:7
LR: 0.001
* TRAIN - Accuracy 85.000 Loss 0.3475
* VALID - Accuracy 85.100 Loss 0.3531
Epoch:8
LR: 0.001
* TRAIN - Accuracy 85.220 Loss 0.3418
* VALID - Accuracy 85.500 Loss 0.3564
Epoch:9
LR: 0.001
* TRAIN - Accuracy 85.430 Loss 0.3348
* VALID - Accuracy 84.400 Loss 0.3692
Epoch:10
LR: 0.001
* TRAIN - Accuracy 86.390 Loss 0.3280
* VALID - Accuracy 85.900 Loss 0.3359
Epoch:11
LR: 0.001
* TRAIN - Accuracy 86.690 Loss 0.3185
* VALID - Accuracy 87.300 Loss 0.3100
validation split name: 1
* VALID - Accuracy 79.850 Loss 0.5306
validation split name: 2
* VALID - Accuracy 71.000 Loss 0.5922
validation split name: 3
* VALID - Accuracy 87.300 Loss 0.3100
============================== Task: 4 ==============================
Epoch:0
LR: 0.001
* TRAIN - Accuracy 65.950 Loss 0.6319
* VALID - Accuracy 79.450 Loss 0.4914
Epoch:1
LR: 0.001
* TRAIN - Accuracy 77.720 Loss 0.4758
* VALID - Accuracy 85.600 Loss 0.3784
Epoch:2
LR: 0.001
* TRAIN - Accuracy 83.180 Loss 0.3934
* VALID - Accuracy 88.250 Loss 0.3075
Epoch:3
LR: 0.001
* TRAIN - Accuracy 86.340 Loss 0.3288
* VALID - Accuracy 89.150 Loss 0.2738
Epoch:4
LR: 0.001
* TRAIN - Accuracy 88.120 Loss 0.2888
* VALID - Accuracy 90.750 Loss 0.2308
Epoch:5
LR: 0.001
* TRAIN - Accuracy 89.710 Loss 0.2542
* VALID - Accuracy 91.300 Loss 0.2134
Epoch:6
LR: 0.001
* TRAIN - Accuracy 91.300 Loss 0.2235
* VALID - Accuracy 91.800 Loss 0.1955
Epoch:7
LR: 0.001
* TRAIN - Accuracy 91.910 Loss 0.2002
* VALID - Accuracy 92.850 Loss 0.1765
Epoch:8
LR: 0.001
* TRAIN - Accuracy 92.590 Loss 0.1851
* VALID - Accuracy 93.250 Loss 0.1677
Epoch:9
LR: 0.001
* TRAIN - Accuracy 93.460 Loss 0.1713
* VALID - Accuracy 93.150 Loss 0.1608
Epoch:10
LR: 0.001
* TRAIN - Accuracy 93.570 Loss 0.1611
* VALID - Accuracy 91.850 Loss 0.1800
Epoch:11
LR: 0.001
* TRAIN - Accuracy 94.020 Loss 0.1563
* VALID - Accuracy 94.050 Loss 0.1421
validation split name: 1
* VALID - Accuracy 67.200 Loss 1.0788
validation split name: 2
* VALID - Accuracy 66.450 Loss 0.6976
validation split name: 3
* VALID - Accuracy 77.500 Loss 0.5010
validation split name: 4
* VALID - Accuracy 94.050 Loss 0.1421
============================== Task: 5 ==============================
Epoch:0
LR: 0.001
* TRAIN - Accuracy 79.990 Loss 0.4565
* VALID - Accuracy 84.900 Loss 0.3338
Epoch:1
LR: 0.001
* TRAIN - Accuracy 86.730 Loss 0.3138
* VALID - Accuracy 88.500 Loss 0.2746
Epoch:2
LR: 0.001
* TRAIN - Accuracy 89.350 Loss 0.2653
* VALID - Accuracy 89.800 Loss 0.2409
Epoch:3
LR: 0.001
* TRAIN - Accuracy 90.190 Loss 0.2436
* VALID - Accuracy 90.650 Loss 0.2203
Epoch:4
LR: 0.001
* TRAIN - Accuracy 91.040 Loss 0.2237
* VALID - Accuracy 91.700 Loss 0.2082
Epoch:5
LR: 0.001
* TRAIN - Accuracy 91.980 Loss 0.2034
* VALID - Accuracy 92.100 Loss 0.1961
Epoch:6
LR: 0.001
* TRAIN - Accuracy 92.210 Loss 0.1952
* VALID - Accuracy 92.800 Loss 0.1831
Epoch:7
LR: 0.001
* TRAIN - Accuracy 92.560 Loss 0.1872
* VALID - Accuracy 92.950 Loss 0.1799
Epoch:8
LR: 0.001
* TRAIN - Accuracy 92.950 Loss 0.1813
* VALID - Accuracy 93.300 Loss 0.1733
Epoch:9
LR: 0.001
* TRAIN - Accuracy 92.950 Loss 0.1761
* VALID - Accuracy 92.300 Loss 0.1910
Epoch:10
LR: 0.001
* TRAIN - Accuracy 93.450 Loss 0.1691
* VALID - Accuracy 93.550 Loss 0.1677
Epoch:11
LR: 0.001
* TRAIN - Accuracy 93.830 Loss 0.1614
* VALID - Accuracy 93.600 Loss 0.1632
validation split name: 1
* VALID - Accuracy 91.400 Loss 0.2559
validation split name: 2
* VALID - Accuracy 69.500 Loss 0.6028
validation split name: 3
* VALID - Accuracy 66.750 Loss 0.7130
validation split name: 4
* VALID - Accuracy 79.350 Loss 0.4633
validation split name: 5
* VALID - Accuracy 93.600 Loss 0.1632
OrderedDict([('1', OrderedDict([('1', 80.35), ('2', 87.5), ('3', 79.85), ('4', 67.2), ('5', 91.4)])), ('2', OrderedDict([('2', 78.25), ('3', 71.0), ('4', 66.45), ('5', 69.5)])), ('3', OrderedDict([('3', 87.3), ('4', 77.5), ('5', 66.75)])), ('4', OrderedDict([('4', 94.05), ('5', 79.35)])), ('5', OrderedDict([('5', 93.6)]))])
Task 1 average acc: 80.35
Task 2 average acc: 82.875
Task 3 average acc: 79.38333333333333
Task 4 average acc: 76.3
Task 5 average acc: 80.12
===Summary of experiment repeats: 10 / 10 ===
The regularization coefficient: 0.0
The last avg acc of all repeats: [72.53 77.76 70.13 58.45 69.63 76.92 74.01 62.59 66.87 80.12]
mean: 70.901 std: 6.504941890593643
reg_coef: 0.0 mean: 70.901 std: 6.504941890593643
