Files already downloaded and verified
Files already downloaded and verified
split_boundaries: [0, 2, 4, 6, 8, 10]
{'1': [0, 1], '2': [2, 3], '3': [4, 5], '4': [6, 7], '5': [8, 9]}
CNN(
  (c1): Sequential(
    (0): Conv2d(3, 32, kernel_size=(3, 3), stride=(1, 1), padding=(1, 1))
    (1): BatchNorm2d(32, eps=1e-05, momentum=0.1, affine=True, track_running_stats=True)
    (2): ReLU()
    (3): Conv2d(32, 32, kernel_size=(3, 3), stride=(1, 1), padding=(1, 1))
    (4): BatchNorm2d(32, eps=1e-05, momentum=0.1, affine=True, track_running_stats=True)
    (5): ReLU()
    (6): Conv2d(32, 64, kernel_size=(3, 3), stride=(1, 1), padding=(1, 1))
    (7): BatchNorm2d(64, eps=1e-05, momentum=0.1, affine=True, track_running_stats=True)
    (8): ReLU()
    (9): MaxPool2d(kernel_size=2, stride=2, padding=0, dilation=1, ceil_mode=False)
  )
  (c2): Sequential(
    (0): Conv2d(64, 64, kernel_size=(3, 3), stride=(1, 1), padding=(1, 1))
    (1): BatchNorm2d(64, eps=1e-05, momentum=0.1, affine=True, track_running_stats=True)
    (2): ReLU()
    (3): Conv2d(64, 128, kernel_size=(3, 3), stride=(1, 1), padding=(1, 1))
    (4): BatchNorm2d(128, eps=1e-05, momentum=0.1, affine=True, track_running_stats=True)
    (5): ReLU()
    (6): MaxPool2d(kernel_size=2, stride=2, padding=0, dilation=1, ceil_mode=False)
  )
  (c3): Sequential(
    (0): Conv2d(128, 128, kernel_size=(3, 3), stride=(1, 1), padding=(1, 1))
    (1): BatchNorm2d(128, eps=1e-05, momentum=0.1, affine=True, track_running_stats=True)
    (2): ReLU()
    (3): Conv2d(128, 128, kernel_size=(3, 3), stride=(1, 1), padding=(1, 1))
    (4): BatchNorm2d(128, eps=1e-05, momentum=0.1, affine=True, track_running_stats=True)
    (5): ReLU()
    (6): MaxPool2d(kernel_size=2, stride=2, padding=0, dilation=1, ceil_mode=False)
  )
  (fc1): Sequential(
    (0): Linear(in_features=2048, out_features=256, bias=True)
    (1): ReLU()
  )
  (last): ModuleDict(
    (1): Linear(in_features=256, out_features=2, bias=True)
    (2): Linear(in_features=256, out_features=2, bias=True)
    (3): Linear(in_features=256, out_features=2, bias=True)
    (4): Linear(in_features=256, out_features=2, bias=True)
    (5): Linear(in_features=256, out_features=2, bias=True)
  )
)
#parameter of model: 962858
Task order: ['1', '2', '3', '4', '5']
============================== Task: 1 ==============================
Epoch:0
LR: 0.001
* TRAIN - Accuracy 80.790 Loss 0.4365
* VALID - Accuracy 89.950 Loss 0.2432
Epoch:1
LR: 0.001
* TRAIN - Accuracy 90.030 Loss 0.2459
* VALID - Accuracy 92.650 Loss 0.1899
Epoch:2
LR: 0.001
* TRAIN - Accuracy 92.280 Loss 0.1958
* VALID - Accuracy 91.600 Loss 0.2064
Epoch:3
LR: 0.001
* TRAIN - Accuracy 93.980 Loss 0.1510
* VALID - Accuracy 95.850 Loss 0.1079
Epoch:4
LR: 0.001
* TRAIN - Accuracy 95.440 Loss 0.1165
* VALID - Accuracy 95.900 Loss 0.1133
Epoch:5
LR: 0.001
* TRAIN - Accuracy 96.430 Loss 0.0892
* VALID - Accuracy 96.600 Loss 0.0874
Epoch:6
LR: 0.001
* TRAIN - Accuracy 97.130 Loss 0.0783
* VALID - Accuracy 97.500 Loss 0.0726
Epoch:7
LR: 0.001
* TRAIN - Accuracy 97.120 Loss 0.0766
* VALID - Accuracy 97.000 Loss 0.0994
Epoch:8
LR: 0.001
* TRAIN - Accuracy 97.550 Loss 0.0671
* VALID - Accuracy 98.250 Loss 0.0496
Epoch:9
LR: 0.001
* TRAIN - Accuracy 97.930 Loss 0.0595
* VALID - Accuracy 97.250 Loss 0.0814
Epoch:10
LR: 0.001
* TRAIN - Accuracy 98.070 Loss 0.0551
* VALID - Accuracy 97.550 Loss 0.0648
Epoch:11
LR: 0.001
* TRAIN - Accuracy 98.290 Loss 0.0464
* VALID - Accuracy 98.200 Loss 0.0499
validation split name: 1
* VALID - Accuracy 98.200 Loss 0.0499
============================== Task: 2 ==============================
Epoch:0
LR: 0.0001
* TRAIN - Accuracy 69.910 Loss 0.5681
* VALID - Accuracy 77.850 Loss 0.4532
Epoch:1
LR: 0.0001
* TRAIN - Accuracy 79.220 Loss 0.4433
* VALID - Accuracy 81.050 Loss 0.4103
Epoch:2
LR: 0.0001
* TRAIN - Accuracy 81.960 Loss 0.3975
* VALID - Accuracy 82.000 Loss 0.3896
Epoch:3
LR: 0.0001
* TRAIN - Accuracy 83.410 Loss 0.3747
* VALID - Accuracy 83.700 Loss 0.3620
Epoch:4
LR: 0.0001
* TRAIN - Accuracy 84.570 Loss 0.3462
* VALID - Accuracy 84.400 Loss 0.3611
Epoch:5
LR: 0.0001
* TRAIN - Accuracy 85.850 Loss 0.3242
* VALID - Accuracy 85.350 Loss 0.3327
Epoch:6
LR: 0.0001
* TRAIN - Accuracy 86.360 Loss 0.3143
* VALID - Accuracy 86.050 Loss 0.3205
Epoch:7
LR: 0.0001
* TRAIN - Accuracy 87.060 Loss 0.3026
* VALID - Accuracy 87.050 Loss 0.3071
Epoch:8
LR: 0.0001
* TRAIN - Accuracy 88.140 Loss 0.2819
* VALID - Accuracy 86.750 Loss 0.3201
Epoch:9
LR: 0.0001
* TRAIN - Accuracy 88.360 Loss 0.2708
* VALID - Accuracy 87.050 Loss 0.3056
Epoch:10
LR: 0.0001
* TRAIN - Accuracy 88.860 Loss 0.2642
* VALID - Accuracy 86.450 Loss 0.3106
Epoch:11
LR: 0.0001
* TRAIN - Accuracy 89.140 Loss 0.2564
* VALID - Accuracy 85.000 Loss 0.3644
validation split name: 1
* VALID - Accuracy 92.250 Loss 0.2384
validation split name: 2
* VALID - Accuracy 85.000 Loss 0.3644
============================== Task: 3 ==============================
Epoch:0
LR: 0.0001
* TRAIN - Accuracy 81.560 Loss 0.4072
* VALID - Accuracy 88.600 Loss 0.2843
Epoch:1
LR: 0.0001
* TRAIN - Accuracy 88.130 Loss 0.2847
* VALID - Accuracy 89.700 Loss 0.2530
Epoch:2
LR: 0.0001
* TRAIN - Accuracy 89.680 Loss 0.2557
* VALID - Accuracy 90.500 Loss 0.2475
Epoch:3
LR: 0.0001
* TRAIN - Accuracy 90.830 Loss 0.2293
* VALID - Accuracy 90.750 Loss 0.2238
Epoch:4
LR: 0.0001
* TRAIN - Accuracy 91.400 Loss 0.2147
* VALID - Accuracy 92.550 Loss 0.1991
Epoch:5
LR: 0.0001
* TRAIN - Accuracy 92.060 Loss 0.2000
* VALID - Accuracy 91.250 Loss 0.2130
Epoch:6
LR: 0.0001
* TRAIN - Accuracy 92.220 Loss 0.1883
* VALID - Accuracy 92.600 Loss 0.1860
Epoch:7
LR: 0.0001
* TRAIN - Accuracy 92.900 Loss 0.1808
* VALID - Accuracy 92.300 Loss 0.1879
Epoch:8
LR: 0.0001
* TRAIN - Accuracy 92.940 Loss 0.1744
* VALID - Accuracy 91.350 Loss 0.2253
Epoch:9
LR: 0.0001
* TRAIN - Accuracy 93.430 Loss 0.1669
* VALID - Accuracy 92.700 Loss 0.1821
Epoch:10
LR: 0.0001
* TRAIN - Accuracy 93.630 Loss 0.1616
* VALID - Accuracy 91.400 Loss 0.2504
Epoch:11
LR: 0.0001
* TRAIN - Accuracy 93.770 Loss 0.1591
* VALID - Accuracy 93.000 Loss 0.1761
validation split name: 1
* VALID - Accuracy 88.500 Loss 0.2893
validation split name: 2
* VALID - Accuracy 72.000 Loss 0.7243
validation split name: 3
* VALID - Accuracy 93.000 Loss 0.1761
============================== Task: 4 ==============================
Epoch:0
LR: 0.0001
* TRAIN - Accuracy 86.530 Loss 0.2982
* VALID - Accuracy 93.950 Loss 0.1466
Epoch:1
LR: 0.0001
* TRAIN - Accuracy 94.290 Loss 0.1429
* VALID - Accuracy 94.250 Loss 0.1334
Epoch:2
LR: 0.0001
* TRAIN - Accuracy 95.530 Loss 0.1177
* VALID - Accuracy 95.600 Loss 0.1045
Epoch:3
LR: 0.0001
* TRAIN - Accuracy 96.210 Loss 0.0990
* VALID - Accuracy 96.100 Loss 0.0982
Epoch:4
LR: 0.0001
* TRAIN - Accuracy 96.500 Loss 0.0945
* VALID - Accuracy 96.050 Loss 0.0964
Epoch:5
LR: 0.0001
* TRAIN - Accuracy 96.840 Loss 0.0843
* VALID - Accuracy 96.650 Loss 0.0868
Epoch:6
LR: 0.0001
* TRAIN - Accuracy 97.000 Loss 0.0767
* VALID - Accuracy 96.050 Loss 0.1012
Epoch:7
LR: 0.0001
* TRAIN - Accuracy 97.440 Loss 0.0734
* VALID - Accuracy 97.300 Loss 0.0645
Epoch:8
LR: 0.0001
* TRAIN - Accuracy 97.590 Loss 0.0659
* VALID - Accuracy 97.150 Loss 0.0661
Epoch:9
LR: 0.0001
* TRAIN - Accuracy 97.670 Loss 0.0612
* VALID - Accuracy 97.300 Loss 0.0722
Epoch:10
LR: 0.0001
* TRAIN - Accuracy 97.810 Loss 0.0592
* VALID - Accuracy 96.850 Loss 0.0785
Epoch:11
LR: 0.0001
* TRAIN - Accuracy 98.020 Loss 0.0552
* VALID - Accuracy 97.500 Loss 0.0628
validation split name: 1
* VALID - Accuracy 60.150 Loss 1.4922
validation split name: 2
* VALID - Accuracy 54.900 Loss 1.5533
validation split name: 3
* VALID - Accuracy 75.750 Loss 0.6364
validation split name: 4
* VALID - Accuracy 97.500 Loss 0.0628
============================== Task: 5 ==============================
Epoch:0
LR: 0.0001
* TRAIN - Accuracy 83.540 Loss 0.3519
* VALID - Accuracy 92.350 Loss 0.1963
Epoch:1
LR: 0.0001
* TRAIN - Accuracy 93.510 Loss 0.1625
* VALID - Accuracy 93.650 Loss 0.1599
Epoch:2
LR: 0.0001
* TRAIN - Accuracy 94.630 Loss 0.1357
* VALID - Accuracy 95.300 Loss 0.1265
Epoch:3
LR: 0.0001
* TRAIN - Accuracy 95.360 Loss 0.1180
* VALID - Accuracy 94.900 Loss 0.1237
Epoch:4
LR: 0.0001
* TRAIN - Accuracy 95.870 Loss 0.1073
* VALID - Accuracy 95.850 Loss 0.1102
Epoch:5
LR: 0.0001
* TRAIN - Accuracy 96.250 Loss 0.0956
* VALID - Accuracy 96.300 Loss 0.0962
Epoch:6
LR: 0.0001
* TRAIN - Accuracy 96.600 Loss 0.0893
* VALID - Accuracy 95.600 Loss 0.1036
Epoch:7
LR: 0.0001
* TRAIN - Accuracy 97.070 Loss 0.0812
* VALID - Accuracy 96.000 Loss 0.1082
Epoch:8
LR: 0.0001
* TRAIN - Accuracy 97.230 Loss 0.0768
* VALID - Accuracy 96.600 Loss 0.0955
Epoch:9
LR: 0.0001
* TRAIN - Accuracy 97.290 Loss 0.0696
* VALID - Accuracy 95.200 Loss 0.1497
Epoch:10
LR: 0.0001
* TRAIN - Accuracy 97.540 Loss 0.0653
* VALID - Accuracy 96.050 Loss 0.1093
Epoch:11
LR: 0.0001
* TRAIN - Accuracy 97.640 Loss 0.0650
* VALID - Accuracy 96.400 Loss 0.0955
validation split name: 1
* VALID - Accuracy 27.750 Loss 3.9868
validation split name: 2
* VALID - Accuracy 55.400 Loss 1.0557
validation split name: 3
* VALID - Accuracy 63.300 Loss 0.8768
validation split name: 4
* VALID - Accuracy 90.500 Loss 0.2384
validation split name: 5
* VALID - Accuracy 96.400 Loss 0.0955
OrderedDict([('1', OrderedDict([('1', 98.2), ('2', 92.25), ('3', 88.5), ('4', 60.15), ('5', 27.75)])), ('2', OrderedDict([('2', 85.0), ('3', 72.0), ('4', 54.9), ('5', 55.4)])), ('3', OrderedDict([('3', 93.0), ('4', 75.75), ('5', 63.3)])), ('4', OrderedDict([('4', 97.5), ('5', 90.5)])), ('5', OrderedDict([('5', 96.4)]))])
Task 1 average acc: 98.2
Task 2 average acc: 88.625
Task 3 average acc: 84.5
Task 4 average acc: 72.075
Task 5 average acc: 66.67
===Summary of experiment repeats: 1 / 10 ===
The regularization coefficient: 0.0
The last avg acc of all repeats: [66.67  0.    0.    0.    0.    0.    0.    0.    0.    0.  ]
mean: 6.667 std: 20.000999999999998
Files already downloaded and verified
Files already downloaded and verified
split_boundaries: [0, 2, 4, 6, 8, 10]
{'1': [0, 1], '2': [2, 3], '3': [4, 5], '4': [6, 7], '5': [8, 9]}
CNN(
  (c1): Sequential(
    (0): Conv2d(3, 32, kernel_size=(3, 3), stride=(1, 1), padding=(1, 1))
    (1): BatchNorm2d(32, eps=1e-05, momentum=0.1, affine=True, track_running_stats=True)
    (2): ReLU()
    (3): Conv2d(32, 32, kernel_size=(3, 3), stride=(1, 1), padding=(1, 1))
    (4): BatchNorm2d(32, eps=1e-05, momentum=0.1, affine=True, track_running_stats=True)
    (5): ReLU()
    (6): Conv2d(32, 64, kernel_size=(3, 3), stride=(1, 1), padding=(1, 1))
    (7): BatchNorm2d(64, eps=1e-05, momentum=0.1, affine=True, track_running_stats=True)
    (8): ReLU()
    (9): MaxPool2d(kernel_size=2, stride=2, padding=0, dilation=1, ceil_mode=False)
  )
  (c2): Sequential(
    (0): Conv2d(64, 64, kernel_size=(3, 3), stride=(1, 1), padding=(1, 1))
    (1): BatchNorm2d(64, eps=1e-05, momentum=0.1, affine=True, track_running_stats=True)
    (2): ReLU()
    (3): Conv2d(64, 128, kernel_size=(3, 3), stride=(1, 1), padding=(1, 1))
    (4): BatchNorm2d(128, eps=1e-05, momentum=0.1, affine=True, track_running_stats=True)
    (5): ReLU()
    (6): MaxPool2d(kernel_size=2, stride=2, padding=0, dilation=1, ceil_mode=False)
  )
  (c3): Sequential(
    (0): Conv2d(128, 128, kernel_size=(3, 3), stride=(1, 1), padding=(1, 1))
    (1): BatchNorm2d(128, eps=1e-05, momentum=0.1, affine=True, track_running_stats=True)
    (2): ReLU()
    (3): Conv2d(128, 128, kernel_size=(3, 3), stride=(1, 1), padding=(1, 1))
    (4): BatchNorm2d(128, eps=1e-05, momentum=0.1, affine=True, track_running_stats=True)
    (5): ReLU()
    (6): MaxPool2d(kernel_size=2, stride=2, padding=0, dilation=1, ceil_mode=False)
  )
  (fc1): Sequential(
    (0): Linear(in_features=2048, out_features=256, bias=True)
    (1): ReLU()
  )
  (last): ModuleDict(
    (1): Linear(in_features=256, out_features=2, bias=True)
    (2): Linear(in_features=256, out_features=2, bias=True)
    (3): Linear(in_features=256, out_features=2, bias=True)
    (4): Linear(in_features=256, out_features=2, bias=True)
    (5): Linear(in_features=256, out_features=2, bias=True)
  )
)
#parameter of model: 962858
Task order: ['1', '2', '3', '4', '5']
============================== Task: 1 ==============================
Epoch:0
LR: 0.001
* TRAIN - Accuracy 82.520 Loss 0.4029
* VALID - Accuracy 90.150 Loss 0.2682
Epoch:1
LR: 0.001
* TRAIN - Accuracy 91.640 Loss 0.2120
* VALID - Accuracy 92.350 Loss 0.1831
Epoch:2
LR: 0.001
* TRAIN - Accuracy 93.810 Loss 0.1583
* VALID - Accuracy 93.350 Loss 0.1539
Epoch:3
LR: 0.001
* TRAIN - Accuracy 95.420 Loss 0.1154
* VALID - Accuracy 97.150 Loss 0.0732
Epoch:4
LR: 0.001
* TRAIN - Accuracy 96.350 Loss 0.0906
* VALID - Accuracy 97.800 Loss 0.0614
Epoch:5
LR: 0.001
* TRAIN - Accuracy 97.300 Loss 0.0721
* VALID - Accuracy 97.050 Loss 0.0888
Epoch:6
LR: 0.001
* TRAIN - Accuracy 97.410 Loss 0.0679
* VALID - Accuracy 96.650 Loss 0.0807
Epoch:7
LR: 0.001
* TRAIN - Accuracy 97.620 Loss 0.0606
* VALID - Accuracy 98.400 Loss 0.0554
Epoch:8
LR: 0.001
* TRAIN - Accuracy 97.810 Loss 0.0577
* VALID - Accuracy 96.200 Loss 0.0986
Epoch:9
LR: 0.001
* TRAIN - Accuracy 97.770 Loss 0.0581
* VALID - Accuracy 97.650 Loss 0.0660
Epoch:10
LR: 0.001
* TRAIN - Accuracy 98.160 Loss 0.0515
* VALID - Accuracy 98.150 Loss 0.0549
Epoch:11
LR: 0.001
* TRAIN - Accuracy 98.340 Loss 0.0455
* VALID - Accuracy 98.400 Loss 0.0458
validation split name: 1
* VALID - Accuracy 98.400 Loss 0.0458
============================== Task: 2 ==============================
Epoch:0
LR: 0.0001
* TRAIN - Accuracy 72.230 Loss 0.5396
* VALID - Accuracy 79.200 Loss 0.4545
Epoch:1
LR: 0.0001
* TRAIN - Accuracy 79.910 Loss 0.4327
* VALID - Accuracy 81.750 Loss 0.4037
Epoch:2
LR: 0.0001
* TRAIN - Accuracy 81.910 Loss 0.3925
* VALID - Accuracy 81.950 Loss 0.3846
Epoch:3
LR: 0.0001
* TRAIN - Accuracy 83.540 Loss 0.3701
* VALID - Accuracy 83.800 Loss 0.3669
Epoch:4
LR: 0.0001
* TRAIN - Accuracy 84.530 Loss 0.3448
* VALID - Accuracy 83.700 Loss 0.3680
Epoch:5
LR: 0.0001
* TRAIN - Accuracy 85.470 Loss 0.3272
* VALID - Accuracy 84.350 Loss 0.3640
Epoch:6
LR: 0.0001
* TRAIN - Accuracy 86.130 Loss 0.3129
* VALID - Accuracy 85.500 Loss 0.3295
Epoch:7
LR: 0.0001
* TRAIN - Accuracy 87.080 Loss 0.2999
* VALID - Accuracy 85.750 Loss 0.3279
Epoch:8
LR: 0.0001
* TRAIN - Accuracy 88.030 Loss 0.2855
* VALID - Accuracy 85.400 Loss 0.3505
Epoch:9
LR: 0.0001
* TRAIN - Accuracy 88.680 Loss 0.2717
* VALID - Accuracy 86.050 Loss 0.3232
Epoch:10
LR: 0.0001
* TRAIN - Accuracy 88.720 Loss 0.2650
* VALID - Accuracy 86.600 Loss 0.3399
Epoch:11
LR: 0.0001
* TRAIN - Accuracy 89.230 Loss 0.2539
* VALID - Accuracy 87.000 Loss 0.3144
validation split name: 1
* VALID - Accuracy 92.100 Loss 0.2443
validation split name: 2
* VALID - Accuracy 87.000 Loss 0.3144
============================== Task: 3 ==============================
Epoch:0
LR: 0.0001
* TRAIN - Accuracy 78.220 Loss 0.4672
* VALID - Accuracy 87.400 Loss 0.3042
Epoch:1
LR: 0.0001
* TRAIN - Accuracy 87.730 Loss 0.2945
* VALID - Accuracy 89.800 Loss 0.2526
Epoch:2
LR: 0.0001
* TRAIN - Accuracy 89.450 Loss 0.2528
* VALID - Accuracy 90.300 Loss 0.2370
Epoch:3
LR: 0.0001
* TRAIN - Accuracy 90.680 Loss 0.2285
* VALID - Accuracy 91.550 Loss 0.2220
Epoch:4
LR: 0.0001
* TRAIN - Accuracy 91.580 Loss 0.2129
* VALID - Accuracy 91.400 Loss 0.2107
Epoch:5
LR: 0.0001
* TRAIN - Accuracy 91.920 Loss 0.2012
* VALID - Accuracy 91.950 Loss 0.2340
Epoch:6
LR: 0.0001
* TRAIN - Accuracy 92.670 Loss 0.1915
* VALID - Accuracy 92.800 Loss 0.1900
Epoch:7
LR: 0.0001
* TRAIN - Accuracy 92.760 Loss 0.1830
* VALID - Accuracy 93.300 Loss 0.1840
Epoch:8
LR: 0.0001
* TRAIN - Accuracy 93.160 Loss 0.1701
* VALID - Accuracy 93.200 Loss 0.1877
Epoch:9
LR: 0.0001
* TRAIN - Accuracy 93.720 Loss 0.1641
* VALID - Accuracy 93.250 Loss 0.1865
Epoch:10
LR: 0.0001
* TRAIN - Accuracy 93.570 Loss 0.1639
* VALID - Accuracy 93.850 Loss 0.1762
Epoch:11
LR: 0.0001
* TRAIN - Accuracy 93.990 Loss 0.1592
* VALID - Accuracy 93.550 Loss 0.1806
validation split name: 1
* VALID - Accuracy 85.000 Loss 0.4151
validation split name: 2
* VALID - Accuracy 72.950 Loss 0.6640
validation split name: 3
* VALID - Accuracy 93.550 Loss 0.1806
============================== Task: 4 ==============================
Epoch:0
LR: 0.0001
* TRAIN - Accuracy 86.930 Loss 0.2907
* VALID - Accuracy 93.650 Loss 0.1525
Epoch:1
LR: 0.0001
* TRAIN - Accuracy 94.530 Loss 0.1330
* VALID - Accuracy 95.400 Loss 0.1103
Epoch:2
LR: 0.0001
* TRAIN - Accuracy 95.800 Loss 0.1087
* VALID - Accuracy 96.150 Loss 0.0961
Epoch:3
LR: 0.0001
* TRAIN - Accuracy 96.230 Loss 0.0950
* VALID - Accuracy 96.050 Loss 0.1001
Epoch:4
LR: 0.0001
* TRAIN - Accuracy 96.470 Loss 0.0909
* VALID - Accuracy 96.300 Loss 0.0894
Epoch:5
LR: 0.0001
* TRAIN - Accuracy 97.090 Loss 0.0790
* VALID - Accuracy 97.250 Loss 0.0784
Epoch:6
LR: 0.0001
* TRAIN - Accuracy 97.150 Loss 0.0733
* VALID - Accuracy 97.100 Loss 0.0766
Epoch:7
LR: 0.0001
* TRAIN - Accuracy 97.550 Loss 0.0650
* VALID - Accuracy 96.850 Loss 0.0764
Epoch:8
LR: 0.0001
* TRAIN - Accuracy 97.770 Loss 0.0595
* VALID - Accuracy 97.050 Loss 0.0766
Epoch:9
LR: 0.0001
* TRAIN - Accuracy 97.580 Loss 0.0592
* VALID - Accuracy 97.300 Loss 0.0671
Epoch:10
LR: 0.0001
* TRAIN - Accuracy 97.580 Loss 0.0603
* VALID - Accuracy 96.950 Loss 0.0762
Epoch:11
LR: 0.0001
* TRAIN - Accuracy 98.020 Loss 0.0542
* VALID - Accuracy 95.850 Loss 0.1153
validation split name: 1
* VALID - Accuracy 68.700 Loss 1.1292
validation split name: 2
* VALID - Accuracy 68.500 Loss 0.6327
validation split name: 3
* VALID - Accuracy 87.400 Loss 0.3011
validation split name: 4
* VALID - Accuracy 95.850 Loss 0.1153
============================== Task: 5 ==============================
Epoch:0
LR: 0.0001
* TRAIN - Accuracy 83.100 Loss 0.3703
* VALID - Accuracy 92.550 Loss 0.1958
Epoch:1
LR: 0.0001
* TRAIN - Accuracy 93.250 Loss 0.1763
* VALID - Accuracy 94.800 Loss 0.1399
Epoch:2
LR: 0.0001
* TRAIN - Accuracy 94.810 Loss 0.1324
* VALID - Accuracy 96.050 Loss 0.1177
Epoch:3
LR: 0.0001
* TRAIN - Accuracy 95.640 Loss 0.1142
* VALID - Accuracy 96.650 Loss 0.1020
Epoch:4
LR: 0.0001
* TRAIN - Accuracy 95.740 Loss 0.1061
* VALID - Accuracy 96.800 Loss 0.1025
Epoch:5
LR: 0.0001
* TRAIN - Accuracy 96.590 Loss 0.0887
* VALID - Accuracy 96.850 Loss 0.0902
Epoch:6
LR: 0.0001
* TRAIN - Accuracy 96.960 Loss 0.0839
* VALID - Accuracy 96.000 Loss 0.0979
Epoch:7
LR: 0.0001
* TRAIN - Accuracy 97.160 Loss 0.0788
* VALID - Accuracy 97.000 Loss 0.0856
Epoch:8
LR: 0.0001
* TRAIN - Accuracy 97.280 Loss 0.0730
* VALID - Accuracy 97.000 Loss 0.0865
Epoch:9
LR: 0.0001
* TRAIN - Accuracy 97.300 Loss 0.0730
* VALID - Accuracy 97.050 Loss 0.0863
Epoch:10
LR: 0.0001
* TRAIN - Accuracy 97.600 Loss 0.0625
* VALID - Accuracy 97.200 Loss 0.0800
Epoch:11
LR: 0.0001
* TRAIN - Accuracy 97.800 Loss 0.0586
* VALID - Accuracy 97.050 Loss 0.0801
validation split name: 1
* VALID - Accuracy 88.200 Loss 0.3445
validation split name: 2
* VALID - Accuracy 50.950 Loss 1.6333
validation split name: 3
* VALID - Accuracy 65.550 Loss 0.9388
validation split name: 4
* VALID - Accuracy 74.400 Loss 0.8227
validation split name: 5
* VALID - Accuracy 97.050 Loss 0.0801
OrderedDict([('1', OrderedDict([('1', 98.4), ('2', 92.1), ('3', 85.0), ('4', 68.7), ('5', 88.2)])), ('2', OrderedDict([('2', 87.0), ('3', 72.95), ('4', 68.5), ('5', 50.95)])), ('3', OrderedDict([('3', 93.55), ('4', 87.4), ('5', 65.55)])), ('4', OrderedDict([('4', 95.85), ('5', 74.4)])), ('5', OrderedDict([('5', 97.05)]))])
Task 1 average acc: 98.4
Task 2 average acc: 89.55
Task 3 average acc: 83.83333333333333
Task 4 average acc: 80.1125
Task 5 average acc: 75.23
===Summary of experiment repeats: 2 / 10 ===
The regularization coefficient: 0.0
The last avg acc of all repeats: [66.67 75.23  0.    0.    0.    0.    0.    0.    0.    0.  ]
mean: 14.190000000000001 std: 28.444473628457253
Files already downloaded and verified
Files already downloaded and verified
split_boundaries: [0, 2, 4, 6, 8, 10]
{'1': [0, 1], '2': [2, 3], '3': [4, 5], '4': [6, 7], '5': [8, 9]}
CNN(
  (c1): Sequential(
    (0): Conv2d(3, 32, kernel_size=(3, 3), stride=(1, 1), padding=(1, 1))
    (1): BatchNorm2d(32, eps=1e-05, momentum=0.1, affine=True, track_running_stats=True)
    (2): ReLU()
    (3): Conv2d(32, 32, kernel_size=(3, 3), stride=(1, 1), padding=(1, 1))
    (4): BatchNorm2d(32, eps=1e-05, momentum=0.1, affine=True, track_running_stats=True)
    (5): ReLU()
    (6): Conv2d(32, 64, kernel_size=(3, 3), stride=(1, 1), padding=(1, 1))
    (7): BatchNorm2d(64, eps=1e-05, momentum=0.1, affine=True, track_running_stats=True)
    (8): ReLU()
    (9): MaxPool2d(kernel_size=2, stride=2, padding=0, dilation=1, ceil_mode=False)
  )
  (c2): Sequential(
    (0): Conv2d(64, 64, kernel_size=(3, 3), stride=(1, 1), padding=(1, 1))
    (1): BatchNorm2d(64, eps=1e-05, momentum=0.1, affine=True, track_running_stats=True)
    (2): ReLU()
    (3): Conv2d(64, 128, kernel_size=(3, 3), stride=(1, 1), padding=(1, 1))
    (4): BatchNorm2d(128, eps=1e-05, momentum=0.1, affine=True, track_running_stats=True)
    (5): ReLU()
    (6): MaxPool2d(kernel_size=2, stride=2, padding=0, dilation=1, ceil_mode=False)
  )
  (c3): Sequential(
    (0): Conv2d(128, 128, kernel_size=(3, 3), stride=(1, 1), padding=(1, 1))
    (1): BatchNorm2d(128, eps=1e-05, momentum=0.1, affine=True, track_running_stats=True)
    (2): ReLU()
    (3): Conv2d(128, 128, kernel_size=(3, 3), stride=(1, 1), padding=(1, 1))
    (4): BatchNorm2d(128, eps=1e-05, momentum=0.1, affine=True, track_running_stats=True)
    (5): ReLU()
    (6): MaxPool2d(kernel_size=2, stride=2, padding=0, dilation=1, ceil_mode=False)
  )
  (fc1): Sequential(
    (0): Linear(in_features=2048, out_features=256, bias=True)
    (1): ReLU()
  )
  (last): ModuleDict(
    (1): Linear(in_features=256, out_features=2, bias=True)
    (2): Linear(in_features=256, out_features=2, bias=True)
    (3): Linear(in_features=256, out_features=2, bias=True)
    (4): Linear(in_features=256, out_features=2, bias=True)
    (5): Linear(in_features=256, out_features=2, bias=True)
  )
)
#parameter of model: 962858
Task order: ['1', '2', '3', '4', '5']
============================== Task: 1 ==============================
Epoch:0
LR: 0.001
* TRAIN - Accuracy 82.820 Loss 0.3936
* VALID - Accuracy 85.500 Loss 0.3442
Epoch:1
LR: 0.001
* TRAIN - Accuracy 90.790 Loss 0.2286
* VALID - Accuracy 92.900 Loss 0.1822
Epoch:2
LR: 0.001
* TRAIN - Accuracy 93.500 Loss 0.1610
* VALID - Accuracy 93.850 Loss 0.1991
Epoch:3
LR: 0.001
* TRAIN - Accuracy 95.300 Loss 0.1198
* VALID - Accuracy 95.850 Loss 0.1116
Epoch:4
LR: 0.001
* TRAIN - Accuracy 96.250 Loss 0.0985
* VALID - Accuracy 93.600 Loss 0.2064
Epoch:5
LR: 0.001
* TRAIN - Accuracy 96.860 Loss 0.0801
* VALID - Accuracy 97.100 Loss 0.0861
Epoch:6
LR: 0.001
* TRAIN - Accuracy 97.040 Loss 0.0783
* VALID - Accuracy 97.650 Loss 0.0675
Epoch:7
LR: 0.001
* TRAIN - Accuracy 97.500 Loss 0.0680
* VALID - Accuracy 97.200 Loss 0.0747
Epoch:8
LR: 0.001
* TRAIN - Accuracy 97.690 Loss 0.0626
* VALID - Accuracy 96.400 Loss 0.1251
Epoch:9
LR: 0.001
* TRAIN - Accuracy 97.970 Loss 0.0530
* VALID - Accuracy 97.450 Loss 0.0802
Epoch:10
LR: 0.001
* TRAIN - Accuracy 98.270 Loss 0.0480
* VALID - Accuracy 97.700 Loss 0.0644
Epoch:11
LR: 0.001
* TRAIN - Accuracy 98.300 Loss 0.0458
* VALID - Accuracy 98.250 Loss 0.0470
validation split name: 1
* VALID - Accuracy 98.250 Loss 0.0470
============================== Task: 2 ==============================
Epoch:0
LR: 0.0001
* TRAIN - Accuracy 70.930 Loss 0.5568
* VALID - Accuracy 78.050 Loss 0.4677
Epoch:1
LR: 0.0001
* TRAIN - Accuracy 79.970 Loss 0.4383
* VALID - Accuracy 81.000 Loss 0.4001
Epoch:2
LR: 0.0001
* TRAIN - Accuracy 82.260 Loss 0.3910
* VALID - Accuracy 82.250 Loss 0.3787
Epoch:3
LR: 0.0001
* TRAIN - Accuracy 84.000 Loss 0.3613
* VALID - Accuracy 83.950 Loss 0.3493
Epoch:4
LR: 0.0001
* TRAIN - Accuracy 85.210 Loss 0.3332
* VALID - Accuracy 85.700 Loss 0.3455
Epoch:5
LR: 0.0001
* TRAIN - Accuracy 86.430 Loss 0.3151
* VALID - Accuracy 85.150 Loss 0.3483
Epoch:6
LR: 0.0001
* TRAIN - Accuracy 87.150 Loss 0.3007
* VALID - Accuracy 86.100 Loss 0.3202
Epoch:7
LR: 0.0001
* TRAIN - Accuracy 87.800 Loss 0.2828
* VALID - Accuracy 87.200 Loss 0.3140
Epoch:8
LR: 0.0001
* TRAIN - Accuracy 88.610 Loss 0.2715
* VALID - Accuracy 87.250 Loss 0.2958
Epoch:9
LR: 0.0001
* TRAIN - Accuracy 88.750 Loss 0.2607
* VALID - Accuracy 87.750 Loss 0.2959
Epoch:10
LR: 0.0001
* TRAIN - Accuracy 89.540 Loss 0.2545
* VALID - Accuracy 86.800 Loss 0.3168
Epoch:11
LR: 0.0001
* TRAIN - Accuracy 90.370 Loss 0.2362
* VALID - Accuracy 86.450 Loss 0.3337
validation split name: 1
* VALID - Accuracy 94.200 Loss 0.2127
validation split name: 2
* VALID - Accuracy 86.450 Loss 0.3337
============================== Task: 3 ==============================
Epoch:0
LR: 0.0001
* TRAIN - Accuracy 78.240 Loss 0.4478
* VALID - Accuracy 87.050 Loss 0.3044
Epoch:1
LR: 0.0001
* TRAIN - Accuracy 87.720 Loss 0.2914
* VALID - Accuracy 90.050 Loss 0.2510
Epoch:2
LR: 0.0001
* TRAIN - Accuracy 89.890 Loss 0.2516
* VALID - Accuracy 90.950 Loss 0.2422
Epoch:3
LR: 0.0001
* TRAIN - Accuracy 90.920 Loss 0.2279
* VALID - Accuracy 91.400 Loss 0.2311
Epoch:4
LR: 0.0001
* TRAIN - Accuracy 91.630 Loss 0.2150
* VALID - Accuracy 92.150 Loss 0.2051
Epoch:5
LR: 0.0001
* TRAIN - Accuracy 92.650 Loss 0.1926
* VALID - Accuracy 93.250 Loss 0.1889
Epoch:6
LR: 0.0001
* TRAIN - Accuracy 92.580 Loss 0.1884
* VALID - Accuracy 92.950 Loss 0.1922
Epoch:7
LR: 0.0001
* TRAIN - Accuracy 92.870 Loss 0.1811
* VALID - Accuracy 91.900 Loss 0.2065
Epoch:8
LR: 0.0001
* TRAIN - Accuracy 93.440 Loss 0.1677
* VALID - Accuracy 93.600 Loss 0.1879
Epoch:9
LR: 0.0001
* TRAIN - Accuracy 93.570 Loss 0.1662
* VALID - Accuracy 94.200 Loss 0.1734
Epoch:10
LR: 0.0001
* TRAIN - Accuracy 93.830 Loss 0.1595
* VALID - Accuracy 92.900 Loss 0.1962
Epoch:11
LR: 0.0001
* TRAIN - Accuracy 94.380 Loss 0.1536
* VALID - Accuracy 92.900 Loss 0.1861
validation split name: 1
* VALID - Accuracy 87.100 Loss 0.3898
validation split name: 2
* VALID - Accuracy 77.600 Loss 0.5120
validation split name: 3
* VALID - Accuracy 92.900 Loss 0.1861
============================== Task: 4 ==============================
Epoch:0
LR: 0.0001
* TRAIN - Accuracy 88.780 Loss 0.2694
* VALID - Accuracy 93.950 Loss 0.1465
Epoch:1
LR: 0.0001
* TRAIN - Accuracy 95.250 Loss 0.1237
* VALID - Accuracy 95.900 Loss 0.1058
Epoch:2
LR: 0.0001
* TRAIN - Accuracy 95.920 Loss 0.1014
* VALID - Accuracy 96.000 Loss 0.1065
Epoch:3
LR: 0.0001
* TRAIN - Accuracy 96.820 Loss 0.0836
* VALID - Accuracy 97.450 Loss 0.0705
Epoch:4
LR: 0.0001
* TRAIN - Accuracy 97.310 Loss 0.0740
* VALID - Accuracy 97.250 Loss 0.0667
Epoch:5
LR: 0.0001
* TRAIN - Accuracy 97.320 Loss 0.0698
* VALID - Accuracy 97.650 Loss 0.0657
Epoch:6
LR: 0.0001
* TRAIN - Accuracy 97.530 Loss 0.0662
* VALID - Accuracy 97.350 Loss 0.0625
Epoch:7
LR: 0.0001
* TRAIN - Accuracy 97.770 Loss 0.0612
* VALID - Accuracy 97.350 Loss 0.0726
Epoch:8
LR: 0.0001
* TRAIN - Accuracy 97.990 Loss 0.0541
* VALID - Accuracy 98.050 Loss 0.0551
Epoch:9
LR: 0.0001
* TRAIN - Accuracy 98.320 Loss 0.0444
* VALID - Accuracy 96.900 Loss 0.0840
Epoch:10
LR: 0.0001
* TRAIN - Accuracy 97.980 Loss 0.0493
* VALID - Accuracy 97.750 Loss 0.0552
Epoch:11
LR: 0.0001
* TRAIN - Accuracy 98.560 Loss 0.0412
* VALID - Accuracy 97.750 Loss 0.0526
validation split name: 1
* VALID - Accuracy 66.400 Loss 1.5344
validation split name: 2
* VALID - Accuracy 72.300 Loss 0.6674
validation split name: 3
* VALID - Accuracy 88.250 Loss 0.3081
validation split name: 4
* VALID - Accuracy 97.750 Loss 0.0526
============================== Task: 5 ==============================
Epoch:0
LR: 0.0001
* TRAIN - Accuracy 86.750 Loss 0.2939
* VALID - Accuracy 94.250 Loss 0.1572
Epoch:1
LR: 0.0001
* TRAIN - Accuracy 94.440 Loss 0.1419
* VALID - Accuracy 95.500 Loss 0.1224
Epoch:2
LR: 0.0001
* TRAIN - Accuracy 95.530 Loss 0.1161
* VALID - Accuracy 95.100 Loss 0.1185
Epoch:3
LR: 0.0001
* TRAIN - Accuracy 96.160 Loss 0.1029
* VALID - Accuracy 94.950 Loss 0.1315
Epoch:4
LR: 0.0001
* TRAIN - Accuracy 96.600 Loss 0.0899
* VALID - Accuracy 95.850 Loss 0.1031
Epoch:5
LR: 0.0001
* TRAIN - Accuracy 96.950 Loss 0.0818
* VALID - Accuracy 96.350 Loss 0.0958
Epoch:6
LR: 0.0001
* TRAIN - Accuracy 97.310 Loss 0.0716
* VALID - Accuracy 96.650 Loss 0.0890
Epoch:7
LR: 0.0001
* TRAIN - Accuracy 97.730 Loss 0.0636
* VALID - Accuracy 95.750 Loss 0.1022
Epoch:8
LR: 0.0001
* TRAIN - Accuracy 97.680 Loss 0.0647
* VALID - Accuracy 96.650 Loss 0.0921
Epoch:9
LR: 0.0001
* TRAIN - Accuracy 97.520 Loss 0.0649
* VALID - Accuracy 96.750 Loss 0.0887
Epoch:10
LR: 0.0001
* TRAIN - Accuracy 97.400 Loss 0.0650
* VALID - Accuracy 97.250 Loss 0.0797
Epoch:11
LR: 0.0001
* TRAIN - Accuracy 97.970 Loss 0.0573
* VALID - Accuracy 97.000 Loss 0.0850
validation split name: 1
* VALID - Accuracy 35.500 Loss 3.2179
validation split name: 2
* VALID - Accuracy 49.600 Loss 1.3281
validation split name: 3
* VALID - Accuracy 74.450 Loss 0.6306
validation split name: 4
* VALID - Accuracy 79.600 Loss 0.5827
validation split name: 5
* VALID - Accuracy 97.000 Loss 0.0850
OrderedDict([('1', OrderedDict([('1', 98.25), ('2', 94.2), ('3', 87.1), ('4', 66.4), ('5', 35.5)])), ('2', OrderedDict([('2', 86.45), ('3', 77.6), ('4', 72.3), ('5', 49.6)])), ('3', OrderedDict([('3', 92.9), ('4', 88.25), ('5', 74.45)])), ('4', OrderedDict([('4', 97.75), ('5', 79.6)])), ('5', OrderedDict([('5', 97.0)]))])
Task 1 average acc: 98.25
Task 2 average acc: 90.325
Task 3 average acc: 85.86666666666667
Task 4 average acc: 81.175
Task 5 average acc: 67.22999999999999
===Summary of experiment repeats: 3 / 10 ===
The regularization coefficient: 0.0
The last avg acc of all repeats: [66.67 75.23 67.23  0.    0.    0.    0.    0.    0.    0.  ]
mean: 20.913 std: 32.01683777327174
Files already downloaded and verified
Files already downloaded and verified
split_boundaries: [0, 2, 4, 6, 8, 10]
{'1': [0, 1], '2': [2, 3], '3': [4, 5], '4': [6, 7], '5': [8, 9]}
CNN(
  (c1): Sequential(
    (0): Conv2d(3, 32, kernel_size=(3, 3), stride=(1, 1), padding=(1, 1))
    (1): BatchNorm2d(32, eps=1e-05, momentum=0.1, affine=True, track_running_stats=True)
    (2): ReLU()
    (3): Conv2d(32, 32, kernel_size=(3, 3), stride=(1, 1), padding=(1, 1))
    (4): BatchNorm2d(32, eps=1e-05, momentum=0.1, affine=True, track_running_stats=True)
    (5): ReLU()
    (6): Conv2d(32, 64, kernel_size=(3, 3), stride=(1, 1), padding=(1, 1))
    (7): BatchNorm2d(64, eps=1e-05, momentum=0.1, affine=True, track_running_stats=True)
    (8): ReLU()
    (9): MaxPool2d(kernel_size=2, stride=2, padding=0, dilation=1, ceil_mode=False)
  )
  (c2): Sequential(
    (0): Conv2d(64, 64, kernel_size=(3, 3), stride=(1, 1), padding=(1, 1))
    (1): BatchNorm2d(64, eps=1e-05, momentum=0.1, affine=True, track_running_stats=True)
    (2): ReLU()
    (3): Conv2d(64, 128, kernel_size=(3, 3), stride=(1, 1), padding=(1, 1))
    (4): BatchNorm2d(128, eps=1e-05, momentum=0.1, affine=True, track_running_stats=True)
    (5): ReLU()
    (6): MaxPool2d(kernel_size=2, stride=2, padding=0, dilation=1, ceil_mode=False)
  )
  (c3): Sequential(
    (0): Conv2d(128, 128, kernel_size=(3, 3), stride=(1, 1), padding=(1, 1))
    (1): BatchNorm2d(128, eps=1e-05, momentum=0.1, affine=True, track_running_stats=True)
    (2): ReLU()
    (3): Conv2d(128, 128, kernel_size=(3, 3), stride=(1, 1), padding=(1, 1))
    (4): BatchNorm2d(128, eps=1e-05, momentum=0.1, affine=True, track_running_stats=True)
    (5): ReLU()
    (6): MaxPool2d(kernel_size=2, stride=2, padding=0, dilation=1, ceil_mode=False)
  )
  (fc1): Sequential(
    (0): Linear(in_features=2048, out_features=256, bias=True)
    (1): ReLU()
  )
  (last): ModuleDict(
    (1): Linear(in_features=256, out_features=2, bias=True)
    (2): Linear(in_features=256, out_features=2, bias=True)
    (3): Linear(in_features=256, out_features=2, bias=True)
    (4): Linear(in_features=256, out_features=2, bias=True)
    (5): Linear(in_features=256, out_features=2, bias=True)
  )
)
#parameter of model: 962858
Task order: ['1', '2', '3', '4', '5']
============================== Task: 1 ==============================
Epoch:0
LR: 0.001
* TRAIN - Accuracy 81.290 Loss 0.4194
* VALID - Accuracy 88.550 Loss 0.2870
Epoch:1
LR: 0.001
* TRAIN - Accuracy 88.890 Loss 0.2676
* VALID - Accuracy 93.450 Loss 0.1697
Epoch:2
LR: 0.001
* TRAIN - Accuracy 92.070 Loss 0.1962
* VALID - Accuracy 92.900 Loss 0.1657
Epoch:3
LR: 0.001
* TRAIN - Accuracy 94.300 Loss 0.1466
* VALID - Accuracy 96.000 Loss 0.1009
Epoch:4
LR: 0.001
* TRAIN - Accuracy 95.360 Loss 0.1208
* VALID - Accuracy 92.600 Loss 0.1841
Epoch:5
LR: 0.001
* TRAIN - Accuracy 96.360 Loss 0.0912
* VALID - Accuracy 97.100 Loss 0.0701
Epoch:6
LR: 0.001
* TRAIN - Accuracy 97.330 Loss 0.0737
* VALID - Accuracy 96.900 Loss 0.0718
Epoch:7
LR: 0.001
* TRAIN - Accuracy 97.280 Loss 0.0721
* VALID - Accuracy 97.000 Loss 0.0835
Epoch:8
LR: 0.001
* TRAIN - Accuracy 97.110 Loss 0.0752
* VALID - Accuracy 98.000 Loss 0.0549
Epoch:9
LR: 0.001
* TRAIN - Accuracy 97.740 Loss 0.0617
* VALID - Accuracy 97.950 Loss 0.0621
Epoch:10
LR: 0.001
* TRAIN - Accuracy 97.690 Loss 0.0631
* VALID - Accuracy 97.350 Loss 0.0606
Epoch:11
LR: 0.001
* TRAIN - Accuracy 98.060 Loss 0.0512
* VALID - Accuracy 97.100 Loss 0.1014
validation split name: 1
* VALID - Accuracy 97.100 Loss 0.1014
============================== Task: 2 ==============================
Epoch:0
LR: 0.0001
* TRAIN - Accuracy 67.340 Loss 0.6127
* VALID - Accuracy 77.950 Loss 0.4723
Epoch:1
LR: 0.0001
* TRAIN - Accuracy 78.960 Loss 0.4491
* VALID - Accuracy 81.000 Loss 0.4089
Epoch:2
LR: 0.0001
* TRAIN - Accuracy 81.660 Loss 0.4050
* VALID - Accuracy 83.650 Loss 0.3753
Epoch:3
LR: 0.0001
* TRAIN - Accuracy 83.700 Loss 0.3698
* VALID - Accuracy 83.850 Loss 0.3566
Epoch:4
LR: 0.0001
* TRAIN - Accuracy 84.990 Loss 0.3406
* VALID - Accuracy 85.800 Loss 0.3294
Epoch:5
LR: 0.0001
* TRAIN - Accuracy 85.860 Loss 0.3211
* VALID - Accuracy 85.750 Loss 0.3210
Epoch:6
LR: 0.0001
* TRAIN - Accuracy 86.510 Loss 0.3082
* VALID - Accuracy 86.600 Loss 0.3099
Epoch:7
LR: 0.0001
* TRAIN - Accuracy 87.870 Loss 0.2860
* VALID - Accuracy 86.350 Loss 0.3079
Epoch:8
LR: 0.0001
* TRAIN - Accuracy 88.170 Loss 0.2769
* VALID - Accuracy 87.600 Loss 0.2947
Epoch:9
LR: 0.0001
* TRAIN - Accuracy 88.800 Loss 0.2644
* VALID - Accuracy 87.800 Loss 0.2886
Epoch:10
LR: 0.0001
* TRAIN - Accuracy 89.500 Loss 0.2526
* VALID - Accuracy 86.450 Loss 0.3448
Epoch:11
LR: 0.0001
* TRAIN - Accuracy 89.450 Loss 0.2452
* VALID - Accuracy 88.250 Loss 0.2911
validation split name: 1
* VALID - Accuracy 70.700 Loss 1.0806
validation split name: 2
* VALID - Accuracy 88.250 Loss 0.2911
============================== Task: 3 ==============================
Epoch:0
LR: 0.0001
* TRAIN - Accuracy 82.100 Loss 0.3904
* VALID - Accuracy 87.500 Loss 0.2924
Epoch:1
LR: 0.0001
* TRAIN - Accuracy 88.570 Loss 0.2733
* VALID - Accuracy 89.000 Loss 0.2587
Epoch:2
LR: 0.0001
* TRAIN - Accuracy 90.150 Loss 0.2460
* VALID - Accuracy 90.150 Loss 0.2379
Epoch:3
LR: 0.0001
* TRAIN - Accuracy 91.030 Loss 0.2295
* VALID - Accuracy 91.450 Loss 0.2136
Epoch:4
LR: 0.0001
* TRAIN - Accuracy 91.680 Loss 0.2129
* VALID - Accuracy 92.150 Loss 0.2098
Epoch:5
LR: 0.0001
* TRAIN - Accuracy 92.280 Loss 0.2019
* VALID - Accuracy 91.850 Loss 0.2002
Epoch:6
LR: 0.0001
* TRAIN - Accuracy 92.210 Loss 0.1937
* VALID - Accuracy 92.550 Loss 0.1875
Epoch:7
LR: 0.0001
* TRAIN - Accuracy 92.540 Loss 0.1883
* VALID - Accuracy 93.200 Loss 0.1742
Epoch:8
LR: 0.0001
* TRAIN - Accuracy 93.270 Loss 0.1733
* VALID - Accuracy 92.850 Loss 0.1814
Epoch:9
LR: 0.0001
* TRAIN - Accuracy 93.490 Loss 0.1616
* VALID - Accuracy 91.300 Loss 0.2133
Epoch:10
LR: 0.0001
* TRAIN - Accuracy 93.830 Loss 0.1598
* VALID - Accuracy 93.000 Loss 0.1806
Epoch:11
LR: 0.0001
* TRAIN - Accuracy 93.960 Loss 0.1539
* VALID - Accuracy 93.100 Loss 0.1696
validation split name: 1
* VALID - Accuracy 81.900 Loss 0.5620
validation split name: 2
* VALID - Accuracy 79.700 Loss 0.4948
validation split name: 3
* VALID - Accuracy 93.100 Loss 0.1696
============================== Task: 4 ==============================
Epoch:0
LR: 0.0001
* TRAIN - Accuracy 89.520 Loss 0.2562
* VALID - Accuracy 93.850 Loss 0.1456
Epoch:1
LR: 0.0001
* TRAIN - Accuracy 95.520 Loss 0.1194
* VALID - Accuracy 95.700 Loss 0.1136
Epoch:2
LR: 0.0001
* TRAIN - Accuracy 96.160 Loss 0.1003
* VALID - Accuracy 96.150 Loss 0.0979
Epoch:3
LR: 0.0001
* TRAIN - Accuracy 96.810 Loss 0.0836
* VALID - Accuracy 96.350 Loss 0.0952
Epoch:4
LR: 0.0001
* TRAIN - Accuracy 97.220 Loss 0.0774
* VALID - Accuracy 97.000 Loss 0.0796
Epoch:5
LR: 0.0001
* TRAIN - Accuracy 97.390 Loss 0.0708
* VALID - Accuracy 96.850 Loss 0.0794
Epoch:6
LR: 0.0001
* TRAIN - Accuracy 97.380 Loss 0.0657
* VALID - Accuracy 97.400 Loss 0.0757
Epoch:7
LR: 0.0001
* TRAIN - Accuracy 97.760 Loss 0.0592
* VALID - Accuracy 96.900 Loss 0.0894
Epoch:8
LR: 0.0001
* TRAIN - Accuracy 97.860 Loss 0.0549
* VALID - Accuracy 97.250 Loss 0.0703
Epoch:9
LR: 0.0001
* TRAIN - Accuracy 97.960 Loss 0.0532
* VALID - Accuracy 97.150 Loss 0.0746
Epoch:10
LR: 0.0001
* TRAIN - Accuracy 98.110 Loss 0.0497
* VALID - Accuracy 97.600 Loss 0.0681
Epoch:11
LR: 0.0001
* TRAIN - Accuracy 98.040 Loss 0.0491
* VALID - Accuracy 97.950 Loss 0.0589
validation split name: 1
* VALID - Accuracy 62.750 Loss 2.1100
validation split name: 2
* VALID - Accuracy 66.500 Loss 0.8914
validation split name: 3
* VALID - Accuracy 81.450 Loss 0.4586
validation split name: 4
* VALID - Accuracy 97.950 Loss 0.0589
============================== Task: 5 ==============================
Epoch:0
LR: 0.0001
* TRAIN - Accuracy 85.260 Loss 0.3900
* VALID - Accuracy 92.850 Loss 0.1818
Epoch:1
LR: 0.0001
* TRAIN - Accuracy 93.510 Loss 0.1696
* VALID - Accuracy 94.950 Loss 0.1373
Epoch:2
LR: 0.0001
* TRAIN - Accuracy 94.710 Loss 0.1324
* VALID - Accuracy 95.550 Loss 0.1190
Epoch:3
LR: 0.0001
* TRAIN - Accuracy 95.560 Loss 0.1145
* VALID - Accuracy 96.100 Loss 0.1077
Epoch:4
LR: 0.0001
* TRAIN - Accuracy 96.200 Loss 0.1016
* VALID - Accuracy 96.250 Loss 0.1046
Epoch:5
LR: 0.0001
* TRAIN - Accuracy 96.640 Loss 0.0899
* VALID - Accuracy 96.550 Loss 0.0948
Epoch:6
LR: 0.0001
* TRAIN - Accuracy 96.810 Loss 0.0842
* VALID - Accuracy 96.750 Loss 0.0903
Epoch:7
LR: 0.0001
* TRAIN - Accuracy 96.840 Loss 0.0811
* VALID - Accuracy 96.850 Loss 0.0868
Epoch:8
LR: 0.0001
* TRAIN - Accuracy 97.360 Loss 0.0726
* VALID - Accuracy 96.950 Loss 0.0894
Epoch:9
LR: 0.0001
* TRAIN - Accuracy 97.530 Loss 0.0671
* VALID - Accuracy 97.150 Loss 0.0893
Epoch:10
LR: 0.0001
* TRAIN - Accuracy 97.710 Loss 0.0638
* VALID - Accuracy 96.550 Loss 0.0917
Epoch:11
LR: 0.0001
* TRAIN - Accuracy 97.860 Loss 0.0587
* VALID - Accuracy 97.250 Loss 0.0749
validation split name: 1
* VALID - Accuracy 81.100 Loss 0.7196
validation split name: 2
* VALID - Accuracy 52.650 Loss 1.2675
validation split name: 3
* VALID - Accuracy 62.800 Loss 0.8875
validation split name: 4
* VALID - Accuracy 67.900 Loss 0.8867
validation split name: 5
* VALID - Accuracy 97.250 Loss 0.0749
OrderedDict([('1', OrderedDict([('1', 97.1), ('2', 70.7), ('3', 81.9), ('4', 62.75), ('5', 81.1)])), ('2', OrderedDict([('2', 88.25), ('3', 79.7), ('4', 66.5), ('5', 52.65)])), ('3', OrderedDict([('3', 93.1), ('4', 81.45), ('5', 62.8)])), ('4', OrderedDict([('4', 97.95), ('5', 67.9)])), ('5', OrderedDict([('5', 97.25)]))])
Task 1 average acc: 97.1
Task 2 average acc: 79.475
Task 3 average acc: 84.9
Task 4 average acc: 77.1625
Task 5 average acc: 72.34
===Summary of experiment repeats: 4 / 10 ===
The regularization coefficient: 0.0
The last avg acc of all repeats: [66.67 75.23 67.23 72.34  0.    0.    0.    0.    0.    0.  ]
mean: 28.147000000000002 std: 34.54685833762601
Files already downloaded and verified
Files already downloaded and verified
split_boundaries: [0, 2, 4, 6, 8, 10]
{'1': [0, 1], '2': [2, 3], '3': [4, 5], '4': [6, 7], '5': [8, 9]}
CNN(
  (c1): Sequential(
    (0): Conv2d(3, 32, kernel_size=(3, 3), stride=(1, 1), padding=(1, 1))
    (1): BatchNorm2d(32, eps=1e-05, momentum=0.1, affine=True, track_running_stats=True)
    (2): ReLU()
    (3): Conv2d(32, 32, kernel_size=(3, 3), stride=(1, 1), padding=(1, 1))
    (4): BatchNorm2d(32, eps=1e-05, momentum=0.1, affine=True, track_running_stats=True)
    (5): ReLU()
    (6): Conv2d(32, 64, kernel_size=(3, 3), stride=(1, 1), padding=(1, 1))
    (7): BatchNorm2d(64, eps=1e-05, momentum=0.1, affine=True, track_running_stats=True)
    (8): ReLU()
    (9): MaxPool2d(kernel_size=2, stride=2, padding=0, dilation=1, ceil_mode=False)
  )
  (c2): Sequential(
    (0): Conv2d(64, 64, kernel_size=(3, 3), stride=(1, 1), padding=(1, 1))
    (1): BatchNorm2d(64, eps=1e-05, momentum=0.1, affine=True, track_running_stats=True)
    (2): ReLU()
    (3): Conv2d(64, 128, kernel_size=(3, 3), stride=(1, 1), padding=(1, 1))
    (4): BatchNorm2d(128, eps=1e-05, momentum=0.1, affine=True, track_running_stats=True)
    (5): ReLU()
    (6): MaxPool2d(kernel_size=2, stride=2, padding=0, dilation=1, ceil_mode=False)
  )
  (c3): Sequential(
    (0): Conv2d(128, 128, kernel_size=(3, 3), stride=(1, 1), padding=(1, 1))
    (1): BatchNorm2d(128, eps=1e-05, momentum=0.1, affine=True, track_running_stats=True)
    (2): ReLU()
    (3): Conv2d(128, 128, kernel_size=(3, 3), stride=(1, 1), padding=(1, 1))
    (4): BatchNorm2d(128, eps=1e-05, momentum=0.1, affine=True, track_running_stats=True)
    (5): ReLU()
    (6): MaxPool2d(kernel_size=2, stride=2, padding=0, dilation=1, ceil_mode=False)
  )
  (fc1): Sequential(
    (0): Linear(in_features=2048, out_features=256, bias=True)
    (1): ReLU()
  )
  (last): ModuleDict(
    (1): Linear(in_features=256, out_features=2, bias=True)
    (2): Linear(in_features=256, out_features=2, bias=True)
    (3): Linear(in_features=256, out_features=2, bias=True)
    (4): Linear(in_features=256, out_features=2, bias=True)
    (5): Linear(in_features=256, out_features=2, bias=True)
  )
)
#parameter of model: 962858
Task order: ['1', '2', '3', '4', '5']
============================== Task: 1 ==============================
Epoch:0
LR: 0.001
* TRAIN - Accuracy 78.170 Loss 0.4814
* VALID - Accuracy 84.000 Loss 0.3693
Epoch:1
LR: 0.001
* TRAIN - Accuracy 88.790 Loss 0.2651
* VALID - Accuracy 91.550 Loss 0.2058
Epoch:2
LR: 0.001
* TRAIN - Accuracy 91.790 Loss 0.2073
* VALID - Accuracy 91.700 Loss 0.2143
Epoch:3
LR: 0.001
* TRAIN - Accuracy 93.690 Loss 0.1586
* VALID - Accuracy 94.350 Loss 0.1451
Epoch:4
LR: 0.001
* TRAIN - Accuracy 94.970 Loss 0.1252
* VALID - Accuracy 90.550 Loss 0.2445
Epoch:5
LR: 0.001
* TRAIN - Accuracy 95.920 Loss 0.1022
* VALID - Accuracy 96.900 Loss 0.0797
Epoch:6
LR: 0.001
* TRAIN - Accuracy 97.150 Loss 0.0785
* VALID - Accuracy 97.350 Loss 0.0633
Epoch:7
LR: 0.001
* TRAIN - Accuracy 97.380 Loss 0.0692
* VALID - Accuracy 97.050 Loss 0.0766
Epoch:8
LR: 0.001
* TRAIN - Accuracy 97.670 Loss 0.0637
* VALID - Accuracy 97.050 Loss 0.0916
Epoch:9
LR: 0.001
* TRAIN - Accuracy 97.910 Loss 0.0587
* VALID - Accuracy 96.500 Loss 0.1081
Epoch:10
LR: 0.001
* TRAIN - Accuracy 97.910 Loss 0.0573
* VALID - Accuracy 97.850 Loss 0.0634
Epoch:11
LR: 0.001
* TRAIN - Accuracy 97.590 Loss 0.0648
* VALID - Accuracy 97.900 Loss 0.0637
validation split name: 1
* VALID - Accuracy 97.900 Loss 0.0637
============================== Task: 2 ==============================
Epoch:0
LR: 0.0001
* TRAIN - Accuracy 62.810 Loss 0.6559
* VALID - Accuracy 74.100 Loss 0.5255
Epoch:1
LR: 0.0001
* TRAIN - Accuracy 77.090 Loss 0.4784
* VALID - Accuracy 80.100 Loss 0.4356
Epoch:2
LR: 0.0001
* TRAIN - Accuracy 80.690 Loss 0.4178
* VALID - Accuracy 81.800 Loss 0.4092
Epoch:3
LR: 0.0001
* TRAIN - Accuracy 82.650 Loss 0.3848
* VALID - Accuracy 83.000 Loss 0.3910
Epoch:4
LR: 0.0001
* TRAIN - Accuracy 84.250 Loss 0.3559
* VALID - Accuracy 84.400 Loss 0.3698
Epoch:5
LR: 0.0001
* TRAIN - Accuracy 84.890 Loss 0.3378
* VALID - Accuracy 84.150 Loss 0.3626
Epoch:6
LR: 0.0001
* TRAIN - Accuracy 86.250 Loss 0.3196
* VALID - Accuracy 85.200 Loss 0.3488
Epoch:7
LR: 0.0001
* TRAIN - Accuracy 87.130 Loss 0.3066
* VALID - Accuracy 85.750 Loss 0.3313
Epoch:8
LR: 0.0001
* TRAIN - Accuracy 87.590 Loss 0.2945
* VALID - Accuracy 85.500 Loss 0.3264
Epoch:9
LR: 0.0001
* TRAIN - Accuracy 88.150 Loss 0.2783
* VALID - Accuracy 86.750 Loss 0.3143
Epoch:10
LR: 0.0001
* TRAIN - Accuracy 88.820 Loss 0.2642
* VALID - Accuracy 86.700 Loss 0.3184
Epoch:11
LR: 0.0001
* TRAIN - Accuracy 89.550 Loss 0.2540
* VALID - Accuracy 86.900 Loss 0.2980
validation split name: 1
* VALID - Accuracy 65.100 Loss 1.4386
validation split name: 2
* VALID - Accuracy 86.900 Loss 0.2980
============================== Task: 3 ==============================
Epoch:0
LR: 0.0001
* TRAIN - Accuracy 80.890 Loss 0.4116
* VALID - Accuracy 87.800 Loss 0.3052
Epoch:1
LR: 0.0001
* TRAIN - Accuracy 88.270 Loss 0.2794
* VALID - Accuracy 88.500 Loss 0.2790
Epoch:2
LR: 0.0001
* TRAIN - Accuracy 89.860 Loss 0.2471
* VALID - Accuracy 90.700 Loss 0.2319
Epoch:3
LR: 0.0001
* TRAIN - Accuracy 90.950 Loss 0.2259
* VALID - Accuracy 91.200 Loss 0.2238
Epoch:4
LR: 0.0001
* TRAIN - Accuracy 91.840 Loss 0.2083
* VALID - Accuracy 92.200 Loss 0.2043
Epoch:5
LR: 0.0001
* TRAIN - Accuracy 92.450 Loss 0.1969
* VALID - Accuracy 92.000 Loss 0.2046
Epoch:6
LR: 0.0001
* TRAIN - Accuracy 92.590 Loss 0.1925
* VALID - Accuracy 92.550 Loss 0.1915
Epoch:7
LR: 0.0001
* TRAIN - Accuracy 93.280 Loss 0.1785
* VALID - Accuracy 92.100 Loss 0.2071
Epoch:8
LR: 0.0001
* TRAIN - Accuracy 93.400 Loss 0.1706
* VALID - Accuracy 93.100 Loss 0.1889
Epoch:9
LR: 0.0001
* TRAIN - Accuracy 93.590 Loss 0.1654
* VALID - Accuracy 92.600 Loss 0.1848
Epoch:10
LR: 0.0001
* TRAIN - Accuracy 93.880 Loss 0.1594
* VALID - Accuracy 93.400 Loss 0.1732
Epoch:11
LR: 0.0001
* TRAIN - Accuracy 94.150 Loss 0.1530
* VALID - Accuracy 93.150 Loss 0.1764
validation split name: 1
* VALID - Accuracy 72.050 Loss 1.0643
validation split name: 2
* VALID - Accuracy 75.450 Loss 0.5984
validation split name: 3
* VALID - Accuracy 93.150 Loss 0.1764
============================== Task: 4 ==============================
Epoch:0
LR: 0.0001
* TRAIN - Accuracy 85.040 Loss 0.3545
* VALID - Accuracy 93.300 Loss 0.1784
Epoch:1
LR: 0.0001
* TRAIN - Accuracy 93.690 Loss 0.1616
* VALID - Accuracy 94.000 Loss 0.1547
Epoch:2
LR: 0.0001
* TRAIN - Accuracy 95.270 Loss 0.1237
* VALID - Accuracy 96.050 Loss 0.1060
Epoch:3
LR: 0.0001
* TRAIN - Accuracy 96.170 Loss 0.1010
* VALID - Accuracy 95.950 Loss 0.1184
Epoch:4
LR: 0.0001
* TRAIN - Accuracy 96.850 Loss 0.0875
* VALID - Accuracy 96.750 Loss 0.0872
Epoch:5
LR: 0.0001
* TRAIN - Accuracy 97.180 Loss 0.0809
* VALID - Accuracy 97.050 Loss 0.0853
Epoch:6
LR: 0.0001
* TRAIN - Accuracy 97.450 Loss 0.0696
* VALID - Accuracy 96.550 Loss 0.0930
Epoch:7
LR: 0.0001
* TRAIN - Accuracy 97.360 Loss 0.0700
* VALID - Accuracy 93.500 Loss 0.1816
Epoch:8
LR: 0.0001
* TRAIN - Accuracy 97.630 Loss 0.0629
* VALID - Accuracy 96.950 Loss 0.0896
Epoch:9
LR: 0.0001
* TRAIN - Accuracy 97.830 Loss 0.0594
* VALID - Accuracy 97.550 Loss 0.0676
Epoch:10
LR: 0.0001
* TRAIN - Accuracy 97.920 Loss 0.0560
* VALID - Accuracy 96.850 Loss 0.0886
Epoch:11
LR: 0.0001
* TRAIN - Accuracy 98.190 Loss 0.0503
* VALID - Accuracy 97.400 Loss 0.0712
validation split name: 1
* VALID - Accuracy 63.200 Loss 1.3837
validation split name: 2
* VALID - Accuracy 54.450 Loss 1.4631
validation split name: 3
* VALID - Accuracy 68.300 Loss 1.1668
validation split name: 4
* VALID - Accuracy 97.400 Loss 0.0712
============================== Task: 5 ==============================
Epoch:0
LR: 0.0001
* TRAIN - Accuracy 88.280 Loss 0.2748
* VALID - Accuracy 93.550 Loss 0.1687
Epoch:1
LR: 0.0001
* TRAIN - Accuracy 94.180 Loss 0.1522
* VALID - Accuracy 94.900 Loss 0.1307
Epoch:2
LR: 0.0001
* TRAIN - Accuracy 95.090 Loss 0.1261
* VALID - Accuracy 95.250 Loss 0.1294
Epoch:3
LR: 0.0001
* TRAIN - Accuracy 95.630 Loss 0.1094
* VALID - Accuracy 95.550 Loss 0.1113
Epoch:4
LR: 0.0001
* TRAIN - Accuracy 96.660 Loss 0.0942
* VALID - Accuracy 96.100 Loss 0.1047
Epoch:5
LR: 0.0001
* TRAIN - Accuracy 96.590 Loss 0.0946
* VALID - Accuracy 96.100 Loss 0.1079
Epoch:6
LR: 0.0001
* TRAIN - Accuracy 97.000 Loss 0.0840
* VALID - Accuracy 96.800 Loss 0.1013
Epoch:7
LR: 0.0001
* TRAIN - Accuracy 97.250 Loss 0.0778
* VALID - Accuracy 96.850 Loss 0.0990
Epoch:8
LR: 0.0001
* TRAIN - Accuracy 97.400 Loss 0.0702
* VALID - Accuracy 97.100 Loss 0.0938
Epoch:9
LR: 0.0001
* TRAIN - Accuracy 97.370 Loss 0.0681
* VALID - Accuracy 97.200 Loss 0.0875
Epoch:10
LR: 0.0001
* TRAIN - Accuracy 97.560 Loss 0.0668
* VALID - Accuracy 97.100 Loss 0.0882
Epoch:11
LR: 0.0001
* TRAIN - Accuracy 97.810 Loss 0.0598
* VALID - Accuracy 97.200 Loss 0.0837
validation split name: 1
* VALID - Accuracy 73.900 Loss 0.8680
validation split name: 2
* VALID - Accuracy 54.000 Loss 1.6899
validation split name: 3
* VALID - Accuracy 50.450 Loss 1.3889
validation split name: 4
* VALID - Accuracy 78.200 Loss 0.6154
validation split name: 5
* VALID - Accuracy 97.200 Loss 0.0837
OrderedDict([('1', OrderedDict([('1', 97.9), ('2', 65.1), ('3', 72.05), ('4', 63.2), ('5', 73.9)])), ('2', OrderedDict([('2', 86.9), ('3', 75.45), ('4', 54.45), ('5', 54.0)])), ('3', OrderedDict([('3', 93.15), ('4', 68.3), ('5', 50.45)])), ('4', OrderedDict([('4', 97.4), ('5', 78.2)])), ('5', OrderedDict([('5', 97.2)]))])
Task 1 average acc: 97.9
Task 2 average acc: 76.0
Task 3 average acc: 80.21666666666667
Task 4 average acc: 70.8375
Task 5 average acc: 70.75
===Summary of experiment repeats: 5 / 10 ===
The regularization coefficient: 0.0
The last avg acc of all repeats: [66.67 75.23 67.23 72.34 70.75  0.    0.    0.    0.    0.  ]
mean: 35.222 std: 35.29456043075193
Files already downloaded and verified
Files already downloaded and verified
split_boundaries: [0, 2, 4, 6, 8, 10]
{'1': [0, 1], '2': [2, 3], '3': [4, 5], '4': [6, 7], '5': [8, 9]}
CNN(
  (c1): Sequential(
    (0): Conv2d(3, 32, kernel_size=(3, 3), stride=(1, 1), padding=(1, 1))
    (1): BatchNorm2d(32, eps=1e-05, momentum=0.1, affine=True, track_running_stats=True)
    (2): ReLU()
    (3): Conv2d(32, 32, kernel_size=(3, 3), stride=(1, 1), padding=(1, 1))
    (4): BatchNorm2d(32, eps=1e-05, momentum=0.1, affine=True, track_running_stats=True)
    (5): ReLU()
    (6): Conv2d(32, 64, kernel_size=(3, 3), stride=(1, 1), padding=(1, 1))
    (7): BatchNorm2d(64, eps=1e-05, momentum=0.1, affine=True, track_running_stats=True)
    (8): ReLU()
    (9): MaxPool2d(kernel_size=2, stride=2, padding=0, dilation=1, ceil_mode=False)
  )
  (c2): Sequential(
    (0): Conv2d(64, 64, kernel_size=(3, 3), stride=(1, 1), padding=(1, 1))
    (1): BatchNorm2d(64, eps=1e-05, momentum=0.1, affine=True, track_running_stats=True)
    (2): ReLU()
    (3): Conv2d(64, 128, kernel_size=(3, 3), stride=(1, 1), padding=(1, 1))
    (4): BatchNorm2d(128, eps=1e-05, momentum=0.1, affine=True, track_running_stats=True)
    (5): ReLU()
    (6): MaxPool2d(kernel_size=2, stride=2, padding=0, dilation=1, ceil_mode=False)
  )
  (c3): Sequential(
    (0): Conv2d(128, 128, kernel_size=(3, 3), stride=(1, 1), padding=(1, 1))
    (1): BatchNorm2d(128, eps=1e-05, momentum=0.1, affine=True, track_running_stats=True)
    (2): ReLU()
    (3): Conv2d(128, 128, kernel_size=(3, 3), stride=(1, 1), padding=(1, 1))
    (4): BatchNorm2d(128, eps=1e-05, momentum=0.1, affine=True, track_running_stats=True)
    (5): ReLU()
    (6): MaxPool2d(kernel_size=2, stride=2, padding=0, dilation=1, ceil_mode=False)
  )
  (fc1): Sequential(
    (0): Linear(in_features=2048, out_features=256, bias=True)
    (1): ReLU()
  )
  (last): ModuleDict(
    (1): Linear(in_features=256, out_features=2, bias=True)
    (2): Linear(in_features=256, out_features=2, bias=True)
    (3): Linear(in_features=256, out_features=2, bias=True)
    (4): Linear(in_features=256, out_features=2, bias=True)
    (5): Linear(in_features=256, out_features=2, bias=True)
  )
)
#parameter of model: 962858
Task order: ['1', '2', '3', '4', '5']
============================== Task: 1 ==============================
Epoch:0
LR: 0.001
* TRAIN - Accuracy 82.020 Loss 0.4113
* VALID - Accuracy 86.800 Loss 0.3135
Epoch:1
LR: 0.001
* TRAIN - Accuracy 90.590 Loss 0.2316
* VALID - Accuracy 93.550 Loss 0.1743
Epoch:2
LR: 0.001
* TRAIN - Accuracy 92.560 Loss 0.1852
* VALID - Accuracy 94.350 Loss 0.1555
Epoch:3
LR: 0.001
* TRAIN - Accuracy 94.450 Loss 0.1417
* VALID - Accuracy 91.350 Loss 0.2312
Epoch:4
LR: 0.001
* TRAIN - Accuracy 95.650 Loss 0.1127
* VALID - Accuracy 93.900 Loss 0.1723
Epoch:5
LR: 0.001
* TRAIN - Accuracy 96.180 Loss 0.0932
* VALID - Accuracy 97.100 Loss 0.0811
Epoch:6
LR: 0.001
* TRAIN - Accuracy 97.110 Loss 0.0786
* VALID - Accuracy 97.350 Loss 0.0755
Epoch:7
LR: 0.001
* TRAIN - Accuracy 97.340 Loss 0.0710
* VALID - Accuracy 97.800 Loss 0.0573
Epoch:8
LR: 0.001
* TRAIN - Accuracy 97.630 Loss 0.0617
* VALID - Accuracy 97.400 Loss 0.0685
Epoch:9
LR: 0.001
* TRAIN - Accuracy 97.640 Loss 0.0612
* VALID - Accuracy 96.600 Loss 0.0782
Epoch:10
LR: 0.001
* TRAIN - Accuracy 98.010 Loss 0.0543
* VALID - Accuracy 98.200 Loss 0.0550
Epoch:11
LR: 0.001
* TRAIN - Accuracy 98.220 Loss 0.0492
* VALID - Accuracy 98.450 Loss 0.0552
validation split name: 1
* VALID - Accuracy 98.450 Loss 0.0552
============================== Task: 2 ==============================
Epoch:0
LR: 0.0001
* TRAIN - Accuracy 70.270 Loss 0.5663
* VALID - Accuracy 76.950 Loss 0.4755
Epoch:1
LR: 0.0001
* TRAIN - Accuracy 79.160 Loss 0.4495
* VALID - Accuracy 79.850 Loss 0.4289
Epoch:2
LR: 0.0001
* TRAIN - Accuracy 81.950 Loss 0.4049
* VALID - Accuracy 81.550 Loss 0.4076
Epoch:3
LR: 0.0001
* TRAIN - Accuracy 83.540 Loss 0.3703
* VALID - Accuracy 82.950 Loss 0.3862
Epoch:4
LR: 0.0001
* TRAIN - Accuracy 84.700 Loss 0.3493
* VALID - Accuracy 83.400 Loss 0.3687
Epoch:5
LR: 0.0001
* TRAIN - Accuracy 85.810 Loss 0.3321
* VALID - Accuracy 84.400 Loss 0.3612
Epoch:6
LR: 0.0001
* TRAIN - Accuracy 86.670 Loss 0.3111
* VALID - Accuracy 84.100 Loss 0.3733
Epoch:7
LR: 0.0001
* TRAIN - Accuracy 86.980 Loss 0.2999
* VALID - Accuracy 85.250 Loss 0.3375
Epoch:8
LR: 0.0001
* TRAIN - Accuracy 87.670 Loss 0.2920
* VALID - Accuracy 84.450 Loss 0.3630
Epoch:9
LR: 0.0001
* TRAIN - Accuracy 88.100 Loss 0.2791
* VALID - Accuracy 86.150 Loss 0.3353
Epoch:10
LR: 0.0001
* TRAIN - Accuracy 88.840 Loss 0.2660
* VALID - Accuracy 85.700 Loss 0.3377
Epoch:11
LR: 0.0001
* TRAIN - Accuracy 89.240 Loss 0.2600
* VALID - Accuracy 86.900 Loss 0.3124
validation split name: 1
* VALID - Accuracy 89.700 Loss 0.3969
validation split name: 2
* VALID - Accuracy 86.900 Loss 0.3124
============================== Task: 3 ==============================
Epoch:0
LR: 0.0001
* TRAIN - Accuracy 78.600 Loss 0.4380
* VALID - Accuracy 87.600 Loss 0.2997
Epoch:1
LR: 0.0001
* TRAIN - Accuracy 87.930 Loss 0.2917
* VALID - Accuracy 89.350 Loss 0.2494
Epoch:2
LR: 0.0001
* TRAIN - Accuracy 89.480 Loss 0.2581
* VALID - Accuracy 90.350 Loss 0.2366
Epoch:3
LR: 0.0001
* TRAIN - Accuracy 90.570 Loss 0.2361
* VALID - Accuracy 90.950 Loss 0.2147
Epoch:4
LR: 0.0001
* TRAIN - Accuracy 91.470 Loss 0.2187
* VALID - Accuracy 91.100 Loss 0.2186
Epoch:5
LR: 0.0001
* TRAIN - Accuracy 92.130 Loss 0.1997
* VALID - Accuracy 91.600 Loss 0.2108
Epoch:6
LR: 0.0001
* TRAIN - Accuracy 92.390 Loss 0.1886
* VALID - Accuracy 92.100 Loss 0.1988
Epoch:7
LR: 0.0001
* TRAIN - Accuracy 92.560 Loss 0.1853
* VALID - Accuracy 91.900 Loss 0.2079
Epoch:8
LR: 0.0001
* TRAIN - Accuracy 93.060 Loss 0.1736
* VALID - Accuracy 92.550 Loss 0.1928
Epoch:9
LR: 0.0001
* TRAIN - Accuracy 93.050 Loss 0.1729
* VALID - Accuracy 92.700 Loss 0.1840
Epoch:10
LR: 0.0001
* TRAIN - Accuracy 93.790 Loss 0.1590
* VALID - Accuracy 93.450 Loss 0.1787
Epoch:11
LR: 0.0001
* TRAIN - Accuracy 93.960 Loss 0.1569
* VALID - Accuracy 93.100 Loss 0.1770
validation split name: 1
* VALID - Accuracy 81.350 Loss 0.7189
validation split name: 2
* VALID - Accuracy 75.250 Loss 0.5927
validation split name: 3
* VALID - Accuracy 93.100 Loss 0.1770
============================== Task: 4 ==============================
Epoch:0
LR: 0.0001
* TRAIN - Accuracy 86.940 Loss 0.2987
* VALID - Accuracy 94.350 Loss 0.1480
Epoch:1
LR: 0.0001
* TRAIN - Accuracy 94.930 Loss 0.1379
* VALID - Accuracy 96.100 Loss 0.1046
Epoch:2
LR: 0.0001
* TRAIN - Accuracy 95.760 Loss 0.1144
* VALID - Accuracy 96.600 Loss 0.0879
Epoch:3
LR: 0.0001
* TRAIN - Accuracy 96.420 Loss 0.0966
* VALID - Accuracy 96.800 Loss 0.0857
Epoch:4
LR: 0.0001
* TRAIN - Accuracy 96.860 Loss 0.0866
* VALID - Accuracy 97.050 Loss 0.0795
Epoch:5
LR: 0.0001
* TRAIN - Accuracy 96.810 Loss 0.0815
* VALID - Accuracy 96.950 Loss 0.0832
Epoch:6
LR: 0.0001
* TRAIN - Accuracy 97.260 Loss 0.0726
* VALID - Accuracy 97.100 Loss 0.0818
Epoch:7
LR: 0.0001
* TRAIN - Accuracy 97.490 Loss 0.0688
* VALID - Accuracy 97.850 Loss 0.0659
Epoch:8
LR: 0.0001
* TRAIN - Accuracy 97.660 Loss 0.0644
* VALID - Accuracy 97.900 Loss 0.0634
Epoch:9
LR: 0.0001
* TRAIN - Accuracy 97.640 Loss 0.0624
* VALID - Accuracy 97.450 Loss 0.0742
Epoch:10
LR: 0.0001
* TRAIN - Accuracy 97.880 Loss 0.0562
* VALID - Accuracy 97.900 Loss 0.0567
Epoch:11
LR: 0.0001
* TRAIN - Accuracy 97.960 Loss 0.0519
* VALID - Accuracy 98.000 Loss 0.0589
validation split name: 1
* VALID - Accuracy 73.900 Loss 0.9570
validation split name: 2
* VALID - Accuracy 58.050 Loss 1.2306
validation split name: 3
* VALID - Accuracy 52.450 Loss 1.7163
validation split name: 4
* VALID - Accuracy 98.000 Loss 0.0589
============================== Task: 5 ==============================
Epoch:0
LR: 0.0001
* TRAIN - Accuracy 83.020 Loss 0.3655
* VALID - Accuracy 92.400 Loss 0.1980
Epoch:1
LR: 0.0001
* TRAIN - Accuracy 93.220 Loss 0.1706
* VALID - Accuracy 94.700 Loss 0.1405
Epoch:2
LR: 0.0001
* TRAIN - Accuracy 94.650 Loss 0.1366
* VALID - Accuracy 95.200 Loss 0.1241
Epoch:3
LR: 0.0001
* TRAIN - Accuracy 95.870 Loss 0.1125
* VALID - Accuracy 96.150 Loss 0.1082
Epoch:4
LR: 0.0001
* TRAIN - Accuracy 96.010 Loss 0.1026
* VALID - Accuracy 95.950 Loss 0.1116
Epoch:5
LR: 0.0001
* TRAIN - Accuracy 96.540 Loss 0.0907
* VALID - Accuracy 96.000 Loss 0.1078
Epoch:6
LR: 0.0001
* TRAIN - Accuracy 96.780 Loss 0.0865
* VALID - Accuracy 96.150 Loss 0.0994
Epoch:7
LR: 0.0001
* TRAIN - Accuracy 97.050 Loss 0.0764
* VALID - Accuracy 96.700 Loss 0.0920
Epoch:8
LR: 0.0001
* TRAIN - Accuracy 97.280 Loss 0.0705
* VALID - Accuracy 96.300 Loss 0.1040
Epoch:9
LR: 0.0001
* TRAIN - Accuracy 97.560 Loss 0.0670
* VALID - Accuracy 96.600 Loss 0.0945
Epoch:10
LR: 0.0001
* TRAIN - Accuracy 97.490 Loss 0.0664
* VALID - Accuracy 96.900 Loss 0.0870
Epoch:11
LR: 0.0001
* TRAIN - Accuracy 97.750 Loss 0.0584
* VALID - Accuracy 97.300 Loss 0.0814
validation split name: 1
* VALID - Accuracy 74.150 Loss 1.0099
validation split name: 2
* VALID - Accuracy 61.150 Loss 0.9730
validation split name: 3
* VALID - Accuracy 59.250 Loss 1.1366
validation split name: 4
* VALID - Accuracy 88.800 Loss 0.2596
validation split name: 5
* VALID - Accuracy 97.300 Loss 0.0814
OrderedDict([('1', OrderedDict([('1', 98.45), ('2', 89.7), ('3', 81.35), ('4', 73.9), ('5', 74.15)])), ('2', OrderedDict([('2', 86.9), ('3', 75.25), ('4', 58.05), ('5', 61.15)])), ('3', OrderedDict([('3', 93.1), ('4', 52.45), ('5', 59.25)])), ('4', OrderedDict([('4', 98.0), ('5', 88.8)])), ('5', OrderedDict([('5', 97.3)]))])
Task 1 average acc: 98.45
Task 2 average acc: 88.30000000000001
Task 3 average acc: 83.23333333333333
Task 4 average acc: 70.6
Task 5 average acc: 76.13000000000001
===Summary of experiment repeats: 6 / 10 ===
The regularization coefficient: 0.0
The last avg acc of all repeats: [66.67 75.23 67.23 72.34 70.75 76.13  0.    0.    0.    0.  ]
mean: 42.835 std: 35.08611897887824
Files already downloaded and verified
Files already downloaded and verified
split_boundaries: [0, 2, 4, 6, 8, 10]
{'1': [0, 1], '2': [2, 3], '3': [4, 5], '4': [6, 7], '5': [8, 9]}
CNN(
  (c1): Sequential(
    (0): Conv2d(3, 32, kernel_size=(3, 3), stride=(1, 1), padding=(1, 1))
    (1): BatchNorm2d(32, eps=1e-05, momentum=0.1, affine=True, track_running_stats=True)
    (2): ReLU()
    (3): Conv2d(32, 32, kernel_size=(3, 3), stride=(1, 1), padding=(1, 1))
    (4): BatchNorm2d(32, eps=1e-05, momentum=0.1, affine=True, track_running_stats=True)
    (5): ReLU()
    (6): Conv2d(32, 64, kernel_size=(3, 3), stride=(1, 1), padding=(1, 1))
    (7): BatchNorm2d(64, eps=1e-05, momentum=0.1, affine=True, track_running_stats=True)
    (8): ReLU()
    (9): MaxPool2d(kernel_size=2, stride=2, padding=0, dilation=1, ceil_mode=False)
  )
  (c2): Sequential(
    (0): Conv2d(64, 64, kernel_size=(3, 3), stride=(1, 1), padding=(1, 1))
    (1): BatchNorm2d(64, eps=1e-05, momentum=0.1, affine=True, track_running_stats=True)
    (2): ReLU()
    (3): Conv2d(64, 128, kernel_size=(3, 3), stride=(1, 1), padding=(1, 1))
    (4): BatchNorm2d(128, eps=1e-05, momentum=0.1, affine=True, track_running_stats=True)
    (5): ReLU()
    (6): MaxPool2d(kernel_size=2, stride=2, padding=0, dilation=1, ceil_mode=False)
  )
  (c3): Sequential(
    (0): Conv2d(128, 128, kernel_size=(3, 3), stride=(1, 1), padding=(1, 1))
    (1): BatchNorm2d(128, eps=1e-05, momentum=0.1, affine=True, track_running_stats=True)
    (2): ReLU()
    (3): Conv2d(128, 128, kernel_size=(3, 3), stride=(1, 1), padding=(1, 1))
    (4): BatchNorm2d(128, eps=1e-05, momentum=0.1, affine=True, track_running_stats=True)
    (5): ReLU()
    (6): MaxPool2d(kernel_size=2, stride=2, padding=0, dilation=1, ceil_mode=False)
  )
  (fc1): Sequential(
    (0): Linear(in_features=2048, out_features=256, bias=True)
    (1): ReLU()
  )
  (last): ModuleDict(
    (1): Linear(in_features=256, out_features=2, bias=True)
    (2): Linear(in_features=256, out_features=2, bias=True)
    (3): Linear(in_features=256, out_features=2, bias=True)
    (4): Linear(in_features=256, out_features=2, bias=True)
    (5): Linear(in_features=256, out_features=2, bias=True)
  )
)
#parameter of model: 962858
Task order: ['1', '2', '3', '4', '5']
============================== Task: 1 ==============================
Epoch:0
LR: 0.001
* TRAIN - Accuracy 77.970 Loss 0.4766
* VALID - Accuracy 80.500 Loss 0.4386
Epoch:1
LR: 0.001
* TRAIN - Accuracy 88.560 Loss 0.2718
* VALID - Accuracy 85.200 Loss 0.3419
Epoch:2
LR: 0.001
* TRAIN - Accuracy 91.350 Loss 0.2123
* VALID - Accuracy 93.600 Loss 0.1730
Epoch:3
LR: 0.001
* TRAIN - Accuracy 93.540 Loss 0.1687
* VALID - Accuracy 93.600 Loss 0.1589
Epoch:4
LR: 0.001
* TRAIN - Accuracy 95.690 Loss 0.1172
* VALID - Accuracy 95.950 Loss 0.1185
Epoch:5
LR: 0.001
* TRAIN - Accuracy 96.440 Loss 0.0931
* VALID - Accuracy 81.150 Loss 0.7266
Epoch:6
LR: 0.001
* TRAIN - Accuracy 96.350 Loss 0.0934
* VALID - Accuracy 96.950 Loss 0.0891
Epoch:7
LR: 0.001
* TRAIN - Accuracy 97.150 Loss 0.0759
* VALID - Accuracy 98.050 Loss 0.0534
Epoch:8
LR: 0.001
* TRAIN - Accuracy 97.130 Loss 0.0745
* VALID - Accuracy 96.850 Loss 0.0898
Epoch:9
LR: 0.001
* TRAIN - Accuracy 97.470 Loss 0.0674
* VALID - Accuracy 96.050 Loss 0.1146
Epoch:10
LR: 0.001
* TRAIN - Accuracy 97.810 Loss 0.0574
* VALID - Accuracy 97.850 Loss 0.0663
Epoch:11
LR: 0.001
* TRAIN - Accuracy 98.340 Loss 0.0500
* VALID - Accuracy 97.100 Loss 0.0754
validation split name: 1
* VALID - Accuracy 97.100 Loss 0.0754
============================== Task: 2 ==============================
Epoch:0
LR: 0.0001
* TRAIN - Accuracy 64.070 Loss 0.6616
* VALID - Accuracy 72.800 Loss 0.5334
Epoch:1
LR: 0.0001
* TRAIN - Accuracy 76.540 Loss 0.4937
* VALID - Accuracy 76.700 Loss 0.4731
Epoch:2
LR: 0.0001
* TRAIN - Accuracy 79.410 Loss 0.4455
* VALID - Accuracy 79.750 Loss 0.4236
Epoch:3
LR: 0.0001
* TRAIN - Accuracy 81.670 Loss 0.4021
* VALID - Accuracy 80.250 Loss 0.4236
Epoch:4
LR: 0.0001
* TRAIN - Accuracy 83.840 Loss 0.3694
* VALID - Accuracy 83.150 Loss 0.3692
Epoch:5
LR: 0.0001
* TRAIN - Accuracy 84.880 Loss 0.3437
* VALID - Accuracy 82.250 Loss 0.4043
Epoch:6
LR: 0.0001
* TRAIN - Accuracy 85.710 Loss 0.3281
* VALID - Accuracy 83.700 Loss 0.3613
Epoch:7
LR: 0.0001
* TRAIN - Accuracy 86.660 Loss 0.3115
* VALID - Accuracy 84.450 Loss 0.3420
Epoch:8
LR: 0.0001
* TRAIN - Accuracy 87.330 Loss 0.2969
* VALID - Accuracy 85.300 Loss 0.3403
Epoch:9
LR: 0.0001
* TRAIN - Accuracy 87.840 Loss 0.2883
* VALID - Accuracy 85.000 Loss 0.3516
Epoch:10
LR: 0.0001
* TRAIN - Accuracy 88.480 Loss 0.2738
* VALID - Accuracy 82.950 Loss 0.4149
Epoch:11
LR: 0.0001
* TRAIN - Accuracy 88.820 Loss 0.2628
* VALID - Accuracy 86.250 Loss 0.3016
validation split name: 1
* VALID - Accuracy 93.050 Loss 0.1841
validation split name: 2
* VALID - Accuracy 86.250 Loss 0.3016
============================== Task: 3 ==============================
Epoch:0
LR: 0.0001
* TRAIN - Accuracy 68.640 Loss 0.5984
* VALID - Accuracy 80.700 Loss 0.4272
Epoch:1
LR: 0.0001
* TRAIN - Accuracy 83.390 Loss 0.3821
* VALID - Accuracy 87.050 Loss 0.3153
Epoch:2
LR: 0.0001
* TRAIN - Accuracy 86.920 Loss 0.3073
* VALID - Accuracy 88.850 Loss 0.2785
Epoch:3
LR: 0.0001
* TRAIN - Accuracy 88.950 Loss 0.2678
* VALID - Accuracy 89.150 Loss 0.2590
Epoch:4
LR: 0.0001
* TRAIN - Accuracy 90.090 Loss 0.2424
* VALID - Accuracy 91.350 Loss 0.2159
Epoch:5
LR: 0.0001
* TRAIN - Accuracy 90.570 Loss 0.2239
* VALID - Accuracy 91.500 Loss 0.2077
Epoch:6
LR: 0.0001
* TRAIN - Accuracy 91.160 Loss 0.2170
* VALID - Accuracy 91.650 Loss 0.2074
Epoch:7
LR: 0.0001
* TRAIN - Accuracy 91.880 Loss 0.2079
* VALID - Accuracy 93.350 Loss 0.1813
Epoch:8
LR: 0.0001
* TRAIN - Accuracy 91.910 Loss 0.1957
* VALID - Accuracy 92.550 Loss 0.1875
Epoch:9
LR: 0.0001
* TRAIN - Accuracy 92.700 Loss 0.1904
* VALID - Accuracy 92.400 Loss 0.1907
Epoch:10
LR: 0.0001
* TRAIN - Accuracy 93.020 Loss 0.1764
* VALID - Accuracy 92.600 Loss 0.1972
Epoch:11
LR: 0.0001
* TRAIN - Accuracy 93.300 Loss 0.1725
* VALID - Accuracy 92.600 Loss 0.1924
validation split name: 1
* VALID - Accuracy 64.500 Loss 0.9456
validation split name: 2
* VALID - Accuracy 67.050 Loss 0.7564
validation split name: 3
* VALID - Accuracy 92.600 Loss 0.1924
============================== Task: 4 ==============================
Epoch:0
LR: 0.0001
* TRAIN - Accuracy 85.620 Loss 0.3173
* VALID - Accuracy 93.800 Loss 0.1516
Epoch:1
LR: 0.0001
* TRAIN - Accuracy 94.770 Loss 0.1337
* VALID - Accuracy 95.900 Loss 0.1084
Epoch:2
LR: 0.0001
* TRAIN - Accuracy 95.630 Loss 0.1106
* VALID - Accuracy 95.400 Loss 0.1288
Epoch:3
LR: 0.0001
* TRAIN - Accuracy 96.460 Loss 0.0917
* VALID - Accuracy 96.350 Loss 0.0912
Epoch:4
LR: 0.0001
* TRAIN - Accuracy 96.860 Loss 0.0863
* VALID - Accuracy 96.450 Loss 0.0919
Epoch:5
LR: 0.0001
* TRAIN - Accuracy 96.820 Loss 0.0844
* VALID - Accuracy 96.500 Loss 0.0795
Epoch:6
LR: 0.0001
* TRAIN - Accuracy 97.200 Loss 0.0748
* VALID - Accuracy 97.150 Loss 0.0714
Epoch:7
LR: 0.0001
* TRAIN - Accuracy 97.490 Loss 0.0656
* VALID - Accuracy 97.700 Loss 0.0640
Epoch:8
LR: 0.0001
* TRAIN - Accuracy 97.340 Loss 0.0652
* VALID - Accuracy 97.650 Loss 0.0684
Epoch:9
LR: 0.0001
* TRAIN - Accuracy 97.660 Loss 0.0620
* VALID - Accuracy 97.500 Loss 0.0635
Epoch:10
LR: 0.0001
* TRAIN - Accuracy 97.790 Loss 0.0612
* VALID - Accuracy 97.750 Loss 0.0600
Epoch:11
LR: 0.0001
* TRAIN - Accuracy 97.810 Loss 0.0569
* VALID - Accuracy 97.950 Loss 0.0570
validation split name: 1
* VALID - Accuracy 56.100 Loss 1.5249
validation split name: 2
* VALID - Accuracy 63.300 Loss 0.8182
validation split name: 3
* VALID - Accuracy 51.300 Loss 1.2920
validation split name: 4
* VALID - Accuracy 97.950 Loss 0.0570
============================== Task: 5 ==============================
Epoch:0
LR: 0.0001
* TRAIN - Accuracy 86.760 Loss 0.2963
* VALID - Accuracy 93.250 Loss 0.1775
Epoch:1
LR: 0.0001
* TRAIN - Accuracy 93.250 Loss 0.1691
* VALID - Accuracy 94.150 Loss 0.1461
Epoch:2
LR: 0.0001
* TRAIN - Accuracy 94.810 Loss 0.1368
* VALID - Accuracy 95.450 Loss 0.1241
Epoch:3
LR: 0.0001
* TRAIN - Accuracy 95.630 Loss 0.1128
* VALID - Accuracy 95.250 Loss 0.1216
Epoch:4
LR: 0.0001
* TRAIN - Accuracy 96.170 Loss 0.1033
* VALID - Accuracy 96.050 Loss 0.1017
Epoch:5
LR: 0.0001
* TRAIN - Accuracy 96.390 Loss 0.0927
* VALID - Accuracy 96.150 Loss 0.0937
Epoch:6
LR: 0.0001
* TRAIN - Accuracy 96.770 Loss 0.0868
* VALID - Accuracy 96.300 Loss 0.1003
Epoch:7
LR: 0.0001
* TRAIN - Accuracy 97.130 Loss 0.0800
* VALID - Accuracy 96.550 Loss 0.0883
Epoch:8
LR: 0.0001
* TRAIN - Accuracy 97.120 Loss 0.0772
* VALID - Accuracy 96.950 Loss 0.0861
Epoch:9
LR: 0.0001
* TRAIN - Accuracy 97.220 Loss 0.0748
* VALID - Accuracy 96.550 Loss 0.0917
Epoch:10
LR: 0.0001
* TRAIN - Accuracy 97.570 Loss 0.0643
* VALID - Accuracy 94.700 Loss 0.1448
Epoch:11
LR: 0.0001
* TRAIN - Accuracy 97.910 Loss 0.0577
* VALID - Accuracy 97.000 Loss 0.0818
validation split name: 1
* VALID - Accuracy 60.500 Loss 1.4011
validation split name: 2
* VALID - Accuracy 56.050 Loss 1.0945
validation split name: 3
* VALID - Accuracy 67.100 Loss 0.8065
validation split name: 4
* VALID - Accuracy 84.250 Loss 0.4859
validation split name: 5
* VALID - Accuracy 97.000 Loss 0.0818
OrderedDict([('1', OrderedDict([('1', 97.1), ('2', 93.05), ('3', 64.5), ('4', 56.1), ('5', 60.5)])), ('2', OrderedDict([('2', 86.25), ('3', 67.05), ('4', 63.3), ('5', 56.05)])), ('3', OrderedDict([('3', 92.6), ('4', 51.3), ('5', 67.1)])), ('4', OrderedDict([('4', 97.95), ('5', 84.25)])), ('5', OrderedDict([('5', 97.0)]))])
Task 1 average acc: 97.1
Task 2 average acc: 89.65
Task 3 average acc: 74.71666666666667
Task 4 average acc: 67.1625
Task 5 average acc: 72.97999999999999
===Summary of experiment repeats: 7 / 10 ===
The regularization coefficient: 0.0
The last avg acc of all repeats: [66.67 75.23 67.23 72.34 70.75 76.13 72.98  0.    0.    0.  ]
mean: 50.133 std: 32.94181720852691
Files already downloaded and verified
Files already downloaded and verified
split_boundaries: [0, 2, 4, 6, 8, 10]
{'1': [0, 1], '2': [2, 3], '3': [4, 5], '4': [6, 7], '5': [8, 9]}
CNN(
  (c1): Sequential(
    (0): Conv2d(3, 32, kernel_size=(3, 3), stride=(1, 1), padding=(1, 1))
    (1): BatchNorm2d(32, eps=1e-05, momentum=0.1, affine=True, track_running_stats=True)
    (2): ReLU()
    (3): Conv2d(32, 32, kernel_size=(3, 3), stride=(1, 1), padding=(1, 1))
    (4): BatchNorm2d(32, eps=1e-05, momentum=0.1, affine=True, track_running_stats=True)
    (5): ReLU()
    (6): Conv2d(32, 64, kernel_size=(3, 3), stride=(1, 1), padding=(1, 1))
    (7): BatchNorm2d(64, eps=1e-05, momentum=0.1, affine=True, track_running_stats=True)
    (8): ReLU()
    (9): MaxPool2d(kernel_size=2, stride=2, padding=0, dilation=1, ceil_mode=False)
  )
  (c2): Sequential(
    (0): Conv2d(64, 64, kernel_size=(3, 3), stride=(1, 1), padding=(1, 1))
    (1): BatchNorm2d(64, eps=1e-05, momentum=0.1, affine=True, track_running_stats=True)
    (2): ReLU()
    (3): Conv2d(64, 128, kernel_size=(3, 3), stride=(1, 1), padding=(1, 1))
    (4): BatchNorm2d(128, eps=1e-05, momentum=0.1, affine=True, track_running_stats=True)
    (5): ReLU()
    (6): MaxPool2d(kernel_size=2, stride=2, padding=0, dilation=1, ceil_mode=False)
  )
  (c3): Sequential(
    (0): Conv2d(128, 128, kernel_size=(3, 3), stride=(1, 1), padding=(1, 1))
    (1): BatchNorm2d(128, eps=1e-05, momentum=0.1, affine=True, track_running_stats=True)
    (2): ReLU()
    (3): Conv2d(128, 128, kernel_size=(3, 3), stride=(1, 1), padding=(1, 1))
    (4): BatchNorm2d(128, eps=1e-05, momentum=0.1, affine=True, track_running_stats=True)
    (5): ReLU()
    (6): MaxPool2d(kernel_size=2, stride=2, padding=0, dilation=1, ceil_mode=False)
  )
  (fc1): Sequential(
    (0): Linear(in_features=2048, out_features=256, bias=True)
    (1): ReLU()
  )
  (last): ModuleDict(
    (1): Linear(in_features=256, out_features=2, bias=True)
    (2): Linear(in_features=256, out_features=2, bias=True)
    (3): Linear(in_features=256, out_features=2, bias=True)
    (4): Linear(in_features=256, out_features=2, bias=True)
    (5): Linear(in_features=256, out_features=2, bias=True)
  )
)
#parameter of model: 962858
Task order: ['1', '2', '3', '4', '5']
============================== Task: 1 ==============================
Epoch:0
LR: 0.001
* TRAIN - Accuracy 80.250 Loss 0.4566
* VALID - Accuracy 89.400 Loss 0.2578
Epoch:1
LR: 0.001
* TRAIN - Accuracy 88.660 Loss 0.2682
* VALID - Accuracy 92.350 Loss 0.1864
Epoch:2
LR: 0.001
* TRAIN - Accuracy 91.550 Loss 0.2082
* VALID - Accuracy 92.000 Loss 0.2001
Epoch:3
LR: 0.001
* TRAIN - Accuracy 94.600 Loss 0.1348
* VALID - Accuracy 96.150 Loss 0.1034
Epoch:4
LR: 0.001
* TRAIN - Accuracy 95.620 Loss 0.1111
* VALID - Accuracy 96.850 Loss 0.0858
Epoch:5
LR: 0.001
* TRAIN - Accuracy 96.480 Loss 0.0889
* VALID - Accuracy 97.400 Loss 0.0692
Epoch:6
LR: 0.001
* TRAIN - Accuracy 96.820 Loss 0.0810
* VALID - Accuracy 97.250 Loss 0.0699
Epoch:7
LR: 0.001
* TRAIN - Accuracy 97.300 Loss 0.0700
* VALID - Accuracy 96.750 Loss 0.1119
Epoch:8
LR: 0.001
* TRAIN - Accuracy 97.680 Loss 0.0633
* VALID - Accuracy 97.100 Loss 0.0777
Epoch:9
LR: 0.001
* TRAIN - Accuracy 98.120 Loss 0.0534
* VALID - Accuracy 98.450 Loss 0.0484
Epoch:10
LR: 0.001
* TRAIN - Accuracy 97.790 Loss 0.0604
* VALID - Accuracy 98.250 Loss 0.0557
Epoch:11
LR: 0.001
* TRAIN - Accuracy 97.950 Loss 0.0523
* VALID - Accuracy 98.200 Loss 0.0492
validation split name: 1
* VALID - Accuracy 98.200 Loss 0.0492
============================== Task: 2 ==============================
Epoch:0
LR: 0.0001
* TRAIN - Accuracy 73.590 Loss 0.5272
* VALID - Accuracy 78.200 Loss 0.4656
Epoch:1
LR: 0.0001
* TRAIN - Accuracy 80.020 Loss 0.4351
* VALID - Accuracy 79.700 Loss 0.4175
Epoch:2
LR: 0.0001
* TRAIN - Accuracy 82.080 Loss 0.3967
* VALID - Accuracy 81.100 Loss 0.4139
Epoch:3
LR: 0.0001
* TRAIN - Accuracy 83.480 Loss 0.3675
* VALID - Accuracy 82.900 Loss 0.3828
Epoch:4
LR: 0.0001
* TRAIN - Accuracy 84.700 Loss 0.3447
* VALID - Accuracy 83.800 Loss 0.3624
Epoch:5
LR: 0.0001
* TRAIN - Accuracy 85.590 Loss 0.3279
* VALID - Accuracy 84.350 Loss 0.3585
Epoch:6
LR: 0.0001
* TRAIN - Accuracy 86.590 Loss 0.3088
* VALID - Accuracy 85.200 Loss 0.3441
Epoch:7
LR: 0.0001
* TRAIN - Accuracy 87.140 Loss 0.3051
* VALID - Accuracy 86.250 Loss 0.3251
Epoch:8
LR: 0.0001
* TRAIN - Accuracy 87.610 Loss 0.2842
* VALID - Accuracy 86.100 Loss 0.3302
Epoch:9
LR: 0.0001
* TRAIN - Accuracy 88.560 Loss 0.2777
* VALID - Accuracy 86.950 Loss 0.3171
Epoch:10
LR: 0.0001
* TRAIN - Accuracy 88.600 Loss 0.2683
* VALID - Accuracy 86.900 Loss 0.3171
Epoch:11
LR: 0.0001
* TRAIN - Accuracy 89.170 Loss 0.2596
* VALID - Accuracy 86.800 Loss 0.3194
validation split name: 1
* VALID - Accuracy 87.850 Loss 0.4151
validation split name: 2
* VALID - Accuracy 86.800 Loss 0.3194
============================== Task: 3 ==============================
Epoch:0
LR: 0.0001
* TRAIN - Accuracy 81.650 Loss 0.4004
* VALID - Accuracy 87.900 Loss 0.2973
Epoch:1
LR: 0.0001
* TRAIN - Accuracy 87.850 Loss 0.2893
* VALID - Accuracy 89.250 Loss 0.2557
Epoch:2
LR: 0.0001
* TRAIN - Accuracy 89.700 Loss 0.2524
* VALID - Accuracy 91.050 Loss 0.2241
Epoch:3
LR: 0.0001
* TRAIN - Accuracy 90.930 Loss 0.2266
* VALID - Accuracy 91.250 Loss 0.2104
Epoch:4
LR: 0.0001
* TRAIN - Accuracy 92.000 Loss 0.2092
* VALID - Accuracy 91.800 Loss 0.2038
Epoch:5
LR: 0.0001
* TRAIN - Accuracy 92.270 Loss 0.2008
* VALID - Accuracy 91.900 Loss 0.1997
Epoch:6
LR: 0.0001
* TRAIN - Accuracy 92.640 Loss 0.1810
* VALID - Accuracy 91.850 Loss 0.2077
Epoch:7
LR: 0.0001
* TRAIN - Accuracy 93.030 Loss 0.1829
* VALID - Accuracy 92.650 Loss 0.1835
Epoch:8
LR: 0.0001
* TRAIN - Accuracy 93.140 Loss 0.1677
* VALID - Accuracy 93.250 Loss 0.1682
Epoch:9
LR: 0.0001
* TRAIN - Accuracy 93.560 Loss 0.1640
* VALID - Accuracy 92.900 Loss 0.1749
Epoch:10
LR: 0.0001
* TRAIN - Accuracy 93.870 Loss 0.1553
* VALID - Accuracy 93.500 Loss 0.1792
Epoch:11
LR: 0.0001
* TRAIN - Accuracy 94.400 Loss 0.1484
* VALID - Accuracy 93.800 Loss 0.1620
validation split name: 1
* VALID - Accuracy 80.800 Loss 0.6302
validation split name: 2
* VALID - Accuracy 74.850 Loss 0.5539
validation split name: 3
* VALID - Accuracy 93.800 Loss 0.1620
============================== Task: 4 ==============================
Epoch:0
LR: 0.0001
* TRAIN - Accuracy 86.670 Loss 0.3057
* VALID - Accuracy 93.600 Loss 0.1578
Epoch:1
LR: 0.0001
* TRAIN - Accuracy 94.220 Loss 0.1493
* VALID - Accuracy 95.100 Loss 0.1334
Epoch:2
LR: 0.0001
* TRAIN - Accuracy 95.260 Loss 0.1227
* VALID - Accuracy 95.850 Loss 0.1065
Epoch:3
LR: 0.0001
* TRAIN - Accuracy 95.910 Loss 0.1072
* VALID - Accuracy 96.200 Loss 0.1060
Epoch:4
LR: 0.0001
* TRAIN - Accuracy 96.420 Loss 0.0940
* VALID - Accuracy 97.050 Loss 0.0851
Epoch:5
LR: 0.0001
* TRAIN - Accuracy 96.470 Loss 0.0886
* VALID - Accuracy 96.700 Loss 0.0851
Epoch:6
LR: 0.0001
* TRAIN - Accuracy 96.920 Loss 0.0781
* VALID - Accuracy 96.900 Loss 0.0862
Epoch:7
LR: 0.0001
* TRAIN - Accuracy 97.180 Loss 0.0744
* VALID - Accuracy 97.100 Loss 0.0769
Epoch:8
LR: 0.0001
* TRAIN - Accuracy 97.230 Loss 0.0696
* VALID - Accuracy 97.300 Loss 0.0758
Epoch:9
LR: 0.0001
* TRAIN - Accuracy 97.740 Loss 0.0610
* VALID - Accuracy 97.400 Loss 0.0716
Epoch:10
LR: 0.0001
* TRAIN - Accuracy 97.680 Loss 0.0584
* VALID - Accuracy 97.100 Loss 0.0789
Epoch:11
LR: 0.0001
* TRAIN - Accuracy 97.820 Loss 0.0573
* VALID - Accuracy 97.850 Loss 0.0633
validation split name: 1
* VALID - Accuracy 69.400 Loss 1.4722
validation split name: 2
* VALID - Accuracy 64.750 Loss 0.8042
validation split name: 3
* VALID - Accuracy 54.850 Loss 1.4281
validation split name: 4
* VALID - Accuracy 97.850 Loss 0.0633
============================== Task: 5 ==============================
Epoch:0
LR: 0.0001
* TRAIN - Accuracy 84.230 Loss 0.3473
* VALID - Accuracy 92.200 Loss 0.1955
Epoch:1
LR: 0.0001
* TRAIN - Accuracy 93.570 Loss 0.1711
* VALID - Accuracy 94.550 Loss 0.1353
Epoch:2
LR: 0.0001
* TRAIN - Accuracy 94.670 Loss 0.1374
* VALID - Accuracy 95.450 Loss 0.1142
Epoch:3
LR: 0.0001
* TRAIN - Accuracy 95.490 Loss 0.1107
* VALID - Accuracy 95.450 Loss 0.1057
Epoch:4
LR: 0.0001
* TRAIN - Accuracy 96.180 Loss 0.0996
* VALID - Accuracy 96.050 Loss 0.1018
Epoch:5
LR: 0.0001
* TRAIN - Accuracy 96.130 Loss 0.0957
* VALID - Accuracy 96.000 Loss 0.1009
Epoch:6
LR: 0.0001
* TRAIN - Accuracy 96.710 Loss 0.0805
* VALID - Accuracy 96.500 Loss 0.0873
Epoch:7
LR: 0.0001
* TRAIN - Accuracy 97.130 Loss 0.0770
* VALID - Accuracy 96.700 Loss 0.0844
Epoch:8
LR: 0.0001
* TRAIN - Accuracy 97.210 Loss 0.0722
* VALID - Accuracy 96.650 Loss 0.0896
Epoch:9
LR: 0.0001
* TRAIN - Accuracy 97.580 Loss 0.0651
* VALID - Accuracy 96.500 Loss 0.0877
Epoch:10
LR: 0.0001
* TRAIN - Accuracy 97.680 Loss 0.0590
* VALID - Accuracy 96.350 Loss 0.1048
Epoch:11
LR: 0.0001
* TRAIN - Accuracy 97.620 Loss 0.0605
* VALID - Accuracy 96.700 Loss 0.0860
validation split name: 1
* VALID - Accuracy 84.300 Loss 0.5418
validation split name: 2
* VALID - Accuracy 56.350 Loss 0.9615
validation split name: 3
* VALID - Accuracy 58.150 Loss 1.1318
validation split name: 4
* VALID - Accuracy 84.800 Loss 0.3838
validation split name: 5
* VALID - Accuracy 96.700 Loss 0.0860
OrderedDict([('1', OrderedDict([('1', 98.2), ('2', 87.85), ('3', 80.8), ('4', 69.4), ('5', 84.3)])), ('2', OrderedDict([('2', 86.8), ('3', 74.85), ('4', 64.75), ('5', 56.35)])), ('3', OrderedDict([('3', 93.8), ('4', 54.85), ('5', 58.15)])), ('4', OrderedDict([('4', 97.85), ('5', 84.8)])), ('5', OrderedDict([('5', 96.7)]))])
Task 1 average acc: 98.2
Task 2 average acc: 87.32499999999999
Task 3 average acc: 83.14999999999999
Task 4 average acc: 71.7125
Task 5 average acc: 76.06
===Summary of experiment repeats: 8 / 10 ===
The regularization coefficient: 0.0
The last avg acc of all repeats: [66.67 75.23 67.23 72.34 70.75 76.13 72.98 76.06  0.    0.  ]
mean: 57.739 std: 29.037927766974008
Files already downloaded and verified
Files already downloaded and verified
split_boundaries: [0, 2, 4, 6, 8, 10]
{'1': [0, 1], '2': [2, 3], '3': [4, 5], '4': [6, 7], '5': [8, 9]}
CNN(
  (c1): Sequential(
    (0): Conv2d(3, 32, kernel_size=(3, 3), stride=(1, 1), padding=(1, 1))
    (1): BatchNorm2d(32, eps=1e-05, momentum=0.1, affine=True, track_running_stats=True)
    (2): ReLU()
    (3): Conv2d(32, 32, kernel_size=(3, 3), stride=(1, 1), padding=(1, 1))
    (4): BatchNorm2d(32, eps=1e-05, momentum=0.1, affine=True, track_running_stats=True)
    (5): ReLU()
    (6): Conv2d(32, 64, kernel_size=(3, 3), stride=(1, 1), padding=(1, 1))
    (7): BatchNorm2d(64, eps=1e-05, momentum=0.1, affine=True, track_running_stats=True)
    (8): ReLU()
    (9): MaxPool2d(kernel_size=2, stride=2, padding=0, dilation=1, ceil_mode=False)
  )
  (c2): Sequential(
    (0): Conv2d(64, 64, kernel_size=(3, 3), stride=(1, 1), padding=(1, 1))
    (1): BatchNorm2d(64, eps=1e-05, momentum=0.1, affine=True, track_running_stats=True)
    (2): ReLU()
    (3): Conv2d(64, 128, kernel_size=(3, 3), stride=(1, 1), padding=(1, 1))
    (4): BatchNorm2d(128, eps=1e-05, momentum=0.1, affine=True, track_running_stats=True)
    (5): ReLU()
    (6): MaxPool2d(kernel_size=2, stride=2, padding=0, dilation=1, ceil_mode=False)
  )
  (c3): Sequential(
    (0): Conv2d(128, 128, kernel_size=(3, 3), stride=(1, 1), padding=(1, 1))
    (1): BatchNorm2d(128, eps=1e-05, momentum=0.1, affine=True, track_running_stats=True)
    (2): ReLU()
    (3): Conv2d(128, 128, kernel_size=(3, 3), stride=(1, 1), padding=(1, 1))
    (4): BatchNorm2d(128, eps=1e-05, momentum=0.1, affine=True, track_running_stats=True)
    (5): ReLU()
    (6): MaxPool2d(kernel_size=2, stride=2, padding=0, dilation=1, ceil_mode=False)
  )
  (fc1): Sequential(
    (0): Linear(in_features=2048, out_features=256, bias=True)
    (1): ReLU()
  )
  (last): ModuleDict(
    (1): Linear(in_features=256, out_features=2, bias=True)
    (2): Linear(in_features=256, out_features=2, bias=True)
    (3): Linear(in_features=256, out_features=2, bias=True)
    (4): Linear(in_features=256, out_features=2, bias=True)
    (5): Linear(in_features=256, out_features=2, bias=True)
  )
)
#parameter of model: 962858
Task order: ['1', '2', '3', '4', '5']
============================== Task: 1 ==============================
Epoch:0
LR: 0.001
* TRAIN - Accuracy 80.790 Loss 0.4427
* VALID - Accuracy 84.800 Loss 0.3371
Epoch:1
LR: 0.001
* TRAIN - Accuracy 88.980 Loss 0.2627
* VALID - Accuracy 88.850 Loss 0.2636
Epoch:2
LR: 0.001
* TRAIN - Accuracy 92.090 Loss 0.1962
* VALID - Accuracy 91.200 Loss 0.2210
Epoch:3
LR: 0.001
* TRAIN - Accuracy 93.890 Loss 0.1542
* VALID - Accuracy 95.850 Loss 0.1143
Epoch:4
LR: 0.001
* TRAIN - Accuracy 94.660 Loss 0.1382
* VALID - Accuracy 96.550 Loss 0.0948
Epoch:5
LR: 0.001
* TRAIN - Accuracy 96.260 Loss 0.0979
* VALID - Accuracy 96.800 Loss 0.0823
Epoch:6
LR: 0.001
* TRAIN - Accuracy 96.680 Loss 0.0854
* VALID - Accuracy 96.800 Loss 0.0968
Epoch:7
LR: 0.001
* TRAIN - Accuracy 97.140 Loss 0.0753
* VALID - Accuracy 97.150 Loss 0.0786
Epoch:8
LR: 0.001
* TRAIN - Accuracy 97.630 Loss 0.0650
* VALID - Accuracy 97.950 Loss 0.0542
Epoch:9
LR: 0.001
* TRAIN - Accuracy 97.680 Loss 0.0583
* VALID - Accuracy 92.200 Loss 0.2823
Epoch:10
LR: 0.001
* TRAIN - Accuracy 97.720 Loss 0.0632
* VALID - Accuracy 98.050 Loss 0.0543
Epoch:11
LR: 0.001
* TRAIN - Accuracy 98.080 Loss 0.0513
* VALID - Accuracy 97.650 Loss 0.0617
validation split name: 1
* VALID - Accuracy 97.650 Loss 0.0617
============================== Task: 2 ==============================
Epoch:0
LR: 0.0001
* TRAIN - Accuracy 70.120 Loss 0.5693
* VALID - Accuracy 76.850 Loss 0.4760
Epoch:1
LR: 0.0001
* TRAIN - Accuracy 78.520 Loss 0.4527
* VALID - Accuracy 80.500 Loss 0.4335
Epoch:2
LR: 0.0001
* TRAIN - Accuracy 81.550 Loss 0.4064
* VALID - Accuracy 81.800 Loss 0.3966
Epoch:3
LR: 0.0001
* TRAIN - Accuracy 82.700 Loss 0.3823
* VALID - Accuracy 82.800 Loss 0.3812
Epoch:4
LR: 0.0001
* TRAIN - Accuracy 83.910 Loss 0.3566
* VALID - Accuracy 82.200 Loss 0.3943
Epoch:5
LR: 0.0001
* TRAIN - Accuracy 85.280 Loss 0.3378
* VALID - Accuracy 83.950 Loss 0.3577
Epoch:6
LR: 0.0001
* TRAIN - Accuracy 85.900 Loss 0.3240
* VALID - Accuracy 85.550 Loss 0.3471
Epoch:7
LR: 0.0001
* TRAIN - Accuracy 86.760 Loss 0.3067
* VALID - Accuracy 85.850 Loss 0.3357
Epoch:8
LR: 0.0001
* TRAIN - Accuracy 87.940 Loss 0.2898
* VALID - Accuracy 86.600 Loss 0.3155
Epoch:9
LR: 0.0001
* TRAIN - Accuracy 88.270 Loss 0.2789
* VALID - Accuracy 87.350 Loss 0.3119
Epoch:10
LR: 0.0001
* TRAIN - Accuracy 88.730 Loss 0.2659
* VALID - Accuracy 87.500 Loss 0.2933
Epoch:11
LR: 0.0001
* TRAIN - Accuracy 89.100 Loss 0.2604
* VALID - Accuracy 87.800 Loss 0.2906
validation split name: 1
* VALID - Accuracy 91.950 Loss 0.3139
validation split name: 2
* VALID - Accuracy 87.800 Loss 0.2906
============================== Task: 3 ==============================
Epoch:0
LR: 0.0001
* TRAIN - Accuracy 82.520 Loss 0.3870
* VALID - Accuracy 86.050 Loss 0.3161
Epoch:1
LR: 0.0001
* TRAIN - Accuracy 88.030 Loss 0.2933
* VALID - Accuracy 89.050 Loss 0.2638
Epoch:2
LR: 0.0001
* TRAIN - Accuracy 89.190 Loss 0.2652
* VALID - Accuracy 90.200 Loss 0.2339
Epoch:3
LR: 0.0001
* TRAIN - Accuracy 90.730 Loss 0.2369
* VALID - Accuracy 91.050 Loss 0.2186
Epoch:4
LR: 0.0001
* TRAIN - Accuracy 91.270 Loss 0.2216
* VALID - Accuracy 91.950 Loss 0.2023
Epoch:5
LR: 0.0001
* TRAIN - Accuracy 91.890 Loss 0.2034
* VALID - Accuracy 91.700 Loss 0.2019
Epoch:6
LR: 0.0001
* TRAIN - Accuracy 92.570 Loss 0.1906
* VALID - Accuracy 92.300 Loss 0.2045
Epoch:7
LR: 0.0001
* TRAIN - Accuracy 92.970 Loss 0.1805
* VALID - Accuracy 91.750 Loss 0.2259
Epoch:8
LR: 0.0001
* TRAIN - Accuracy 93.170 Loss 0.1751
* VALID - Accuracy 92.700 Loss 0.1829
Epoch:9
LR: 0.0001
* TRAIN - Accuracy 93.770 Loss 0.1630
* VALID - Accuracy 93.200 Loss 0.1693
Epoch:10
LR: 0.0001
* TRAIN - Accuracy 93.690 Loss 0.1599
* VALID - Accuracy 92.350 Loss 0.1875
Epoch:11
LR: 0.0001
* TRAIN - Accuracy 94.100 Loss 0.1587
* VALID - Accuracy 94.000 Loss 0.1647
validation split name: 1
* VALID - Accuracy 85.700 Loss 0.3886
validation split name: 2
* VALID - Accuracy 73.750 Loss 0.5386
validation split name: 3
* VALID - Accuracy 94.000 Loss 0.1647
============================== Task: 4 ==============================
Epoch:0
LR: 0.0001
* TRAIN - Accuracy 85.300 Loss 0.3121
* VALID - Accuracy 93.800 Loss 0.1536
Epoch:1
LR: 0.0001
* TRAIN - Accuracy 94.200 Loss 0.1452
* VALID - Accuracy 95.700 Loss 0.1235
Epoch:2
LR: 0.0001
* TRAIN - Accuracy 95.530 Loss 0.1124
* VALID - Accuracy 96.150 Loss 0.1002
Epoch:3
LR: 0.0001
* TRAIN - Accuracy 96.290 Loss 0.0971
* VALID - Accuracy 96.400 Loss 0.0941
Epoch:4
LR: 0.0001
* TRAIN - Accuracy 96.670 Loss 0.0886
* VALID - Accuracy 96.000 Loss 0.0937
Epoch:5
LR: 0.0001
* TRAIN - Accuracy 96.600 Loss 0.0877
* VALID - Accuracy 96.950 Loss 0.0771
Epoch:6
LR: 0.0001
* TRAIN - Accuracy 97.210 Loss 0.0747
* VALID - Accuracy 96.650 Loss 0.0849
Epoch:7
LR: 0.0001
* TRAIN - Accuracy 97.330 Loss 0.0723
* VALID - Accuracy 97.150 Loss 0.0715
Epoch:8
LR: 0.0001
* TRAIN - Accuracy 97.430 Loss 0.0657
* VALID - Accuracy 97.300 Loss 0.0689
Epoch:9
LR: 0.0001
* TRAIN - Accuracy 97.630 Loss 0.0629
* VALID - Accuracy 97.350 Loss 0.0733
Epoch:10
LR: 0.0001
* TRAIN - Accuracy 97.930 Loss 0.0541
* VALID - Accuracy 98.200 Loss 0.0548
Epoch:11
LR: 0.0001
* TRAIN - Accuracy 97.970 Loss 0.0534
* VALID - Accuracy 97.650 Loss 0.0590
validation split name: 1
* VALID - Accuracy 71.100 Loss 1.2218
validation split name: 2
* VALID - Accuracy 67.500 Loss 0.6632
validation split name: 3
* VALID - Accuracy 74.300 Loss 0.7174
validation split name: 4
* VALID - Accuracy 97.650 Loss 0.0590
============================== Task: 5 ==============================
Epoch:0
LR: 0.0001
* TRAIN - Accuracy 85.880 Loss 0.3184
* VALID - Accuracy 92.550 Loss 0.1940
Epoch:1
LR: 0.0001
* TRAIN - Accuracy 93.360 Loss 0.1736
* VALID - Accuracy 94.050 Loss 0.1477
Epoch:2
LR: 0.0001
* TRAIN - Accuracy 94.720 Loss 0.1370
* VALID - Accuracy 94.900 Loss 0.1242
Epoch:3
LR: 0.0001
* TRAIN - Accuracy 95.550 Loss 0.1151
* VALID - Accuracy 95.100 Loss 0.1216
Epoch:4
LR: 0.0001
* TRAIN - Accuracy 96.090 Loss 0.1031
* VALID - Accuracy 95.650 Loss 0.1064
Epoch:5
LR: 0.0001
* TRAIN - Accuracy 96.520 Loss 0.0916
* VALID - Accuracy 94.650 Loss 0.1385
Epoch:6
LR: 0.0001
* TRAIN - Accuracy 96.830 Loss 0.0847
* VALID - Accuracy 95.800 Loss 0.1118
Epoch:7
LR: 0.0001
* TRAIN - Accuracy 97.180 Loss 0.0763
* VALID - Accuracy 96.300 Loss 0.0952
Epoch:8
LR: 0.0001
* TRAIN - Accuracy 97.250 Loss 0.0731
* VALID - Accuracy 95.300 Loss 0.1310
Epoch:9
LR: 0.0001
* TRAIN - Accuracy 97.620 Loss 0.0664
* VALID - Accuracy 95.200 Loss 0.1222
Epoch:10
LR: 0.0001
* TRAIN - Accuracy 97.690 Loss 0.0626
* VALID - Accuracy 97.000 Loss 0.0870
Epoch:11
LR: 0.0001
* TRAIN - Accuracy 97.830 Loss 0.0617
* VALID - Accuracy 96.800 Loss 0.0875
validation split name: 1
* VALID - Accuracy 52.450 Loss 2.1159
validation split name: 2
* VALID - Accuracy 55.100 Loss 0.9549
validation split name: 3
* VALID - Accuracy 78.800 Loss 0.4674
validation split name: 4
* VALID - Accuracy 79.200 Loss 0.5173
validation split name: 5
* VALID - Accuracy 96.800 Loss 0.0875
OrderedDict([('1', OrderedDict([('1', 97.65), ('2', 91.95), ('3', 85.7), ('4', 71.1), ('5', 52.45)])), ('2', OrderedDict([('2', 87.8), ('3', 73.75), ('4', 67.5), ('5', 55.1)])), ('3', OrderedDict([('3', 94.0), ('4', 74.3), ('5', 78.8)])), ('4', OrderedDict([('4', 97.65), ('5', 79.2)])), ('5', OrderedDict([('5', 96.8)]))])
Task 1 average acc: 97.65
Task 2 average acc: 89.875
Task 3 average acc: 84.48333333333333
Task 4 average acc: 77.63749999999999
Task 5 average acc: 72.47
===Summary of experiment repeats: 9 / 10 ===
The regularization coefficient: 0.0
The last avg acc of all repeats: [66.67 75.23 67.23 72.34 70.75 76.13 72.98 76.06 72.47  0.  ]
mean: 64.986 std: 21.88614319609556
Files already downloaded and verified
Files already downloaded and verified
split_boundaries: [0, 2, 4, 6, 8, 10]
{'1': [0, 1], '2': [2, 3], '3': [4, 5], '4': [6, 7], '5': [8, 9]}
CNN(
  (c1): Sequential(
    (0): Conv2d(3, 32, kernel_size=(3, 3), stride=(1, 1), padding=(1, 1))
    (1): BatchNorm2d(32, eps=1e-05, momentum=0.1, affine=True, track_running_stats=True)
    (2): ReLU()
    (3): Conv2d(32, 32, kernel_size=(3, 3), stride=(1, 1), padding=(1, 1))
    (4): BatchNorm2d(32, eps=1e-05, momentum=0.1, affine=True, track_running_stats=True)
    (5): ReLU()
    (6): Conv2d(32, 64, kernel_size=(3, 3), stride=(1, 1), padding=(1, 1))
    (7): BatchNorm2d(64, eps=1e-05, momentum=0.1, affine=True, track_running_stats=True)
    (8): ReLU()
    (9): MaxPool2d(kernel_size=2, stride=2, padding=0, dilation=1, ceil_mode=False)
  )
  (c2): Sequential(
    (0): Conv2d(64, 64, kernel_size=(3, 3), stride=(1, 1), padding=(1, 1))
    (1): BatchNorm2d(64, eps=1e-05, momentum=0.1, affine=True, track_running_stats=True)
    (2): ReLU()
    (3): Conv2d(64, 128, kernel_size=(3, 3), stride=(1, 1), padding=(1, 1))
    (4): BatchNorm2d(128, eps=1e-05, momentum=0.1, affine=True, track_running_stats=True)
    (5): ReLU()
    (6): MaxPool2d(kernel_size=2, stride=2, padding=0, dilation=1, ceil_mode=False)
  )
  (c3): Sequential(
    (0): Conv2d(128, 128, kernel_size=(3, 3), stride=(1, 1), padding=(1, 1))
    (1): BatchNorm2d(128, eps=1e-05, momentum=0.1, affine=True, track_running_stats=True)
    (2): ReLU()
    (3): Conv2d(128, 128, kernel_size=(3, 3), stride=(1, 1), padding=(1, 1))
    (4): BatchNorm2d(128, eps=1e-05, momentum=0.1, affine=True, track_running_stats=True)
    (5): ReLU()
    (6): MaxPool2d(kernel_size=2, stride=2, padding=0, dilation=1, ceil_mode=False)
  )
  (fc1): Sequential(
    (0): Linear(in_features=2048, out_features=256, bias=True)
    (1): ReLU()
  )
  (last): ModuleDict(
    (1): Linear(in_features=256, out_features=2, bias=True)
    (2): Linear(in_features=256, out_features=2, bias=True)
    (3): Linear(in_features=256, out_features=2, bias=True)
    (4): Linear(in_features=256, out_features=2, bias=True)
    (5): Linear(in_features=256, out_features=2, bias=True)
  )
)
#parameter of model: 962858
Task order: ['1', '2', '3', '4', '5']
============================== Task: 1 ==============================
Epoch:0
LR: 0.001
* TRAIN - Accuracy 80.140 Loss 0.4363
* VALID - Accuracy 88.550 Loss 0.2679
Epoch:1
LR: 0.001
* TRAIN - Accuracy 88.460 Loss 0.2805
* VALID - Accuracy 89.950 Loss 0.2424
Epoch:2
LR: 0.001
* TRAIN - Accuracy 90.230 Loss 0.2392
* VALID - Accuracy 90.000 Loss 0.2714
Epoch:3
LR: 0.001
* TRAIN - Accuracy 92.910 Loss 0.1778
* VALID - Accuracy 93.550 Loss 0.1603
Epoch:4
LR: 0.001
* TRAIN - Accuracy 94.070 Loss 0.1504
* VALID - Accuracy 89.000 Loss 0.2696
Epoch:5
LR: 0.001
* TRAIN - Accuracy 95.490 Loss 0.1187
* VALID - Accuracy 95.850 Loss 0.1030
Epoch:6
LR: 0.001
* TRAIN - Accuracy 96.660 Loss 0.0887
* VALID - Accuracy 95.300 Loss 0.1276
Epoch:7
LR: 0.001
* TRAIN - Accuracy 96.700 Loss 0.0861
* VALID - Accuracy 96.750 Loss 0.0837
Epoch:8
LR: 0.001
* TRAIN - Accuracy 97.500 Loss 0.0697
* VALID - Accuracy 96.200 Loss 0.1105
Epoch:9
LR: 0.001
* TRAIN - Accuracy 97.370 Loss 0.0691
* VALID - Accuracy 97.550 Loss 0.0717
Epoch:10
LR: 0.001
* TRAIN - Accuracy 97.930 Loss 0.0596
* VALID - Accuracy 98.000 Loss 0.0551
Epoch:11
LR: 0.001
* TRAIN - Accuracy 97.630 Loss 0.0593
* VALID - Accuracy 98.100 Loss 0.0512
validation split name: 1
* VALID - Accuracy 98.100 Loss 0.0512
============================== Task: 2 ==============================
Epoch:0
LR: 0.0001
* TRAIN - Accuracy 66.040 Loss 0.6133
* VALID - Accuracy 74.950 Loss 0.4943
Epoch:1
LR: 0.0001
* TRAIN - Accuracy 78.150 Loss 0.4726
* VALID - Accuracy 79.500 Loss 0.4366
Epoch:2
LR: 0.0001
* TRAIN - Accuracy 80.760 Loss 0.4257
* VALID - Accuracy 81.400 Loss 0.4061
Epoch:3
LR: 0.0001
* TRAIN - Accuracy 83.150 Loss 0.3811
* VALID - Accuracy 83.500 Loss 0.3654
Epoch:4
LR: 0.0001
* TRAIN - Accuracy 84.600 Loss 0.3551
* VALID - Accuracy 84.500 Loss 0.3530
Epoch:5
LR: 0.0001
* TRAIN - Accuracy 85.400 Loss 0.3379
* VALID - Accuracy 84.200 Loss 0.3502
Epoch:6
LR: 0.0001
* TRAIN - Accuracy 86.900 Loss 0.3097
* VALID - Accuracy 85.950 Loss 0.3314
Epoch:7
LR: 0.0001
* TRAIN - Accuracy 87.390 Loss 0.2972
* VALID - Accuracy 86.250 Loss 0.3243
Epoch:8
LR: 0.0001
* TRAIN - Accuracy 88.430 Loss 0.2813
* VALID - Accuracy 85.500 Loss 0.3326
Epoch:9
LR: 0.0001
* TRAIN - Accuracy 88.610 Loss 0.2708
* VALID - Accuracy 86.650 Loss 0.3180
Epoch:10
LR: 0.0001
* TRAIN - Accuracy 89.390 Loss 0.2584
* VALID - Accuracy 87.650 Loss 0.2949
Epoch:11
LR: 0.0001
* TRAIN - Accuracy 89.670 Loss 0.2487
* VALID - Accuracy 87.350 Loss 0.3053
validation split name: 1
* VALID - Accuracy 89.600 Loss 0.2983
validation split name: 2
* VALID - Accuracy 87.350 Loss 0.3053
============================== Task: 3 ==============================
Epoch:0
LR: 0.0001
* TRAIN - Accuracy 79.580 Loss 0.4294
* VALID - Accuracy 87.200 Loss 0.3182
Epoch:1
LR: 0.0001
* TRAIN - Accuracy 87.500 Loss 0.3002
* VALID - Accuracy 89.550 Loss 0.2708
Epoch:2
LR: 0.0001
* TRAIN - Accuracy 89.260 Loss 0.2659
* VALID - Accuracy 90.400 Loss 0.2366
Epoch:3
LR: 0.0001
* TRAIN - Accuracy 90.220 Loss 0.2408
* VALID - Accuracy 90.550 Loss 0.2351
Epoch:4
LR: 0.0001
* TRAIN - Accuracy 90.990 Loss 0.2222
* VALID - Accuracy 91.450 Loss 0.2196
Epoch:5
LR: 0.0001
* TRAIN - Accuracy 91.830 Loss 0.2066
* VALID - Accuracy 92.150 Loss 0.1990
Epoch:6
LR: 0.0001
* TRAIN - Accuracy 91.930 Loss 0.1999
* VALID - Accuracy 90.650 Loss 0.2301
Epoch:7
LR: 0.0001
* TRAIN - Accuracy 92.350 Loss 0.1914
* VALID - Accuracy 92.850 Loss 0.1894
Epoch:8
LR: 0.0001
* TRAIN - Accuracy 93.030 Loss 0.1826
* VALID - Accuracy 91.100 Loss 0.2337
Epoch:9
LR: 0.0001
* TRAIN - Accuracy 93.380 Loss 0.1761
* VALID - Accuracy 91.800 Loss 0.2104
Epoch:10
LR: 0.0001
* TRAIN - Accuracy 93.300 Loss 0.1688
* VALID - Accuracy 93.500 Loss 0.1792
Epoch:11
LR: 0.0001
* TRAIN - Accuracy 93.770 Loss 0.1629
* VALID - Accuracy 92.650 Loss 0.1869
validation split name: 1
* VALID - Accuracy 83.550 Loss 0.4546
validation split name: 2
* VALID - Accuracy 78.750 Loss 0.5240
validation split name: 3
* VALID - Accuracy 92.650 Loss 0.1869
============================== Task: 4 ==============================
Epoch:0
LR: 0.0001
* TRAIN - Accuracy 87.770 Loss 0.2821
* VALID - Accuracy 94.900 Loss 0.1353
Epoch:1
LR: 0.0001
* TRAIN - Accuracy 95.120 Loss 0.1273
* VALID - Accuracy 95.850 Loss 0.1078
Epoch:2
LR: 0.0001
* TRAIN - Accuracy 95.860 Loss 0.1066
* VALID - Accuracy 96.200 Loss 0.0982
Epoch:3
LR: 0.0001
* TRAIN - Accuracy 96.550 Loss 0.0911
* VALID - Accuracy 96.250 Loss 0.0978
Epoch:4
LR: 0.0001
* TRAIN - Accuracy 96.890 Loss 0.0829
* VALID - Accuracy 95.950 Loss 0.0983
Epoch:5
LR: 0.0001
* TRAIN - Accuracy 96.920 Loss 0.0789
* VALID - Accuracy 96.850 Loss 0.0846
Epoch:6
LR: 0.0001
* TRAIN - Accuracy 97.430 Loss 0.0713
* VALID - Accuracy 96.900 Loss 0.0817
Epoch:7
LR: 0.0001
* TRAIN - Accuracy 97.600 Loss 0.0661
* VALID - Accuracy 97.050 Loss 0.0806
Epoch:8
LR: 0.0001
* TRAIN - Accuracy 97.550 Loss 0.0632
* VALID - Accuracy 97.050 Loss 0.0754
Epoch:9
LR: 0.0001
* TRAIN - Accuracy 97.510 Loss 0.0628
* VALID - Accuracy 96.200 Loss 0.0976
Epoch:10
LR: 0.0001
* TRAIN - Accuracy 97.840 Loss 0.0557
* VALID - Accuracy 97.150 Loss 0.0739
Epoch:11
LR: 0.0001
* TRAIN - Accuracy 98.200 Loss 0.0486
* VALID - Accuracy 96.150 Loss 0.1104
validation split name: 1
* VALID - Accuracy 64.600 Loss 1.5115
validation split name: 2
* VALID - Accuracy 70.700 Loss 0.7646
validation split name: 3
* VALID - Accuracy 71.750 Loss 0.7923
validation split name: 4
* VALID - Accuracy 96.150 Loss 0.1104
============================== Task: 5 ==============================
Epoch:0
LR: 0.0001
* TRAIN - Accuracy 85.690 Loss 0.3229
* VALID - Accuracy 93.050 Loss 0.1731
Epoch:1
LR: 0.0001
* TRAIN - Accuracy 93.830 Loss 0.1578
* VALID - Accuracy 95.050 Loss 0.1306
Epoch:2
LR: 0.0001
* TRAIN - Accuracy 94.900 Loss 0.1319
* VALID - Accuracy 95.450 Loss 0.1169
Epoch:3
LR: 0.0001
* TRAIN - Accuracy 95.650 Loss 0.1119
* VALID - Accuracy 96.150 Loss 0.1000
Epoch:4
LR: 0.0001
* TRAIN - Accuracy 96.300 Loss 0.0990
* VALID - Accuracy 96.550 Loss 0.0916
Epoch:5
LR: 0.0001
* TRAIN - Accuracy 96.450 Loss 0.0909
* VALID - Accuracy 97.450 Loss 0.0842
Epoch:6
LR: 0.0001
* TRAIN - Accuracy 97.090 Loss 0.0773
* VALID - Accuracy 96.750 Loss 0.0900
Epoch:7
LR: 0.0001
* TRAIN - Accuracy 97.220 Loss 0.0703
* VALID - Accuracy 96.650 Loss 0.0977
Epoch:8
LR: 0.0001
* TRAIN - Accuracy 97.480 Loss 0.0673
* VALID - Accuracy 97.250 Loss 0.0828
Epoch:9
LR: 0.0001
* TRAIN - Accuracy 97.540 Loss 0.0660
* VALID - Accuracy 97.450 Loss 0.0782
Epoch:10
LR: 0.0001
* TRAIN - Accuracy 97.750 Loss 0.0595
* VALID - Accuracy 97.350 Loss 0.0764
Epoch:11
LR: 0.0001
* TRAIN - Accuracy 97.780 Loss 0.0610
* VALID - Accuracy 97.650 Loss 0.0753
validation split name: 1
* VALID - Accuracy 77.050 Loss 0.8114
validation split name: 2
* VALID - Accuracy 66.600 Loss 0.8144
validation split name: 3
* VALID - Accuracy 58.700 Loss 0.9973
validation split name: 4
* VALID - Accuracy 83.350 Loss 0.5251
validation split name: 5
* VALID - Accuracy 97.650 Loss 0.0753
OrderedDict([('1', OrderedDict([('1', 98.1), ('2', 89.6), ('3', 83.55), ('4', 64.6), ('5', 77.05)])), ('2', OrderedDict([('2', 87.35), ('3', 78.75), ('4', 70.7), ('5', 66.6)])), ('3', OrderedDict([('3', 92.65), ('4', 71.75), ('5', 58.7)])), ('4', OrderedDict([('4', 96.15), ('5', 83.35)])), ('5', OrderedDict([('5', 97.65)]))])
Task 1 average acc: 98.1
Task 2 average acc: 88.475
Task 3 average acc: 84.98333333333333
Task 4 average acc: 75.80000000000001
Task 5 average acc: 76.66999999999999
===Summary of experiment repeats: 10 / 10 ===
The regularization coefficient: 0.0
The last avg acc of all repeats: [66.67 75.23 67.23 72.34 70.75 76.13 72.98 76.06 72.47 76.67]
mean: 72.65299999999999 std: 3.399108853802715
reg_coef: 0.0 mean: 72.65299999999999 std: 3.399108853802715
